<?xml version="1.0" encoding="UTF-8"?>
<testsuite xmlns:xsi="http://www.w3.org/2001/XMLSchema-instance" xsi:noNamespaceSchemaLocation="https://maven.apache.org/surefire/maven-surefire-plugin/xsd/surefire-test-report-3.0.xsd" version="3.0" name="TestSuite" time="494.732" tests="7" errors="0" skipped="0" failures="0">
  <properties>
    <property name="gopherProxySet" value="false"/>
    <property name="awt.toolkit" value="sun.lwawt.macosx.LWCToolkit"/>
    <property name="java.specification.version" value="11"/>
    <property name="sun.cpu.isalist" value=""/>
    <property name="sun.jnu.encoding" value="UTF-8"/>
    <property name="java.class.path" value="/Users/sivaramakrishnanramnathan/eclipse-workspace/APIAutomation/target/test-classes:/Users/sivaramakrishnanramnathan/eclipse-workspace/APIAutomation/target/classes:/Users/sivaramakrishnanramnathan/.m2/repository/org/testng/testng/7.7.1/testng-7.7.1.jar:/Users/sivaramakrishnanramnathan/.m2/repository/org/slf4j/slf4j-api/1.7.36/slf4j-api-1.7.36.jar:/Users/sivaramakrishnanramnathan/.m2/repository/com/beust/jcommander/1.82/jcommander-1.82.jar:/Users/sivaramakrishnanramnathan/.m2/repository/org/webjars/jquery/3.6.1/jquery-3.6.1.jar:/Users/sivaramakrishnanramnathan/.m2/repository/io/rest-assured/rest-assured/5.3.0/rest-assured-5.3.0.jar:/Users/sivaramakrishnanramnathan/.m2/repository/org/apache/groovy/groovy/4.0.6/groovy-4.0.6.jar:/Users/sivaramakrishnanramnathan/.m2/repository/org/apache/groovy/groovy-xml/4.0.6/groovy-xml-4.0.6.jar:/Users/sivaramakrishnanramnathan/.m2/repository/org/apache/httpcomponents/httpclient/4.5.13/httpclient-4.5.13.jar:/Users/sivaramakrishnanramnathan/.m2/repository/org/apache/httpcomponents/httpcore/4.4.13/httpcore-4.4.13.jar:/Users/sivaramakrishnanramnathan/.m2/repository/commons-logging/commons-logging/1.2/commons-logging-1.2.jar:/Users/sivaramakrishnanramnathan/.m2/repository/commons-codec/commons-codec/1.11/commons-codec-1.11.jar:/Users/sivaramakrishnanramnathan/.m2/repository/org/apache/httpcomponents/httpmime/4.5.13/httpmime-4.5.13.jar:/Users/sivaramakrishnanramnathan/.m2/repository/org/hamcrest/hamcrest/2.1/hamcrest-2.1.jar:/Users/sivaramakrishnanramnathan/.m2/repository/org/ccil/cowan/tagsoup/tagsoup/1.2.1/tagsoup-1.2.1.jar:/Users/sivaramakrishnanramnathan/.m2/repository/io/rest-assured/xml-path/5.3.0/xml-path-5.3.0.jar:/Users/sivaramakrishnanramnathan/.m2/repository/io/rest-assured/json-path/5.3.0/json-path-5.3.0.jar:/Users/sivaramakrishnanramnathan/.m2/repository/org/apache/groovy/groovy-json/4.0.6/groovy-json-4.0.6.jar:/Users/sivaramakrishnanramnathan/.m2/repository/io/rest-assured/rest-assured-common/5.3.0/rest-assured-common-5.3.0.jar:/Users/sivaramakrishnanramnathan/.m2/repository/io/rest-assured/json-schema-validator/5.3.0/json-schema-validator-5.3.0.jar:/Users/sivaramakrishnanramnathan/.m2/repository/com/github/java-json-tools/json-schema-validator/2.2.14/json-schema-validator-2.2.14.jar:/Users/sivaramakrishnanramnathan/.m2/repository/com/google/guava/guava/28.2-android/guava-28.2-android.jar:/Users/sivaramakrishnanramnathan/.m2/repository/com/google/guava/failureaccess/1.0.1/failureaccess-1.0.1.jar:/Users/sivaramakrishnanramnathan/.m2/repository/com/google/guava/listenablefuture/9999.0-empty-to-avoid-conflict-with-guava/listenablefuture-9999.0-empty-to-avoid-conflict-with-guava.jar:/Users/sivaramakrishnanramnathan/.m2/repository/org/checkerframework/checker-compat-qual/2.5.5/checker-compat-qual-2.5.5.jar:/Users/sivaramakrishnanramnathan/.m2/repository/com/google/errorprone/error_prone_annotations/2.3.4/error_prone_annotations-2.3.4.jar:/Users/sivaramakrishnanramnathan/.m2/repository/com/google/j2objc/j2objc-annotations/1.3/j2objc-annotations-1.3.jar:/Users/sivaramakrishnanramnathan/.m2/repository/com/github/java-json-tools/jackson-coreutils-equivalence/1.0/jackson-coreutils-equivalence-1.0.jar:/Users/sivaramakrishnanramnathan/.m2/repository/com/fasterxml/jackson/core/jackson-databind/2.11.0/jackson-databind-2.11.0.jar:/Users/sivaramakrishnanramnathan/.m2/repository/com/fasterxml/jackson/core/jackson-annotations/2.11.0/jackson-annotations-2.11.0.jar:/Users/sivaramakrishnanramnathan/.m2/repository/com/fasterxml/jackson/core/jackson-core/2.11.0/jackson-core-2.11.0.jar:/Users/sivaramakrishnanramnathan/.m2/repository/com/github/java-json-tools/jackson-coreutils/2.0/jackson-coreutils-2.0.jar:/Users/sivaramakrishnanramnathan/.m2/repository/com/github/java-json-tools/msg-simple/1.2/msg-simple-1.2.jar:/Users/sivaramakrishnanramnathan/.m2/repository/com/github/java-json-tools/btf/1.3/btf-1.3.jar:/Users/sivaramakrishnanramnathan/.m2/repository/com/github/java-json-tools/json-schema-core/1.2.14/json-schema-core-1.2.14.jar:/Users/sivaramakrishnanramnathan/.m2/repository/com/github/java-json-tools/uri-template/0.10/uri-template-0.10.jar:/Users/sivaramakrishnanramnathan/.m2/repository/org/mozilla/rhino/1.7.7.2/rhino-1.7.7.2.jar:/Users/sivaramakrishnanramnathan/.m2/repository/com/sun/mail/mailapi/1.6.2/mailapi-1.6.2.jar:/Users/sivaramakrishnanramnathan/.m2/repository/joda-time/joda-time/2.10.5/joda-time-2.10.5.jar:/Users/sivaramakrishnanramnathan/.m2/repository/com/googlecode/libphonenumber/libphonenumber/8.11.1/libphonenumber-8.11.1.jar:/Users/sivaramakrishnanramnathan/.m2/repository/com/google/code/findbugs/jsr305/3.0.2/jsr305-3.0.2.jar:/Users/sivaramakrishnanramnathan/.m2/repository/net/sf/jopt-simple/jopt-simple/5.0.4/jopt-simple-5.0.4.jar:/Users/sivaramakrishnanramnathan/.m2/repository/org/seleniumhq/selenium/selenium-java/4.8.0/selenium-java-4.8.0.jar:/Users/sivaramakrishnanramnathan/.m2/repository/org/seleniumhq/selenium/selenium-api/4.8.0/selenium-api-4.8.0.jar:/Users/sivaramakrishnanramnathan/.m2/repository/org/seleniumhq/selenium/selenium-chrome-driver/4.8.0/selenium-chrome-driver-4.8.0.jar:/Users/sivaramakrishnanramnathan/.m2/repository/com/google/auto/service/auto-service-annotations/1.0.1/auto-service-annotations-1.0.1.jar:/Users/sivaramakrishnanramnathan/.m2/repository/com/google/auto/service/auto-service/1.0.1/auto-service-1.0.1.jar:/Users/sivaramakrishnanramnathan/.m2/repository/com/google/auto/auto-common/1.2/auto-common-1.2.jar:/Users/sivaramakrishnanramnathan/.m2/repository/org/seleniumhq/selenium/selenium-chromium-driver/4.8.0/selenium-chromium-driver-4.8.0.jar:/Users/sivaramakrishnanramnathan/.m2/repository/org/seleniumhq/selenium/selenium-json/4.8.0/selenium-json-4.8.0.jar:/Users/sivaramakrishnanramnathan/.m2/repository/org/seleniumhq/selenium/selenium-devtools-v107/4.8.0/selenium-devtools-v107-4.8.0.jar:/Users/sivaramakrishnanramnathan/.m2/repository/org/seleniumhq/selenium/selenium-devtools-v108/4.8.0/selenium-devtools-v108-4.8.0.jar:/Users/sivaramakrishnanramnathan/.m2/repository/org/seleniumhq/selenium/selenium-devtools-v109/4.8.0/selenium-devtools-v109-4.8.0.jar:/Users/sivaramakrishnanramnathan/.m2/repository/org/seleniumhq/selenium/selenium-devtools-v85/4.8.0/selenium-devtools-v85-4.8.0.jar:/Users/sivaramakrishnanramnathan/.m2/repository/org/seleniumhq/selenium/selenium-edge-driver/4.8.0/selenium-edge-driver-4.8.0.jar:/Users/sivaramakrishnanramnathan/.m2/repository/org/seleniumhq/selenium/selenium-firefox-driver/4.8.0/selenium-firefox-driver-4.8.0.jar:/Users/sivaramakrishnanramnathan/.m2/repository/org/seleniumhq/selenium/selenium-http/4.8.0/selenium-http-4.8.0.jar:/Users/sivaramakrishnanramnathan/.m2/repository/dev/failsafe/failsafe/3.3.0/failsafe-3.3.0.jar:/Users/sivaramakrishnanramnathan/.m2/repository/org/seleniumhq/selenium/selenium-ie-driver/4.8.0/selenium-ie-driver-4.8.0.jar:/Users/sivaramakrishnanramnathan/.m2/repository/org/seleniumhq/selenium/selenium-remote-driver/4.8.0/selenium-remote-driver-4.8.0.jar:/Users/sivaramakrishnanramnathan/.m2/repository/io/netty/netty-buffer/4.1.87.Final/netty-buffer-4.1.87.Final.jar:/Users/sivaramakrishnanramnathan/.m2/repository/io/netty/netty-codec-http/4.1.87.Final/netty-codec-http-4.1.87.Final.jar:/Users/sivaramakrishnanramnathan/.m2/repository/io/netty/netty-codec/4.1.87.Final/netty-codec-4.1.87.Final.jar:/Users/sivaramakrishnanramnathan/.m2/repository/io/netty/netty-handler/4.1.87.Final/netty-handler-4.1.87.Final.jar:/Users/sivaramakrishnanramnathan/.m2/repository/io/netty/netty-common/4.1.87.Final/netty-common-4.1.87.Final.jar:/Users/sivaramakrishnanramnathan/.m2/repository/io/netty/netty-transport-classes-epoll/4.1.87.Final/netty-transport-classes-epoll-4.1.87.Final.jar:/Users/sivaramakrishnanramnathan/.m2/repository/io/netty/netty-transport-classes-kqueue/4.1.87.Final/netty-transport-classes-kqueue-4.1.87.Final.jar:/Users/sivaramakrishnanramnathan/.m2/repository/io/netty/netty-transport-native-epoll/4.1.87.Final/netty-transport-native-epoll-4.1.87.Final.jar:/Users/sivaramakrishnanramnathan/.m2/repository/io/netty/netty-transport-native-kqueue/4.1.87.Final/netty-transport-native-kqueue-4.1.87.Final.jar:/Users/sivaramakrishnanramnathan/.m2/repository/io/netty/netty-transport-native-unix-common/4.1.87.Final/netty-transport-native-unix-common-4.1.87.Final.jar:/Users/sivaramakrishnanramnathan/.m2/repository/io/netty/netty-transport/4.1.87.Final/netty-transport-4.1.87.Final.jar:/Users/sivaramakrishnanramnathan/.m2/repository/io/netty/netty-resolver/4.1.87.Final/netty-resolver-4.1.87.Final.jar:/Users/sivaramakrishnanramnathan/.m2/repository/io/opentelemetry/opentelemetry-api/1.22.0/opentelemetry-api-1.22.0.jar:/Users/sivaramakrishnanramnathan/.m2/repository/io/opentelemetry/opentelemetry-context/1.22.0/opentelemetry-context-1.22.0.jar:/Users/sivaramakrishnanramnathan/.m2/repository/io/opentelemetry/opentelemetry-exporter-logging/1.22.0/opentelemetry-exporter-logging-1.22.0.jar:/Users/sivaramakrishnanramnathan/.m2/repository/io/opentelemetry/opentelemetry-sdk-metrics/1.22.0/opentelemetry-sdk-metrics-1.22.0.jar:/Users/sivaramakrishnanramnathan/.m2/repository/io/opentelemetry/opentelemetry-sdk-logs/1.22.0-alpha/opentelemetry-sdk-logs-1.22.0-alpha.jar:/Users/sivaramakrishnanramnathan/.m2/repository/io/opentelemetry/opentelemetry-api-logs/1.22.0-alpha/opentelemetry-api-logs-1.22.0-alpha.jar:/Users/sivaramakrishnanramnathan/.m2/repository/io/opentelemetry/opentelemetry-sdk-common/1.22.0/opentelemetry-sdk-common-1.22.0.jar:/Users/sivaramakrishnanramnathan/.m2/repository/io/opentelemetry/opentelemetry-sdk-extension-autoconfigure-spi/1.22.0/opentelemetry-sdk-extension-autoconfigure-spi-1.22.0.jar:/Users/sivaramakrishnanramnathan/.m2/repository/io/opentelemetry/opentelemetry-sdk-extension-autoconfigure/1.22.0-alpha/opentelemetry-sdk-extension-autoconfigure-1.22.0-alpha.jar:/Users/sivaramakrishnanramnathan/.m2/repository/io/opentelemetry/opentelemetry-sdk-trace/1.22.0/opentelemetry-sdk-trace-1.22.0.jar:/Users/sivaramakrishnanramnathan/.m2/repository/io/opentelemetry/opentelemetry-sdk/1.22.0/opentelemetry-sdk-1.22.0.jar:/Users/sivaramakrishnanramnathan/.m2/repository/io/opentelemetry/opentelemetry-semconv/1.22.0-alpha/opentelemetry-semconv-1.22.0-alpha.jar:/Users/sivaramakrishnanramnathan/.m2/repository/io/ous/jtoml/2.0.0/jtoml-2.0.0.jar:/Users/sivaramakrishnanramnathan/.m2/repository/net/bytebuddy/byte-buddy/1.12.22/byte-buddy-1.12.22.jar:/Users/sivaramakrishnanramnathan/.m2/repository/org/apache/commons/commons-exec/1.3/commons-exec-1.3.jar:/Users/sivaramakrishnanramnathan/.m2/repository/org/asynchttpclient/async-http-client/2.12.3/async-http-client-2.12.3.jar:/Users/sivaramakrishnanramnathan/.m2/repository/org/asynchttpclient/async-http-client-netty-utils/2.12.3/async-http-client-netty-utils-2.12.3.jar:/Users/sivaramakrishnanramnathan/.m2/repository/io/netty/netty-codec-socks/4.1.60.Final/netty-codec-socks-4.1.60.Final.jar:/Users/sivaramakrishnanramnathan/.m2/repository/io/netty/netty-handler-proxy/4.1.60.Final/netty-handler-proxy-4.1.60.Final.jar:/Users/sivaramakrishnanramnathan/.m2/repository/io/netty/netty-transport-native-epoll/4.1.60.Final/netty-transport-native-epoll-4.1.60.Final-linux-x86_64.jar:/Users/sivaramakrishnanramnathan/.m2/repository/io/netty/netty-transport-native-kqueue/4.1.60.Final/netty-transport-native-kqueue-4.1.60.Final-osx-x86_64.jar:/Users/sivaramakrishnanramnathan/.m2/repository/org/reactivestreams/reactive-streams/1.0.3/reactive-streams-1.0.3.jar:/Users/sivaramakrishnanramnathan/.m2/repository/com/typesafe/netty/netty-reactive-streams/2.0.4/netty-reactive-streams-2.0.4.jar:/Users/sivaramakrishnanramnathan/.m2/repository/com/sun/activation/jakarta.activation/1.2.2/jakarta.activation-1.2.2.jar:/Users/sivaramakrishnanramnathan/.m2/repository/org/seleniumhq/selenium/selenium-manager/4.8.0/selenium-manager-4.8.0.jar:/Users/sivaramakrishnanramnathan/.m2/repository/org/seleniumhq/selenium/selenium-safari-driver/4.8.0/selenium-safari-driver-4.8.0.jar:/Users/sivaramakrishnanramnathan/.m2/repository/org/seleniumhq/selenium/selenium-support/4.8.0/selenium-support-4.8.0.jar:/Users/sivaramakrishnanramnathan/.m2/repository/io/github/bonigarcia/webdrivermanager/5.3.2/webdrivermanager-5.3.2.jar:/Users/sivaramakrishnanramnathan/.m2/repository/com/google/code/gson/gson/2.10.1/gson-2.10.1.jar:/Users/sivaramakrishnanramnathan/.m2/repository/com/github/docker-java/docker-java/3.2.14/docker-java-3.2.14.jar:/Users/sivaramakrishnanramnathan/.m2/repository/com/github/docker-java/docker-java-core/3.2.14/docker-java-core-3.2.14.jar:/Users/sivaramakrishnanramnathan/.m2/repository/com/github/docker-java/docker-java-api/3.2.14/docker-java-api-3.2.14.jar:/Users/sivaramakrishnanramnathan/.m2/repository/org/bouncycastle/bcpkix-jdk15on/1.64/bcpkix-jdk15on-1.64.jar:/Users/sivaramakrishnanramnathan/.m2/repository/org/bouncycastle/bcprov-jdk15on/1.64/bcprov-jdk15on-1.64.jar:/Users/sivaramakrishnanramnathan/.m2/repository/org/slf4j/jcl-over-slf4j/1.7.30/jcl-over-slf4j-1.7.30.jar:/Users/sivaramakrishnanramnathan/.m2/repository/com/github/docker-java/docker-java-transport-httpclient5/3.2.14/docker-java-transport-httpclient5-3.2.14.jar:/Users/sivaramakrishnanramnathan/.m2/repository/com/github/docker-java/docker-java-transport/3.2.14/docker-java-transport-3.2.14.jar:/Users/sivaramakrishnanramnathan/.m2/repository/net/java/dev/jna/jna/5.12.1/jna-5.12.1.jar:/Users/sivaramakrishnanramnathan/.m2/repository/org/brotli/dec/0.1.2/dec-0.1.2.jar:/Users/sivaramakrishnanramnathan/.m2/repository/org/apache/commons/commons-lang3/3.12.0/commons-lang3-3.12.0.jar:/Users/sivaramakrishnanramnathan/.m2/repository/org/apache/httpcomponents/client5/httpclient5/5.2.1/httpclient5-5.2.1.jar:/Users/sivaramakrishnanramnathan/.m2/repository/org/apache/httpcomponents/core5/httpcore5/5.2/httpcore5-5.2.jar:/Users/sivaramakrishnanramnathan/.m2/repository/org/apache/httpcomponents/core5/httpcore5-h2/5.2/httpcore5-h2-5.2.jar:/Users/sivaramakrishnanramnathan/.m2/repository/io/qameta/allure/allure-testng/2.20.1/allure-testng-2.20.1.jar:/Users/sivaramakrishnanramnathan/.m2/repository/io/qameta/allure/allure-java-commons/2.20.1/allure-java-commons-2.20.1.jar:/Users/sivaramakrishnanramnathan/.m2/repository/io/qameta/allure/allure-model/2.20.1/allure-model-2.20.1.jar:/Users/sivaramakrishnanramnathan/.m2/repository/io/qameta/allure/allure-test-filter/2.20.1/allure-test-filter-2.20.1.jar:/Users/sivaramakrishnanramnathan/.m2/repository/org/apache/poi/poi-ooxml/5.2.3/poi-ooxml-5.2.3.jar:/Users/sivaramakrishnanramnathan/.m2/repository/org/apache/poi/poi/5.2.3/poi-5.2.3.jar:/Users/sivaramakrishnanramnathan/.m2/repository/org/apache/commons/commons-math3/3.6.1/commons-math3-3.6.1.jar:/Users/sivaramakrishnanramnathan/.m2/repository/com/zaxxer/SparseBitSet/1.2/SparseBitSet-1.2.jar:/Users/sivaramakrishnanramnathan/.m2/repository/org/apache/poi/poi-ooxml-lite/5.2.3/poi-ooxml-lite-5.2.3.jar:/Users/sivaramakrishnanramnathan/.m2/repository/org/apache/xmlbeans/xmlbeans/5.1.1/xmlbeans-5.1.1.jar:/Users/sivaramakrishnanramnathan/.m2/repository/org/apache/commons/commons-compress/1.21/commons-compress-1.21.jar:/Users/sivaramakrishnanramnathan/.m2/repository/commons-io/commons-io/2.11.0/commons-io-2.11.0.jar:/Users/sivaramakrishnanramnathan/.m2/repository/com/github/virtuald/curvesapi/1.07/curvesapi-1.07.jar:/Users/sivaramakrishnanramnathan/.m2/repository/org/apache/logging/log4j/log4j-api/2.18.0/log4j-api-2.18.0.jar:/Users/sivaramakrishnanramnathan/.m2/repository/org/apache/commons/commons-collections4/4.4/commons-collections4-4.4.jar:/Users/sivaramakrishnanramnathan/.m2/repository/org/apache/logging/log4j/log4j-core/2.19.0/log4j-core-2.19.0.jar:"/>
    <property name="java.vm.vendor" value="Homebrew"/>
    <property name="sun.arch.data.model" value="64"/>
    <property name="java.vendor.url" value="https://github.com/Homebrew/homebrew-core/issues"/>
    <property name="user.timezone" value="America/Edmonton"/>
    <property name="java.vm.specification.version" value="11"/>
    <property name="os.name" value="Mac OS X"/>
    <property name="sun.java.launcher" value="SUN_STANDARD"/>
    <property name="user.country" value="CA"/>
    <property name="sun.boot.library.path" value="/opt/homebrew/Cellar/openjdk@11/11.0.16.1_1/libexec/openjdk.jdk/Contents/Home/lib"/>
    <property name="sun.java.command" value="/Users/sivaramakrishnanramnathan/eclipse-workspace/APIAutomation/target/surefire/surefirebooter-20230208182501486_3.jar /Users/sivaramakrishnanramnathan/eclipse-workspace/APIAutomation/target/surefire 2023-02-08T18-25-01_376-jvmRun1 surefire-20230208182501486_1tmp surefire_0-20230208182501486_2tmp"/>
    <property name="http.nonProxyHosts" value="local|*.local|169.254/16|*.169.254/16"/>
    <property name="jdk.debug" value="release"/>
    <property name="surefire.test.class.path" value="/Users/sivaramakrishnanramnathan/eclipse-workspace/APIAutomation/target/test-classes:/Users/sivaramakrishnanramnathan/eclipse-workspace/APIAutomation/target/classes:/Users/sivaramakrishnanramnathan/.m2/repository/org/testng/testng/7.7.1/testng-7.7.1.jar:/Users/sivaramakrishnanramnathan/.m2/repository/org/slf4j/slf4j-api/1.7.36/slf4j-api-1.7.36.jar:/Users/sivaramakrishnanramnathan/.m2/repository/com/beust/jcommander/1.82/jcommander-1.82.jar:/Users/sivaramakrishnanramnathan/.m2/repository/org/webjars/jquery/3.6.1/jquery-3.6.1.jar:/Users/sivaramakrishnanramnathan/.m2/repository/io/rest-assured/rest-assured/5.3.0/rest-assured-5.3.0.jar:/Users/sivaramakrishnanramnathan/.m2/repository/org/apache/groovy/groovy/4.0.6/groovy-4.0.6.jar:/Users/sivaramakrishnanramnathan/.m2/repository/org/apache/groovy/groovy-xml/4.0.6/groovy-xml-4.0.6.jar:/Users/sivaramakrishnanramnathan/.m2/repository/org/apache/httpcomponents/httpclient/4.5.13/httpclient-4.5.13.jar:/Users/sivaramakrishnanramnathan/.m2/repository/org/apache/httpcomponents/httpcore/4.4.13/httpcore-4.4.13.jar:/Users/sivaramakrishnanramnathan/.m2/repository/commons-logging/commons-logging/1.2/commons-logging-1.2.jar:/Users/sivaramakrishnanramnathan/.m2/repository/commons-codec/commons-codec/1.11/commons-codec-1.11.jar:/Users/sivaramakrishnanramnathan/.m2/repository/org/apache/httpcomponents/httpmime/4.5.13/httpmime-4.5.13.jar:/Users/sivaramakrishnanramnathan/.m2/repository/org/hamcrest/hamcrest/2.1/hamcrest-2.1.jar:/Users/sivaramakrishnanramnathan/.m2/repository/org/ccil/cowan/tagsoup/tagsoup/1.2.1/tagsoup-1.2.1.jar:/Users/sivaramakrishnanramnathan/.m2/repository/io/rest-assured/xml-path/5.3.0/xml-path-5.3.0.jar:/Users/sivaramakrishnanramnathan/.m2/repository/io/rest-assured/json-path/5.3.0/json-path-5.3.0.jar:/Users/sivaramakrishnanramnathan/.m2/repository/org/apache/groovy/groovy-json/4.0.6/groovy-json-4.0.6.jar:/Users/sivaramakrishnanramnathan/.m2/repository/io/rest-assured/rest-assured-common/5.3.0/rest-assured-common-5.3.0.jar:/Users/sivaramakrishnanramnathan/.m2/repository/io/rest-assured/json-schema-validator/5.3.0/json-schema-validator-5.3.0.jar:/Users/sivaramakrishnanramnathan/.m2/repository/com/github/java-json-tools/json-schema-validator/2.2.14/json-schema-validator-2.2.14.jar:/Users/sivaramakrishnanramnathan/.m2/repository/com/google/guava/guava/28.2-android/guava-28.2-android.jar:/Users/sivaramakrishnanramnathan/.m2/repository/com/google/guava/failureaccess/1.0.1/failureaccess-1.0.1.jar:/Users/sivaramakrishnanramnathan/.m2/repository/com/google/guava/listenablefuture/9999.0-empty-to-avoid-conflict-with-guava/listenablefuture-9999.0-empty-to-avoid-conflict-with-guava.jar:/Users/sivaramakrishnanramnathan/.m2/repository/org/checkerframework/checker-compat-qual/2.5.5/checker-compat-qual-2.5.5.jar:/Users/sivaramakrishnanramnathan/.m2/repository/com/google/errorprone/error_prone_annotations/2.3.4/error_prone_annotations-2.3.4.jar:/Users/sivaramakrishnanramnathan/.m2/repository/com/google/j2objc/j2objc-annotations/1.3/j2objc-annotations-1.3.jar:/Users/sivaramakrishnanramnathan/.m2/repository/com/github/java-json-tools/jackson-coreutils-equivalence/1.0/jackson-coreutils-equivalence-1.0.jar:/Users/sivaramakrishnanramnathan/.m2/repository/com/fasterxml/jackson/core/jackson-databind/2.11.0/jackson-databind-2.11.0.jar:/Users/sivaramakrishnanramnathan/.m2/repository/com/fasterxml/jackson/core/jackson-annotations/2.11.0/jackson-annotations-2.11.0.jar:/Users/sivaramakrishnanramnathan/.m2/repository/com/fasterxml/jackson/core/jackson-core/2.11.0/jackson-core-2.11.0.jar:/Users/sivaramakrishnanramnathan/.m2/repository/com/github/java-json-tools/jackson-coreutils/2.0/jackson-coreutils-2.0.jar:/Users/sivaramakrishnanramnathan/.m2/repository/com/github/java-json-tools/msg-simple/1.2/msg-simple-1.2.jar:/Users/sivaramakrishnanramnathan/.m2/repository/com/github/java-json-tools/btf/1.3/btf-1.3.jar:/Users/sivaramakrishnanramnathan/.m2/repository/com/github/java-json-tools/json-schema-core/1.2.14/json-schema-core-1.2.14.jar:/Users/sivaramakrishnanramnathan/.m2/repository/com/github/java-json-tools/uri-template/0.10/uri-template-0.10.jar:/Users/sivaramakrishnanramnathan/.m2/repository/org/mozilla/rhino/1.7.7.2/rhino-1.7.7.2.jar:/Users/sivaramakrishnanramnathan/.m2/repository/com/sun/mail/mailapi/1.6.2/mailapi-1.6.2.jar:/Users/sivaramakrishnanramnathan/.m2/repository/joda-time/joda-time/2.10.5/joda-time-2.10.5.jar:/Users/sivaramakrishnanramnathan/.m2/repository/com/googlecode/libphonenumber/libphonenumber/8.11.1/libphonenumber-8.11.1.jar:/Users/sivaramakrishnanramnathan/.m2/repository/com/google/code/findbugs/jsr305/3.0.2/jsr305-3.0.2.jar:/Users/sivaramakrishnanramnathan/.m2/repository/net/sf/jopt-simple/jopt-simple/5.0.4/jopt-simple-5.0.4.jar:/Users/sivaramakrishnanramnathan/.m2/repository/org/seleniumhq/selenium/selenium-java/4.8.0/selenium-java-4.8.0.jar:/Users/sivaramakrishnanramnathan/.m2/repository/org/seleniumhq/selenium/selenium-api/4.8.0/selenium-api-4.8.0.jar:/Users/sivaramakrishnanramnathan/.m2/repository/org/seleniumhq/selenium/selenium-chrome-driver/4.8.0/selenium-chrome-driver-4.8.0.jar:/Users/sivaramakrishnanramnathan/.m2/repository/com/google/auto/service/auto-service-annotations/1.0.1/auto-service-annotations-1.0.1.jar:/Users/sivaramakrishnanramnathan/.m2/repository/com/google/auto/service/auto-service/1.0.1/auto-service-1.0.1.jar:/Users/sivaramakrishnanramnathan/.m2/repository/com/google/auto/auto-common/1.2/auto-common-1.2.jar:/Users/sivaramakrishnanramnathan/.m2/repository/org/seleniumhq/selenium/selenium-chromium-driver/4.8.0/selenium-chromium-driver-4.8.0.jar:/Users/sivaramakrishnanramnathan/.m2/repository/org/seleniumhq/selenium/selenium-json/4.8.0/selenium-json-4.8.0.jar:/Users/sivaramakrishnanramnathan/.m2/repository/org/seleniumhq/selenium/selenium-devtools-v107/4.8.0/selenium-devtools-v107-4.8.0.jar:/Users/sivaramakrishnanramnathan/.m2/repository/org/seleniumhq/selenium/selenium-devtools-v108/4.8.0/selenium-devtools-v108-4.8.0.jar:/Users/sivaramakrishnanramnathan/.m2/repository/org/seleniumhq/selenium/selenium-devtools-v109/4.8.0/selenium-devtools-v109-4.8.0.jar:/Users/sivaramakrishnanramnathan/.m2/repository/org/seleniumhq/selenium/selenium-devtools-v85/4.8.0/selenium-devtools-v85-4.8.0.jar:/Users/sivaramakrishnanramnathan/.m2/repository/org/seleniumhq/selenium/selenium-edge-driver/4.8.0/selenium-edge-driver-4.8.0.jar:/Users/sivaramakrishnanramnathan/.m2/repository/org/seleniumhq/selenium/selenium-firefox-driver/4.8.0/selenium-firefox-driver-4.8.0.jar:/Users/sivaramakrishnanramnathan/.m2/repository/org/seleniumhq/selenium/selenium-http/4.8.0/selenium-http-4.8.0.jar:/Users/sivaramakrishnanramnathan/.m2/repository/dev/failsafe/failsafe/3.3.0/failsafe-3.3.0.jar:/Users/sivaramakrishnanramnathan/.m2/repository/org/seleniumhq/selenium/selenium-ie-driver/4.8.0/selenium-ie-driver-4.8.0.jar:/Users/sivaramakrishnanramnathan/.m2/repository/org/seleniumhq/selenium/selenium-remote-driver/4.8.0/selenium-remote-driver-4.8.0.jar:/Users/sivaramakrishnanramnathan/.m2/repository/io/netty/netty-buffer/4.1.87.Final/netty-buffer-4.1.87.Final.jar:/Users/sivaramakrishnanramnathan/.m2/repository/io/netty/netty-codec-http/4.1.87.Final/netty-codec-http-4.1.87.Final.jar:/Users/sivaramakrishnanramnathan/.m2/repository/io/netty/netty-codec/4.1.87.Final/netty-codec-4.1.87.Final.jar:/Users/sivaramakrishnanramnathan/.m2/repository/io/netty/netty-handler/4.1.87.Final/netty-handler-4.1.87.Final.jar:/Users/sivaramakrishnanramnathan/.m2/repository/io/netty/netty-common/4.1.87.Final/netty-common-4.1.87.Final.jar:/Users/sivaramakrishnanramnathan/.m2/repository/io/netty/netty-transport-classes-epoll/4.1.87.Final/netty-transport-classes-epoll-4.1.87.Final.jar:/Users/sivaramakrishnanramnathan/.m2/repository/io/netty/netty-transport-classes-kqueue/4.1.87.Final/netty-transport-classes-kqueue-4.1.87.Final.jar:/Users/sivaramakrishnanramnathan/.m2/repository/io/netty/netty-transport-native-epoll/4.1.87.Final/netty-transport-native-epoll-4.1.87.Final.jar:/Users/sivaramakrishnanramnathan/.m2/repository/io/netty/netty-transport-native-kqueue/4.1.87.Final/netty-transport-native-kqueue-4.1.87.Final.jar:/Users/sivaramakrishnanramnathan/.m2/repository/io/netty/netty-transport-native-unix-common/4.1.87.Final/netty-transport-native-unix-common-4.1.87.Final.jar:/Users/sivaramakrishnanramnathan/.m2/repository/io/netty/netty-transport/4.1.87.Final/netty-transport-4.1.87.Final.jar:/Users/sivaramakrishnanramnathan/.m2/repository/io/netty/netty-resolver/4.1.87.Final/netty-resolver-4.1.87.Final.jar:/Users/sivaramakrishnanramnathan/.m2/repository/io/opentelemetry/opentelemetry-api/1.22.0/opentelemetry-api-1.22.0.jar:/Users/sivaramakrishnanramnathan/.m2/repository/io/opentelemetry/opentelemetry-context/1.22.0/opentelemetry-context-1.22.0.jar:/Users/sivaramakrishnanramnathan/.m2/repository/io/opentelemetry/opentelemetry-exporter-logging/1.22.0/opentelemetry-exporter-logging-1.22.0.jar:/Users/sivaramakrishnanramnathan/.m2/repository/io/opentelemetry/opentelemetry-sdk-metrics/1.22.0/opentelemetry-sdk-metrics-1.22.0.jar:/Users/sivaramakrishnanramnathan/.m2/repository/io/opentelemetry/opentelemetry-sdk-logs/1.22.0-alpha/opentelemetry-sdk-logs-1.22.0-alpha.jar:/Users/sivaramakrishnanramnathan/.m2/repository/io/opentelemetry/opentelemetry-api-logs/1.22.0-alpha/opentelemetry-api-logs-1.22.0-alpha.jar:/Users/sivaramakrishnanramnathan/.m2/repository/io/opentelemetry/opentelemetry-sdk-common/1.22.0/opentelemetry-sdk-common-1.22.0.jar:/Users/sivaramakrishnanramnathan/.m2/repository/io/opentelemetry/opentelemetry-sdk-extension-autoconfigure-spi/1.22.0/opentelemetry-sdk-extension-autoconfigure-spi-1.22.0.jar:/Users/sivaramakrishnanramnathan/.m2/repository/io/opentelemetry/opentelemetry-sdk-extension-autoconfigure/1.22.0-alpha/opentelemetry-sdk-extension-autoconfigure-1.22.0-alpha.jar:/Users/sivaramakrishnanramnathan/.m2/repository/io/opentelemetry/opentelemetry-sdk-trace/1.22.0/opentelemetry-sdk-trace-1.22.0.jar:/Users/sivaramakrishnanramnathan/.m2/repository/io/opentelemetry/opentelemetry-sdk/1.22.0/opentelemetry-sdk-1.22.0.jar:/Users/sivaramakrishnanramnathan/.m2/repository/io/opentelemetry/opentelemetry-semconv/1.22.0-alpha/opentelemetry-semconv-1.22.0-alpha.jar:/Users/sivaramakrishnanramnathan/.m2/repository/io/ous/jtoml/2.0.0/jtoml-2.0.0.jar:/Users/sivaramakrishnanramnathan/.m2/repository/net/bytebuddy/byte-buddy/1.12.22/byte-buddy-1.12.22.jar:/Users/sivaramakrishnanramnathan/.m2/repository/org/apache/commons/commons-exec/1.3/commons-exec-1.3.jar:/Users/sivaramakrishnanramnathan/.m2/repository/org/asynchttpclient/async-http-client/2.12.3/async-http-client-2.12.3.jar:/Users/sivaramakrishnanramnathan/.m2/repository/org/asynchttpclient/async-http-client-netty-utils/2.12.3/async-http-client-netty-utils-2.12.3.jar:/Users/sivaramakrishnanramnathan/.m2/repository/io/netty/netty-codec-socks/4.1.60.Final/netty-codec-socks-4.1.60.Final.jar:/Users/sivaramakrishnanramnathan/.m2/repository/io/netty/netty-handler-proxy/4.1.60.Final/netty-handler-proxy-4.1.60.Final.jar:/Users/sivaramakrishnanramnathan/.m2/repository/io/netty/netty-transport-native-epoll/4.1.60.Final/netty-transport-native-epoll-4.1.60.Final-linux-x86_64.jar:/Users/sivaramakrishnanramnathan/.m2/repository/io/netty/netty-transport-native-kqueue/4.1.60.Final/netty-transport-native-kqueue-4.1.60.Final-osx-x86_64.jar:/Users/sivaramakrishnanramnathan/.m2/repository/org/reactivestreams/reactive-streams/1.0.3/reactive-streams-1.0.3.jar:/Users/sivaramakrishnanramnathan/.m2/repository/com/typesafe/netty/netty-reactive-streams/2.0.4/netty-reactive-streams-2.0.4.jar:/Users/sivaramakrishnanramnathan/.m2/repository/com/sun/activation/jakarta.activation/1.2.2/jakarta.activation-1.2.2.jar:/Users/sivaramakrishnanramnathan/.m2/repository/org/seleniumhq/selenium/selenium-manager/4.8.0/selenium-manager-4.8.0.jar:/Users/sivaramakrishnanramnathan/.m2/repository/org/seleniumhq/selenium/selenium-safari-driver/4.8.0/selenium-safari-driver-4.8.0.jar:/Users/sivaramakrishnanramnathan/.m2/repository/org/seleniumhq/selenium/selenium-support/4.8.0/selenium-support-4.8.0.jar:/Users/sivaramakrishnanramnathan/.m2/repository/io/github/bonigarcia/webdrivermanager/5.3.2/webdrivermanager-5.3.2.jar:/Users/sivaramakrishnanramnathan/.m2/repository/com/google/code/gson/gson/2.10.1/gson-2.10.1.jar:/Users/sivaramakrishnanramnathan/.m2/repository/com/github/docker-java/docker-java/3.2.14/docker-java-3.2.14.jar:/Users/sivaramakrishnanramnathan/.m2/repository/com/github/docker-java/docker-java-core/3.2.14/docker-java-core-3.2.14.jar:/Users/sivaramakrishnanramnathan/.m2/repository/com/github/docker-java/docker-java-api/3.2.14/docker-java-api-3.2.14.jar:/Users/sivaramakrishnanramnathan/.m2/repository/org/bouncycastle/bcpkix-jdk15on/1.64/bcpkix-jdk15on-1.64.jar:/Users/sivaramakrishnanramnathan/.m2/repository/org/bouncycastle/bcprov-jdk15on/1.64/bcprov-jdk15on-1.64.jar:/Users/sivaramakrishnanramnathan/.m2/repository/org/slf4j/jcl-over-slf4j/1.7.30/jcl-over-slf4j-1.7.30.jar:/Users/sivaramakrishnanramnathan/.m2/repository/com/github/docker-java/docker-java-transport-httpclient5/3.2.14/docker-java-transport-httpclient5-3.2.14.jar:/Users/sivaramakrishnanramnathan/.m2/repository/com/github/docker-java/docker-java-transport/3.2.14/docker-java-transport-3.2.14.jar:/Users/sivaramakrishnanramnathan/.m2/repository/net/java/dev/jna/jna/5.12.1/jna-5.12.1.jar:/Users/sivaramakrishnanramnathan/.m2/repository/org/brotli/dec/0.1.2/dec-0.1.2.jar:/Users/sivaramakrishnanramnathan/.m2/repository/org/apache/commons/commons-lang3/3.12.0/commons-lang3-3.12.0.jar:/Users/sivaramakrishnanramnathan/.m2/repository/org/apache/httpcomponents/client5/httpclient5/5.2.1/httpclient5-5.2.1.jar:/Users/sivaramakrishnanramnathan/.m2/repository/org/apache/httpcomponents/core5/httpcore5/5.2/httpcore5-5.2.jar:/Users/sivaramakrishnanramnathan/.m2/repository/org/apache/httpcomponents/core5/httpcore5-h2/5.2/httpcore5-h2-5.2.jar:/Users/sivaramakrishnanramnathan/.m2/repository/io/qameta/allure/allure-testng/2.20.1/allure-testng-2.20.1.jar:/Users/sivaramakrishnanramnathan/.m2/repository/io/qameta/allure/allure-java-commons/2.20.1/allure-java-commons-2.20.1.jar:/Users/sivaramakrishnanramnathan/.m2/repository/io/qameta/allure/allure-model/2.20.1/allure-model-2.20.1.jar:/Users/sivaramakrishnanramnathan/.m2/repository/io/qameta/allure/allure-test-filter/2.20.1/allure-test-filter-2.20.1.jar:/Users/sivaramakrishnanramnathan/.m2/repository/org/apache/poi/poi-ooxml/5.2.3/poi-ooxml-5.2.3.jar:/Users/sivaramakrishnanramnathan/.m2/repository/org/apache/poi/poi/5.2.3/poi-5.2.3.jar:/Users/sivaramakrishnanramnathan/.m2/repository/org/apache/commons/commons-math3/3.6.1/commons-math3-3.6.1.jar:/Users/sivaramakrishnanramnathan/.m2/repository/com/zaxxer/SparseBitSet/1.2/SparseBitSet-1.2.jar:/Users/sivaramakrishnanramnathan/.m2/repository/org/apache/poi/poi-ooxml-lite/5.2.3/poi-ooxml-lite-5.2.3.jar:/Users/sivaramakrishnanramnathan/.m2/repository/org/apache/xmlbeans/xmlbeans/5.1.1/xmlbeans-5.1.1.jar:/Users/sivaramakrishnanramnathan/.m2/repository/org/apache/commons/commons-compress/1.21/commons-compress-1.21.jar:/Users/sivaramakrishnanramnathan/.m2/repository/commons-io/commons-io/2.11.0/commons-io-2.11.0.jar:/Users/sivaramakrishnanramnathan/.m2/repository/com/github/virtuald/curvesapi/1.07/curvesapi-1.07.jar:/Users/sivaramakrishnanramnathan/.m2/repository/org/apache/logging/log4j/log4j-api/2.18.0/log4j-api-2.18.0.jar:/Users/sivaramakrishnanramnathan/.m2/repository/org/apache/commons/commons-collections4/4.4/commons-collections4-4.4.jar:/Users/sivaramakrishnanramnathan/.m2/repository/org/apache/logging/log4j/log4j-core/2.19.0/log4j-core-2.19.0.jar:"/>
    <property name="sun.cpu.endian" value="little"/>
    <property name="user.home" value="/Users/sivaramakrishnanramnathan"/>
    <property name="user.language" value="en"/>
    <property name="java.specification.vendor" value="Oracle Corporation"/>
    <property name="java.version.date" value="2022-08-12"/>
    <property name="java.home" value="/opt/homebrew/Cellar/openjdk@11/11.0.16.1_1/libexec/openjdk.jdk/Contents/Home"/>
    <property name="file.separator" value="/"/>
    <property name="basedir" value="/Users/sivaramakrishnanramnathan/eclipse-workspace/APIAutomation"/>
    <property name="java.vm.compressedOopsMode" value="Zero based"/>
    <property name="line.separator" value="&#10;"/>
    <property name="java.specification.name" value="Java Platform API Specification"/>
    <property name="java.vm.specification.vendor" value="Oracle Corporation"/>
    <property name="java.awt.graphicsenv" value="sun.awt.CGraphicsEnvironment"/>
    <property name="surefire.real.class.path" value="/Users/sivaramakrishnanramnathan/eclipse-workspace/APIAutomation/target/surefire/surefirebooter-20230208182501486_3.jar"/>
    <property name="sun.management.compiler" value="HotSpot 64-Bit Tiered Compilers"/>
    <property name="ftp.nonProxyHosts" value="local|*.local|169.254/16|*.169.254/16"/>
    <property name="java.runtime.version" value="11.0.16.1+0"/>
    <property name="user.name" value="sivaramakrishnanramnathan"/>
    <property name="path.separator" value=":"/>
    <property name="os.version" value="13.1"/>
    <property name="java.runtime.name" value="OpenJDK Runtime Environment"/>
    <property name="file.encoding" value="UTF-8"/>
    <property name="java.vm.name" value="OpenJDK 64-Bit Server VM"/>
    <property name="java.vendor.version" value="Homebrew"/>
    <property name="localRepository" value="/Users/sivaramakrishnanramnathan/.m2/repository"/>
    <property name="java.vendor.url.bug" value="https://github.com/Homebrew/homebrew-core/issues"/>
    <property name="java.io.tmpdir" value="/var/folders/9g/3gjvmyl14z16zd0n88ts5zxc0000gn/T/"/>
    <property name="java.version" value="11.0.16.1"/>
    <property name="user.dir" value="/Users/sivaramakrishnanramnathan/eclipse-workspace/APIAutomation"/>
    <property name="os.arch" value="aarch64"/>
    <property name="java.vm.specification.name" value="Java Virtual Machine Specification"/>
    <property name="java.awt.printerjob" value="sun.lwawt.macosx.CPrinterJob"/>
    <property name="sun.os.patch.level" value="unknown"/>
    <property name="java.library.path" value="/Users/sivaramakrishnanramnathan/Library/Java/Extensions:/Library/Java/Extensions:/Network/Library/Java/Extensions:/System/Library/Java/Extensions:/usr/lib/java:."/>
    <property name="java.vm.info" value="mixed mode"/>
    <property name="java.vendor" value="Homebrew"/>
    <property name="java.vm.version" value="11.0.16.1+0"/>
    <property name="sun.io.unicode.encoding" value="UnicodeBig"/>
    <property name="java.class.version" value="55.0"/>
    <property name="socksNonProxyHosts" value="local|*.local|169.254/16|*.169.254/16"/>
    <property name="maven.test.failure.ignore" value="true"/>
  </properties>
  <testcase name="getalldata" classname="APIAutoMation.FailingTests" time="1.285">
    <system-err><![CDATA[SLF4J: Failed to load class "org.slf4j.impl.StaticLoggerBinder".
SLF4J: Defaulting to no-operation (NOP) logger implementation
SLF4J: See http://www.slf4j.org/codes.html#StaticLoggerBinder for further details.
]]></system-err>
  </testcase>
  <testcase name="getconditionaldata" classname="APIAutoMation.FailingTests" time="0.77">
    <system-out><![CDATA[Request method:	GET
Request URI:	https://data.calgary.ca/resource/crbp-innf.json?site_id=0020007253236&total_consumption=0
Proxy:			<none>
Request params:	<none>
Query params:	<none>
Form params:	<none>
Path params:	<none>
Headers:		Accept=*/*
				Content-Type=application/json
Cookies:		<none>
Multiparts:		<none>
Body:			<none>
[
    {
        "business_unit_desc": "Calgary Housing",
        "facilityname": "#100 6704 6 ST SW",
        "site_id": "0020007253236",
        "facilityaddress": "#100 6704 6 ST SW",
        "energy_description": "Electricity",
        "year": "2016",
        "month": "Mar",
        "total_consumption": "0",
        "unit": "kWh"
    }
]
]]></system-out>
  </testcase>
  <testcase name="getalldata" classname="APIAutoMation.GetAllDataTest" time="0.493"/>
  <testcase name="headerstest" classname="APIAutoMation.GetAllDataTest" time="0.507">
    <system-out><![CDATA[Response time 488
Header Name Server  nginx
Header Name Date  Thu, 09 Feb 2023 01:25:05 GMT
Header Name Content-Type  application/json;charset=utf-8
Header Name Transfer-Encoding  chunked
Header Name Connection  keep-alive
Header Name Access-Control-Allow-Origin  *
Header Name ETag  "YnJhdm8uMjI4NzUxXzRfMTQ1Q0xjbDdzQXpEU1dlOVVMSVU2YjBJdGNaWFpR---gziphHr-j_m8X8hcsGD3nLmqNF1RlVI--gzip--gzip"
Header Name X-SODA2-Fields  ["business_unit_desc","facilityname","site_id","facilityaddress","energy_description","year","month","total_consumption","unit"]
Header Name X-SODA2-Types  ["text","text","text","text","text","text","text","number","text"]
Header Name X-SODA2-Data-Out-Of-Date  false
Header Name X-SODA2-Truth-Last-Modified  Wed, 01 Feb 2023 12:32:35 GMT
Header Name X-SODA2-Secondary-Last-Modified  Wed, 01 Feb 2023 12:32:35 GMT
Header Name Last-Modified  Wed, 01 Feb 2023 12:32:35 GMT
Header Name Vary  Accept-Encoding
Header Name Content-Encoding  gzip
Header Name Age  0
Header Name X-Socrata-Region  aws-us-east-1-fedramp-prod
Header Name Strict-Transport-Security  max-age=31536000; includeSubDomains
Header Name X-Socrata-RequestId  4b9bf8b56bcab911dfaeba73dd1bd2fe
]]></system-out>
  </testcase>
  <testcase name="getconditionaldata" classname="APIAutoMation.GetConditionaldataTest" time="0.466">
    <system-out><![CDATA[Request method:	GET
Request URI:	https://data.calgary.ca/resource/crbp-innf.json?site_id=0020007253236&total_consumption=0
Proxy:			<none>
Request params:	<none>
Query params:	<none>
Form params:	<none>
Path params:	<none>
Headers:		Accept=*/*
				Content-Type=application/json
Cookies:		<none>
Multiparts:		<none>
Body:			<none>
[
    {
        "business_unit_desc": "Calgary Housing",
        "facilityname": "#100 6704 6 ST SW",
        "site_id": "0020007253236",
        "facilityaddress": "#100 6704 6 ST SW",
        "energy_description": "Electricity",
        "year": "2016",
        "month": "Mar",
        "total_consumption": "0",
        "unit": "kWh"
    }
]
]]></system-out>
  </testcase>
  <testcase name="totalrecords" classname="APIAutoMation.RecordCountTest" time="0.614">
    <system-out><![CDATA[Total Number of Records : 1000
]]></system-out>
  </testcase>
  <testcase name="DatadrivenExcelTest" classname="APIAutoMation.DatadrivenTest" time="490.003">
    <system-out><![CDATA[String Value of 1 ROW Calgary Fire Department
Request method:	GET
Request URI:	https://data.calgary.ca/resource/crbp-innf.json?site_id=0020003498361&month=Jan&year=2014&total_consumption=1883
Proxy:			<none>
Request params:	<none>
Query params:	<none>
Form params:	<none>
Path params:	<none>
Headers:		Accept=*/*
				Content-Type=application/json
Cookies:		<none>
Multiparts:		<none>
Body:			<none>
[
    {
        "business_unit_desc": "Calgary Fire Department",
        "facilityname": "ATCO VILLAGE (HOUSE)",
        "site_id": "0020003498361",
        "facilityaddress": "6015 23 AV SE",
        "energy_description": "Electricity",
        "year": "2014",
        "month": "Jan",
        "total_consumption": "1883",
        "unit": "kWh"
    }
]
Request method:	GET
Request URI:	https://data.calgary.ca/resource/crbp-innf.json?site_id=0020003498361&month=Feb&year=2014&total_consumption=2320
Proxy:			<none>
Request params:	<none>
Query params:	<none>
Form params:	<none>
Path params:	<none>
Headers:		Accept=*/*
				Content-Type=application/json
Cookies:		<none>
Multiparts:		<none>
Body:			<none>
[
    {
        "business_unit_desc": "Calgary Fire Department",
        "facilityname": "ATCO VILLAGE (HOUSE)",
        "site_id": "0020003498361",
        "facilityaddress": "6015 23 AV SE",
        "energy_description": "Electricity",
        "year": "2014",
        "month": "Feb",
        "total_consumption": "2320",
        "unit": "kWh"
    }
]
Request method:	GET
Request URI:	https://data.calgary.ca/resource/crbp-innf.json?site_id=0020003498361&month=Mar&year=2014&total_consumption=1657
Proxy:			<none>
Request params:	<none>
Query params:	<none>
Form params:	<none>
Path params:	<none>
Headers:		Accept=*/*
				Content-Type=application/json
Cookies:		<none>
Multiparts:		<none>
Body:			<none>
[
    {
        "business_unit_desc": "Calgary Fire Department",
        "facilityname": "ATCO VILLAGE (HOUSE)",
        "site_id": "0020003498361",
        "facilityaddress": "6015 23 AV SE",
        "energy_description": "Electricity",
        "year": "2014",
        "month": "Mar",
        "total_consumption": "1657",
        "unit": "kWh"
    }
]
Request method:	GET
Request URI:	https://data.calgary.ca/resource/crbp-innf.json?site_id=0020003498361&month=Apr&year=2014&total_consumption=1107
Proxy:			<none>
Request params:	<none>
Query params:	<none>
Form params:	<none>
Path params:	<none>
Headers:		Accept=*/*
				Content-Type=application/json
Cookies:		<none>
Multiparts:		<none>
Body:			<none>
[
    {
        "business_unit_desc": "Calgary Fire Department",
        "facilityname": "ATCO VILLAGE (HOUSE)",
        "site_id": "0020003498361",
        "facilityaddress": "6015 23 AV SE",
        "energy_description": "Electricity",
        "year": "2014",
        "month": "Apr",
        "total_consumption": "1107",
        "unit": "kWh"
    }
]
Request method:	GET
Request URI:	https://data.calgary.ca/resource/crbp-innf.json?site_id=0020003498361&month=May&year=2014&total_consumption=972
Proxy:			<none>
Request params:	<none>
Query params:	<none>
Form params:	<none>
Path params:	<none>
Headers:		Accept=*/*
				Content-Type=application/json
Cookies:		<none>
Multiparts:		<none>
Body:			<none>
[
    {
        "business_unit_desc": "Calgary Fire Department",
        "facilityname": "ATCO VILLAGE (HOUSE)",
        "site_id": "0020003498361",
        "facilityaddress": "6015 23 AV SE",
        "energy_description": "Electricity",
        "year": "2014",
        "month": "May",
        "total_consumption": "972",
        "unit": "kWh"
    }
]
Request method:	GET
Request URI:	https://data.calgary.ca/resource/crbp-innf.json?site_id=0020003498361&month=Jun&year=2014&total_consumption=782
Proxy:			<none>
Request params:	<none>
Query params:	<none>
Form params:	<none>
Path params:	<none>
Headers:		Accept=*/*
				Content-Type=application/json
Cookies:		<none>
Multiparts:		<none>
Body:			<none>
[
    {
        "business_unit_desc": "Calgary Fire Department",
        "facilityname": "ATCO VILLAGE (HOUSE)",
        "site_id": "0020003498361",
        "facilityaddress": "6015 23 AV SE",
        "energy_description": "Electricity",
        "year": "2014",
        "month": "Jun",
        "total_consumption": "782",
        "unit": "kWh"
    }
]
Request method:	GET
Request URI:	https://data.calgary.ca/resource/crbp-innf.json?site_id=0020003498361&month=Jul&year=2014&total_consumption=909
Proxy:			<none>
Request params:	<none>
Query params:	<none>
Form params:	<none>
Path params:	<none>
Headers:		Accept=*/*
				Content-Type=application/json
Cookies:		<none>
Multiparts:		<none>
Body:			<none>
[
    {
        "business_unit_desc": "Calgary Fire Department",
        "facilityname": "ATCO VILLAGE (HOUSE)",
        "site_id": "0020003498361",
        "facilityaddress": "6015 23 AV SE",
        "energy_description": "Electricity",
        "year": "2014",
        "month": "Jul",
        "total_consumption": "909",
        "unit": "kWh"
    }
]
Request method:	GET
Request URI:	https://data.calgary.ca/resource/crbp-innf.json?site_id=0020003498361&month=Aug&year=2014&total_consumption=1130
Proxy:			<none>
Request params:	<none>
Query params:	<none>
Form params:	<none>
Path params:	<none>
Headers:		Accept=*/*
				Content-Type=application/json
Cookies:		<none>
Multiparts:		<none>
Body:			<none>
[
    {
        "business_unit_desc": "Calgary Fire Department",
        "facilityname": "ATCO VILLAGE (HOUSE)",
        "site_id": "0020003498361",
        "facilityaddress": "6015 23 AV SE",
        "energy_description": "Electricity",
        "year": "2014",
        "month": "Aug",
        "total_consumption": "1130",
        "unit": "kWh"
    }
]
Request method:	GET
Request URI:	https://data.calgary.ca/resource/crbp-innf.json?site_id=0020003498361&month=Sep&year=2014&total_consumption=1170
Proxy:			<none>
Request params:	<none>
Query params:	<none>
Form params:	<none>
Path params:	<none>
Headers:		Accept=*/*
				Content-Type=application/json
Cookies:		<none>
Multiparts:		<none>
Body:			<none>
[
    {
        "business_unit_desc": "Calgary Fire Department",
        "facilityname": "ATCO VILLAGE (HOUSE)",
        "site_id": "0020003498361",
        "facilityaddress": "6015 23 AV SE",
        "energy_description": "Electricity",
        "year": "2014",
        "month": "Sep",
        "total_consumption": "1170",
        "unit": "kWh"
    }
]
Request method:	GET
Request URI:	https://data.calgary.ca/resource/crbp-innf.json?site_id=0020003498361&month=Oct&year=2014&total_consumption=1419
Proxy:			<none>
Request params:	<none>
Query params:	<none>
Form params:	<none>
Path params:	<none>
Headers:		Accept=*/*
				Content-Type=application/json
Cookies:		<none>
Multiparts:		<none>
Body:			<none>
[
    {
        "business_unit_desc": "Calgary Fire Department",
        "facilityname": "ATCO VILLAGE (HOUSE)",
        "site_id": "0020003498361",
        "facilityaddress": "6015 23 AV SE",
        "energy_description": "Electricity",
        "year": "2014",
        "month": "Oct",
        "total_consumption": "1419",
        "unit": "kWh"
    }
]
Request method:	GET
Request URI:	https://data.calgary.ca/resource/crbp-innf.json?site_id=0020003498361&month=Nov&year=2014&total_consumption=1616
Proxy:			<none>
Request params:	<none>
Query params:	<none>
Form params:	<none>
Path params:	<none>
Headers:		Accept=*/*
				Content-Type=application/json
Cookies:		<none>
Multiparts:		<none>
Body:			<none>
[
    {
        "business_unit_desc": "Calgary Fire Department",
        "facilityname": "ATCO VILLAGE (HOUSE)",
        "site_id": "0020003498361",
        "facilityaddress": "6015 23 AV SE",
        "energy_description": "Electricity",
        "year": "2014",
        "month": "Nov",
        "total_consumption": "1616",
        "unit": "kWh"
    }
]
Request method:	GET
Request URI:	https://data.calgary.ca/resource/crbp-innf.json?site_id=0020003498361&month=Dec&year=2014&total_consumption=1775
Proxy:			<none>
Request params:	<none>
Query params:	<none>
Form params:	<none>
Path params:	<none>
Headers:		Accept=*/*
				Content-Type=application/json
Cookies:		<none>
Multiparts:		<none>
Body:			<none>
[
    {
        "business_unit_desc": "Calgary Fire Department",
        "facilityname": "ATCO VILLAGE (HOUSE)",
        "site_id": "0020003498361",
        "facilityaddress": "6015 23 AV SE",
        "energy_description": "Electricity",
        "year": "2014",
        "month": "Dec",
        "total_consumption": "1775",
        "unit": "kWh"
    }
]
Request method:	GET
Request URI:	https://data.calgary.ca/resource/crbp-innf.json?site_id=0020003498361&month=Jan&year=2015&total_consumption=1749
Proxy:			<none>
Request params:	<none>
Query params:	<none>
Form params:	<none>
Path params:	<none>
Headers:		Accept=*/*
				Content-Type=application/json
Cookies:		<none>
Multiparts:		<none>
Body:			<none>
[
    {
        "business_unit_desc": "Calgary Fire Department",
        "facilityname": "ATCO VILLAGE (HOUSE)",
        "site_id": "0020003498361",
        "facilityaddress": "6015 23 AV SE",
        "energy_description": "Electricity",
        "year": "2015",
        "month": "Jan",
        "total_consumption": "1749",
        "unit": "kWh"
    }
]
Request method:	GET
Request URI:	https://data.calgary.ca/resource/crbp-innf.json?site_id=0020003498361&month=Feb&year=2015&total_consumption=1663
Proxy:			<none>
Request params:	<none>
Query params:	<none>
Form params:	<none>
Path params:	<none>
Headers:		Accept=*/*
				Content-Type=application/json
Cookies:		<none>
Multiparts:		<none>
Body:			<none>
[
    {
        "business_unit_desc": "Calgary Fire Department",
        "facilityname": "ATCO VILLAGE (HOUSE)",
        "site_id": "0020003498361",
        "facilityaddress": "6015 23 AV SE",
        "energy_description": "Electricity",
        "year": "2015",
        "month": "Feb",
        "total_consumption": "1663",
        "unit": "kWh"
    }
]
Request method:	GET
Request URI:	https://data.calgary.ca/resource/crbp-innf.json?site_id=0020003498361&month=Mar&year=2015&total_consumption=1867
Proxy:			<none>
Request params:	<none>
Query params:	<none>
Form params:	<none>
Path params:	<none>
Headers:		Accept=*/*
				Content-Type=application/json
Cookies:		<none>
Multiparts:		<none>
Body:			<none>
[
    {
        "business_unit_desc": "Calgary Fire Department",
        "facilityname": "ATCO VILLAGE (HOUSE)",
        "site_id": "0020003498361",
        "facilityaddress": "6015 23 AV SE",
        "energy_description": "Electricity",
        "year": "2015",
        "month": "Mar",
        "total_consumption": "1867",
        "unit": "kWh"
    }
]
Request method:	GET
Request URI:	https://data.calgary.ca/resource/crbp-innf.json?site_id=0020003498361&month=Apr&year=2015&total_consumption=1121
Proxy:			<none>
Request params:	<none>
Query params:	<none>
Form params:	<none>
Path params:	<none>
Headers:		Accept=*/*
				Content-Type=application/json
Cookies:		<none>
Multiparts:		<none>
Body:			<none>
[
    {
        "business_unit_desc": "Calgary Fire Department",
        "facilityname": "ATCO VILLAGE (HOUSE)",
        "site_id": "0020003498361",
        "facilityaddress": "6015 23 AV SE",
        "energy_description": "Electricity",
        "year": "2015",
        "month": "Apr",
        "total_consumption": "1121",
        "unit": "kWh"
    }
]
Request method:	GET
Request URI:	https://data.calgary.ca/resource/crbp-innf.json?site_id=0020003498361&month=May&year=2015&total_consumption=878
Proxy:			<none>
Request params:	<none>
Query params:	<none>
Form params:	<none>
Path params:	<none>
Headers:		Accept=*/*
				Content-Type=application/json
Cookies:		<none>
Multiparts:		<none>
Body:			<none>
[
    {
        "business_unit_desc": "Calgary Fire Department",
        "facilityname": "ATCO VILLAGE (HOUSE)",
        "site_id": "0020003498361",
        "facilityaddress": "6015 23 AV SE",
        "energy_description": "Electricity",
        "year": "2015",
        "month": "May",
        "total_consumption": "878",
        "unit": "kWh"
    }
]
Request method:	GET
Request URI:	https://data.calgary.ca/resource/crbp-innf.json?site_id=0020003498361&month=Jun&year=2015&total_consumption=689
Proxy:			<none>
Request params:	<none>
Query params:	<none>
Form params:	<none>
Path params:	<none>
Headers:		Accept=*/*
				Content-Type=application/json
Cookies:		<none>
Multiparts:		<none>
Body:			<none>
[
    {
        "business_unit_desc": "Calgary Fire Department",
        "facilityname": "ATCO VILLAGE (HOUSE)",
        "site_id": "0020003498361",
        "facilityaddress": "6015 23 AV SE",
        "energy_description": "Electricity",
        "year": "2015",
        "month": "Jun",
        "total_consumption": "689",
        "unit": "kWh"
    }
]
Request method:	GET
Request URI:	https://data.calgary.ca/resource/crbp-innf.json?site_id=0020003498361&month=Jul&year=2015&total_consumption=881
Proxy:			<none>
Request params:	<none>
Query params:	<none>
Form params:	<none>
Path params:	<none>
Headers:		Accept=*/*
				Content-Type=application/json
Cookies:		<none>
Multiparts:		<none>
Body:			<none>
[
    {
        "business_unit_desc": "Calgary Fire Department",
        "facilityname": "ATCO VILLAGE (HOUSE)",
        "site_id": "0020003498361",
        "facilityaddress": "6015 23 AV SE",
        "energy_description": "Electricity",
        "year": "2015",
        "month": "Jul",
        "total_consumption": "881",
        "unit": "kWh"
    }
]
Request method:	GET
Request URI:	https://data.calgary.ca/resource/crbp-innf.json?site_id=0020003498361&month=Aug&year=2015&total_consumption=1000
Proxy:			<none>
Request params:	<none>
Query params:	<none>
Form params:	<none>
Path params:	<none>
Headers:		Accept=*/*
				Content-Type=application/json
Cookies:		<none>
Multiparts:		<none>
Body:			<none>
[
    {
        "business_unit_desc": "Calgary Fire Department",
        "facilityname": "ATCO VILLAGE (HOUSE)",
        "site_id": "0020003498361",
        "facilityaddress": "6015 23 AV SE",
        "energy_description": "Electricity",
        "year": "2015",
        "month": "Aug",
        "total_consumption": "1000",
        "unit": "kWh"
    }
]
Request method:	GET
Request URI:	https://data.calgary.ca/resource/crbp-innf.json?site_id=0020003498361&month=Sep&year=2015&total_consumption=1097
Proxy:			<none>
Request params:	<none>
Query params:	<none>
Form params:	<none>
Path params:	<none>
Headers:		Accept=*/*
				Content-Type=application/json
Cookies:		<none>
Multiparts:		<none>
Body:			<none>
[
    {
        "business_unit_desc": "Calgary Fire Department",
        "facilityname": "ATCO VILLAGE (HOUSE)",
        "site_id": "0020003498361",
        "facilityaddress": "6015 23 AV SE",
        "energy_description": "Electricity",
        "year": "2015",
        "month": "Sep",
        "total_consumption": "1097",
        "unit": "kWh"
    }
]
Request method:	GET
Request URI:	https://data.calgary.ca/resource/crbp-innf.json?site_id=0020003498361&month=Oct&year=2015&total_consumption=1315
Proxy:			<none>
Request params:	<none>
Query params:	<none>
Form params:	<none>
Path params:	<none>
Headers:		Accept=*/*
				Content-Type=application/json
Cookies:		<none>
Multiparts:		<none>
Body:			<none>
[
    {
        "business_unit_desc": "Calgary Fire Department",
        "facilityname": "ATCO VILLAGE (HOUSE)",
        "site_id": "0020003498361",
        "facilityaddress": "6015 23 AV SE",
        "energy_description": "Electricity",
        "year": "2015",
        "month": "Oct",
        "total_consumption": "1315",
        "unit": "kWh"
    }
]
Request method:	GET
Request URI:	https://data.calgary.ca/resource/crbp-innf.json?site_id=0020003498361&month=Nov&year=2015&total_consumption=1557
Proxy:			<none>
Request params:	<none>
Query params:	<none>
Form params:	<none>
Path params:	<none>
Headers:		Accept=*/*
				Content-Type=application/json
Cookies:		<none>
Multiparts:		<none>
Body:			<none>
[
    {
        "business_unit_desc": "Calgary Fire Department",
        "facilityname": "ATCO VILLAGE (HOUSE)",
        "site_id": "0020003498361",
        "facilityaddress": "6015 23 AV SE",
        "energy_description": "Electricity",
        "year": "2015",
        "month": "Nov",
        "total_consumption": "1557",
        "unit": "kWh"
    }
]
Request method:	GET
Request URI:	https://data.calgary.ca/resource/crbp-innf.json?site_id=0020003498361&month=Dec&year=2015&total_consumption=1699
Proxy:			<none>
Request params:	<none>
Query params:	<none>
Form params:	<none>
Path params:	<none>
Headers:		Accept=*/*
				Content-Type=application/json
Cookies:		<none>
Multiparts:		<none>
Body:			<none>
[
    {
        "business_unit_desc": "Calgary Fire Department",
        "facilityname": "ATCO VILLAGE (HOUSE)",
        "site_id": "0020003498361",
        "facilityaddress": "6015 23 AV SE",
        "energy_description": "Electricity",
        "year": "2015",
        "month": "Dec",
        "total_consumption": "1699",
        "unit": "kWh"
    }
]
Request method:	GET
Request URI:	https://data.calgary.ca/resource/crbp-innf.json?site_id=0020003498361&month=Jan&year=2016&total_consumption=1679
Proxy:			<none>
Request params:	<none>
Query params:	<none>
Form params:	<none>
Path params:	<none>
Headers:		Accept=*/*
				Content-Type=application/json
Cookies:		<none>
Multiparts:		<none>
Body:			<none>
[
    {
        "business_unit_desc": "Calgary Fire Department",
        "facilityname": "ATCO VILLAGE (HOUSE)",
        "site_id": "0020003498361",
        "facilityaddress": "6015 23 AV SE",
        "energy_description": "Electricity",
        "year": "2016",
        "month": "Jan",
        "total_consumption": "1679",
        "unit": "kWh"
    }
]
Request method:	GET
Request URI:	https://data.calgary.ca/resource/crbp-innf.json?site_id=0020003498361&month=Feb&year=2016&total_consumption=1302
Proxy:			<none>
Request params:	<none>
Query params:	<none>
Form params:	<none>
Path params:	<none>
Headers:		Accept=*/*
				Content-Type=application/json
Cookies:		<none>
Multiparts:		<none>
Body:			<none>
[
    {
        "business_unit_desc": "Calgary Fire Department",
        "facilityname": "ATCO VILLAGE (HOUSE)",
        "site_id": "0020003498361",
        "facilityaddress": "6015 23 AV SE",
        "energy_description": "Electricity",
        "year": "2016",
        "month": "Feb",
        "total_consumption": "1302",
        "unit": "kWh"
    }
]
Request method:	GET
Request URI:	https://data.calgary.ca/resource/crbp-innf.json?site_id=0020003498361&month=Mar&year=2016&total_consumption=1180
Proxy:			<none>
Request params:	<none>
Query params:	<none>
Form params:	<none>
Path params:	<none>
Headers:		Accept=*/*
				Content-Type=application/json
Cookies:		<none>
Multiparts:		<none>
Body:			<none>
[
    {
        "business_unit_desc": "Calgary Fire Department",
        "facilityname": "ATCO VILLAGE (HOUSE)",
        "site_id": "0020003498361",
        "facilityaddress": "6015 23 AV SE",
        "energy_description": "Electricity",
        "year": "2016",
        "month": "Mar",
        "total_consumption": "1180",
        "unit": "kWh"
    }
]
Request method:	GET
Request URI:	https://data.calgary.ca/resource/crbp-innf.json?site_id=0020003498361&month=Apr&year=2016&total_consumption=944
Proxy:			<none>
Request params:	<none>
Query params:	<none>
Form params:	<none>
Path params:	<none>
Headers:		Accept=*/*
				Content-Type=application/json
Cookies:		<none>
Multiparts:		<none>
Body:			<none>
[
    {
        "business_unit_desc": "Calgary Fire Department",
        "facilityname": "ATCO VILLAGE (HOUSE)",
        "site_id": "0020003498361",
        "facilityaddress": "6015 23 AV SE",
        "energy_description": "Electricity",
        "year": "2016",
        "month": "Apr",
        "total_consumption": "944",
        "unit": "kWh"
    }
]
Request method:	GET
Request URI:	https://data.calgary.ca/resource/crbp-innf.json?site_id=0020003498361&month=May&year=2016&total_consumption=861
Proxy:			<none>
Request params:	<none>
Query params:	<none>
Form params:	<none>
Path params:	<none>
Headers:		Accept=*/*
				Content-Type=application/json
Cookies:		<none>
Multiparts:		<none>
Body:			<none>
[
    {
        "business_unit_desc": "Calgary Fire Department",
        "facilityname": "ATCO VILLAGE (HOUSE)",
        "site_id": "0020003498361",
        "facilityaddress": "6015 23 AV SE",
        "energy_description": "Electricity",
        "year": "2016",
        "month": "May",
        "total_consumption": "861",
        "unit": "kWh"
    }
]
Request method:	GET
Request URI:	https://data.calgary.ca/resource/crbp-innf.json?site_id=0020003498361&month=Jun&year=2016&total_consumption=755
Proxy:			<none>
Request params:	<none>
Query params:	<none>
Form params:	<none>
Path params:	<none>
Headers:		Accept=*/*
				Content-Type=application/json
Cookies:		<none>
Multiparts:		<none>
Body:			<none>
[
    {
        "business_unit_desc": "Calgary Fire Department",
        "facilityname": "ATCO VILLAGE (HOUSE)",
        "site_id": "0020003498361",
        "facilityaddress": "6015 23 AV SE",
        "energy_description": "Electricity",
        "year": "2016",
        "month": "Jun",
        "total_consumption": "755",
        "unit": "kWh"
    }
]
Request method:	GET
Request URI:	https://data.calgary.ca/resource/crbp-innf.json?site_id=0020003498361&month=Jul&year=2016&total_consumption=882
Proxy:			<none>
Request params:	<none>
Query params:	<none>
Form params:	<none>
Path params:	<none>
Headers:		Accept=*/*
				Content-Type=application/json
Cookies:		<none>
Multiparts:		<none>
Body:			<none>
[
    {
        "business_unit_desc": "Calgary Fire Department",
        "facilityname": "ATCO VILLAGE (HOUSE)",
        "site_id": "0020003498361",
        "facilityaddress": "6015 23 AV SE",
        "energy_description": "Electricity",
        "year": "2016",
        "month": "Jul",
        "total_consumption": "882",
        "unit": "kWh"
    }
]
Request method:	GET
Request URI:	https://data.calgary.ca/resource/crbp-innf.json?site_id=0020003498361&month=Aug&year=2016&total_consumption=865
Proxy:			<none>
Request params:	<none>
Query params:	<none>
Form params:	<none>
Path params:	<none>
Headers:		Accept=*/*
				Content-Type=application/json
Cookies:		<none>
Multiparts:		<none>
Body:			<none>
[
    {
        "business_unit_desc": "Calgary Fire Department",
        "facilityname": "ATCO VILLAGE (HOUSE)",
        "site_id": "0020003498361",
        "facilityaddress": "6015 23 AV SE",
        "energy_description": "Electricity",
        "year": "2016",
        "month": "Aug",
        "total_consumption": "865",
        "unit": "kWh"
    }
]
Request method:	GET
Request URI:	https://data.calgary.ca/resource/crbp-innf.json?site_id=0020003498361&month=Sep&year=2016&total_consumption=1053
Proxy:			<none>
Request params:	<none>
Query params:	<none>
Form params:	<none>
Path params:	<none>
Headers:		Accept=*/*
				Content-Type=application/json
Cookies:		<none>
Multiparts:		<none>
Body:			<none>
[
    {
        "business_unit_desc": "Calgary Fire Department",
        "facilityname": "ATCO VILLAGE (HOUSE)",
        "site_id": "0020003498361",
        "facilityaddress": "6015 23 AV SE",
        "energy_description": "Electricity",
        "year": "2016",
        "month": "Sep",
        "total_consumption": "1053",
        "unit": "kWh"
    }
]
Request method:	GET
Request URI:	https://data.calgary.ca/resource/crbp-innf.json?site_id=0020003498361&month=Oct&year=2016&total_consumption=1310
Proxy:			<none>
Request params:	<none>
Query params:	<none>
Form params:	<none>
Path params:	<none>
Headers:		Accept=*/*
				Content-Type=application/json
Cookies:		<none>
Multiparts:		<none>
Body:			<none>
[
    {
        "business_unit_desc": "Calgary Fire Department",
        "facilityname": "ATCO VILLAGE (HOUSE)",
        "site_id": "0020003498361",
        "facilityaddress": "6015 23 AV SE",
        "energy_description": "Electricity",
        "year": "2016",
        "month": "Oct",
        "total_consumption": "1310",
        "unit": "kWh"
    }
]
Request method:	GET
Request URI:	https://data.calgary.ca/resource/crbp-innf.json?site_id=0020003498361&month=Nov&year=2016&total_consumption=1420
Proxy:			<none>
Request params:	<none>
Query params:	<none>
Form params:	<none>
Path params:	<none>
Headers:		Accept=*/*
				Content-Type=application/json
Cookies:		<none>
Multiparts:		<none>
Body:			<none>
[
    {
        "business_unit_desc": "Calgary Fire Department",
        "facilityname": "ATCO VILLAGE (HOUSE)",
        "site_id": "0020003498361",
        "facilityaddress": "6015 23 AV SE",
        "energy_description": "Electricity",
        "year": "2016",
        "month": "Nov",
        "total_consumption": "1420",
        "unit": "kWh"
    }
]
Request method:	GET
Request URI:	https://data.calgary.ca/resource/crbp-innf.json?site_id=0020003498361&month=Dec&year=2016&total_consumption=1561
Proxy:			<none>
Request params:	<none>
Query params:	<none>
Form params:	<none>
Path params:	<none>
Headers:		Accept=*/*
				Content-Type=application/json
Cookies:		<none>
Multiparts:		<none>
Body:			<none>
[
    {
        "business_unit_desc": "Calgary Fire Department",
        "facilityname": "ATCO VILLAGE (HOUSE)",
        "site_id": "0020003498361",
        "facilityaddress": "6015 23 AV SE",
        "energy_description": "Electricity",
        "year": "2016",
        "month": "Dec",
        "total_consumption": "1561",
        "unit": "kWh"
    }
]
Request method:	GET
Request URI:	https://data.calgary.ca/resource/crbp-innf.json?site_id=0020003498361&month=Jan&year=2017&total_consumption=1554
Proxy:			<none>
Request params:	<none>
Query params:	<none>
Form params:	<none>
Path params:	<none>
Headers:		Accept=*/*
				Content-Type=application/json
Cookies:		<none>
Multiparts:		<none>
Body:			<none>
[
    {
        "business_unit_desc": "Calgary Fire Department",
        "facilityname": "ATCO VILLAGE (HOUSE)",
        "site_id": "0020003498361",
        "facilityaddress": "6015 23 AV SE",
        "energy_description": "Electricity",
        "year": "2017",
        "month": "Jan",
        "total_consumption": "1554",
        "unit": "kWh"
    }
]
Request method:	GET
Request URI:	https://data.calgary.ca/resource/crbp-innf.json?site_id=0020003498361&month=Feb&year=2017&total_consumption=1223
Proxy:			<none>
Request params:	<none>
Query params:	<none>
Form params:	<none>
Path params:	<none>
Headers:		Accept=*/*
				Content-Type=application/json
Cookies:		<none>
Multiparts:		<none>
Body:			<none>
[
    {
        "business_unit_desc": "Calgary Fire Department",
        "facilityname": "ATCO VILLAGE (HOUSE)",
        "site_id": "0020003498361",
        "facilityaddress": "6015 23 AV SE",
        "energy_description": "Electricity",
        "year": "2017",
        "month": "Feb",
        "total_consumption": "1223",
        "unit": "kWh"
    }
]
Request method:	GET
Request URI:	https://data.calgary.ca/resource/crbp-innf.json?site_id=0020003498361&month=Mar&year=2017&total_consumption=1104
Proxy:			<none>
Request params:	<none>
Query params:	<none>
Form params:	<none>
Path params:	<none>
Headers:		Accept=*/*
				Content-Type=application/json
Cookies:		<none>
Multiparts:		<none>
Body:			<none>
[
    {
        "business_unit_desc": "Calgary Fire Department",
        "facilityname": "ATCO VILLAGE (HOUSE)",
        "site_id": "0020003498361",
        "facilityaddress": "6015 23 AV SE",
        "energy_description": "Electricity",
        "year": "2017",
        "month": "Mar",
        "total_consumption": "1104",
        "unit": "kWh"
    }
]
Request method:	GET
Request URI:	https://data.calgary.ca/resource/crbp-innf.json?site_id=0020003498361&month=Apr&year=2017&total_consumption=1013
Proxy:			<none>
Request params:	<none>
Query params:	<none>
Form params:	<none>
Path params:	<none>
Headers:		Accept=*/*
				Content-Type=application/json
Cookies:		<none>
Multiparts:		<none>
Body:			<none>
[
    {
        "business_unit_desc": "Calgary Fire Department",
        "facilityname": "ATCO VILLAGE (HOUSE)",
        "site_id": "0020003498361",
        "facilityaddress": "6015 23 AV SE",
        "energy_description": "Electricity",
        "year": "2017",
        "month": "Apr",
        "total_consumption": "1013",
        "unit": "kWh"
    }
]
Request method:	GET
Request URI:	https://data.calgary.ca/resource/crbp-innf.json?site_id=0020003498361&month=May&year=2017&total_consumption=800
Proxy:			<none>
Request params:	<none>
Query params:	<none>
Form params:	<none>
Path params:	<none>
Headers:		Accept=*/*
				Content-Type=application/json
Cookies:		<none>
Multiparts:		<none>
Body:			<none>
[
    {
        "business_unit_desc": "Calgary Fire Department",
        "facilityname": "ATCO VILLAGE (HOUSE)",
        "site_id": "0020003498361",
        "facilityaddress": "6015 23 AV SE",
        "energy_description": "Electricity",
        "year": "2017",
        "month": "May",
        "total_consumption": "800",
        "unit": "kWh"
    }
]
Request method:	GET
Request URI:	https://data.calgary.ca/resource/crbp-innf.json?site_id=0020003498361&month=Jun&year=2017&total_consumption=662
Proxy:			<none>
Request params:	<none>
Query params:	<none>
Form params:	<none>
Path params:	<none>
Headers:		Accept=*/*
				Content-Type=application/json
Cookies:		<none>
Multiparts:		<none>
Body:			<none>
[
    {
        "business_unit_desc": "Calgary Fire Department",
        "facilityname": "ATCO VILLAGE (HOUSE)",
        "site_id": "0020003498361",
        "facilityaddress": "6015 23 AV SE",
        "energy_description": "Electricity",
        "year": "2017",
        "month": "Jun",
        "total_consumption": "662",
        "unit": "kWh"
    }
]
Request method:	GET
Request URI:	https://data.calgary.ca/resource/crbp-innf.json?site_id=0020003498361&month=Jul&year=2017&total_consumption=848
Proxy:			<none>
Request params:	<none>
Query params:	<none>
Form params:	<none>
Path params:	<none>
Headers:		Accept=*/*
				Content-Type=application/json
Cookies:		<none>
Multiparts:		<none>
Body:			<none>
[
    {
        "business_unit_desc": "Calgary Fire Department",
        "facilityname": "ATCO VILLAGE (HOUSE)",
        "site_id": "0020003498361",
        "facilityaddress": "6015 23 AV SE",
        "energy_description": "Electricity",
        "year": "2017",
        "month": "Jul",
        "total_consumption": "848",
        "unit": "kWh"
    }
]
Request method:	GET
Request URI:	https://data.calgary.ca/resource/crbp-innf.json?site_id=0020003498361&month=Aug&year=2017&total_consumption=938
Proxy:			<none>
Request params:	<none>
Query params:	<none>
Form params:	<none>
Path params:	<none>
Headers:		Accept=*/*
				Content-Type=application/json
Cookies:		<none>
Multiparts:		<none>
Body:			<none>
[
    {
        "business_unit_desc": "Calgary Fire Department",
        "facilityname": "ATCO VILLAGE (HOUSE)",
        "site_id": "0020003498361",
        "facilityaddress": "6015 23 AV SE",
        "energy_description": "Electricity",
        "year": "2017",
        "month": "Aug",
        "total_consumption": "938",
        "unit": "kWh"
    }
]
Request method:	GET
Request URI:	https://data.calgary.ca/resource/crbp-innf.json?site_id=0020003498361&month=Sep&year=2017&total_consumption=893
Proxy:			<none>
Request params:	<none>
Query params:	<none>
Form params:	<none>
Path params:	<none>
Headers:		Accept=*/*
				Content-Type=application/json
Cookies:		<none>
Multiparts:		<none>
Body:			<none>
[
    {
        "business_unit_desc": "Calgary Fire Department",
        "facilityname": "ATCO VILLAGE (HOUSE)",
        "site_id": "0020003498361",
        "facilityaddress": "6015 23 AV SE",
        "energy_description": "Electricity",
        "year": "2017",
        "month": "Sep",
        "total_consumption": "893",
        "unit": "kWh"
    }
]
Request method:	GET
Request URI:	https://data.calgary.ca/resource/crbp-innf.json?site_id=0020003498361&month=Oct&year=2017&total_consumption=911
Proxy:			<none>
Request params:	<none>
Query params:	<none>
Form params:	<none>
Path params:	<none>
Headers:		Accept=*/*
				Content-Type=application/json
Cookies:		<none>
Multiparts:		<none>
Body:			<none>
[
    {
        "business_unit_desc": "Calgary Fire Department",
        "facilityname": "ATCO VILLAGE (HOUSE)",
        "site_id": "0020003498361",
        "facilityaddress": "6015 23 AV SE",
        "energy_description": "Electricity",
        "year": "2017",
        "month": "Oct",
        "total_consumption": "911",
        "unit": "kWh"
    }
]
Request method:	GET
Request URI:	https://data.calgary.ca/resource/crbp-innf.json?site_id=0020003498361&month=Nov&year=2017&total_consumption=981
Proxy:			<none>
Request params:	<none>
Query params:	<none>
Form params:	<none>
Path params:	<none>
Headers:		Accept=*/*
				Content-Type=application/json
Cookies:		<none>
Multiparts:		<none>
Body:			<none>
[
    {
        "business_unit_desc": "Calgary Fire Department",
        "facilityname": "ATCO VILLAGE (HOUSE)",
        "site_id": "0020003498361",
        "facilityaddress": "6015 23 AV SE",
        "energy_description": "Electricity",
        "year": "2017",
        "month": "Nov",
        "total_consumption": "981",
        "unit": "kWh"
    }
]
Request method:	GET
Request URI:	https://data.calgary.ca/resource/crbp-innf.json?site_id=0020003498361&month=Dec&year=2017&total_consumption=971
Proxy:			<none>
Request params:	<none>
Query params:	<none>
Form params:	<none>
Path params:	<none>
Headers:		Accept=*/*
				Content-Type=application/json
Cookies:		<none>
Multiparts:		<none>
Body:			<none>
[
    {
        "business_unit_desc": "Calgary Fire Department",
        "facilityname": "ATCO VILLAGE (HOUSE)",
        "site_id": "0020003498361",
        "facilityaddress": "6015 23 AV SE",
        "energy_description": "Electricity",
        "year": "2017",
        "month": "Dec",
        "total_consumption": "971",
        "unit": "kWh"
    }
]
Request method:	GET
Request URI:	https://data.calgary.ca/resource/crbp-innf.json?site_id=0020003498361&month=Jan&year=2018&total_consumption=1085
Proxy:			<none>
Request params:	<none>
Query params:	<none>
Form params:	<none>
Path params:	<none>
Headers:		Accept=*/*
				Content-Type=application/json
Cookies:		<none>
Multiparts:		<none>
Body:			<none>
[
    {
        "business_unit_desc": "Calgary Fire Department",
        "facilityname": "ATCO VILLAGE (HOUSE)",
        "site_id": "0020003498361",
        "facilityaddress": "6015 23 AV SE",
        "energy_description": "Electricity",
        "year": "2018",
        "month": "Jan",
        "total_consumption": "1085",
        "unit": "kWh"
    }
]
Request method:	GET
Request URI:	https://data.calgary.ca/resource/crbp-innf.json?site_id=0020003498361&month=Feb&year=2018&total_consumption=1017
Proxy:			<none>
Request params:	<none>
Query params:	<none>
Form params:	<none>
Path params:	<none>
Headers:		Accept=*/*
				Content-Type=application/json
Cookies:		<none>
Multiparts:		<none>
Body:			<none>
[
    {
        "business_unit_desc": "Calgary Fire Department",
        "facilityname": "ATCO VILLAGE (HOUSE)",
        "site_id": "0020003498361",
        "facilityaddress": "6015 23 AV SE",
        "energy_description": "Electricity",
        "year": "2018",
        "month": "Feb",
        "total_consumption": "1017",
        "unit": "kWh"
    }
]
Request method:	GET
Request URI:	https://data.calgary.ca/resource/crbp-innf.json?site_id=0020003498361&month=Mar&year=2018&total_consumption=1030
Proxy:			<none>
Request params:	<none>
Query params:	<none>
Form params:	<none>
Path params:	<none>
Headers:		Accept=*/*
				Content-Type=application/json
Cookies:		<none>
Multiparts:		<none>
Body:			<none>
[
    {
        "business_unit_desc": "Calgary Fire Department",
        "facilityname": "ATCO VILLAGE (HOUSE)",
        "site_id": "0020003498361",
        "facilityaddress": "6015 23 AV SE",
        "energy_description": "Electricity",
        "year": "2018",
        "month": "Mar",
        "total_consumption": "1030",
        "unit": "kWh"
    }
]
Request method:	GET
Request URI:	https://data.calgary.ca/resource/crbp-innf.json?site_id=0020003498361&month=Apr&year=2018&total_consumption=975
Proxy:			<none>
Request params:	<none>
Query params:	<none>
Form params:	<none>
Path params:	<none>
Headers:		Accept=*/*
				Content-Type=application/json
Cookies:		<none>
Multiparts:		<none>
Body:			<none>
[
    {
        "business_unit_desc": "Calgary Fire Department",
        "facilityname": "ATCO VILLAGE (HOUSE)",
        "site_id": "0020003498361",
        "facilityaddress": "6015 23 AV SE",
        "energy_description": "Electricity",
        "year": "2018",
        "month": "Apr",
        "total_consumption": "975",
        "unit": "kWh"
    }
]
Request method:	GET
Request URI:	https://data.calgary.ca/resource/crbp-innf.json?site_id=0020003498361&month=May&year=2018&total_consumption=1055
Proxy:			<none>
Request params:	<none>
Query params:	<none>
Form params:	<none>
Path params:	<none>
Headers:		Accept=*/*
				Content-Type=application/json
Cookies:		<none>
Multiparts:		<none>
Body:			<none>
[
    {
        "business_unit_desc": "Calgary Fire Department",
        "facilityname": "ATCO VILLAGE (HOUSE)",
        "site_id": "0020003498361",
        "facilityaddress": "6015 23 AV SE",
        "energy_description": "Electricity",
        "year": "2018",
        "month": "May",
        "total_consumption": "1055",
        "unit": "kWh"
    }
]
Request method:	GET
Request URI:	https://data.calgary.ca/resource/crbp-innf.json?site_id=0020003498361&month=Jun&year=2018&total_consumption=1002
Proxy:			<none>
Request params:	<none>
Query params:	<none>
Form params:	<none>
Path params:	<none>
Headers:		Accept=*/*
				Content-Type=application/json
Cookies:		<none>
Multiparts:		<none>
Body:			<none>
[
    {
        "business_unit_desc": "Calgary Fire Department",
        "facilityname": "ATCO VILLAGE (HOUSE)",
        "site_id": "0020003498361",
        "facilityaddress": "6015 23 AV SE",
        "energy_description": "Electricity",
        "year": "2018",
        "month": "Jun",
        "total_consumption": "1002",
        "unit": "kWh"
    }
]
Request method:	GET
Request URI:	https://data.calgary.ca/resource/crbp-innf.json?site_id=0020003498361&month=Jul&year=2018&total_consumption=1067
Proxy:			<none>
Request params:	<none>
Query params:	<none>
Form params:	<none>
Path params:	<none>
Headers:		Accept=*/*
				Content-Type=application/json
Cookies:		<none>
Multiparts:		<none>
Body:			<none>
[
    {
        "business_unit_desc": "Calgary Fire Department",
        "facilityname": "ATCO VILLAGE (HOUSE)",
        "site_id": "0020003498361",
        "facilityaddress": "6015 23 AV SE",
        "energy_description": "Electricity",
        "year": "2018",
        "month": "Jul",
        "total_consumption": "1067",
        "unit": "kWh"
    }
]
Request method:	GET
Request URI:	https://data.calgary.ca/resource/crbp-innf.json?site_id=0020003498361&month=Aug&year=2018&total_consumption=967
Proxy:			<none>
Request params:	<none>
Query params:	<none>
Form params:	<none>
Path params:	<none>
Headers:		Accept=*/*
				Content-Type=application/json
Cookies:		<none>
Multiparts:		<none>
Body:			<none>
[
    {
        "business_unit_desc": "Calgary Fire Department",
        "facilityname": "ATCO VILLAGE (HOUSE)",
        "site_id": "0020003498361",
        "facilityaddress": "6015 23 AV SE",
        "energy_description": "Electricity",
        "year": "2018",
        "month": "Aug",
        "total_consumption": "967",
        "unit": "kWh"
    }
]
Request method:	GET
Request URI:	https://data.calgary.ca/resource/crbp-innf.json?site_id=0020003498361&month=Sep&year=2018&total_consumption=702
Proxy:			<none>
Request params:	<none>
Query params:	<none>
Form params:	<none>
Path params:	<none>
Headers:		Accept=*/*
				Content-Type=application/json
Cookies:		<none>
Multiparts:		<none>
Body:			<none>
[
    {
        "business_unit_desc": "Calgary Fire Department",
        "facilityname": "ATCO VILLAGE (HOUSE)",
        "site_id": "0020003498361",
        "facilityaddress": "6015 23 AV SE",
        "energy_description": "Electricity",
        "year": "2018",
        "month": "Sep",
        "total_consumption": "702",
        "unit": "kWh"
    }
]
Request method:	GET
Request URI:	https://data.calgary.ca/resource/crbp-innf.json?site_id=0020003498361&month=Oct&year=2018&total_consumption=739
Proxy:			<none>
Request params:	<none>
Query params:	<none>
Form params:	<none>
Path params:	<none>
Headers:		Accept=*/*
				Content-Type=application/json
Cookies:		<none>
Multiparts:		<none>
Body:			<none>
[
    {
        "business_unit_desc": "Calgary Fire Department",
        "facilityname": "ATCO VILLAGE (HOUSE)",
        "site_id": "0020003498361",
        "facilityaddress": "6015 23 AV SE",
        "energy_description": "Electricity",
        "year": "2018",
        "month": "Oct",
        "total_consumption": "739",
        "unit": "kWh"
    }
]
Request method:	GET
Request URI:	https://data.calgary.ca/resource/crbp-innf.json?site_id=0020003498361&month=Nov&year=2018&total_consumption=702
Proxy:			<none>
Request params:	<none>
Query params:	<none>
Form params:	<none>
Path params:	<none>
Headers:		Accept=*/*
				Content-Type=application/json
Cookies:		<none>
Multiparts:		<none>
Body:			<none>
[
    {
        "business_unit_desc": "Calgary Fire Department",
        "facilityname": "ATCO VILLAGE (HOUSE)",
        "site_id": "0020003498361",
        "facilityaddress": "6015 23 AV SE",
        "energy_description": "Electricity",
        "year": "2018",
        "month": "Nov",
        "total_consumption": "702",
        "unit": "kWh"
    }
]
Request method:	GET
Request URI:	https://data.calgary.ca/resource/crbp-innf.json?site_id=0020003498361&month=Dec&year=2018&total_consumption=671
Proxy:			<none>
Request params:	<none>
Query params:	<none>
Form params:	<none>
Path params:	<none>
Headers:		Accept=*/*
				Content-Type=application/json
Cookies:		<none>
Multiparts:		<none>
Body:			<none>
[
    {
        "business_unit_desc": "Calgary Fire Department",
        "facilityname": "ATCO VILLAGE (HOUSE)",
        "site_id": "0020003498361",
        "facilityaddress": "6015 23 AV SE",
        "energy_description": "Electricity",
        "year": "2018",
        "month": "Dec",
        "total_consumption": "671",
        "unit": "kWh"
    }
]
Request method:	GET
Request URI:	https://data.calgary.ca/resource/crbp-innf.json?site_id=0020003498361&month=Jan&year=2019&total_consumption=654
Proxy:			<none>
Request params:	<none>
Query params:	<none>
Form params:	<none>
Path params:	<none>
Headers:		Accept=*/*
				Content-Type=application/json
Cookies:		<none>
Multiparts:		<none>
Body:			<none>
[
    {
        "business_unit_desc": "Calgary Fire Department",
        "facilityname": "ATCO VILLAGE (HOUSE)",
        "site_id": "0020003498361",
        "facilityaddress": "6015 23 AV SE",
        "energy_description": "Electricity",
        "year": "2019",
        "month": "Jan",
        "total_consumption": "654",
        "unit": "kWh"
    }
]
Request method:	GET
Request URI:	https://data.calgary.ca/resource/crbp-innf.json?site_id=0020003498361&month=Feb&year=2019&total_consumption=543
Proxy:			<none>
Request params:	<none>
Query params:	<none>
Form params:	<none>
Path params:	<none>
Headers:		Accept=*/*
				Content-Type=application/json
Cookies:		<none>
Multiparts:		<none>
Body:			<none>
[
    {
        "business_unit_desc": "Calgary Fire Department",
        "facilityname": "ATCO VILLAGE (HOUSE)",
        "site_id": "0020003498361",
        "facilityaddress": "6015 23 AV SE",
        "energy_description": "Electricity",
        "year": "2019",
        "month": "Feb",
        "total_consumption": "543",
        "unit": "kWh"
    }
]
Request method:	GET
Request URI:	https://data.calgary.ca/resource/crbp-innf.json?site_id=0020003498361&month=Mar&year=2019&total_consumption=460
Proxy:			<none>
Request params:	<none>
Query params:	<none>
Form params:	<none>
Path params:	<none>
Headers:		Accept=*/*
				Content-Type=application/json
Cookies:		<none>
Multiparts:		<none>
Body:			<none>
[
    {
        "business_unit_desc": "Calgary Fire Department",
        "facilityname": "ATCO VILLAGE (HOUSE)",
        "site_id": "0020003498361",
        "facilityaddress": "6015 23 AV SE",
        "energy_description": "Electricity",
        "year": "2019",
        "month": "Mar",
        "total_consumption": "460",
        "unit": "kWh"
    }
]
Request method:	GET
Request URI:	https://data.calgary.ca/resource/crbp-innf.json?site_id=0020003498361&month=Apr&year=2019&total_consumption=381
Proxy:			<none>
Request params:	<none>
Query params:	<none>
Form params:	<none>
Path params:	<none>
Headers:		Accept=*/*
				Content-Type=application/json
Cookies:		<none>
Multiparts:		<none>
Body:			<none>
[
    {
        "business_unit_desc": "Calgary Fire Department",
        "facilityname": "ATCO VILLAGE (HOUSE)",
        "site_id": "0020003498361",
        "facilityaddress": "6015 23 AV SE",
        "energy_description": "Electricity",
        "year": "2019",
        "month": "Apr",
        "total_consumption": "381",
        "unit": "kWh"
    }
]
Request method:	GET
Request URI:	https://data.calgary.ca/resource/crbp-innf.json?site_id=0020003498361&month=May&year=2019&total_consumption=355
Proxy:			<none>
Request params:	<none>
Query params:	<none>
Form params:	<none>
Path params:	<none>
Headers:		Accept=*/*
				Content-Type=application/json
Cookies:		<none>
Multiparts:		<none>
Body:			<none>
[
    {
        "business_unit_desc": "Calgary Fire Department",
        "facilityname": "ATCO VILLAGE (HOUSE)",
        "site_id": "0020003498361",
        "facilityaddress": "6015 23 AV SE",
        "energy_description": "Electricity",
        "year": "2019",
        "month": "May",
        "total_consumption": "355",
        "unit": "kWh"
    }
]
Request method:	GET
Request URI:	https://data.calgary.ca/resource/crbp-innf.json?site_id=0020003498361&month=Jun&year=2019&total_consumption=306
Proxy:			<none>
Request params:	<none>
Query params:	<none>
Form params:	<none>
Path params:	<none>
Headers:		Accept=*/*
				Content-Type=application/json
Cookies:		<none>
Multiparts:		<none>
Body:			<none>
[
    {
        "business_unit_desc": "Calgary Fire Department",
        "facilityname": "ATCO VILLAGE (HOUSE)",
        "site_id": "0020003498361",
        "facilityaddress": "6015 23 AV SE",
        "energy_description": "Electricity",
        "year": "2019",
        "month": "Jun",
        "total_consumption": "306",
        "unit": "kWh"
    }
]
Request method:	GET
Request URI:	https://data.calgary.ca/resource/crbp-innf.json?site_id=0020003498361&month=Jul&year=2019&total_consumption=321
Proxy:			<none>
Request params:	<none>
Query params:	<none>
Form params:	<none>
Path params:	<none>
Headers:		Accept=*/*
				Content-Type=application/json
Cookies:		<none>
Multiparts:		<none>
Body:			<none>
[
    {
        "business_unit_desc": "Calgary Fire Department",
        "facilityname": "ATCO VILLAGE (HOUSE)",
        "site_id": "0020003498361",
        "facilityaddress": "6015 23 AV SE",
        "energy_description": "Electricity",
        "year": "2019",
        "month": "Jul",
        "total_consumption": "321",
        "unit": "kWh"
    }
]
Request method:	GET
Request URI:	https://data.calgary.ca/resource/crbp-innf.json?site_id=0020003498361&month=Aug&year=2019&total_consumption=398
Proxy:			<none>
Request params:	<none>
Query params:	<none>
Form params:	<none>
Path params:	<none>
Headers:		Accept=*/*
				Content-Type=application/json
Cookies:		<none>
Multiparts:		<none>
Body:			<none>
[
    {
        "business_unit_desc": "Calgary Fire Department",
        "facilityname": "ATCO VILLAGE (HOUSE)",
        "site_id": "0020003498361",
        "facilityaddress": "6015 23 AV SE",
        "energy_description": "Electricity",
        "year": "2019",
        "month": "Aug",
        "total_consumption": "398",
        "unit": "kWh"
    }
]
Request method:	GET
Request URI:	https://data.calgary.ca/resource/crbp-innf.json?site_id=0020003498361&month=Sep&year=2019&total_consumption=461
Proxy:			<none>
Request params:	<none>
Query params:	<none>
Form params:	<none>
Path params:	<none>
Headers:		Accept=*/*
				Content-Type=application/json
Cookies:		<none>
Multiparts:		<none>
Body:			<none>
[
    {
        "business_unit_desc": "Calgary Fire Department",
        "facilityname": "ATCO VILLAGE (HOUSE)",
        "site_id": "0020003498361",
        "facilityaddress": "6015 23 AV SE",
        "energy_description": "Electricity",
        "year": "2019",
        "month": "Sep",
        "total_consumption": "461",
        "unit": "kWh"
    }
]
Request method:	GET
Request URI:	https://data.calgary.ca/resource/crbp-innf.json?site_id=0020003498361&month=Oct&year=2019&total_consumption=543
Proxy:			<none>
Request params:	<none>
Query params:	<none>
Form params:	<none>
Path params:	<none>
Headers:		Accept=*/*
				Content-Type=application/json
Cookies:		<none>
Multiparts:		<none>
Body:			<none>
[
    {
        "business_unit_desc": "Calgary Fire Department",
        "facilityname": "ATCO VILLAGE (HOUSE)",
        "site_id": "0020003498361",
        "facilityaddress": "6015 23 AV SE",
        "energy_description": "Electricity",
        "year": "2019",
        "month": "Oct",
        "total_consumption": "543",
        "unit": "kWh"
    }
]
Request method:	GET
Request URI:	https://data.calgary.ca/resource/crbp-innf.json?site_id=0020003498361&month=Nov&year=2019&total_consumption=591
Proxy:			<none>
Request params:	<none>
Query params:	<none>
Form params:	<none>
Path params:	<none>
Headers:		Accept=*/*
				Content-Type=application/json
Cookies:		<none>
Multiparts:		<none>
Body:			<none>
[
    {
        "business_unit_desc": "Calgary Fire Department",
        "facilityname": "ATCO VILLAGE (HOUSE)",
        "site_id": "0020003498361",
        "facilityaddress": "6015 23 AV SE",
        "energy_description": "Electricity",
        "year": "2019",
        "month": "Nov",
        "total_consumption": "591",
        "unit": "kWh"
    }
]
Request method:	GET
Request URI:	https://data.calgary.ca/resource/crbp-innf.json?site_id=0020003498361&month=Dec&year=2019&total_consumption=636
Proxy:			<none>
Request params:	<none>
Query params:	<none>
Form params:	<none>
Path params:	<none>
Headers:		Accept=*/*
				Content-Type=application/json
Cookies:		<none>
Multiparts:		<none>
Body:			<none>
[
    {
        "business_unit_desc": "Calgary Fire Department",
        "facilityname": "ATCO VILLAGE (HOUSE)",
        "site_id": "0020003498361",
        "facilityaddress": "6015 23 AV SE",
        "energy_description": "Electricity",
        "year": "2019",
        "month": "Dec",
        "total_consumption": "636",
        "unit": "kWh"
    }
]
Request method:	GET
Request URI:	https://data.calgary.ca/resource/crbp-innf.json?site_id=0020003498361&month=Jan&year=2020&total_consumption=688
Proxy:			<none>
Request params:	<none>
Query params:	<none>
Form params:	<none>
Path params:	<none>
Headers:		Accept=*/*
				Content-Type=application/json
Cookies:		<none>
Multiparts:		<none>
Body:			<none>
[
    {
        "business_unit_desc": "Calgary Fire Department",
        "facilityname": "ATCO VILLAGE (HOUSE)",
        "site_id": "0020003498361",
        "facilityaddress": "6015 23 AV SE",
        "energy_description": "Electricity",
        "year": "2020",
        "month": "Jan",
        "total_consumption": "688",
        "unit": "kWh"
    }
]
Request method:	GET
Request URI:	https://data.calgary.ca/resource/crbp-innf.json?site_id=0020003498361&month=Feb&year=2020&total_consumption=470
Proxy:			<none>
Request params:	<none>
Query params:	<none>
Form params:	<none>
Path params:	<none>
Headers:		Accept=*/*
				Content-Type=application/json
Cookies:		<none>
Multiparts:		<none>
Body:			<none>
[
    {
        "business_unit_desc": "Calgary Fire Department",
        "facilityname": "ATCO VILLAGE (HOUSE)",
        "site_id": "0020003498361",
        "facilityaddress": "6015 23 AV SE",
        "energy_description": "Electricity",
        "year": "2020",
        "month": "Feb",
        "total_consumption": "470",
        "unit": "kWh"
    }
]
Request method:	GET
Request URI:	https://data.calgary.ca/resource/crbp-innf.json?site_id=0020003498361&month=Mar&year=2020&total_consumption=420
Proxy:			<none>
Request params:	<none>
Query params:	<none>
Form params:	<none>
Path params:	<none>
Headers:		Accept=*/*
				Content-Type=application/json
Cookies:		<none>
Multiparts:		<none>
Body:			<none>
[
    {
        "business_unit_desc": "Calgary Fire Department",
        "facilityname": "ATCO VILLAGE (HOUSE)",
        "site_id": "0020003498361",
        "facilityaddress": "6015 23 AV SE",
        "energy_description": "Electricity",
        "year": "2020",
        "month": "Mar",
        "total_consumption": "420",
        "unit": "kWh"
    }
]
Request method:	GET
Request URI:	https://data.calgary.ca/resource/crbp-innf.json?site_id=0020003498361&month=Apr&year=2020&total_consumption=482
Proxy:			<none>
Request params:	<none>
Query params:	<none>
Form params:	<none>
Path params:	<none>
Headers:		Accept=*/*
				Content-Type=application/json
Cookies:		<none>
Multiparts:		<none>
Body:			<none>
[
    {
        "business_unit_desc": "Calgary Fire Department",
        "facilityname": "ATCO VILLAGE (HOUSE)",
        "site_id": "0020003498361",
        "facilityaddress": "6015 23 AV SE",
        "energy_description": "Electricity",
        "year": "2020",
        "month": "Apr",
        "total_consumption": "482",
        "unit": "kWh"
    }
]
Request method:	GET
Request URI:	https://data.calgary.ca/resource/crbp-innf.json?site_id=0020003498361&month=May&year=2020&total_consumption=305
Proxy:			<none>
Request params:	<none>
Query params:	<none>
Form params:	<none>
Path params:	<none>
Headers:		Accept=*/*
				Content-Type=application/json
Cookies:		<none>
Multiparts:		<none>
Body:			<none>
[
    {
        "business_unit_desc": "Calgary Fire Department",
        "facilityname": "ATCO VILLAGE (HOUSE)",
        "site_id": "0020003498361",
        "facilityaddress": "6015 23 AV SE",
        "energy_description": "Electricity",
        "year": "2020",
        "month": "May",
        "total_consumption": "305",
        "unit": "kWh"
    }
]
Request method:	GET
Request URI:	https://data.calgary.ca/resource/crbp-innf.json?site_id=0020003498361&month=Jun&year=2020&total_consumption=297
Proxy:			<none>
Request params:	<none>
Query params:	<none>
Form params:	<none>
Path params:	<none>
Headers:		Accept=*/*
				Content-Type=application/json
Cookies:		<none>
Multiparts:		<none>
Body:			<none>
[
    {
        "business_unit_desc": "Calgary Fire Department",
        "facilityname": "ATCO VILLAGE (HOUSE)",
        "site_id": "0020003498361",
        "facilityaddress": "6015 23 AV SE",
        "energy_description": "Electricity",
        "year": "2020",
        "month": "Jun",
        "total_consumption": "297",
        "unit": "kWh"
    }
]
Request method:	GET
Request URI:	https://data.calgary.ca/resource/crbp-innf.json?site_id=0020003498361&month=Jul&year=2020&total_consumption=400
Proxy:			<none>
Request params:	<none>
Query params:	<none>
Form params:	<none>
Path params:	<none>
Headers:		Accept=*/*
				Content-Type=application/json
Cookies:		<none>
Multiparts:		<none>
Body:			<none>
[
    {
        "business_unit_desc": "Calgary Fire Department",
        "facilityname": "ATCO VILLAGE (HOUSE)",
        "site_id": "0020003498361",
        "facilityaddress": "6015 23 AV SE",
        "energy_description": "Electricity",
        "year": "2020",
        "month": "Jul",
        "total_consumption": "400",
        "unit": "kWh"
    }
]
Request method:	GET
Request URI:	https://data.calgary.ca/resource/crbp-innf.json?site_id=0020003498361&month=Aug&year=2020&total_consumption=390
Proxy:			<none>
Request params:	<none>
Query params:	<none>
Form params:	<none>
Path params:	<none>
Headers:		Accept=*/*
				Content-Type=application/json
Cookies:		<none>
Multiparts:		<none>
Body:			<none>
[
    {
        "business_unit_desc": "Calgary Fire Department",
        "facilityname": "ATCO VILLAGE (HOUSE)",
        "site_id": "0020003498361",
        "facilityaddress": "6015 23 AV SE",
        "energy_description": "Electricity",
        "year": "2020",
        "month": "Aug",
        "total_consumption": "390",
        "unit": "kWh"
    }
]
Request method:	GET
Request URI:	https://data.calgary.ca/resource/crbp-innf.json?site_id=0020003498361&month=Sep&year=2020&total_consumption=386
Proxy:			<none>
Request params:	<none>
Query params:	<none>
Form params:	<none>
Path params:	<none>
Headers:		Accept=*/*
				Content-Type=application/json
Cookies:		<none>
Multiparts:		<none>
Body:			<none>
[
    {
        "business_unit_desc": "Calgary Fire Department",
        "facilityname": "ATCO VILLAGE (HOUSE)",
        "site_id": "0020003498361",
        "facilityaddress": "6015 23 AV SE",
        "energy_description": "Electricity",
        "year": "2020",
        "month": "Sep",
        "total_consumption": "386",
        "unit": "kWh"
    }
]
Request method:	GET
Request URI:	https://data.calgary.ca/resource/crbp-innf.json?site_id=0020003498361&month=Oct&year=2020&total_consumption=521
Proxy:			<none>
Request params:	<none>
Query params:	<none>
Form params:	<none>
Path params:	<none>
Headers:		Accept=*/*
				Content-Type=application/json
Cookies:		<none>
Multiparts:		<none>
Body:			<none>
[
    {
        "business_unit_desc": "Calgary Fire Department",
        "facilityname": "ATCO VILLAGE (HOUSE)",
        "site_id": "0020003498361",
        "facilityaddress": "6015 23 AV SE",
        "energy_description": "Electricity",
        "year": "2020",
        "month": "Oct",
        "total_consumption": "521",
        "unit": "kWh"
    }
]
Request method:	GET
Request URI:	https://data.calgary.ca/resource/crbp-innf.json?site_id=0020003498361&month=Nov&year=2020&total_consumption=589
Proxy:			<none>
Request params:	<none>
Query params:	<none>
Form params:	<none>
Path params:	<none>
Headers:		Accept=*/*
				Content-Type=application/json
Cookies:		<none>
Multiparts:		<none>
Body:			<none>
[
    {
        "business_unit_desc": "Calgary Fire Department",
        "facilityname": "ATCO VILLAGE (HOUSE)",
        "site_id": "0020003498361",
        "facilityaddress": "6015 23 AV SE",
        "energy_description": "Electricity",
        "year": "2020",
        "month": "Nov",
        "total_consumption": "589",
        "unit": "kWh"
    }
]
Request method:	GET
Request URI:	https://data.calgary.ca/resource/crbp-innf.json?site_id=0020003498361&month=Dec&year=2020&total_consumption=638
Proxy:			<none>
Request params:	<none>
Query params:	<none>
Form params:	<none>
Path params:	<none>
Headers:		Accept=*/*
				Content-Type=application/json
Cookies:		<none>
Multiparts:		<none>
Body:			<none>
[
    {
        "business_unit_desc": "Calgary Fire Department",
        "facilityname": "ATCO VILLAGE (HOUSE)",
        "site_id": "0020003498361",
        "facilityaddress": "6015 23 AV SE",
        "energy_description": "Electricity",
        "year": "2020",
        "month": "Dec",
        "total_consumption": "638",
        "unit": "kWh"
    }
]
Request method:	GET
Request URI:	https://data.calgary.ca/resource/crbp-innf.json?site_id=0020003498361&month=Jan&year=2021&total_consumption=671
Proxy:			<none>
Request params:	<none>
Query params:	<none>
Form params:	<none>
Path params:	<none>
Headers:		Accept=*/*
				Content-Type=application/json
Cookies:		<none>
Multiparts:		<none>
Body:			<none>
[
    {
        "business_unit_desc": "Calgary Fire Department",
        "facilityname": "ATCO VILLAGE (HOUSE)",
        "site_id": "0020003498361",
        "facilityaddress": "6015 23 AV SE",
        "energy_description": "Electricity",
        "year": "2021",
        "month": "Jan",
        "total_consumption": "671",
        "unit": "kWh"
    }
]
Request method:	GET
Request URI:	https://data.calgary.ca/resource/crbp-innf.json?site_id=0020003498361&month=Feb&year=2021&total_consumption=500
Proxy:			<none>
Request params:	<none>
Query params:	<none>
Form params:	<none>
Path params:	<none>
Headers:		Accept=*/*
				Content-Type=application/json
Cookies:		<none>
Multiparts:		<none>
Body:			<none>
[
    {
        "business_unit_desc": "Calgary Fire Department",
        "facilityname": "ATCO VILLAGE (HOUSE)",
        "site_id": "0020003498361",
        "facilityaddress": "6015 23 AV SE",
        "energy_description": "Electricity",
        "year": "2021",
        "month": "Feb",
        "total_consumption": "500",
        "unit": "kWh"
    }
]
Request method:	GET
Request URI:	https://data.calgary.ca/resource/crbp-innf.json?site_id=0020003498361&month=Mar&year=2021&total_consumption=498
Proxy:			<none>
Request params:	<none>
Query params:	<none>
Form params:	<none>
Path params:	<none>
Headers:		Accept=*/*
				Content-Type=application/json
Cookies:		<none>
Multiparts:		<none>
Body:			<none>
[
    {
        "business_unit_desc": "Calgary Fire Department",
        "facilityname": "ATCO VILLAGE (HOUSE)",
        "site_id": "0020003498361",
        "facilityaddress": "6015 23 AV SE",
        "energy_description": "Electricity",
        "year": "2021",
        "month": "Mar",
        "total_consumption": "498",
        "unit": "kWh"
    }
]
Request method:	GET
Request URI:	https://data.calgary.ca/resource/crbp-innf.json?site_id=0020003498361&month=Apr&year=2021&total_consumption=393
Proxy:			<none>
Request params:	<none>
Query params:	<none>
Form params:	<none>
Path params:	<none>
Headers:		Accept=*/*
				Content-Type=application/json
Cookies:		<none>
Multiparts:		<none>
Body:			<none>
[
    {
        "business_unit_desc": "Calgary Fire Department",
        "facilityname": "ATCO VILLAGE (HOUSE)",
        "site_id": "0020003498361",
        "facilityaddress": "6015 23 AV SE",
        "energy_description": "Electricity",
        "year": "2021",
        "month": "Apr",
        "total_consumption": "393",
        "unit": "kWh"
    }
]
Request method:	GET
Request URI:	https://data.calgary.ca/resource/crbp-innf.json?site_id=0020003498361&month=May&year=2021&total_consumption=358
Proxy:			<none>
Request params:	<none>
Query params:	<none>
Form params:	<none>
Path params:	<none>
Headers:		Accept=*/*
				Content-Type=application/json
Cookies:		<none>
Multiparts:		<none>
Body:			<none>
[
    {
        "business_unit_desc": "Calgary Fire Department",
        "facilityname": "ATCO VILLAGE (HOUSE)",
        "site_id": "0020003498361",
        "facilityaddress": "6015 23 AV SE",
        "energy_description": "Electricity",
        "year": "2021",
        "month": "May",
        "total_consumption": "358",
        "unit": "kWh"
    }
]
Request method:	GET
Request URI:	https://data.calgary.ca/resource/crbp-innf.json?site_id=0020003498361&month=Jun&year=2021&total_consumption=246
Proxy:			<none>
Request params:	<none>
Query params:	<none>
Form params:	<none>
Path params:	<none>
Headers:		Accept=*/*
				Content-Type=application/json
Cookies:		<none>
Multiparts:		<none>
Body:			<none>
[
    {
        "business_unit_desc": "Calgary Fire Department",
        "facilityname": "ATCO VILLAGE (HOUSE)",
        "site_id": "0020003498361",
        "facilityaddress": "6015 23 AV SE",
        "energy_description": "Electricity",
        "year": "2021",
        "month": "Jun",
        "total_consumption": "246",
        "unit": "kWh"
    }
]
Request method:	GET
Request URI:	https://data.calgary.ca/resource/crbp-innf.json?site_id=0020003498361&month=Jul&year=2021&total_consumption=395
Proxy:			<none>
Request params:	<none>
Query params:	<none>
Form params:	<none>
Path params:	<none>
Headers:		Accept=*/*
				Content-Type=application/json
Cookies:		<none>
Multiparts:		<none>
Body:			<none>
[
    {
        "business_unit_desc": "Calgary Fire Department",
        "facilityname": "ATCO VILLAGE (HOUSE)",
        "site_id": "0020003498361",
        "facilityaddress": "6015 23 AV SE",
        "energy_description": "Electricity",
        "year": "2021",
        "month": "Jul",
        "total_consumption": "395",
        "unit": "kWh"
    }
]
Request method:	GET
Request URI:	https://data.calgary.ca/resource/crbp-innf.json?site_id=0020003498361&month=Aug&year=2021&total_consumption=410
Proxy:			<none>
Request params:	<none>
Query params:	<none>
Form params:	<none>
Path params:	<none>
Headers:		Accept=*/*
				Content-Type=application/json
Cookies:		<none>
Multiparts:		<none>
Body:			<none>
[
    {
        "business_unit_desc": "Calgary Fire Department",
        "facilityname": "ATCO VILLAGE (HOUSE)",
        "site_id": "0020003498361",
        "facilityaddress": "6015 23 AV SE",
        "energy_description": "Electricity",
        "year": "2021",
        "month": "Aug",
        "total_consumption": "410",
        "unit": "kWh"
    }
]
Request method:	GET
Request URI:	https://data.calgary.ca/resource/crbp-innf.json?site_id=0020003498361&month=Sep&year=2021&total_consumption=392
Proxy:			<none>
Request params:	<none>
Query params:	<none>
Form params:	<none>
Path params:	<none>
Headers:		Accept=*/*
				Content-Type=application/json
Cookies:		<none>
Multiparts:		<none>
Body:			<none>
[
    {
        "business_unit_desc": "Calgary Fire Department",
        "facilityname": "ATCO VILLAGE (HOUSE)",
        "site_id": "0020003498361",
        "facilityaddress": "6015 23 AV SE",
        "energy_description": "Electricity",
        "year": "2021",
        "month": "Sep",
        "total_consumption": "392",
        "unit": "kWh"
    }
]
Request method:	GET
Request URI:	https://data.calgary.ca/resource/crbp-innf.json?site_id=0020003498361&month=Oct&year=2021&total_consumption=518
Proxy:			<none>
Request params:	<none>
Query params:	<none>
Form params:	<none>
Path params:	<none>
Headers:		Accept=*/*
				Content-Type=application/json
Cookies:		<none>
Multiparts:		<none>
Body:			<none>
[
    {
        "business_unit_desc": "Calgary Fire Department",
        "facilityname": "ATCO VILLAGE (HOUSE)",
        "site_id": "0020003498361",
        "facilityaddress": "6015 23 AV SE",
        "energy_description": "Electricity",
        "year": "2021",
        "month": "Oct",
        "total_consumption": "518",
        "unit": "kWh"
    }
]
Request method:	GET
Request URI:	https://data.calgary.ca/resource/crbp-innf.json?site_id=0020003498361&month=Nov&year=2021&total_consumption=615
Proxy:			<none>
Request params:	<none>
Query params:	<none>
Form params:	<none>
Path params:	<none>
Headers:		Accept=*/*
				Content-Type=application/json
Cookies:		<none>
Multiparts:		<none>
Body:			<none>
[
    {
        "business_unit_desc": "Calgary Fire Department",
        "facilityname": "ATCO VILLAGE (HOUSE)",
        "site_id": "0020003498361",
        "facilityaddress": "6015 23 AV SE",
        "energy_description": "Electricity",
        "year": "2021",
        "month": "Nov",
        "total_consumption": "615",
        "unit": "kWh"
    }
]
Request method:	GET
Request URI:	https://data.calgary.ca/resource/crbp-innf.json?site_id=0020003498361&month=Dec&year=2021&total_consumption=623
Proxy:			<none>
Request params:	<none>
Query params:	<none>
Form params:	<none>
Path params:	<none>
Headers:		Accept=*/*
				Content-Type=application/json
Cookies:		<none>
Multiparts:		<none>
Body:			<none>
[
    {
        "business_unit_desc": "Calgary Fire Department",
        "facilityname": "ATCO VILLAGE (HOUSE)",
        "site_id": "0020003498361",
        "facilityaddress": "6015 23 AV SE",
        "energy_description": "Electricity",
        "year": "2021",
        "month": "Dec",
        "total_consumption": "623",
        "unit": "kWh"
    }
]
Request method:	GET
Request URI:	https://data.calgary.ca/resource/crbp-innf.json?site_id=0020003498361&month=Jan&year=2022&total_consumption=667
Proxy:			<none>
Request params:	<none>
Query params:	<none>
Form params:	<none>
Path params:	<none>
Headers:		Accept=*/*
				Content-Type=application/json
Cookies:		<none>
Multiparts:		<none>
Body:			<none>
[
    {
        "business_unit_desc": "Calgary Fire Department",
        "facilityname": "ATCO VILLAGE (HOUSE)",
        "site_id": "0020003498361",
        "facilityaddress": "6015 23 AV SE",
        "energy_description": "Electricity",
        "year": "2022",
        "month": "Jan",
        "total_consumption": "667",
        "unit": "kWh"
    }
]
Request method:	GET
Request URI:	https://data.calgary.ca/resource/crbp-innf.json?site_id=0020003498361&month=Feb&year=2022&total_consumption=504
Proxy:			<none>
Request params:	<none>
Query params:	<none>
Form params:	<none>
Path params:	<none>
Headers:		Accept=*/*
				Content-Type=application/json
Cookies:		<none>
Multiparts:		<none>
Body:			<none>
[
    {
        "business_unit_desc": "Calgary Fire Department",
        "facilityname": "ATCO VILLAGE (HOUSE)",
        "site_id": "0020003498361",
        "facilityaddress": "6015 23 AV SE",
        "energy_description": "Electricity",
        "year": "2022",
        "month": "Feb",
        "total_consumption": "504",
        "unit": "kWh"
    }
]
Request method:	GET
Request URI:	https://data.calgary.ca/resource/crbp-innf.json?site_id=0020003498361&month=Mar&year=2022&total_consumption=448
Proxy:			<none>
Request params:	<none>
Query params:	<none>
Form params:	<none>
Path params:	<none>
Headers:		Accept=*/*
				Content-Type=application/json
Cookies:		<none>
Multiparts:		<none>
Body:			<none>
[
    {
        "business_unit_desc": "Calgary Fire Department",
        "facilityname": "ATCO VILLAGE (HOUSE)",
        "site_id": "0020003498361",
        "facilityaddress": "6015 23 AV SE",
        "energy_description": "Electricity",
        "year": "2022",
        "month": "Mar",
        "total_consumption": "448",
        "unit": "kWh"
    }
]
Request method:	GET
Request URI:	https://data.calgary.ca/resource/crbp-innf.json?site_id=0020003498361&month=Apr&year=2022&total_consumption=411
Proxy:			<none>
Request params:	<none>
Query params:	<none>
Form params:	<none>
Path params:	<none>
Headers:		Accept=*/*
				Content-Type=application/json
Cookies:		<none>
Multiparts:		<none>
Body:			<none>
[
    {
        "business_unit_desc": "Calgary Fire Department",
        "facilityname": "ATCO VILLAGE (HOUSE)",
        "site_id": "0020003498361",
        "facilityaddress": "6015 23 AV SE",
        "energy_description": "Electricity",
        "year": "2022",
        "month": "Apr",
        "total_consumption": "411",
        "unit": "kWh"
    }
]
Request method:	GET
Request URI:	https://data.calgary.ca/resource/crbp-innf.json?site_id=0020003498361&month=May&year=2022&total_consumption=347
Proxy:			<none>
Request params:	<none>
Query params:	<none>
Form params:	<none>
Path params:	<none>
Headers:		Accept=*/*
				Content-Type=application/json
Cookies:		<none>
Multiparts:		<none>
Body:			<none>
[
    {
        "business_unit_desc": "Calgary Fire Department",
        "facilityname": "ATCO VILLAGE (HOUSE)",
        "site_id": "0020003498361",
        "facilityaddress": "6015 23 AV SE",
        "energy_description": "Electricity",
        "year": "2022",
        "month": "May",
        "total_consumption": "347",
        "unit": "kWh"
    }
]
Request method:	GET
Request URI:	https://data.calgary.ca/resource/crbp-innf.json?site_id=0020003498361&month=Jun&year=2022&total_consumption=311
Proxy:			<none>
Request params:	<none>
Query params:	<none>
Form params:	<none>
Path params:	<none>
Headers:		Accept=*/*
				Content-Type=application/json
Cookies:		<none>
Multiparts:		<none>
Body:			<none>
[
    {
        "business_unit_desc": "Calgary Fire Department",
        "facilityname": "ATCO VILLAGE (HOUSE)",
        "site_id": "0020003498361",
        "facilityaddress": "6015 23 AV SE",
        "energy_description": "Electricity",
        "year": "2022",
        "month": "Jun",
        "total_consumption": "311",
        "unit": "kWh"
    }
]
Request method:	GET
Request URI:	https://data.calgary.ca/resource/crbp-innf.json?site_id=0020003498361&month=Jul&year=2022&total_consumption=338
Proxy:			<none>
Request params:	<none>
Query params:	<none>
Form params:	<none>
Path params:	<none>
Headers:		Accept=*/*
				Content-Type=application/json
Cookies:		<none>
Multiparts:		<none>
Body:			<none>
[
    {
        "business_unit_desc": "Calgary Fire Department",
        "facilityname": "ATCO VILLAGE (HOUSE)",
        "site_id": "0020003498361",
        "facilityaddress": "6015 23 AV SE",
        "energy_description": "Electricity",
        "year": "2022",
        "month": "Jul",
        "total_consumption": "338",
        "unit": "kWh"
    }
]
Request method:	GET
Request URI:	https://data.calgary.ca/resource/crbp-innf.json?site_id=0020003498361&month=Aug&year=2022&total_consumption=401
Proxy:			<none>
Request params:	<none>
Query params:	<none>
Form params:	<none>
Path params:	<none>
Headers:		Accept=*/*
				Content-Type=application/json
Cookies:		<none>
Multiparts:		<none>
Body:			<none>
[
    {
        "business_unit_desc": "Calgary Fire Department",
        "facilityname": "ATCO VILLAGE (HOUSE)",
        "site_id": "0020003498361",
        "facilityaddress": "6015 23 AV SE",
        "energy_description": "Electricity",
        "year": "2022",
        "month": "Aug",
        "total_consumption": "401",
        "unit": "kWh"
    }
]
Request method:	GET
Request URI:	https://data.calgary.ca/resource/crbp-innf.json?site_id=0020003498361&month=Sep&year=2022&total_consumption=413
Proxy:			<none>
Request params:	<none>
Query params:	<none>
Form params:	<none>
Path params:	<none>
Headers:		Accept=*/*
				Content-Type=application/json
Cookies:		<none>
Multiparts:		<none>
Body:			<none>
[
    {
        "business_unit_desc": "Calgary Fire Department",
        "facilityname": "ATCO VILLAGE (HOUSE)",
        "site_id": "0020003498361",
        "facilityaddress": "6015 23 AV SE",
        "energy_description": "Electricity",
        "year": "2022",
        "month": "Sep",
        "total_consumption": "413",
        "unit": "kWh"
    }
]
Request method:	GET
Request URI:	https://data.calgary.ca/resource/crbp-innf.json?site_id=0020003498361&month=Oct&year=2022&total_consumption=419
Proxy:			<none>
Request params:	<none>
Query params:	<none>
Form params:	<none>
Path params:	<none>
Headers:		Accept=*/*
				Content-Type=application/json
Cookies:		<none>
Multiparts:		<none>
Body:			<none>
[
    {
        "business_unit_desc": "Calgary Fire Department",
        "facilityname": "ATCO VILLAGE (HOUSE)",
        "site_id": "0020003498361",
        "facilityaddress": "6015 23 AV SE",
        "energy_description": "Electricity",
        "year": "2022",
        "month": "Oct",
        "total_consumption": "419",
        "unit": "kWh"
    }
]
Request method:	GET
Request URI:	https://data.calgary.ca/resource/crbp-innf.json?site_id=0020003498361&month=Nov&year=2022&total_consumption=713
Proxy:			<none>
Request params:	<none>
Query params:	<none>
Form params:	<none>
Path params:	<none>
Headers:		Accept=*/*
				Content-Type=application/json
Cookies:		<none>
Multiparts:		<none>
Body:			<none>
[
    {
        "business_unit_desc": "Calgary Fire Department",
        "facilityname": "ATCO VILLAGE (HOUSE)",
        "site_id": "0020003498361",
        "facilityaddress": "6015 23 AV SE",
        "energy_description": "Electricity",
        "year": "2022",
        "month": "Nov",
        "total_consumption": "713",
        "unit": "kWh"
    }
]
Request method:	GET
Request URI:	https://data.calgary.ca/resource/crbp-innf.json?site_id=0020003804625&month=Jan&year=2014&total_consumption=683
Proxy:			<none>
Request params:	<none>
Query params:	<none>
Form params:	<none>
Path params:	<none>
Headers:		Accept=*/*
				Content-Type=application/json
Cookies:		<none>
Multiparts:		<none>
Body:			<none>
[
    {
        "business_unit_desc": "Calgary Fire Department",
        "facilityname": "FIRE TRAINING SMOKE TOWER",
        "site_id": "0020003804625",
        "facilityaddress": "6015 23 AV SE",
        "energy_description": "Electricity",
        "year": "2014",
        "month": "Jan",
        "total_consumption": "683",
        "unit": "kWh"
    }
]
Request method:	GET
Request URI:	https://data.calgary.ca/resource/crbp-innf.json?site_id=0020003804625&month=Feb&year=2014&total_consumption=1097
Proxy:			<none>
Request params:	<none>
Query params:	<none>
Form params:	<none>
Path params:	<none>
Headers:		Accept=*/*
				Content-Type=application/json
Cookies:		<none>
Multiparts:		<none>
Body:			<none>
[
    {
        "business_unit_desc": "Calgary Fire Department",
        "facilityname": "FIRE TRAINING SMOKE TOWER",
        "site_id": "0020003804625",
        "facilityaddress": "6015 23 AV SE",
        "energy_description": "Electricity",
        "year": "2014",
        "month": "Feb",
        "total_consumption": "1097",
        "unit": "kWh"
    }
]
Request method:	GET
Request URI:	https://data.calgary.ca/resource/crbp-innf.json?site_id=0020003804625&month=Mar&year=2014&total_consumption=1014
Proxy:			<none>
Request params:	<none>
Query params:	<none>
Form params:	<none>
Path params:	<none>
Headers:		Accept=*/*
				Content-Type=application/json
Cookies:		<none>
Multiparts:		<none>
Body:			<none>
[
    {
        "business_unit_desc": "Calgary Fire Department",
        "facilityname": "FIRE TRAINING SMOKE TOWER",
        "site_id": "0020003804625",
        "facilityaddress": "6015 23 AV SE",
        "energy_description": "Electricity",
        "year": "2014",
        "month": "Mar",
        "total_consumption": "1014",
        "unit": "kWh"
    }
]
Request method:	GET
Request URI:	https://data.calgary.ca/resource/crbp-innf.json?site_id=0020003804625&month=Apr&year=2014&total_consumption=614
Proxy:			<none>
Request params:	<none>
Query params:	<none>
Form params:	<none>
Path params:	<none>
Headers:		Accept=*/*
				Content-Type=application/json
Cookies:		<none>
Multiparts:		<none>
Body:			<none>
[
    {
        "business_unit_desc": "Calgary Fire Department",
        "facilityname": "FIRE TRAINING SMOKE TOWER",
        "site_id": "0020003804625",
        "facilityaddress": "6015 23 AV SE",
        "energy_description": "Electricity",
        "year": "2014",
        "month": "Apr",
        "total_consumption": "614",
        "unit": "kWh"
    }
]
Request method:	GET
Request URI:	https://data.calgary.ca/resource/crbp-innf.json?site_id=0020003804625&month=May&year=2014&total_consumption=536
Proxy:			<none>
Request params:	<none>
Query params:	<none>
Form params:	<none>
Path params:	<none>
Headers:		Accept=*/*
				Content-Type=application/json
Cookies:		<none>
Multiparts:		<none>
Body:			<none>
[
    {
        "business_unit_desc": "Calgary Fire Department",
        "facilityname": "FIRE TRAINING SMOKE TOWER",
        "site_id": "0020003804625",
        "facilityaddress": "6015 23 AV SE",
        "energy_description": "Electricity",
        "year": "2014",
        "month": "May",
        "total_consumption": "536",
        "unit": "kWh"
    }
]
Request method:	GET
Request URI:	https://data.calgary.ca/resource/crbp-innf.json?site_id=0020003804625&month=Jun&year=2014&total_consumption=364
Proxy:			<none>
Request params:	<none>
Query params:	<none>
Form params:	<none>
Path params:	<none>
Headers:		Accept=*/*
				Content-Type=application/json
Cookies:		<none>
Multiparts:		<none>
Body:			<none>
[
    {
        "business_unit_desc": "Calgary Fire Department",
        "facilityname": "FIRE TRAINING SMOKE TOWER",
        "site_id": "0020003804625",
        "facilityaddress": "6015 23 AV SE",
        "energy_description": "Electricity",
        "year": "2014",
        "month": "Jun",
        "total_consumption": "364",
        "unit": "kWh"
    }
]
Request method:	GET
Request URI:	https://data.calgary.ca/resource/crbp-innf.json?site_id=0020003804625&month=Jul&year=2014&total_consumption=652
Proxy:			<none>
Request params:	<none>
Query params:	<none>
Form params:	<none>
Path params:	<none>
Headers:		Accept=*/*
				Content-Type=application/json
Cookies:		<none>
Multiparts:		<none>
Body:			<none>
[
    {
        "business_unit_desc": "Calgary Fire Department",
        "facilityname": "FIRE TRAINING SMOKE TOWER",
        "site_id": "0020003804625",
        "facilityaddress": "6015 23 AV SE",
        "energy_description": "Electricity",
        "year": "2014",
        "month": "Jul",
        "total_consumption": "652",
        "unit": "kWh"
    }
]
Request method:	GET
Request URI:	https://data.calgary.ca/resource/crbp-innf.json?site_id=0020003804625&month=Aug&year=2014&total_consumption=625
Proxy:			<none>
Request params:	<none>
Query params:	<none>
Form params:	<none>
Path params:	<none>
Headers:		Accept=*/*
				Content-Type=application/json
Cookies:		<none>
Multiparts:		<none>
Body:			<none>
[
    {
        "business_unit_desc": "Calgary Fire Department",
        "facilityname": "FIRE TRAINING SMOKE TOWER",
        "site_id": "0020003804625",
        "facilityaddress": "6015 23 AV SE",
        "energy_description": "Electricity",
        "year": "2014",
        "month": "Aug",
        "total_consumption": "625",
        "unit": "kWh"
    }
]
Request method:	GET
Request URI:	https://data.calgary.ca/resource/crbp-innf.json?site_id=0020003804625&month=Sep&year=2014&total_consumption=520
Proxy:			<none>
Request params:	<none>
Query params:	<none>
Form params:	<none>
Path params:	<none>
Headers:		Accept=*/*
				Content-Type=application/json
Cookies:		<none>
Multiparts:		<none>
Body:			<none>
[
    {
        "business_unit_desc": "Calgary Fire Department",
        "facilityname": "FIRE TRAINING SMOKE TOWER",
        "site_id": "0020003804625",
        "facilityaddress": "6015 23 AV SE",
        "energy_description": "Electricity",
        "year": "2014",
        "month": "Sep",
        "total_consumption": "520",
        "unit": "kWh"
    }
]
Request method:	GET
Request URI:	https://data.calgary.ca/resource/crbp-innf.json?site_id=0020003804625&month=Oct&year=2014&total_consumption=456
Proxy:			<none>
Request params:	<none>
Query params:	<none>
Form params:	<none>
Path params:	<none>
Headers:		Accept=*/*
				Content-Type=application/json
Cookies:		<none>
Multiparts:		<none>
Body:			<none>
[
    {
        "business_unit_desc": "Calgary Fire Department",
        "facilityname": "FIRE TRAINING SMOKE TOWER",
        "site_id": "0020003804625",
        "facilityaddress": "6015 23 AV SE",
        "energy_description": "Electricity",
        "year": "2014",
        "month": "Oct",
        "total_consumption": "456",
        "unit": "kWh"
    }
]
Request method:	GET
Request URI:	https://data.calgary.ca/resource/crbp-innf.json?site_id=0020003804625&month=Nov&year=2014&total_consumption=580
Proxy:			<none>
Request params:	<none>
Query params:	<none>
Form params:	<none>
Path params:	<none>
Headers:		Accept=*/*
				Content-Type=application/json
Cookies:		<none>
Multiparts:		<none>
Body:			<none>
[
    {
        "business_unit_desc": "Calgary Fire Department",
        "facilityname": "FIRE TRAINING SMOKE TOWER",
        "site_id": "0020003804625",
        "facilityaddress": "6015 23 AV SE",
        "energy_description": "Electricity",
        "year": "2014",
        "month": "Nov",
        "total_consumption": "580",
        "unit": "kWh"
    }
]
Request method:	GET
Request URI:	https://data.calgary.ca/resource/crbp-innf.json?site_id=0020003804625&month=Dec&year=2014&total_consumption=764
Proxy:			<none>
Request params:	<none>
Query params:	<none>
Form params:	<none>
Path params:	<none>
Headers:		Accept=*/*
				Content-Type=application/json
Cookies:		<none>
Multiparts:		<none>
Body:			<none>
[
    {
        "business_unit_desc": "Calgary Fire Department",
        "facilityname": "FIRE TRAINING SMOKE TOWER",
        "site_id": "0020003804625",
        "facilityaddress": "6015 23 AV SE",
        "energy_description": "Electricity",
        "year": "2014",
        "month": "Dec",
        "total_consumption": "764",
        "unit": "kWh"
    }
]
Request method:	GET
Request URI:	https://data.calgary.ca/resource/crbp-innf.json?site_id=0020003804625&month=Jan&year=2015&total_consumption=567
Proxy:			<none>
Request params:	<none>
Query params:	<none>
Form params:	<none>
Path params:	<none>
Headers:		Accept=*/*
				Content-Type=application/json
Cookies:		<none>
Multiparts:		<none>
Body:			<none>
[
    {
        "business_unit_desc": "Calgary Fire Department",
        "facilityname": "FIRE TRAINING SMOKE TOWER",
        "site_id": "0020003804625",
        "facilityaddress": "6015 23 AV SE",
        "energy_description": "Electricity",
        "year": "2015",
        "month": "Jan",
        "total_consumption": "567",
        "unit": "kWh"
    }
]
Request method:	GET
Request URI:	https://data.calgary.ca/resource/crbp-innf.json?site_id=0020003804625&month=Feb&year=2015&total_consumption=1212
Proxy:			<none>
Request params:	<none>
Query params:	<none>
Form params:	<none>
Path params:	<none>
Headers:		Accept=*/*
				Content-Type=application/json
Cookies:		<none>
Multiparts:		<none>
Body:			<none>
[
    {
        "business_unit_desc": "Calgary Fire Department",
        "facilityname": "FIRE TRAINING SMOKE TOWER",
        "site_id": "0020003804625",
        "facilityaddress": "6015 23 AV SE",
        "energy_description": "Electricity",
        "year": "2015",
        "month": "Feb",
        "total_consumption": "1212",
        "unit": "kWh"
    }
]
Request method:	GET
Request URI:	https://data.calgary.ca/resource/crbp-innf.json?site_id=0020003804625&month=Mar&year=2015&total_consumption=854
Proxy:			<none>
Request params:	<none>
Query params:	<none>
Form params:	<none>
Path params:	<none>
Headers:		Accept=*/*
				Content-Type=application/json
Cookies:		<none>
Multiparts:		<none>
Body:			<none>
[
    {
        "business_unit_desc": "Calgary Fire Department",
        "facilityname": "FIRE TRAINING SMOKE TOWER",
        "site_id": "0020003804625",
        "facilityaddress": "6015 23 AV SE",
        "energy_description": "Electricity",
        "year": "2015",
        "month": "Mar",
        "total_consumption": "854",
        "unit": "kWh"
    }
]
Request method:	GET
Request URI:	https://data.calgary.ca/resource/crbp-innf.json?site_id=0020003804625&month=Apr&year=2015&total_consumption=376
Proxy:			<none>
Request params:	<none>
Query params:	<none>
Form params:	<none>
Path params:	<none>
Headers:		Accept=*/*
				Content-Type=application/json
Cookies:		<none>
Multiparts:		<none>
Body:			<none>
[
    {
        "business_unit_desc": "Calgary Fire Department",
        "facilityname": "FIRE TRAINING SMOKE TOWER",
        "site_id": "0020003804625",
        "facilityaddress": "6015 23 AV SE",
        "energy_description": "Electricity",
        "year": "2015",
        "month": "Apr",
        "total_consumption": "376",
        "unit": "kWh"
    }
]
Request method:	GET
Request URI:	https://data.calgary.ca/resource/crbp-innf.json?site_id=0020003804625&month=May&year=2015&total_consumption=423
Proxy:			<none>
Request params:	<none>
Query params:	<none>
Form params:	<none>
Path params:	<none>
Headers:		Accept=*/*
				Content-Type=application/json
Cookies:		<none>
Multiparts:		<none>
Body:			<none>
[
    {
        "business_unit_desc": "Calgary Fire Department",
        "facilityname": "FIRE TRAINING SMOKE TOWER",
        "site_id": "0020003804625",
        "facilityaddress": "6015 23 AV SE",
        "energy_description": "Electricity",
        "year": "2015",
        "month": "May",
        "total_consumption": "423",
        "unit": "kWh"
    }
]
Request method:	GET
Request URI:	https://data.calgary.ca/resource/crbp-innf.json?site_id=0020003804625&month=Jun&year=2015&total_consumption=537
Proxy:			<none>
Request params:	<none>
Query params:	<none>
Form params:	<none>
Path params:	<none>
Headers:		Accept=*/*
				Content-Type=application/json
Cookies:		<none>
Multiparts:		<none>
Body:			<none>
[
    {
        "business_unit_desc": "Calgary Fire Department",
        "facilityname": "FIRE TRAINING SMOKE TOWER",
        "site_id": "0020003804625",
        "facilityaddress": "6015 23 AV SE",
        "energy_description": "Electricity",
        "year": "2015",
        "month": "Jun",
        "total_consumption": "537",
        "unit": "kWh"
    }
]
Request method:	GET
Request URI:	https://data.calgary.ca/resource/crbp-innf.json?site_id=0020003804625&month=Jul&year=2015&total_consumption=428
Proxy:			<none>
Request params:	<none>
Query params:	<none>
Form params:	<none>
Path params:	<none>
Headers:		Accept=*/*
				Content-Type=application/json
Cookies:		<none>
Multiparts:		<none>
Body:			<none>
[
    {
        "business_unit_desc": "Calgary Fire Department",
        "facilityname": "FIRE TRAINING SMOKE TOWER",
        "site_id": "0020003804625",
        "facilityaddress": "6015 23 AV SE",
        "energy_description": "Electricity",
        "year": "2015",
        "month": "Jul",
        "total_consumption": "428",
        "unit": "kWh"
    }
]
Request method:	GET
Request URI:	https://data.calgary.ca/resource/crbp-innf.json?site_id=0020003804625&month=Aug&year=2015&total_consumption=378
Proxy:			<none>
Request params:	<none>
Query params:	<none>
Form params:	<none>
Path params:	<none>
Headers:		Accept=*/*
				Content-Type=application/json
Cookies:		<none>
Multiparts:		<none>
Body:			<none>
[
    {
        "business_unit_desc": "Calgary Fire Department",
        "facilityname": "FIRE TRAINING SMOKE TOWER",
        "site_id": "0020003804625",
        "facilityaddress": "6015 23 AV SE",
        "energy_description": "Electricity",
        "year": "2015",
        "month": "Aug",
        "total_consumption": "378",
        "unit": "kWh"
    }
]
Request method:	GET
Request URI:	https://data.calgary.ca/resource/crbp-innf.json?site_id=0020003804625&month=Sep&year=2015&total_consumption=309
Proxy:			<none>
Request params:	<none>
Query params:	<none>
Form params:	<none>
Path params:	<none>
Headers:		Accept=*/*
				Content-Type=application/json
Cookies:		<none>
Multiparts:		<none>
Body:			<none>
[
    {
        "business_unit_desc": "Calgary Fire Department",
        "facilityname": "FIRE TRAINING SMOKE TOWER",
        "site_id": "0020003804625",
        "facilityaddress": "6015 23 AV SE",
        "energy_description": "Electricity",
        "year": "2015",
        "month": "Sep",
        "total_consumption": "309",
        "unit": "kWh"
    }
]
Request method:	GET
Request URI:	https://data.calgary.ca/resource/crbp-innf.json?site_id=0020003804625&month=Oct&year=2015&total_consumption=290
Proxy:			<none>
Request params:	<none>
Query params:	<none>
Form params:	<none>
Path params:	<none>
Headers:		Accept=*/*
				Content-Type=application/json
Cookies:		<none>
Multiparts:		<none>
Body:			<none>
[
    {
        "business_unit_desc": "Calgary Fire Department",
        "facilityname": "FIRE TRAINING SMOKE TOWER",
        "site_id": "0020003804625",
        "facilityaddress": "6015 23 AV SE",
        "energy_description": "Electricity",
        "year": "2015",
        "month": "Oct",
        "total_consumption": "290",
        "unit": "kWh"
    }
]
Request method:	GET
Request URI:	https://data.calgary.ca/resource/crbp-innf.json?site_id=0020003804625&month=Nov&year=2015&total_consumption=450
Proxy:			<none>
Request params:	<none>
Query params:	<none>
Form params:	<none>
Path params:	<none>
Headers:		Accept=*/*
				Content-Type=application/json
Cookies:		<none>
Multiparts:		<none>
Body:			<none>
[
    {
        "business_unit_desc": "Calgary Fire Department",
        "facilityname": "FIRE TRAINING SMOKE TOWER",
        "site_id": "0020003804625",
        "facilityaddress": "6015 23 AV SE",
        "energy_description": "Electricity",
        "year": "2015",
        "month": "Nov",
        "total_consumption": "450",
        "unit": "kWh"
    }
]
Request method:	GET
Request URI:	https://data.calgary.ca/resource/crbp-innf.json?site_id=0020003804625&month=Dec&year=2015&total_consumption=623
Proxy:			<none>
Request params:	<none>
Query params:	<none>
Form params:	<none>
Path params:	<none>
Headers:		Accept=*/*
				Content-Type=application/json
Cookies:		<none>
Multiparts:		<none>
Body:			<none>
[
    {
        "business_unit_desc": "Calgary Fire Department",
        "facilityname": "FIRE TRAINING SMOKE TOWER",
        "site_id": "0020003804625",
        "facilityaddress": "6015 23 AV SE",
        "energy_description": "Electricity",
        "year": "2015",
        "month": "Dec",
        "total_consumption": "623",
        "unit": "kWh"
    }
]
Request method:	GET
Request URI:	https://data.calgary.ca/resource/crbp-innf.json?site_id=0020003804625&month=Jan&year=2016&total_consumption=967
Proxy:			<none>
Request params:	<none>
Query params:	<none>
Form params:	<none>
Path params:	<none>
Headers:		Accept=*/*
				Content-Type=application/json
Cookies:		<none>
Multiparts:		<none>
Body:			<none>
[
    {
        "business_unit_desc": "Calgary Fire Department",
        "facilityname": "FIRE TRAINING SMOKE TOWER",
        "site_id": "0020003804625",
        "facilityaddress": "6015 23 AV SE",
        "energy_description": "Electricity",
        "year": "2016",
        "month": "Jan",
        "total_consumption": "967",
        "unit": "kWh"
    }
]
Request method:	GET
Request URI:	https://data.calgary.ca/resource/crbp-innf.json?site_id=0020003804625&month=Feb&year=2016&total_consumption=405
Proxy:			<none>
Request params:	<none>
Query params:	<none>
Form params:	<none>
Path params:	<none>
Headers:		Accept=*/*
				Content-Type=application/json
Cookies:		<none>
Multiparts:		<none>
Body:			<none>
[
    {
        "business_unit_desc": "Calgary Fire Department",
        "facilityname": "FIRE TRAINING SMOKE TOWER",
        "site_id": "0020003804625",
        "facilityaddress": "6015 23 AV SE",
        "energy_description": "Electricity",
        "year": "2016",
        "month": "Feb",
        "total_consumption": "405",
        "unit": "kWh"
    }
]
Request method:	GET
Request URI:	https://data.calgary.ca/resource/crbp-innf.json?site_id=0020003804625&month=Mar&year=2016&total_consumption=472
Proxy:			<none>
Request params:	<none>
Query params:	<none>
Form params:	<none>
Path params:	<none>
Headers:		Accept=*/*
				Content-Type=application/json
Cookies:		<none>
Multiparts:		<none>
Body:			<none>
[
    {
        "business_unit_desc": "Calgary Fire Department",
        "facilityname": "FIRE TRAINING SMOKE TOWER",
        "site_id": "0020003804625",
        "facilityaddress": "6015 23 AV SE",
        "energy_description": "Electricity",
        "year": "2016",
        "month": "Mar",
        "total_consumption": "472",
        "unit": "kWh"
    }
]
Request method:	GET
Request URI:	https://data.calgary.ca/resource/crbp-innf.json?site_id=0020003804625&month=Apr&year=2016&total_consumption=386
Proxy:			<none>
Request params:	<none>
Query params:	<none>
Form params:	<none>
Path params:	<none>
Headers:		Accept=*/*
				Content-Type=application/json
Cookies:		<none>
Multiparts:		<none>
Body:			<none>
[
    {
        "business_unit_desc": "Calgary Fire Department",
        "facilityname": "FIRE TRAINING SMOKE TOWER",
        "site_id": "0020003804625",
        "facilityaddress": "6015 23 AV SE",
        "energy_description": "Electricity",
        "year": "2016",
        "month": "Apr",
        "total_consumption": "386",
        "unit": "kWh"
    }
]
Request method:	GET
Request URI:	https://data.calgary.ca/resource/crbp-innf.json?site_id=0020003804625&month=May&year=2016&total_consumption=392
Proxy:			<none>
Request params:	<none>
Query params:	<none>
Form params:	<none>
Path params:	<none>
Headers:		Accept=*/*
				Content-Type=application/json
Cookies:		<none>
Multiparts:		<none>
Body:			<none>
[
    {
        "business_unit_desc": "Calgary Fire Department",
        "facilityname": "FIRE TRAINING SMOKE TOWER",
        "site_id": "0020003804625",
        "facilityaddress": "6015 23 AV SE",
        "energy_description": "Electricity",
        "year": "2016",
        "month": "May",
        "total_consumption": "392",
        "unit": "kWh"
    }
]
Request method:	GET
Request URI:	https://data.calgary.ca/resource/crbp-innf.json?site_id=0020003804625&month=Jun&year=2016&total_consumption=512
Proxy:			<none>
Request params:	<none>
Query params:	<none>
Form params:	<none>
Path params:	<none>
Headers:		Accept=*/*
				Content-Type=application/json
Cookies:		<none>
Multiparts:		<none>
Body:			<none>
[
    {
        "business_unit_desc": "Calgary Fire Department",
        "facilityname": "FIRE TRAINING SMOKE TOWER",
        "site_id": "0020003804625",
        "facilityaddress": "6015 23 AV SE",
        "energy_description": "Electricity",
        "year": "2016",
        "month": "Jun",
        "total_consumption": "512",
        "unit": "kWh"
    }
]
Request method:	GET
Request URI:	https://data.calgary.ca/resource/crbp-innf.json?site_id=0020003804625&month=Jul&year=2016&total_consumption=308
Proxy:			<none>
Request params:	<none>
Query params:	<none>
Form params:	<none>
Path params:	<none>
Headers:		Accept=*/*
				Content-Type=application/json
Cookies:		<none>
Multiparts:		<none>
Body:			<none>
[
    {
        "business_unit_desc": "Calgary Fire Department",
        "facilityname": "FIRE TRAINING SMOKE TOWER",
        "site_id": "0020003804625",
        "facilityaddress": "6015 23 AV SE",
        "energy_description": "Electricity",
        "year": "2016",
        "month": "Jul",
        "total_consumption": "308",
        "unit": "kWh"
    }
]
Request method:	GET
Request URI:	https://data.calgary.ca/resource/crbp-innf.json?site_id=0020003804625&month=Aug&year=2016&total_consumption=536
Proxy:			<none>
Request params:	<none>
Query params:	<none>
Form params:	<none>
Path params:	<none>
Headers:		Accept=*/*
				Content-Type=application/json
Cookies:		<none>
Multiparts:		<none>
Body:			<none>
[
    {
        "business_unit_desc": "Calgary Fire Department",
        "facilityname": "FIRE TRAINING SMOKE TOWER",
        "site_id": "0020003804625",
        "facilityaddress": "6015 23 AV SE",
        "energy_description": "Electricity",
        "year": "2016",
        "month": "Aug",
        "total_consumption": "536",
        "unit": "kWh"
    }
]
Request method:	GET
Request URI:	https://data.calgary.ca/resource/crbp-innf.json?site_id=0020003804625&month=Sep&year=2016&total_consumption=568
Proxy:			<none>
Request params:	<none>
Query params:	<none>
Form params:	<none>
Path params:	<none>
Headers:		Accept=*/*
				Content-Type=application/json
Cookies:		<none>
Multiparts:		<none>
Body:			<none>
[
    {
        "business_unit_desc": "Calgary Fire Department",
        "facilityname": "FIRE TRAINING SMOKE TOWER",
        "site_id": "0020003804625",
        "facilityaddress": "6015 23 AV SE",
        "energy_description": "Electricity",
        "year": "2016",
        "month": "Sep",
        "total_consumption": "568",
        "unit": "kWh"
    }
]
Request method:	GET
Request URI:	https://data.calgary.ca/resource/crbp-innf.json?site_id=0020003804625&month=Oct&year=2016&total_consumption=489
Proxy:			<none>
Request params:	<none>
Query params:	<none>
Form params:	<none>
Path params:	<none>
Headers:		Accept=*/*
				Content-Type=application/json
Cookies:		<none>
Multiparts:		<none>
Body:			<none>
[
    {
        "business_unit_desc": "Calgary Fire Department",
        "facilityname": "FIRE TRAINING SMOKE TOWER",
        "site_id": "0020003804625",
        "facilityaddress": "6015 23 AV SE",
        "energy_description": "Electricity",
        "year": "2016",
        "month": "Oct",
        "total_consumption": "489",
        "unit": "kWh"
    }
]
Request method:	GET
Request URI:	https://data.calgary.ca/resource/crbp-innf.json?site_id=0020003804625&month=Nov&year=2016&total_consumption=580
Proxy:			<none>
Request params:	<none>
Query params:	<none>
Form params:	<none>
Path params:	<none>
Headers:		Accept=*/*
				Content-Type=application/json
Cookies:		<none>
Multiparts:		<none>
Body:			<none>
[
    {
        "business_unit_desc": "Calgary Fire Department",
        "facilityname": "FIRE TRAINING SMOKE TOWER",
        "site_id": "0020003804625",
        "facilityaddress": "6015 23 AV SE",
        "energy_description": "Electricity",
        "year": "2016",
        "month": "Nov",
        "total_consumption": "580",
        "unit": "kWh"
    }
]
Request method:	GET
Request URI:	https://data.calgary.ca/resource/crbp-innf.json?site_id=0020003804625&month=Dec&year=2016&total_consumption=644
Proxy:			<none>
Request params:	<none>
Query params:	<none>
Form params:	<none>
Path params:	<none>
Headers:		Accept=*/*
				Content-Type=application/json
Cookies:		<none>
Multiparts:		<none>
Body:			<none>
[
    {
        "business_unit_desc": "Calgary Fire Department",
        "facilityname": "FIRE TRAINING SMOKE TOWER",
        "site_id": "0020003804625",
        "facilityaddress": "6015 23 AV SE",
        "energy_description": "Electricity",
        "year": "2016",
        "month": "Dec",
        "total_consumption": "644",
        "unit": "kWh"
    }
]
Request method:	GET
Request URI:	https://data.calgary.ca/resource/crbp-innf.json?site_id=0020003804625&month=Jan&year=2017&total_consumption=766
Proxy:			<none>
Request params:	<none>
Query params:	<none>
Form params:	<none>
Path params:	<none>
Headers:		Accept=*/*
				Content-Type=application/json
Cookies:		<none>
Multiparts:		<none>
Body:			<none>
[
    {
        "business_unit_desc": "Calgary Fire Department",
        "facilityname": "FIRE TRAINING SMOKE TOWER",
        "site_id": "0020003804625",
        "facilityaddress": "6015 23 AV SE",
        "energy_description": "Electricity",
        "year": "2017",
        "month": "Jan",
        "total_consumption": "766",
        "unit": "kWh"
    }
]
Request method:	GET
Request URI:	https://data.calgary.ca/resource/crbp-innf.json?site_id=0020003804625&month=Feb&year=2017&total_consumption=288
Proxy:			<none>
Request params:	<none>
Query params:	<none>
Form params:	<none>
Path params:	<none>
Headers:		Accept=*/*
				Content-Type=application/json
Cookies:		<none>
Multiparts:		<none>
Body:			<none>
[
    {
        "business_unit_desc": "Calgary Fire Department",
        "facilityname": "FIRE TRAINING SMOKE TOWER",
        "site_id": "0020003804625",
        "facilityaddress": "6015 23 AV SE",
        "energy_description": "Electricity",
        "year": "2017",
        "month": "Feb",
        "total_consumption": "288",
        "unit": "kWh"
    }
]
Request method:	GET
Request URI:	https://data.calgary.ca/resource/crbp-innf.json?site_id=0020003804625&month=Mar&year=2017&total_consumption=248
Proxy:			<none>
Request params:	<none>
Query params:	<none>
Form params:	<none>
Path params:	<none>
Headers:		Accept=*/*
				Content-Type=application/json
Cookies:		<none>
Multiparts:		<none>
Body:			<none>
[
    {
        "business_unit_desc": "Calgary Fire Department",
        "facilityname": "FIRE TRAINING SMOKE TOWER",
        "site_id": "0020003804625",
        "facilityaddress": "6015 23 AV SE",
        "energy_description": "Electricity",
        "year": "2017",
        "month": "Mar",
        "total_consumption": "248",
        "unit": "kWh"
    }
]
Request method:	GET
Request URI:	https://data.calgary.ca/resource/crbp-innf.json?site_id=0020003804625&month=Apr&year=2017&total_consumption=286
Proxy:			<none>
Request params:	<none>
Query params:	<none>
Form params:	<none>
Path params:	<none>
Headers:		Accept=*/*
				Content-Type=application/json
Cookies:		<none>
Multiparts:		<none>
Body:			<none>
[
    {
        "business_unit_desc": "Calgary Fire Department",
        "facilityname": "FIRE TRAINING SMOKE TOWER",
        "site_id": "0020003804625",
        "facilityaddress": "6015 23 AV SE",
        "energy_description": "Electricity",
        "year": "2017",
        "month": "Apr",
        "total_consumption": "286",
        "unit": "kWh"
    }
]
Request method:	GET
Request URI:	https://data.calgary.ca/resource/crbp-innf.json?site_id=0020003804625&month=May&year=2017&total_consumption=307
Proxy:			<none>
Request params:	<none>
Query params:	<none>
Form params:	<none>
Path params:	<none>
Headers:		Accept=*/*
				Content-Type=application/json
Cookies:		<none>
Multiparts:		<none>
Body:			<none>
[
    {
        "business_unit_desc": "Calgary Fire Department",
        "facilityname": "FIRE TRAINING SMOKE TOWER",
        "site_id": "0020003804625",
        "facilityaddress": "6015 23 AV SE",
        "energy_description": "Electricity",
        "year": "2017",
        "month": "May",
        "total_consumption": "307",
        "unit": "kWh"
    }
]
Request method:	GET
Request URI:	https://data.calgary.ca/resource/crbp-innf.json?site_id=0020003804625&month=Jun&year=2017&total_consumption=792
Proxy:			<none>
Request params:	<none>
Query params:	<none>
Form params:	<none>
Path params:	<none>
Headers:		Accept=*/*
				Content-Type=application/json
Cookies:		<none>
Multiparts:		<none>
Body:			<none>
[
    {
        "business_unit_desc": "Calgary Fire Department",
        "facilityname": "FIRE TRAINING SMOKE TOWER",
        "site_id": "0020003804625",
        "facilityaddress": "6015 23 AV SE",
        "energy_description": "Electricity",
        "year": "2017",
        "month": "Jun",
        "total_consumption": "792",
        "unit": "kWh"
    }
]
Request method:	GET
Request URI:	https://data.calgary.ca/resource/crbp-innf.json?site_id=0020003804625&month=Jul&year=2017&total_consumption=842
Proxy:			<none>
Request params:	<none>
Query params:	<none>
Form params:	<none>
Path params:	<none>
Headers:		Accept=*/*
				Content-Type=application/json
Cookies:		<none>
Multiparts:		<none>
Body:			<none>
[
    {
        "business_unit_desc": "Calgary Fire Department",
        "facilityname": "FIRE TRAINING SMOKE TOWER",
        "site_id": "0020003804625",
        "facilityaddress": "6015 23 AV SE",
        "energy_description": "Electricity",
        "year": "2017",
        "month": "Jul",
        "total_consumption": "842",
        "unit": "kWh"
    }
]
Request method:	GET
Request URI:	https://data.calgary.ca/resource/crbp-innf.json?site_id=0020003804625&month=Aug&year=2017&total_consumption=178
Proxy:			<none>
Request params:	<none>
Query params:	<none>
Form params:	<none>
Path params:	<none>
Headers:		Accept=*/*
				Content-Type=application/json
Cookies:		<none>
Multiparts:		<none>
Body:			<none>
[
    {
        "business_unit_desc": "Calgary Fire Department",
        "facilityname": "FIRE TRAINING SMOKE TOWER",
        "site_id": "0020003804625",
        "facilityaddress": "6015 23 AV SE",
        "energy_description": "Electricity",
        "year": "2017",
        "month": "Aug",
        "total_consumption": "178",
        "unit": "kWh"
    }
]
Request method:	GET
Request URI:	https://data.calgary.ca/resource/crbp-innf.json?site_id=0020003804625&month=Sep&year=2017&total_consumption=436
Proxy:			<none>
Request params:	<none>
Query params:	<none>
Form params:	<none>
Path params:	<none>
Headers:		Accept=*/*
				Content-Type=application/json
Cookies:		<none>
Multiparts:		<none>
Body:			<none>
[
    {
        "business_unit_desc": "Calgary Fire Department",
        "facilityname": "FIRE TRAINING SMOKE TOWER",
        "site_id": "0020003804625",
        "facilityaddress": "6015 23 AV SE",
        "energy_description": "Electricity",
        "year": "2017",
        "month": "Sep",
        "total_consumption": "436",
        "unit": "kWh"
    }
]
Request method:	GET
Request URI:	https://data.calgary.ca/resource/crbp-innf.json?site_id=0020003804625&month=Oct&year=2017&total_consumption=581
Proxy:			<none>
Request params:	<none>
Query params:	<none>
Form params:	<none>
Path params:	<none>
Headers:		Accept=*/*
				Content-Type=application/json
Cookies:		<none>
Multiparts:		<none>
Body:			<none>
[
    {
        "business_unit_desc": "Calgary Fire Department",
        "facilityname": "FIRE TRAINING SMOKE TOWER",
        "site_id": "0020003804625",
        "facilityaddress": "6015 23 AV SE",
        "energy_description": "Electricity",
        "year": "2017",
        "month": "Oct",
        "total_consumption": "581",
        "unit": "kWh"
    }
]
Request method:	GET
Request URI:	https://data.calgary.ca/resource/crbp-innf.json?site_id=0020003804625&month=Nov&year=2017&total_consumption=596
Proxy:			<none>
Request params:	<none>
Query params:	<none>
Form params:	<none>
Path params:	<none>
Headers:		Accept=*/*
				Content-Type=application/json
Cookies:		<none>
Multiparts:		<none>
Body:			<none>
[
    {
        "business_unit_desc": "Calgary Fire Department",
        "facilityname": "FIRE TRAINING SMOKE TOWER",
        "site_id": "0020003804625",
        "facilityaddress": "6015 23 AV SE",
        "energy_description": "Electricity",
        "year": "2017",
        "month": "Nov",
        "total_consumption": "596",
        "unit": "kWh"
    }
]
Request method:	GET
Request URI:	https://data.calgary.ca/resource/crbp-innf.json?site_id=0020003804625&month=Dec&year=2017&total_consumption=848
Proxy:			<none>
Request params:	<none>
Query params:	<none>
Form params:	<none>
Path params:	<none>
Headers:		Accept=*/*
				Content-Type=application/json
Cookies:		<none>
Multiparts:		<none>
Body:			<none>
[
    {
        "business_unit_desc": "Calgary Fire Department",
        "facilityname": "FIRE TRAINING SMOKE TOWER",
        "site_id": "0020003804625",
        "facilityaddress": "6015 23 AV SE",
        "energy_description": "Electricity",
        "year": "2017",
        "month": "Dec",
        "total_consumption": "848",
        "unit": "kWh"
    }
]
Request method:	GET
Request URI:	https://data.calgary.ca/resource/crbp-innf.json?site_id=0020003804625&month=Jan&year=2018&total_consumption=988
Proxy:			<none>
Request params:	<none>
Query params:	<none>
Form params:	<none>
Path params:	<none>
Headers:		Accept=*/*
				Content-Type=application/json
Cookies:		<none>
Multiparts:		<none>
Body:			<none>
[
    {
        "business_unit_desc": "Calgary Fire Department",
        "facilityname": "FIRE TRAINING SMOKE TOWER",
        "site_id": "0020003804625",
        "facilityaddress": "6015 23 AV SE",
        "energy_description": "Electricity",
        "year": "2018",
        "month": "Jan",
        "total_consumption": "988",
        "unit": "kWh"
    }
]
Request method:	GET
Request URI:	https://data.calgary.ca/resource/crbp-innf.json?site_id=0020003804625&month=Feb&year=2018&total_consumption=368
Proxy:			<none>
Request params:	<none>
Query params:	<none>
Form params:	<none>
Path params:	<none>
Headers:		Accept=*/*
				Content-Type=application/json
Cookies:		<none>
Multiparts:		<none>
Body:			<none>
[
    {
        "business_unit_desc": "Calgary Fire Department",
        "facilityname": "FIRE TRAINING SMOKE TOWER",
        "site_id": "0020003804625",
        "facilityaddress": "6015 23 AV SE",
        "energy_description": "Electricity",
        "year": "2018",
        "month": "Feb",
        "total_consumption": "368",
        "unit": "kWh"
    }
]
Request method:	GET
Request URI:	https://data.calgary.ca/resource/crbp-innf.json?site_id=0020003804625&month=Mar&year=2018&total_consumption=438
Proxy:			<none>
Request params:	<none>
Query params:	<none>
Form params:	<none>
Path params:	<none>
Headers:		Accept=*/*
				Content-Type=application/json
Cookies:		<none>
Multiparts:		<none>
Body:			<none>
[
    {
        "business_unit_desc": "Calgary Fire Department",
        "facilityname": "FIRE TRAINING SMOKE TOWER",
        "site_id": "0020003804625",
        "facilityaddress": "6015 23 AV SE",
        "energy_description": "Electricity",
        "year": "2018",
        "month": "Mar",
        "total_consumption": "438",
        "unit": "kWh"
    }
]
Request method:	GET
Request URI:	https://data.calgary.ca/resource/crbp-innf.json?site_id=0020003804625&month=Apr&year=2018&total_consumption=693
Proxy:			<none>
Request params:	<none>
Query params:	<none>
Form params:	<none>
Path params:	<none>
Headers:		Accept=*/*
				Content-Type=application/json
Cookies:		<none>
Multiparts:		<none>
Body:			<none>
[
    {
        "business_unit_desc": "Calgary Fire Department",
        "facilityname": "FIRE TRAINING SMOKE TOWER",
        "site_id": "0020003804625",
        "facilityaddress": "6015 23 AV SE",
        "energy_description": "Electricity",
        "year": "2018",
        "month": "Apr",
        "total_consumption": "693",
        "unit": "kWh"
    }
]
Request method:	GET
Request URI:	https://data.calgary.ca/resource/crbp-innf.json?site_id=0020003804625&month=May&year=2018&total_consumption=747
Proxy:			<none>
Request params:	<none>
Query params:	<none>
Form params:	<none>
Path params:	<none>
Headers:		Accept=*/*
				Content-Type=application/json
Cookies:		<none>
Multiparts:		<none>
Body:			<none>
[
    {
        "business_unit_desc": "Calgary Fire Department",
        "facilityname": "FIRE TRAINING SMOKE TOWER",
        "site_id": "0020003804625",
        "facilityaddress": "6015 23 AV SE",
        "energy_description": "Electricity",
        "year": "2018",
        "month": "May",
        "total_consumption": "747",
        "unit": "kWh"
    }
]
Request method:	GET
Request URI:	https://data.calgary.ca/resource/crbp-innf.json?site_id=0020003804625&month=Jun&year=2018&total_consumption=828
Proxy:			<none>
Request params:	<none>
Query params:	<none>
Form params:	<none>
Path params:	<none>
Headers:		Accept=*/*
				Content-Type=application/json
Cookies:		<none>
Multiparts:		<none>
Body:			<none>
[
    {
        "business_unit_desc": "Calgary Fire Department",
        "facilityname": "FIRE TRAINING SMOKE TOWER",
        "site_id": "0020003804625",
        "facilityaddress": "6015 23 AV SE",
        "energy_description": "Electricity",
        "year": "2018",
        "month": "Jun",
        "total_consumption": "828",
        "unit": "kWh"
    }
]
Request method:	GET
Request URI:	https://data.calgary.ca/resource/crbp-innf.json?site_id=0020003804625&month=Jul&year=2018&total_consumption=976
Proxy:			<none>
Request params:	<none>
Query params:	<none>
Form params:	<none>
Path params:	<none>
Headers:		Accept=*/*
				Content-Type=application/json
Cookies:		<none>
Multiparts:		<none>
Body:			<none>
[
    {
        "business_unit_desc": "Calgary Fire Department",
        "facilityname": "FIRE TRAINING SMOKE TOWER",
        "site_id": "0020003804625",
        "facilityaddress": "6015 23 AV SE",
        "energy_description": "Electricity",
        "year": "2018",
        "month": "Jul",
        "total_consumption": "976",
        "unit": "kWh"
    }
]
Request method:	GET
Request URI:	https://data.calgary.ca/resource/crbp-innf.json?site_id=0020003804625&month=Aug&year=2018&total_consumption=895
Proxy:			<none>
Request params:	<none>
Query params:	<none>
Form params:	<none>
Path params:	<none>
Headers:		Accept=*/*
				Content-Type=application/json
Cookies:		<none>
Multiparts:		<none>
Body:			<none>
[
    {
        "business_unit_desc": "Calgary Fire Department",
        "facilityname": "FIRE TRAINING SMOKE TOWER",
        "site_id": "0020003804625",
        "facilityaddress": "6015 23 AV SE",
        "energy_description": "Electricity",
        "year": "2018",
        "month": "Aug",
        "total_consumption": "895",
        "unit": "kWh"
    }
]
Request method:	GET
Request URI:	https://data.calgary.ca/resource/crbp-innf.json?site_id=0020003804625&month=Sep&year=2018&total_consumption=737
Proxy:			<none>
Request params:	<none>
Query params:	<none>
Form params:	<none>
Path params:	<none>
Headers:		Accept=*/*
				Content-Type=application/json
Cookies:		<none>
Multiparts:		<none>
Body:			<none>
[
    {
        "business_unit_desc": "Calgary Fire Department",
        "facilityname": "FIRE TRAINING SMOKE TOWER",
        "site_id": "0020003804625",
        "facilityaddress": "6015 23 AV SE",
        "energy_description": "Electricity",
        "year": "2018",
        "month": "Sep",
        "total_consumption": "737",
        "unit": "kWh"
    }
]
Request method:	GET
Request URI:	https://data.calgary.ca/resource/crbp-innf.json?site_id=0020003804625&month=Oct&year=2018&total_consumption=691
Proxy:			<none>
Request params:	<none>
Query params:	<none>
Form params:	<none>
Path params:	<none>
Headers:		Accept=*/*
				Content-Type=application/json
Cookies:		<none>
Multiparts:		<none>
Body:			<none>
[
    {
        "business_unit_desc": "Calgary Fire Department",
        "facilityname": "FIRE TRAINING SMOKE TOWER",
        "site_id": "0020003804625",
        "facilityaddress": "6015 23 AV SE",
        "energy_description": "Electricity",
        "year": "2018",
        "month": "Oct",
        "total_consumption": "691",
        "unit": "kWh"
    }
]
Request method:	GET
Request URI:	https://data.calgary.ca/resource/crbp-innf.json?site_id=0020003804625&month=Nov&year=2018&total_consumption=777
Proxy:			<none>
Request params:	<none>
Query params:	<none>
Form params:	<none>
Path params:	<none>
Headers:		Accept=*/*
				Content-Type=application/json
Cookies:		<none>
Multiparts:		<none>
Body:			<none>
[
    {
        "business_unit_desc": "Calgary Fire Department",
        "facilityname": "FIRE TRAINING SMOKE TOWER",
        "site_id": "0020003804625",
        "facilityaddress": "6015 23 AV SE",
        "energy_description": "Electricity",
        "year": "2018",
        "month": "Nov",
        "total_consumption": "777",
        "unit": "kWh"
    }
]
Request method:	GET
Request URI:	https://data.calgary.ca/resource/crbp-innf.json?site_id=0020003804625&month=Dec&year=2018&total_consumption=805
Proxy:			<none>
Request params:	<none>
Query params:	<none>
Form params:	<none>
Path params:	<none>
Headers:		Accept=*/*
				Content-Type=application/json
Cookies:		<none>
Multiparts:		<none>
Body:			<none>
[
    {
        "business_unit_desc": "Calgary Fire Department",
        "facilityname": "FIRE TRAINING SMOKE TOWER",
        "site_id": "0020003804625",
        "facilityaddress": "6015 23 AV SE",
        "energy_description": "Electricity",
        "year": "2018",
        "month": "Dec",
        "total_consumption": "805",
        "unit": "kWh"
    }
]
Request method:	GET
Request URI:	https://data.calgary.ca/resource/crbp-innf.json?site_id=0020003804625&month=Jan&year=2019&total_consumption=817
Proxy:			<none>
Request params:	<none>
Query params:	<none>
Form params:	<none>
Path params:	<none>
Headers:		Accept=*/*
				Content-Type=application/json
Cookies:		<none>
Multiparts:		<none>
Body:			<none>
[
    {
        "business_unit_desc": "Calgary Fire Department",
        "facilityname": "FIRE TRAINING SMOKE TOWER",
        "site_id": "0020003804625",
        "facilityaddress": "6015 23 AV SE",
        "energy_description": "Electricity",
        "year": "2019",
        "month": "Jan",
        "total_consumption": "817",
        "unit": "kWh"
    }
]
Request method:	GET
Request URI:	https://data.calgary.ca/resource/crbp-innf.json?site_id=0020003804625&month=Feb&year=2019&total_consumption=793
Proxy:			<none>
Request params:	<none>
Query params:	<none>
Form params:	<none>
Path params:	<none>
Headers:		Accept=*/*
				Content-Type=application/json
Cookies:		<none>
Multiparts:		<none>
Body:			<none>
[
    {
        "business_unit_desc": "Calgary Fire Department",
        "facilityname": "FIRE TRAINING SMOKE TOWER",
        "site_id": "0020003804625",
        "facilityaddress": "6015 23 AV SE",
        "energy_description": "Electricity",
        "year": "2019",
        "month": "Feb",
        "total_consumption": "793",
        "unit": "kWh"
    }
]
Request method:	GET
Request URI:	https://data.calgary.ca/resource/crbp-innf.json?site_id=0020003804625&month=Mar&year=2019&total_consumption=753
Proxy:			<none>
Request params:	<none>
Query params:	<none>
Form params:	<none>
Path params:	<none>
Headers:		Accept=*/*
				Content-Type=application/json
Cookies:		<none>
Multiparts:		<none>
Body:			<none>
[
    {
        "business_unit_desc": "Calgary Fire Department",
        "facilityname": "FIRE TRAINING SMOKE TOWER",
        "site_id": "0020003804625",
        "facilityaddress": "6015 23 AV SE",
        "energy_description": "Electricity",
        "year": "2019",
        "month": "Mar",
        "total_consumption": "753",
        "unit": "kWh"
    }
]
Request method:	GET
Request URI:	https://data.calgary.ca/resource/crbp-innf.json?site_id=0020003804625&month=Apr&year=2019&total_consumption=634
Proxy:			<none>
Request params:	<none>
Query params:	<none>
Form params:	<none>
Path params:	<none>
Headers:		Accept=*/*
				Content-Type=application/json
Cookies:		<none>
Multiparts:		<none>
Body:			<none>
[
    {
        "business_unit_desc": "Calgary Fire Department",
        "facilityname": "FIRE TRAINING SMOKE TOWER",
        "site_id": "0020003804625",
        "facilityaddress": "6015 23 AV SE",
        "energy_description": "Electricity",
        "year": "2019",
        "month": "Apr",
        "total_consumption": "634",
        "unit": "kWh"
    }
]
Request method:	GET
Request URI:	https://data.calgary.ca/resource/crbp-innf.json?site_id=0020003804625&month=May&year=2019&total_consumption=608
Proxy:			<none>
Request params:	<none>
Query params:	<none>
Form params:	<none>
Path params:	<none>
Headers:		Accept=*/*
				Content-Type=application/json
Cookies:		<none>
Multiparts:		<none>
Body:			<none>
[
    {
        "business_unit_desc": "Calgary Fire Department",
        "facilityname": "FIRE TRAINING SMOKE TOWER",
        "site_id": "0020003804625",
        "facilityaddress": "6015 23 AV SE",
        "energy_description": "Electricity",
        "year": "2019",
        "month": "May",
        "total_consumption": "608",
        "unit": "kWh"
    }
]
Request method:	GET
Request URI:	https://data.calgary.ca/resource/crbp-innf.json?site_id=0020003804625&month=Jun&year=2019&total_consumption=596
Proxy:			<none>
Request params:	<none>
Query params:	<none>
Form params:	<none>
Path params:	<none>
Headers:		Accept=*/*
				Content-Type=application/json
Cookies:		<none>
Multiparts:		<none>
Body:			<none>
[
    {
        "business_unit_desc": "Calgary Fire Department",
        "facilityname": "FIRE TRAINING SMOKE TOWER",
        "site_id": "0020003804625",
        "facilityaddress": "6015 23 AV SE",
        "energy_description": "Electricity",
        "year": "2019",
        "month": "Jun",
        "total_consumption": "596",
        "unit": "kWh"
    }
]
Request method:	GET
Request URI:	https://data.calgary.ca/resource/crbp-innf.json?site_id=0020003804625&month=Jul&year=2019&total_consumption=539
Proxy:			<none>
Request params:	<none>
Query params:	<none>
Form params:	<none>
Path params:	<none>
Headers:		Accept=*/*
				Content-Type=application/json
Cookies:		<none>
Multiparts:		<none>
Body:			<none>
[
    {
        "business_unit_desc": "Calgary Fire Department",
        "facilityname": "FIRE TRAINING SMOKE TOWER",
        "site_id": "0020003804625",
        "facilityaddress": "6015 23 AV SE",
        "energy_description": "Electricity",
        "year": "2019",
        "month": "Jul",
        "total_consumption": "539",
        "unit": "kWh"
    }
]
Request method:	GET
Request URI:	https://data.calgary.ca/resource/crbp-innf.json?site_id=0020003804625&month=Aug&year=2019&total_consumption=469
Proxy:			<none>
Request params:	<none>
Query params:	<none>
Form params:	<none>
Path params:	<none>
Headers:		Accept=*/*
				Content-Type=application/json
Cookies:		<none>
Multiparts:		<none>
Body:			<none>
[
    {
        "business_unit_desc": "Calgary Fire Department",
        "facilityname": "FIRE TRAINING SMOKE TOWER",
        "site_id": "0020003804625",
        "facilityaddress": "6015 23 AV SE",
        "energy_description": "Electricity",
        "year": "2019",
        "month": "Aug",
        "total_consumption": "469",
        "unit": "kWh"
    }
]
Request method:	GET
Request URI:	https://data.calgary.ca/resource/crbp-innf.json?site_id=0020003804625&month=Sep&year=2019&total_consumption=352
Proxy:			<none>
Request params:	<none>
Query params:	<none>
Form params:	<none>
Path params:	<none>
Headers:		Accept=*/*
				Content-Type=application/json
Cookies:		<none>
Multiparts:		<none>
Body:			<none>
[
    {
        "business_unit_desc": "Calgary Fire Department",
        "facilityname": "FIRE TRAINING SMOKE TOWER",
        "site_id": "0020003804625",
        "facilityaddress": "6015 23 AV SE",
        "energy_description": "Electricity",
        "year": "2019",
        "month": "Sep",
        "total_consumption": "352",
        "unit": "kWh"
    }
]
Request method:	GET
Request URI:	https://data.calgary.ca/resource/crbp-innf.json?site_id=0020003804625&month=Oct&year=2019&total_consumption=308
Proxy:			<none>
Request params:	<none>
Query params:	<none>
Form params:	<none>
Path params:	<none>
Headers:		Accept=*/*
				Content-Type=application/json
Cookies:		<none>
Multiparts:		<none>
Body:			<none>
[
    {
        "business_unit_desc": "Calgary Fire Department",
        "facilityname": "FIRE TRAINING SMOKE TOWER",
        "site_id": "0020003804625",
        "facilityaddress": "6015 23 AV SE",
        "energy_description": "Electricity",
        "year": "2019",
        "month": "Oct",
        "total_consumption": "308",
        "unit": "kWh"
    }
]
Request method:	GET
Request URI:	https://data.calgary.ca/resource/crbp-innf.json?site_id=0020003804625&month=Nov&year=2019&total_consumption=377
Proxy:			<none>
Request params:	<none>
Query params:	<none>
Form params:	<none>
Path params:	<none>
Headers:		Accept=*/*
				Content-Type=application/json
Cookies:		<none>
Multiparts:		<none>
Body:			<none>
[
    {
        "business_unit_desc": "Calgary Fire Department",
        "facilityname": "FIRE TRAINING SMOKE TOWER",
        "site_id": "0020003804625",
        "facilityaddress": "6015 23 AV SE",
        "energy_description": "Electricity",
        "year": "2019",
        "month": "Nov",
        "total_consumption": "377",
        "unit": "kWh"
    }
]
Request method:	GET
Request URI:	https://data.calgary.ca/resource/crbp-innf.json?site_id=0020003804625&month=Dec&year=2019&total_consumption=750
Proxy:			<none>
Request params:	<none>
Query params:	<none>
Form params:	<none>
Path params:	<none>
Headers:		Accept=*/*
				Content-Type=application/json
Cookies:		<none>
Multiparts:		<none>
Body:			<none>
[
    {
        "business_unit_desc": "Calgary Fire Department",
        "facilityname": "FIRE TRAINING SMOKE TOWER",
        "site_id": "0020003804625",
        "facilityaddress": "6015 23 AV SE",
        "energy_description": "Electricity",
        "year": "2019",
        "month": "Dec",
        "total_consumption": "750",
        "unit": "kWh"
    }
]
Request method:	GET
Request URI:	https://data.calgary.ca/resource/crbp-innf.json?site_id=0020003804625&month=Jan&year=2020&total_consumption=916
Proxy:			<none>
Request params:	<none>
Query params:	<none>
Form params:	<none>
Path params:	<none>
Headers:		Accept=*/*
				Content-Type=application/json
Cookies:		<none>
Multiparts:		<none>
Body:			<none>
[
    {
        "business_unit_desc": "Calgary Fire Department",
        "facilityname": "FIRE TRAINING SMOKE TOWER",
        "site_id": "0020003804625",
        "facilityaddress": "6015 23 AV SE",
        "energy_description": "Electricity",
        "year": "2020",
        "month": "Jan",
        "total_consumption": "916",
        "unit": "kWh"
    }
]
Request method:	GET
Request URI:	https://data.calgary.ca/resource/crbp-innf.json?site_id=0020003804625&month=Feb&year=2020&total_consumption=710
Proxy:			<none>
Request params:	<none>
Query params:	<none>
Form params:	<none>
Path params:	<none>
Headers:		Accept=*/*
				Content-Type=application/json
Cookies:		<none>
Multiparts:		<none>
Body:			<none>
[
    {
        "business_unit_desc": "Calgary Fire Department",
        "facilityname": "FIRE TRAINING SMOKE TOWER",
        "site_id": "0020003804625",
        "facilityaddress": "6015 23 AV SE",
        "energy_description": "Electricity",
        "year": "2020",
        "month": "Feb",
        "total_consumption": "710",
        "unit": "kWh"
    }
]
Request method:	GET
Request URI:	https://data.calgary.ca/resource/crbp-innf.json?site_id=0020003804625&month=Mar&year=2020&total_consumption=931
Proxy:			<none>
Request params:	<none>
Query params:	<none>
Form params:	<none>
Path params:	<none>
Headers:		Accept=*/*
				Content-Type=application/json
Cookies:		<none>
Multiparts:		<none>
Body:			<none>
[
    {
        "business_unit_desc": "Calgary Fire Department",
        "facilityname": "FIRE TRAINING SMOKE TOWER",
        "site_id": "0020003804625",
        "facilityaddress": "6015 23 AV SE",
        "energy_description": "Electricity",
        "year": "2020",
        "month": "Mar",
        "total_consumption": "931",
        "unit": "kWh"
    }
]
Request method:	GET
Request URI:	https://data.calgary.ca/resource/crbp-innf.json?site_id=0020003804625&month=Apr&year=2020&total_consumption=825
Proxy:			<none>
Request params:	<none>
Query params:	<none>
Form params:	<none>
Path params:	<none>
Headers:		Accept=*/*
				Content-Type=application/json
Cookies:		<none>
Multiparts:		<none>
Body:			<none>
[
    {
        "business_unit_desc": "Calgary Fire Department",
        "facilityname": "FIRE TRAINING SMOKE TOWER",
        "site_id": "0020003804625",
        "facilityaddress": "6015 23 AV SE",
        "energy_description": "Electricity",
        "year": "2020",
        "month": "Apr",
        "total_consumption": "825",
        "unit": "kWh"
    }
]
Request method:	GET
Request URI:	https://data.calgary.ca/resource/crbp-innf.json?site_id=0020003804625&month=May&year=2020&total_consumption=943
Proxy:			<none>
Request params:	<none>
Query params:	<none>
Form params:	<none>
Path params:	<none>
Headers:		Accept=*/*
				Content-Type=application/json
Cookies:		<none>
Multiparts:		<none>
Body:			<none>
[
    {
        "business_unit_desc": "Calgary Fire Department",
        "facilityname": "FIRE TRAINING SMOKE TOWER",
        "site_id": "0020003804625",
        "facilityaddress": "6015 23 AV SE",
        "energy_description": "Electricity",
        "year": "2020",
        "month": "May",
        "total_consumption": "943",
        "unit": "kWh"
    }
]
Request method:	GET
Request URI:	https://data.calgary.ca/resource/crbp-innf.json?site_id=0020003804625&month=Jun&year=2020&total_consumption=661
Proxy:			<none>
Request params:	<none>
Query params:	<none>
Form params:	<none>
Path params:	<none>
Headers:		Accept=*/*
				Content-Type=application/json
Cookies:		<none>
Multiparts:		<none>
Body:			<none>
[
    {
        "business_unit_desc": "Calgary Fire Department",
        "facilityname": "FIRE TRAINING SMOKE TOWER",
        "site_id": "0020003804625",
        "facilityaddress": "6015 23 AV SE",
        "energy_description": "Electricity",
        "year": "2020",
        "month": "Jun",
        "total_consumption": "661",
        "unit": "kWh"
    }
]
Request method:	GET
Request URI:	https://data.calgary.ca/resource/crbp-innf.json?site_id=0020003804625&month=Jul&year=2020&total_consumption=715
Proxy:			<none>
Request params:	<none>
Query params:	<none>
Form params:	<none>
Path params:	<none>
Headers:		Accept=*/*
				Content-Type=application/json
Cookies:		<none>
Multiparts:		<none>
Body:			<none>
[
    {
        "business_unit_desc": "Calgary Fire Department",
        "facilityname": "FIRE TRAINING SMOKE TOWER",
        "site_id": "0020003804625",
        "facilityaddress": "6015 23 AV SE",
        "energy_description": "Electricity",
        "year": "2020",
        "month": "Jul",
        "total_consumption": "715",
        "unit": "kWh"
    }
]
Request method:	GET
Request URI:	https://data.calgary.ca/resource/crbp-innf.json?site_id=0020003804625&month=Aug&year=2020&total_consumption=393
Proxy:			<none>
Request params:	<none>
Query params:	<none>
Form params:	<none>
Path params:	<none>
Headers:		Accept=*/*
				Content-Type=application/json
Cookies:		<none>
Multiparts:		<none>
Body:			<none>
[
    {
        "business_unit_desc": "Calgary Fire Department",
        "facilityname": "FIRE TRAINING SMOKE TOWER",
        "site_id": "0020003804625",
        "facilityaddress": "6015 23 AV SE",
        "energy_description": "Electricity",
        "year": "2020",
        "month": "Aug",
        "total_consumption": "393",
        "unit": "kWh"
    }
]
Request method:	GET
Request URI:	https://data.calgary.ca/resource/crbp-innf.json?site_id=0020003804625&month=Sep&year=2020&total_consumption=83
Proxy:			<none>
Request params:	<none>
Query params:	<none>
Form params:	<none>
Path params:	<none>
Headers:		Accept=*/*
				Content-Type=application/json
Cookies:		<none>
Multiparts:		<none>
Body:			<none>
[
    {
        "business_unit_desc": "Calgary Fire Department",
        "facilityname": "FIRE TRAINING SMOKE TOWER",
        "site_id": "0020003804625",
        "facilityaddress": "6015 23 AV SE",
        "energy_description": "Electricity",
        "year": "2020",
        "month": "Sep",
        "total_consumption": "83",
        "unit": "kWh"
    }
]
Request method:	GET
Request URI:	https://data.calgary.ca/resource/crbp-innf.json?site_id=0020003804625&month=Oct&year=2020&total_consumption=251
Proxy:			<none>
Request params:	<none>
Query params:	<none>
Form params:	<none>
Path params:	<none>
Headers:		Accept=*/*
				Content-Type=application/json
Cookies:		<none>
Multiparts:		<none>
Body:			<none>
[
    {
        "business_unit_desc": "Calgary Fire Department",
        "facilityname": "FIRE TRAINING SMOKE TOWER",
        "site_id": "0020003804625",
        "facilityaddress": "6015 23 AV SE",
        "energy_description": "Electricity",
        "year": "2020",
        "month": "Oct",
        "total_consumption": "251",
        "unit": "kWh"
    }
]
Request method:	GET
Request URI:	https://data.calgary.ca/resource/crbp-innf.json?site_id=0020003804625&month=Nov&year=2020&total_consumption=491
Proxy:			<none>
Request params:	<none>
Query params:	<none>
Form params:	<none>
Path params:	<none>
Headers:		Accept=*/*
				Content-Type=application/json
Cookies:		<none>
Multiparts:		<none>
Body:			<none>
[
    {
        "business_unit_desc": "Calgary Fire Department",
        "facilityname": "FIRE TRAINING SMOKE TOWER",
        "site_id": "0020003804625",
        "facilityaddress": "6015 23 AV SE",
        "energy_description": "Electricity",
        "year": "2020",
        "month": "Nov",
        "total_consumption": "491",
        "unit": "kWh"
    }
]
Request method:	GET
Request URI:	https://data.calgary.ca/resource/crbp-innf.json?site_id=0020003804625&month=Dec&year=2020&total_consumption=525
Proxy:			<none>
Request params:	<none>
Query params:	<none>
Form params:	<none>
Path params:	<none>
Headers:		Accept=*/*
				Content-Type=application/json
Cookies:		<none>
Multiparts:		<none>
Body:			<none>
[
    {
        "business_unit_desc": "Calgary Fire Department",
        "facilityname": "FIRE TRAINING SMOKE TOWER",
        "site_id": "0020003804625",
        "facilityaddress": "6015 23 AV SE",
        "energy_description": "Electricity",
        "year": "2020",
        "month": "Dec",
        "total_consumption": "525",
        "unit": "kWh"
    }
]
Request method:	GET
Request URI:	https://data.calgary.ca/resource/crbp-innf.json?site_id=0020003804625&month=Jan&year=2021&total_consumption=780
Proxy:			<none>
Request params:	<none>
Query params:	<none>
Form params:	<none>
Path params:	<none>
Headers:		Accept=*/*
				Content-Type=application/json
Cookies:		<none>
Multiparts:		<none>
Body:			<none>
[
    {
        "business_unit_desc": "Calgary Fire Department",
        "facilityname": "FIRE TRAINING SMOKE TOWER",
        "site_id": "0020003804625",
        "facilityaddress": "6015 23 AV SE",
        "energy_description": "Electricity",
        "year": "2021",
        "month": "Jan",
        "total_consumption": "780",
        "unit": "kWh"
    }
]
Request method:	GET
Request URI:	https://data.calgary.ca/resource/crbp-innf.json?site_id=0020003804625&month=Feb&year=2021&total_consumption=789
Proxy:			<none>
Request params:	<none>
Query params:	<none>
Form params:	<none>
Path params:	<none>
Headers:		Accept=*/*
				Content-Type=application/json
Cookies:		<none>
Multiparts:		<none>
Body:			<none>
[
    {
        "business_unit_desc": "Calgary Fire Department",
        "facilityname": "FIRE TRAINING SMOKE TOWER",
        "site_id": "0020003804625",
        "facilityaddress": "6015 23 AV SE",
        "energy_description": "Electricity",
        "year": "2021",
        "month": "Feb",
        "total_consumption": "789",
        "unit": "kWh"
    }
]
Request method:	GET
Request URI:	https://data.calgary.ca/resource/crbp-innf.json?site_id=0020003804625&month=Mar&year=2021&total_consumption=437
Proxy:			<none>
Request params:	<none>
Query params:	<none>
Form params:	<none>
Path params:	<none>
Headers:		Accept=*/*
				Content-Type=application/json
Cookies:		<none>
Multiparts:		<none>
Body:			<none>
[
    {
        "business_unit_desc": "Calgary Fire Department",
        "facilityname": "FIRE TRAINING SMOKE TOWER",
        "site_id": "0020003804625",
        "facilityaddress": "6015 23 AV SE",
        "energy_description": "Electricity",
        "year": "2021",
        "month": "Mar",
        "total_consumption": "437",
        "unit": "kWh"
    }
]
Request method:	GET
Request URI:	https://data.calgary.ca/resource/crbp-innf.json?site_id=0020003804625&month=Apr&year=2021&total_consumption=454
Proxy:			<none>
Request params:	<none>
Query params:	<none>
Form params:	<none>
Path params:	<none>
Headers:		Accept=*/*
				Content-Type=application/json
Cookies:		<none>
Multiparts:		<none>
Body:			<none>
[
    {
        "business_unit_desc": "Calgary Fire Department",
        "facilityname": "FIRE TRAINING SMOKE TOWER",
        "site_id": "0020003804625",
        "facilityaddress": "6015 23 AV SE",
        "energy_description": "Electricity",
        "year": "2021",
        "month": "Apr",
        "total_consumption": "454",
        "unit": "kWh"
    }
]
Request method:	GET
Request URI:	https://data.calgary.ca/resource/crbp-innf.json?site_id=0020003804625&month=May&year=2021&total_consumption=768
Proxy:			<none>
Request params:	<none>
Query params:	<none>
Form params:	<none>
Path params:	<none>
Headers:		Accept=*/*
				Content-Type=application/json
Cookies:		<none>
Multiparts:		<none>
Body:			<none>
[
    {
        "business_unit_desc": "Calgary Fire Department",
        "facilityname": "FIRE TRAINING SMOKE TOWER",
        "site_id": "0020003804625",
        "facilityaddress": "6015 23 AV SE",
        "energy_description": "Electricity",
        "year": "2021",
        "month": "May",
        "total_consumption": "768",
        "unit": "kWh"
    }
]
Request method:	GET
Request URI:	https://data.calgary.ca/resource/crbp-innf.json?site_id=0020003804625&month=Jun&year=2021&total_consumption=641
Proxy:			<none>
Request params:	<none>
Query params:	<none>
Form params:	<none>
Path params:	<none>
Headers:		Accept=*/*
				Content-Type=application/json
Cookies:		<none>
Multiparts:		<none>
Body:			<none>
[
    {
        "business_unit_desc": "Calgary Fire Department",
        "facilityname": "FIRE TRAINING SMOKE TOWER",
        "site_id": "0020003804625",
        "facilityaddress": "6015 23 AV SE",
        "energy_description": "Electricity",
        "year": "2021",
        "month": "Jun",
        "total_consumption": "641",
        "unit": "kWh"
    }
]
Request method:	GET
Request URI:	https://data.calgary.ca/resource/crbp-innf.json?site_id=0020003804625&month=Jul&year=2021&total_consumption=559
Proxy:			<none>
Request params:	<none>
Query params:	<none>
Form params:	<none>
Path params:	<none>
Headers:		Accept=*/*
				Content-Type=application/json
Cookies:		<none>
Multiparts:		<none>
Body:			<none>
[
    {
        "business_unit_desc": "Calgary Fire Department",
        "facilityname": "FIRE TRAINING SMOKE TOWER",
        "site_id": "0020003804625",
        "facilityaddress": "6015 23 AV SE",
        "energy_description": "Electricity",
        "year": "2021",
        "month": "Jul",
        "total_consumption": "559",
        "unit": "kWh"
    }
]
Request method:	GET
Request URI:	https://data.calgary.ca/resource/crbp-innf.json?site_id=0020003804625&month=Aug&year=2021&total_consumption=400
Proxy:			<none>
Request params:	<none>
Query params:	<none>
Form params:	<none>
Path params:	<none>
Headers:		Accept=*/*
				Content-Type=application/json
Cookies:		<none>
Multiparts:		<none>
Body:			<none>
[
    {
        "business_unit_desc": "Calgary Fire Department",
        "facilityname": "FIRE TRAINING SMOKE TOWER",
        "site_id": "0020003804625",
        "facilityaddress": "6015 23 AV SE",
        "energy_description": "Electricity",
        "year": "2021",
        "month": "Aug",
        "total_consumption": "400",
        "unit": "kWh"
    }
]
Request method:	GET
Request URI:	https://data.calgary.ca/resource/crbp-innf.json?site_id=0020003804625&month=Sep&year=2021&total_consumption=397
Proxy:			<none>
Request params:	<none>
Query params:	<none>
Form params:	<none>
Path params:	<none>
Headers:		Accept=*/*
				Content-Type=application/json
Cookies:		<none>
Multiparts:		<none>
Body:			<none>
[
    {
        "business_unit_desc": "Calgary Fire Department",
        "facilityname": "FIRE TRAINING SMOKE TOWER",
        "site_id": "0020003804625",
        "facilityaddress": "6015 23 AV SE",
        "energy_description": "Electricity",
        "year": "2021",
        "month": "Sep",
        "total_consumption": "397",
        "unit": "kWh"
    }
]
Request method:	GET
Request URI:	https://data.calgary.ca/resource/crbp-innf.json?site_id=0020003804625&month=Oct&year=2021&total_consumption=125
Proxy:			<none>
Request params:	<none>
Query params:	<none>
Form params:	<none>
Path params:	<none>
Headers:		Accept=*/*
				Content-Type=application/json
Cookies:		<none>
Multiparts:		<none>
Body:			<none>
[
    {
        "business_unit_desc": "Calgary Fire Department",
        "facilityname": "FIRE TRAINING SMOKE TOWER",
        "site_id": "0020003804625",
        "facilityaddress": "6015 23 AV SE",
        "energy_description": "Electricity",
        "year": "2021",
        "month": "Oct",
        "total_consumption": "125",
        "unit": "kWh"
    }
]
Request method:	GET
Request URI:	https://data.calgary.ca/resource/crbp-innf.json?site_id=0020003804625&month=Nov&year=2021&total_consumption=192
Proxy:			<none>
Request params:	<none>
Query params:	<none>
Form params:	<none>
Path params:	<none>
Headers:		Accept=*/*
				Content-Type=application/json
Cookies:		<none>
Multiparts:		<none>
Body:			<none>
[
    {
        "business_unit_desc": "Calgary Fire Department",
        "facilityname": "FIRE TRAINING SMOKE TOWER",
        "site_id": "0020003804625",
        "facilityaddress": "6015 23 AV SE",
        "energy_description": "Electricity",
        "year": "2021",
        "month": "Nov",
        "total_consumption": "192",
        "unit": "kWh"
    }
]
Request method:	GET
Request URI:	https://data.calgary.ca/resource/crbp-innf.json?site_id=0020003804625&month=Dec&year=2021&total_consumption=987
Proxy:			<none>
Request params:	<none>
Query params:	<none>
Form params:	<none>
Path params:	<none>
Headers:		Accept=*/*
				Content-Type=application/json
Cookies:		<none>
Multiparts:		<none>
Body:			<none>
[
    {
        "business_unit_desc": "Calgary Fire Department",
        "facilityname": "FIRE TRAINING SMOKE TOWER",
        "site_id": "0020003804625",
        "facilityaddress": "6015 23 AV SE",
        "energy_description": "Electricity",
        "year": "2021",
        "month": "Dec",
        "total_consumption": "987",
        "unit": "kWh"
    }
]
Request method:	GET
Request URI:	https://data.calgary.ca/resource/crbp-innf.json?site_id=0020003804625&month=Jan&year=2022&total_consumption=946
Proxy:			<none>
Request params:	<none>
Query params:	<none>
Form params:	<none>
Path params:	<none>
Headers:		Accept=*/*
				Content-Type=application/json
Cookies:		<none>
Multiparts:		<none>
Body:			<none>
[
    {
        "business_unit_desc": "Calgary Fire Department",
        "facilityname": "FIRE TRAINING SMOKE TOWER",
        "site_id": "0020003804625",
        "facilityaddress": "6015 23 AV SE",
        "energy_description": "Electricity",
        "year": "2022",
        "month": "Jan",
        "total_consumption": "946",
        "unit": "kWh"
    }
]
Request method:	GET
Request URI:	https://data.calgary.ca/resource/crbp-innf.json?site_id=0020003804625&month=Feb&year=2022&total_consumption=521
Proxy:			<none>
Request params:	<none>
Query params:	<none>
Form params:	<none>
Path params:	<none>
Headers:		Accept=*/*
				Content-Type=application/json
Cookies:		<none>
Multiparts:		<none>
Body:			<none>
[
    {
        "business_unit_desc": "Calgary Fire Department",
        "facilityname": "FIRE TRAINING SMOKE TOWER",
        "site_id": "0020003804625",
        "facilityaddress": "6015 23 AV SE",
        "energy_description": "Electricity",
        "year": "2022",
        "month": "Feb",
        "total_consumption": "521",
        "unit": "kWh"
    }
]
Request method:	GET
Request URI:	https://data.calgary.ca/resource/crbp-innf.json?site_id=0020003804625&month=Mar&year=2022&total_consumption=402
Proxy:			<none>
Request params:	<none>
Query params:	<none>
Form params:	<none>
Path params:	<none>
Headers:		Accept=*/*
				Content-Type=application/json
Cookies:		<none>
Multiparts:		<none>
Body:			<none>
[
    {
        "business_unit_desc": "Calgary Fire Department",
        "facilityname": "FIRE TRAINING SMOKE TOWER",
        "site_id": "0020003804625",
        "facilityaddress": "6015 23 AV SE",
        "energy_description": "Electricity",
        "year": "2022",
        "month": "Mar",
        "total_consumption": "402",
        "unit": "kWh"
    }
]
Request method:	GET
Request URI:	https://data.calgary.ca/resource/crbp-innf.json?site_id=0020003804625&month=Apr&year=2022&total_consumption=155
Proxy:			<none>
Request params:	<none>
Query params:	<none>
Form params:	<none>
Path params:	<none>
Headers:		Accept=*/*
				Content-Type=application/json
Cookies:		<none>
Multiparts:		<none>
Body:			<none>
[
    {
        "business_unit_desc": "Calgary Fire Department",
        "facilityname": "FIRE TRAINING SMOKE TOWER",
        "site_id": "0020003804625",
        "facilityaddress": "6015 23 AV SE",
        "energy_description": "Electricity",
        "year": "2022",
        "month": "Apr",
        "total_consumption": "155",
        "unit": "kWh"
    }
]
Request method:	GET
Request URI:	https://data.calgary.ca/resource/crbp-innf.json?site_id=0020003804625&month=May&year=2022&total_consumption=71
Proxy:			<none>
Request params:	<none>
Query params:	<none>
Form params:	<none>
Path params:	<none>
Headers:		Accept=*/*
				Content-Type=application/json
Cookies:		<none>
Multiparts:		<none>
Body:			<none>
[
    {
        "business_unit_desc": "Calgary Fire Department",
        "facilityname": "FIRE TRAINING SMOKE TOWER",
        "site_id": "0020003804625",
        "facilityaddress": "6015 23 AV SE",
        "energy_description": "Electricity",
        "year": "2022",
        "month": "May",
        "total_consumption": "71",
        "unit": "kWh"
    }
]
Request method:	GET
Request URI:	https://data.calgary.ca/resource/crbp-innf.json?site_id=0020003804625&month=Jun&year=2022&total_consumption=218
Proxy:			<none>
Request params:	<none>
Query params:	<none>
Form params:	<none>
Path params:	<none>
Headers:		Accept=*/*
				Content-Type=application/json
Cookies:		<none>
Multiparts:		<none>
Body:			<none>
[
    {
        "business_unit_desc": "Calgary Fire Department",
        "facilityname": "FIRE TRAINING SMOKE TOWER",
        "site_id": "0020003804625",
        "facilityaddress": "6015 23 AV SE",
        "energy_description": "Electricity",
        "year": "2022",
        "month": "Jun",
        "total_consumption": "218",
        "unit": "kWh"
    }
]
Request method:	GET
Request URI:	https://data.calgary.ca/resource/crbp-innf.json?site_id=0020003804625&month=Jul&year=2022&total_consumption=258
Proxy:			<none>
Request params:	<none>
Query params:	<none>
Form params:	<none>
Path params:	<none>
Headers:		Accept=*/*
				Content-Type=application/json
Cookies:		<none>
Multiparts:		<none>
Body:			<none>
[
    {
        "business_unit_desc": "Calgary Fire Department",
        "facilityname": "FIRE TRAINING SMOKE TOWER",
        "site_id": "0020003804625",
        "facilityaddress": "6015 23 AV SE",
        "energy_description": "Electricity",
        "year": "2022",
        "month": "Jul",
        "total_consumption": "258",
        "unit": "kWh"
    }
]
Request method:	GET
Request URI:	https://data.calgary.ca/resource/crbp-innf.json?site_id=0020003804625&month=Aug&year=2022&total_consumption=194
Proxy:			<none>
Request params:	<none>
Query params:	<none>
Form params:	<none>
Path params:	<none>
Headers:		Accept=*/*
				Content-Type=application/json
Cookies:		<none>
Multiparts:		<none>
Body:			<none>
[
    {
        "business_unit_desc": "Calgary Fire Department",
        "facilityname": "FIRE TRAINING SMOKE TOWER",
        "site_id": "0020003804625",
        "facilityaddress": "6015 23 AV SE",
        "energy_description": "Electricity",
        "year": "2022",
        "month": "Aug",
        "total_consumption": "194",
        "unit": "kWh"
    }
]
Request method:	GET
Request URI:	https://data.calgary.ca/resource/crbp-innf.json?site_id=0020003804625&month=Sep&year=2022&total_consumption=180
Proxy:			<none>
Request params:	<none>
Query params:	<none>
Form params:	<none>
Path params:	<none>
Headers:		Accept=*/*
				Content-Type=application/json
Cookies:		<none>
Multiparts:		<none>
Body:			<none>
[
    {
        "business_unit_desc": "Calgary Fire Department",
        "facilityname": "FIRE TRAINING SMOKE TOWER",
        "site_id": "0020003804625",
        "facilityaddress": "6015 23 AV SE",
        "energy_description": "Electricity",
        "year": "2022",
        "month": "Sep",
        "total_consumption": "180",
        "unit": "kWh"
    }
]
Request method:	GET
Request URI:	https://data.calgary.ca/resource/crbp-innf.json?site_id=0020003804625&month=Oct&year=2022&total_consumption=178
Proxy:			<none>
Request params:	<none>
Query params:	<none>
Form params:	<none>
Path params:	<none>
Headers:		Accept=*/*
				Content-Type=application/json
Cookies:		<none>
Multiparts:		<none>
Body:			<none>
[
    {
        "business_unit_desc": "Calgary Fire Department",
        "facilityname": "FIRE TRAINING SMOKE TOWER",
        "site_id": "0020003804625",
        "facilityaddress": "6015 23 AV SE",
        "energy_description": "Electricity",
        "year": "2022",
        "month": "Oct",
        "total_consumption": "178",
        "unit": "kWh"
    }
]
Request method:	GET
Request URI:	https://data.calgary.ca/resource/crbp-innf.json?site_id=0020003804625&month=Nov&year=2022&total_consumption=205
Proxy:			<none>
Request params:	<none>
Query params:	<none>
Form params:	<none>
Path params:	<none>
Headers:		Accept=*/*
				Content-Type=application/json
Cookies:		<none>
Multiparts:		<none>
Body:			<none>
[
    {
        "business_unit_desc": "Calgary Fire Department",
        "facilityname": "FIRE TRAINING SMOKE TOWER",
        "site_id": "0020003804625",
        "facilityaddress": "6015 23 AV SE",
        "energy_description": "Electricity",
        "year": "2022",
        "month": "Nov",
        "total_consumption": "205",
        "unit": "kWh"
    }
]
Request method:	GET
Request URI:	https://data.calgary.ca/resource/crbp-innf.json?site_id=0003862925411&month=Jan&year=2014&total_consumption=0
Proxy:			<none>
Request params:	<none>
Query params:	<none>
Form params:	<none>
Path params:	<none>
Headers:		Accept=*/*
				Content-Type=application/json
Cookies:		<none>
Multiparts:		<none>
Body:			<none>
[
    {
        "business_unit_desc": "Calgary Fire Department",
        "facilityname": "FIRE TRAINING SMOKE TOWER",
        "site_id": "0003862925411",
        "facilityaddress": "6015 23 AV SE",
        "energy_description": "Natural Gas",
        "year": "2014",
        "month": "Jan",
        "total_consumption": "0",
        "unit": "GJ"
    }
]
Request method:	GET
Request URI:	https://data.calgary.ca/resource/crbp-innf.json?site_id=0003862925411&month=Feb&year=2014&total_consumption=0
Proxy:			<none>
Request params:	<none>
Query params:	<none>
Form params:	<none>
Path params:	<none>
Headers:		Accept=*/*
				Content-Type=application/json
Cookies:		<none>
Multiparts:		<none>
Body:			<none>
[
    {
        "business_unit_desc": "Calgary Fire Department",
        "facilityname": "FIRE TRAINING SMOKE TOWER",
        "site_id": "0003862925411",
        "facilityaddress": "6015 23 AV SE",
        "energy_description": "Natural Gas",
        "year": "2014",
        "month": "Feb",
        "total_consumption": "0",
        "unit": "GJ"
    }
]
Request method:	GET
Request URI:	https://data.calgary.ca/resource/crbp-innf.json?site_id=0003862925411&month=Mar&year=2014&total_consumption=0
Proxy:			<none>
Request params:	<none>
Query params:	<none>
Form params:	<none>
Path params:	<none>
Headers:		Accept=*/*
				Content-Type=application/json
Cookies:		<none>
Multiparts:		<none>
Body:			<none>
[
    {
        "business_unit_desc": "Calgary Fire Department",
        "facilityname": "FIRE TRAINING SMOKE TOWER",
        "site_id": "0003862925411",
        "facilityaddress": "6015 23 AV SE",
        "energy_description": "Natural Gas",
        "year": "2014",
        "month": "Mar",
        "total_consumption": "0",
        "unit": "GJ"
    }
]
Request method:	GET
Request URI:	https://data.calgary.ca/resource/crbp-innf.json?site_id=0003862925411&month=Apr&year=2014&total_consumption=0
Proxy:			<none>
Request params:	<none>
Query params:	<none>
Form params:	<none>
Path params:	<none>
Headers:		Accept=*/*
				Content-Type=application/json
Cookies:		<none>
Multiparts:		<none>
Body:			<none>
[
    {
        "business_unit_desc": "Calgary Fire Department",
        "facilityname": "FIRE TRAINING SMOKE TOWER",
        "site_id": "0003862925411",
        "facilityaddress": "6015 23 AV SE",
        "energy_description": "Natural Gas",
        "year": "2014",
        "month": "Apr",
        "total_consumption": "0",
        "unit": "GJ"
    }
]
Request method:	GET
Request URI:	https://data.calgary.ca/resource/crbp-innf.json?site_id=0003862925411&month=May&year=2014&total_consumption=0
Proxy:			<none>
Request params:	<none>
Query params:	<none>
Form params:	<none>
Path params:	<none>
Headers:		Accept=*/*
				Content-Type=application/json
Cookies:		<none>
Multiparts:		<none>
Body:			<none>
[
    {
        "business_unit_desc": "Calgary Fire Department",
        "facilityname": "FIRE TRAINING SMOKE TOWER",
        "site_id": "0003862925411",
        "facilityaddress": "6015 23 AV SE",
        "energy_description": "Natural Gas",
        "year": "2014",
        "month": "May",
        "total_consumption": "0",
        "unit": "GJ"
    }
]
Request method:	GET
Request URI:	https://data.calgary.ca/resource/crbp-innf.json?site_id=0003862925411&month=Jun&year=2014&total_consumption=0
Proxy:			<none>
Request params:	<none>
Query params:	<none>
Form params:	<none>
Path params:	<none>
Headers:		Accept=*/*
				Content-Type=application/json
Cookies:		<none>
Multiparts:		<none>
Body:			<none>
[
    {
        "business_unit_desc": "Calgary Fire Department",
        "facilityname": "FIRE TRAINING SMOKE TOWER",
        "site_id": "0003862925411",
        "facilityaddress": "6015 23 AV SE",
        "energy_description": "Natural Gas",
        "year": "2014",
        "month": "Jun",
        "total_consumption": "0",
        "unit": "GJ"
    }
]
Request method:	GET
Request URI:	https://data.calgary.ca/resource/crbp-innf.json?site_id=0003862925411&month=Jul&year=2014&total_consumption=0
Proxy:			<none>
Request params:	<none>
Query params:	<none>
Form params:	<none>
Path params:	<none>
Headers:		Accept=*/*
				Content-Type=application/json
Cookies:		<none>
Multiparts:		<none>
Body:			<none>
[
    {
        "business_unit_desc": "Calgary Fire Department",
        "facilityname": "FIRE TRAINING SMOKE TOWER",
        "site_id": "0003862925411",
        "facilityaddress": "6015 23 AV SE",
        "energy_description": "Natural Gas",
        "year": "2014",
        "month": "Jul",
        "total_consumption": "0",
        "unit": "GJ"
    }
]
Request method:	GET
Request URI:	https://data.calgary.ca/resource/crbp-innf.json?site_id=0003862925411&month=Aug&year=2014&total_consumption=0
Proxy:			<none>
Request params:	<none>
Query params:	<none>
Form params:	<none>
Path params:	<none>
Headers:		Accept=*/*
				Content-Type=application/json
Cookies:		<none>
Multiparts:		<none>
Body:			<none>
[
    {
        "business_unit_desc": "Calgary Fire Department",
        "facilityname": "FIRE TRAINING SMOKE TOWER",
        "site_id": "0003862925411",
        "facilityaddress": "6015 23 AV SE",
        "energy_description": "Natural Gas",
        "year": "2014",
        "month": "Aug",
        "total_consumption": "0",
        "unit": "GJ"
    }
]
Request method:	GET
Request URI:	https://data.calgary.ca/resource/crbp-innf.json?site_id=0003862925411&month=Sep&year=2014&total_consumption=0
Proxy:			<none>
Request params:	<none>
Query params:	<none>
Form params:	<none>
Path params:	<none>
Headers:		Accept=*/*
				Content-Type=application/json
Cookies:		<none>
Multiparts:		<none>
Body:			<none>
[
    {
        "business_unit_desc": "Calgary Fire Department",
        "facilityname": "FIRE TRAINING SMOKE TOWER",
        "site_id": "0003862925411",
        "facilityaddress": "6015 23 AV SE",
        "energy_description": "Natural Gas",
        "year": "2014",
        "month": "Sep",
        "total_consumption": "0",
        "unit": "GJ"
    }
]
Request method:	GET
Request URI:	https://data.calgary.ca/resource/crbp-innf.json?site_id=0003862925411&month=Oct&year=2014&total_consumption=0
Proxy:			<none>
Request params:	<none>
Query params:	<none>
Form params:	<none>
Path params:	<none>
Headers:		Accept=*/*
				Content-Type=application/json
Cookies:		<none>
Multiparts:		<none>
Body:			<none>
[
    {
        "business_unit_desc": "Calgary Fire Department",
        "facilityname": "FIRE TRAINING SMOKE TOWER",
        "site_id": "0003862925411",
        "facilityaddress": "6015 23 AV SE",
        "energy_description": "Natural Gas",
        "year": "2014",
        "month": "Oct",
        "total_consumption": "0",
        "unit": "GJ"
    }
]
Request method:	GET
Request URI:	https://data.calgary.ca/resource/crbp-innf.json?site_id=0003862925411&month=Nov&year=2014&total_consumption=0
Proxy:			<none>
Request params:	<none>
Query params:	<none>
Form params:	<none>
Path params:	<none>
Headers:		Accept=*/*
				Content-Type=application/json
Cookies:		<none>
Multiparts:		<none>
Body:			<none>
[
    {
        "business_unit_desc": "Calgary Fire Department",
        "facilityname": "FIRE TRAINING SMOKE TOWER",
        "site_id": "0003862925411",
        "facilityaddress": "6015 23 AV SE",
        "energy_description": "Natural Gas",
        "year": "2014",
        "month": "Nov",
        "total_consumption": "0",
        "unit": "GJ"
    }
]
Request method:	GET
Request URI:	https://data.calgary.ca/resource/crbp-innf.json?site_id=0003862925411&month=Dec&year=2014&total_consumption=0
Proxy:			<none>
Request params:	<none>
Query params:	<none>
Form params:	<none>
Path params:	<none>
Headers:		Accept=*/*
				Content-Type=application/json
Cookies:		<none>
Multiparts:		<none>
Body:			<none>
[
    {
        "business_unit_desc": "Calgary Fire Department",
        "facilityname": "FIRE TRAINING SMOKE TOWER",
        "site_id": "0003862925411",
        "facilityaddress": "6015 23 AV SE",
        "energy_description": "Natural Gas",
        "year": "2014",
        "month": "Dec",
        "total_consumption": "0",
        "unit": "GJ"
    }
]
Request method:	GET
Request URI:	https://data.calgary.ca/resource/crbp-innf.json?site_id=0003862925411&month=Jan&year=2015&total_consumption=0
Proxy:			<none>
Request params:	<none>
Query params:	<none>
Form params:	<none>
Path params:	<none>
Headers:		Accept=*/*
				Content-Type=application/json
Cookies:		<none>
Multiparts:		<none>
Body:			<none>
[
    {
        "business_unit_desc": "Calgary Fire Department",
        "facilityname": "FIRE TRAINING SMOKE TOWER",
        "site_id": "0003862925411",
        "facilityaddress": "6015 23 AV SE",
        "energy_description": "Natural Gas",
        "year": "2015",
        "month": "Jan",
        "total_consumption": "0",
        "unit": "GJ"
    }
]
Request method:	GET
Request URI:	https://data.calgary.ca/resource/crbp-innf.json?site_id=0003862925411&month=Feb&year=2015&total_consumption=0
Proxy:			<none>
Request params:	<none>
Query params:	<none>
Form params:	<none>
Path params:	<none>
Headers:		Accept=*/*
				Content-Type=application/json
Cookies:		<none>
Multiparts:		<none>
Body:			<none>
[
    {
        "business_unit_desc": "Calgary Fire Department",
        "facilityname": "FIRE TRAINING SMOKE TOWER",
        "site_id": "0003862925411",
        "facilityaddress": "6015 23 AV SE",
        "energy_description": "Natural Gas",
        "year": "2015",
        "month": "Feb",
        "total_consumption": "0",
        "unit": "GJ"
    }
]
Request method:	GET
Request URI:	https://data.calgary.ca/resource/crbp-innf.json?site_id=0003862925411&month=Mar&year=2015&total_consumption=0
Proxy:			<none>
Request params:	<none>
Query params:	<none>
Form params:	<none>
Path params:	<none>
Headers:		Accept=*/*
				Content-Type=application/json
Cookies:		<none>
Multiparts:		<none>
Body:			<none>
[
    {
        "business_unit_desc": "Calgary Fire Department",
        "facilityname": "FIRE TRAINING SMOKE TOWER",
        "site_id": "0003862925411",
        "facilityaddress": "6015 23 AV SE",
        "energy_description": "Natural Gas",
        "year": "2015",
        "month": "Mar",
        "total_consumption": "0",
        "unit": "GJ"
    }
]
Request method:	GET
Request URI:	https://data.calgary.ca/resource/crbp-innf.json?site_id=0003862925411&month=Apr&year=2015&total_consumption=0
Proxy:			<none>
Request params:	<none>
Query params:	<none>
Form params:	<none>
Path params:	<none>
Headers:		Accept=*/*
				Content-Type=application/json
Cookies:		<none>
Multiparts:		<none>
Body:			<none>
[
    {
        "business_unit_desc": "Calgary Fire Department",
        "facilityname": "FIRE TRAINING SMOKE TOWER",
        "site_id": "0003862925411",
        "facilityaddress": "6015 23 AV SE",
        "energy_description": "Natural Gas",
        "year": "2015",
        "month": "Apr",
        "total_consumption": "0",
        "unit": "GJ"
    }
]
Request method:	GET
Request URI:	https://data.calgary.ca/resource/crbp-innf.json?site_id=0003862925411&month=May&year=2015&total_consumption=0
Proxy:			<none>
Request params:	<none>
Query params:	<none>
Form params:	<none>
Path params:	<none>
Headers:		Accept=*/*
				Content-Type=application/json
Cookies:		<none>
Multiparts:		<none>
Body:			<none>
[
    {
        "business_unit_desc": "Calgary Fire Department",
        "facilityname": "FIRE TRAINING SMOKE TOWER",
        "site_id": "0003862925411",
        "facilityaddress": "6015 23 AV SE",
        "energy_description": "Natural Gas",
        "year": "2015",
        "month": "May",
        "total_consumption": "0",
        "unit": "GJ"
    }
]
Request method:	GET
Request URI:	https://data.calgary.ca/resource/crbp-innf.json?site_id=0003862925411&month=Jun&year=2015&total_consumption=0
Proxy:			<none>
Request params:	<none>
Query params:	<none>
Form params:	<none>
Path params:	<none>
Headers:		Accept=*/*
				Content-Type=application/json
Cookies:		<none>
Multiparts:		<none>
Body:			<none>
[
    {
        "business_unit_desc": "Calgary Fire Department",
        "facilityname": "FIRE TRAINING SMOKE TOWER",
        "site_id": "0003862925411",
        "facilityaddress": "6015 23 AV SE",
        "energy_description": "Natural Gas",
        "year": "2015",
        "month": "Jun",
        "total_consumption": "0",
        "unit": "GJ"
    }
]
Request method:	GET
Request URI:	https://data.calgary.ca/resource/crbp-innf.json?site_id=0003862925411&month=Jul&year=2015&total_consumption=0
Proxy:			<none>
Request params:	<none>
Query params:	<none>
Form params:	<none>
Path params:	<none>
Headers:		Accept=*/*
				Content-Type=application/json
Cookies:		<none>
Multiparts:		<none>
Body:			<none>
[
    {
        "business_unit_desc": "Calgary Fire Department",
        "facilityname": "FIRE TRAINING SMOKE TOWER",
        "site_id": "0003862925411",
        "facilityaddress": "6015 23 AV SE",
        "energy_description": "Natural Gas",
        "year": "2015",
        "month": "Jul",
        "total_consumption": "0",
        "unit": "GJ"
    }
]
Request method:	GET
Request URI:	https://data.calgary.ca/resource/crbp-innf.json?site_id=0003862925411&month=Aug&year=2015&total_consumption=0
Proxy:			<none>
Request params:	<none>
Query params:	<none>
Form params:	<none>
Path params:	<none>
Headers:		Accept=*/*
				Content-Type=application/json
Cookies:		<none>
Multiparts:		<none>
Body:			<none>
[
    {
        "business_unit_desc": "Calgary Fire Department",
        "facilityname": "FIRE TRAINING SMOKE TOWER",
        "site_id": "0003862925411",
        "facilityaddress": "6015 23 AV SE",
        "energy_description": "Natural Gas",
        "year": "2015",
        "month": "Aug",
        "total_consumption": "0",
        "unit": "GJ"
    }
]
Request method:	GET
Request URI:	https://data.calgary.ca/resource/crbp-innf.json?site_id=0003862925411&month=Sep&year=2015&total_consumption=0
Proxy:			<none>
Request params:	<none>
Query params:	<none>
Form params:	<none>
Path params:	<none>
Headers:		Accept=*/*
				Content-Type=application/json
Cookies:		<none>
Multiparts:		<none>
Body:			<none>
[
    {
        "business_unit_desc": "Calgary Fire Department",
        "facilityname": "FIRE TRAINING SMOKE TOWER",
        "site_id": "0003862925411",
        "facilityaddress": "6015 23 AV SE",
        "energy_description": "Natural Gas",
        "year": "2015",
        "month": "Sep",
        "total_consumption": "0",
        "unit": "GJ"
    }
]
Request method:	GET
Request URI:	https://data.calgary.ca/resource/crbp-innf.json?site_id=0003862925411&month=Oct&year=2015&total_consumption=0
Proxy:			<none>
Request params:	<none>
Query params:	<none>
Form params:	<none>
Path params:	<none>
Headers:		Accept=*/*
				Content-Type=application/json
Cookies:		<none>
Multiparts:		<none>
Body:			<none>
[
    {
        "business_unit_desc": "Calgary Fire Department",
        "facilityname": "FIRE TRAINING SMOKE TOWER",
        "site_id": "0003862925411",
        "facilityaddress": "6015 23 AV SE",
        "energy_description": "Natural Gas",
        "year": "2015",
        "month": "Oct",
        "total_consumption": "0",
        "unit": "GJ"
    }
]
Request method:	GET
Request URI:	https://data.calgary.ca/resource/crbp-innf.json?site_id=0003862925411&month=Nov&year=2015&total_consumption=0
Proxy:			<none>
Request params:	<none>
Query params:	<none>
Form params:	<none>
Path params:	<none>
Headers:		Accept=*/*
				Content-Type=application/json
Cookies:		<none>
Multiparts:		<none>
Body:			<none>
[
    {
        "business_unit_desc": "Calgary Fire Department",
        "facilityname": "FIRE TRAINING SMOKE TOWER",
        "site_id": "0003862925411",
        "facilityaddress": "6015 23 AV SE",
        "energy_description": "Natural Gas",
        "year": "2015",
        "month": "Nov",
        "total_consumption": "0",
        "unit": "GJ"
    }
]
Request method:	GET
Request URI:	https://data.calgary.ca/resource/crbp-innf.json?site_id=0003862925411&month=Dec&year=2015&total_consumption=0
Proxy:			<none>
Request params:	<none>
Query params:	<none>
Form params:	<none>
Path params:	<none>
Headers:		Accept=*/*
				Content-Type=application/json
Cookies:		<none>
Multiparts:		<none>
Body:			<none>
[
    {
        "business_unit_desc": "Calgary Fire Department",
        "facilityname": "FIRE TRAINING SMOKE TOWER",
        "site_id": "0003862925411",
        "facilityaddress": "6015 23 AV SE",
        "energy_description": "Natural Gas",
        "year": "2015",
        "month": "Dec",
        "total_consumption": "0",
        "unit": "GJ"
    }
]
Request method:	GET
Request URI:	https://data.calgary.ca/resource/crbp-innf.json?site_id=0003862925411&month=Jan&year=2016&total_consumption=0
Proxy:			<none>
Request params:	<none>
Query params:	<none>
Form params:	<none>
Path params:	<none>
Headers:		Accept=*/*
				Content-Type=application/json
Cookies:		<none>
Multiparts:		<none>
Body:			<none>
[
    {
        "business_unit_desc": "Calgary Fire Department",
        "facilityname": "FIRE TRAINING SMOKE TOWER",
        "site_id": "0003862925411",
        "facilityaddress": "6015 23 AV SE",
        "energy_description": "Natural Gas",
        "year": "2016",
        "month": "Jan",
        "total_consumption": "0",
        "unit": "GJ"
    }
]
Request method:	GET
Request URI:	https://data.calgary.ca/resource/crbp-innf.json?site_id=0003862925411&month=Feb&year=2016&total_consumption=0
Proxy:			<none>
Request params:	<none>
Query params:	<none>
Form params:	<none>
Path params:	<none>
Headers:		Accept=*/*
				Content-Type=application/json
Cookies:		<none>
Multiparts:		<none>
Body:			<none>
[
    {
        "business_unit_desc": "Calgary Fire Department",
        "facilityname": "FIRE TRAINING SMOKE TOWER",
        "site_id": "0003862925411",
        "facilityaddress": "6015 23 AV SE",
        "energy_description": "Natural Gas",
        "year": "2016",
        "month": "Feb",
        "total_consumption": "0",
        "unit": "GJ"
    }
]
Request method:	GET
Request URI:	https://data.calgary.ca/resource/crbp-innf.json?site_id=0003862925411&month=Mar&year=2016&total_consumption=0
Proxy:			<none>
Request params:	<none>
Query params:	<none>
Form params:	<none>
Path params:	<none>
Headers:		Accept=*/*
				Content-Type=application/json
Cookies:		<none>
Multiparts:		<none>
Body:			<none>
[
    {
        "business_unit_desc": "Calgary Fire Department",
        "facilityname": "FIRE TRAINING SMOKE TOWER",
        "site_id": "0003862925411",
        "facilityaddress": "6015 23 AV SE",
        "energy_description": "Natural Gas",
        "year": "2016",
        "month": "Mar",
        "total_consumption": "0",
        "unit": "GJ"
    }
]
Request method:	GET
Request URI:	https://data.calgary.ca/resource/crbp-innf.json?site_id=0003862925411&month=Apr&year=2016&total_consumption=0
Proxy:			<none>
Request params:	<none>
Query params:	<none>
Form params:	<none>
Path params:	<none>
Headers:		Accept=*/*
				Content-Type=application/json
Cookies:		<none>
Multiparts:		<none>
Body:			<none>
[
    {
        "business_unit_desc": "Calgary Fire Department",
        "facilityname": "FIRE TRAINING SMOKE TOWER",
        "site_id": "0003862925411",
        "facilityaddress": "6015 23 AV SE",
        "energy_description": "Natural Gas",
        "year": "2016",
        "month": "Apr",
        "total_consumption": "0",
        "unit": "GJ"
    }
]
Request method:	GET
Request URI:	https://data.calgary.ca/resource/crbp-innf.json?site_id=0003862925411&month=May&year=2016&total_consumption=0
Proxy:			<none>
Request params:	<none>
Query params:	<none>
Form params:	<none>
Path params:	<none>
Headers:		Accept=*/*
				Content-Type=application/json
Cookies:		<none>
Multiparts:		<none>
Body:			<none>
[
    {
        "business_unit_desc": "Calgary Fire Department",
        "facilityname": "FIRE TRAINING SMOKE TOWER",
        "site_id": "0003862925411",
        "facilityaddress": "6015 23 AV SE",
        "energy_description": "Natural Gas",
        "year": "2016",
        "month": "May",
        "total_consumption": "0",
        "unit": "GJ"
    }
]
Request method:	GET
Request URI:	https://data.calgary.ca/resource/crbp-innf.json?site_id=0003862925411&month=Jun&year=2016&total_consumption=0
Proxy:			<none>
Request params:	<none>
Query params:	<none>
Form params:	<none>
Path params:	<none>
Headers:		Accept=*/*
				Content-Type=application/json
Cookies:		<none>
Multiparts:		<none>
Body:			<none>
[
    {
        "business_unit_desc": "Calgary Fire Department",
        "facilityname": "FIRE TRAINING SMOKE TOWER",
        "site_id": "0003862925411",
        "facilityaddress": "6015 23 AV SE",
        "energy_description": "Natural Gas",
        "year": "2016",
        "month": "Jun",
        "total_consumption": "0",
        "unit": "GJ"
    }
]
Request method:	GET
Request URI:	https://data.calgary.ca/resource/crbp-innf.json?site_id=0003862925411&month=Jul&year=2016&total_consumption=0
Proxy:			<none>
Request params:	<none>
Query params:	<none>
Form params:	<none>
Path params:	<none>
Headers:		Accept=*/*
				Content-Type=application/json
Cookies:		<none>
Multiparts:		<none>
Body:			<none>
[
    {
        "business_unit_desc": "Calgary Fire Department",
        "facilityname": "FIRE TRAINING SMOKE TOWER",
        "site_id": "0003862925411",
        "facilityaddress": "6015 23 AV SE",
        "energy_description": "Natural Gas",
        "year": "2016",
        "month": "Jul",
        "total_consumption": "0",
        "unit": "GJ"
    }
]
Request method:	GET
Request URI:	https://data.calgary.ca/resource/crbp-innf.json?site_id=0003862925411&month=Aug&year=2016&total_consumption=0
Proxy:			<none>
Request params:	<none>
Query params:	<none>
Form params:	<none>
Path params:	<none>
Headers:		Accept=*/*
				Content-Type=application/json
Cookies:		<none>
Multiparts:		<none>
Body:			<none>
[
    {
        "business_unit_desc": "Calgary Fire Department",
        "facilityname": "FIRE TRAINING SMOKE TOWER",
        "site_id": "0003862925411",
        "facilityaddress": "6015 23 AV SE",
        "energy_description": "Natural Gas",
        "year": "2016",
        "month": "Aug",
        "total_consumption": "0",
        "unit": "GJ"
    }
]
Request method:	GET
Request URI:	https://data.calgary.ca/resource/crbp-innf.json?site_id=0003862925411&month=Sep&year=2016&total_consumption=0
Proxy:			<none>
Request params:	<none>
Query params:	<none>
Form params:	<none>
Path params:	<none>
Headers:		Accept=*/*
				Content-Type=application/json
Cookies:		<none>
Multiparts:		<none>
Body:			<none>
[
    {
        "business_unit_desc": "Calgary Fire Department",
        "facilityname": "FIRE TRAINING SMOKE TOWER",
        "site_id": "0003862925411",
        "facilityaddress": "6015 23 AV SE",
        "energy_description": "Natural Gas",
        "year": "2016",
        "month": "Sep",
        "total_consumption": "0",
        "unit": "GJ"
    }
]
Request method:	GET
Request URI:	https://data.calgary.ca/resource/crbp-innf.json?site_id=0003862925411&month=Oct&year=2016&total_consumption=0
Proxy:			<none>
Request params:	<none>
Query params:	<none>
Form params:	<none>
Path params:	<none>
Headers:		Accept=*/*
				Content-Type=application/json
Cookies:		<none>
Multiparts:		<none>
Body:			<none>
[
    {
        "business_unit_desc": "Calgary Fire Department",
        "facilityname": "FIRE TRAINING SMOKE TOWER",
        "site_id": "0003862925411",
        "facilityaddress": "6015 23 AV SE",
        "energy_description": "Natural Gas",
        "year": "2016",
        "month": "Oct",
        "total_consumption": "0",
        "unit": "GJ"
    }
]
Request method:	GET
Request URI:	https://data.calgary.ca/resource/crbp-innf.json?site_id=0003862925411&month=Nov&year=2016&total_consumption=0
Proxy:			<none>
Request params:	<none>
Query params:	<none>
Form params:	<none>
Path params:	<none>
Headers:		Accept=*/*
				Content-Type=application/json
Cookies:		<none>
Multiparts:		<none>
Body:			<none>
[
    {
        "business_unit_desc": "Calgary Fire Department",
        "facilityname": "FIRE TRAINING SMOKE TOWER",
        "site_id": "0003862925411",
        "facilityaddress": "6015 23 AV SE",
        "energy_description": "Natural Gas",
        "year": "2016",
        "month": "Nov",
        "total_consumption": "0",
        "unit": "GJ"
    }
]
Request method:	GET
Request URI:	https://data.calgary.ca/resource/crbp-innf.json?site_id=0003862925411&month=Dec&year=2016&total_consumption=0
Proxy:			<none>
Request params:	<none>
Query params:	<none>
Form params:	<none>
Path params:	<none>
Headers:		Accept=*/*
				Content-Type=application/json
Cookies:		<none>
Multiparts:		<none>
Body:			<none>
[
    {
        "business_unit_desc": "Calgary Fire Department",
        "facilityname": "FIRE TRAINING SMOKE TOWER",
        "site_id": "0003862925411",
        "facilityaddress": "6015 23 AV SE",
        "energy_description": "Natural Gas",
        "year": "2016",
        "month": "Dec",
        "total_consumption": "0",
        "unit": "GJ"
    }
]
Request method:	GET
Request URI:	https://data.calgary.ca/resource/crbp-innf.json?site_id=0003862925411&month=Jan&year=2017&total_consumption=0
Proxy:			<none>
Request params:	<none>
Query params:	<none>
Form params:	<none>
Path params:	<none>
Headers:		Accept=*/*
				Content-Type=application/json
Cookies:		<none>
Multiparts:		<none>
Body:			<none>
[
    {
        "business_unit_desc": "Calgary Fire Department",
        "facilityname": "FIRE TRAINING SMOKE TOWER",
        "site_id": "0003862925411",
        "facilityaddress": "6015 23 AV SE",
        "energy_description": "Natural Gas",
        "year": "2017",
        "month": "Jan",
        "total_consumption": "0",
        "unit": "GJ"
    }
]
Request method:	GET
Request URI:	https://data.calgary.ca/resource/crbp-innf.json?site_id=0003862925411&month=Feb&year=2017&total_consumption=0
Proxy:			<none>
Request params:	<none>
Query params:	<none>
Form params:	<none>
Path params:	<none>
Headers:		Accept=*/*
				Content-Type=application/json
Cookies:		<none>
Multiparts:		<none>
Body:			<none>
[
    {
        "business_unit_desc": "Calgary Fire Department",
        "facilityname": "FIRE TRAINING SMOKE TOWER",
        "site_id": "0003862925411",
        "facilityaddress": "6015 23 AV SE",
        "energy_description": "Natural Gas",
        "year": "2017",
        "month": "Feb",
        "total_consumption": "0",
        "unit": "GJ"
    }
]
Request method:	GET
Request URI:	https://data.calgary.ca/resource/crbp-innf.json?site_id=0003862925411&month=Mar&year=2017&total_consumption=0
Proxy:			<none>
Request params:	<none>
Query params:	<none>
Form params:	<none>
Path params:	<none>
Headers:		Accept=*/*
				Content-Type=application/json
Cookies:		<none>
Multiparts:		<none>
Body:			<none>
[
    {
        "business_unit_desc": "Calgary Fire Department",
        "facilityname": "FIRE TRAINING SMOKE TOWER",
        "site_id": "0003862925411",
        "facilityaddress": "6015 23 AV SE",
        "energy_description": "Natural Gas",
        "year": "2017",
        "month": "Mar",
        "total_consumption": "0",
        "unit": "GJ"
    }
]
Request method:	GET
Request URI:	https://data.calgary.ca/resource/crbp-innf.json?site_id=0003862925411&month=Apr&year=2017&total_consumption=0
Proxy:			<none>
Request params:	<none>
Query params:	<none>
Form params:	<none>
Path params:	<none>
Headers:		Accept=*/*
				Content-Type=application/json
Cookies:		<none>
Multiparts:		<none>
Body:			<none>
[
    {
        "business_unit_desc": "Calgary Fire Department",
        "facilityname": "FIRE TRAINING SMOKE TOWER",
        "site_id": "0003862925411",
        "facilityaddress": "6015 23 AV SE",
        "energy_description": "Natural Gas",
        "year": "2017",
        "month": "Apr",
        "total_consumption": "0",
        "unit": "GJ"
    }
]
Request method:	GET
Request URI:	https://data.calgary.ca/resource/crbp-innf.json?site_id=0003862925411&month=May&year=2017&total_consumption=0
Proxy:			<none>
Request params:	<none>
Query params:	<none>
Form params:	<none>
Path params:	<none>
Headers:		Accept=*/*
				Content-Type=application/json
Cookies:		<none>
Multiparts:		<none>
Body:			<none>
[
    {
        "business_unit_desc": "Calgary Fire Department",
        "facilityname": "FIRE TRAINING SMOKE TOWER",
        "site_id": "0003862925411",
        "facilityaddress": "6015 23 AV SE",
        "energy_description": "Natural Gas",
        "year": "2017",
        "month": "May",
        "total_consumption": "0",
        "unit": "GJ"
    }
]
Request method:	GET
Request URI:	https://data.calgary.ca/resource/crbp-innf.json?site_id=0003862925411&month=Jun&year=2017&total_consumption=0
Proxy:			<none>
Request params:	<none>
Query params:	<none>
Form params:	<none>
Path params:	<none>
Headers:		Accept=*/*
				Content-Type=application/json
Cookies:		<none>
Multiparts:		<none>
Body:			<none>
[
    {
        "business_unit_desc": "Calgary Fire Department",
        "facilityname": "FIRE TRAINING SMOKE TOWER",
        "site_id": "0003862925411",
        "facilityaddress": "6015 23 AV SE",
        "energy_description": "Natural Gas",
        "year": "2017",
        "month": "Jun",
        "total_consumption": "0",
        "unit": "GJ"
    }
]
Request method:	GET
Request URI:	https://data.calgary.ca/resource/crbp-innf.json?site_id=0003862925411&month=Jul&year=2017&total_consumption=0
Proxy:			<none>
Request params:	<none>
Query params:	<none>
Form params:	<none>
Path params:	<none>
Headers:		Accept=*/*
				Content-Type=application/json
Cookies:		<none>
Multiparts:		<none>
Body:			<none>
[
    {
        "business_unit_desc": "Calgary Fire Department",
        "facilityname": "FIRE TRAINING SMOKE TOWER",
        "site_id": "0003862925411",
        "facilityaddress": "6015 23 AV SE",
        "energy_description": "Natural Gas",
        "year": "2017",
        "month": "Jul",
        "total_consumption": "0",
        "unit": "GJ"
    }
]
Request method:	GET
Request URI:	https://data.calgary.ca/resource/crbp-innf.json?site_id=0003862925411&month=Aug&year=2017&total_consumption=0
Proxy:			<none>
Request params:	<none>
Query params:	<none>
Form params:	<none>
Path params:	<none>
Headers:		Accept=*/*
				Content-Type=application/json
Cookies:		<none>
Multiparts:		<none>
Body:			<none>
[
    {
        "business_unit_desc": "Calgary Fire Department",
        "facilityname": "FIRE TRAINING SMOKE TOWER",
        "site_id": "0003862925411",
        "facilityaddress": "6015 23 AV SE",
        "energy_description": "Natural Gas",
        "year": "2017",
        "month": "Aug",
        "total_consumption": "0",
        "unit": "GJ"
    }
]
Request method:	GET
Request URI:	https://data.calgary.ca/resource/crbp-innf.json?site_id=0003862925411&month=Sep&year=2017&total_consumption=0
Proxy:			<none>
Request params:	<none>
Query params:	<none>
Form params:	<none>
Path params:	<none>
Headers:		Accept=*/*
				Content-Type=application/json
Cookies:		<none>
Multiparts:		<none>
Body:			<none>
[
    {
        "business_unit_desc": "Calgary Fire Department",
        "facilityname": "FIRE TRAINING SMOKE TOWER",
        "site_id": "0003862925411",
        "facilityaddress": "6015 23 AV SE",
        "energy_description": "Natural Gas",
        "year": "2017",
        "month": "Sep",
        "total_consumption": "0",
        "unit": "GJ"
    }
]
Request method:	GET
Request URI:	https://data.calgary.ca/resource/crbp-innf.json?site_id=0003862925411&month=Oct&year=2017&total_consumption=0
Proxy:			<none>
Request params:	<none>
Query params:	<none>
Form params:	<none>
Path params:	<none>
Headers:		Accept=*/*
				Content-Type=application/json
Cookies:		<none>
Multiparts:		<none>
Body:			<none>
[
    {
        "business_unit_desc": "Calgary Fire Department",
        "facilityname": "FIRE TRAINING SMOKE TOWER",
        "site_id": "0003862925411",
        "facilityaddress": "6015 23 AV SE",
        "energy_description": "Natural Gas",
        "year": "2017",
        "month": "Oct",
        "total_consumption": "0",
        "unit": "GJ"
    }
]
Request method:	GET
Request URI:	https://data.calgary.ca/resource/crbp-innf.json?site_id=0003862925411&month=Nov&year=2017&total_consumption=0
Proxy:			<none>
Request params:	<none>
Query params:	<none>
Form params:	<none>
Path params:	<none>
Headers:		Accept=*/*
				Content-Type=application/json
Cookies:		<none>
Multiparts:		<none>
Body:			<none>
[
    {
        "business_unit_desc": "Calgary Fire Department",
        "facilityname": "FIRE TRAINING SMOKE TOWER",
        "site_id": "0003862925411",
        "facilityaddress": "6015 23 AV SE",
        "energy_description": "Natural Gas",
        "year": "2017",
        "month": "Nov",
        "total_consumption": "0",
        "unit": "GJ"
    }
]
Request method:	GET
Request URI:	https://data.calgary.ca/resource/crbp-innf.json?site_id=0003862925411&month=Dec&year=2017&total_consumption=0
Proxy:			<none>
Request params:	<none>
Query params:	<none>
Form params:	<none>
Path params:	<none>
Headers:		Accept=*/*
				Content-Type=application/json
Cookies:		<none>
Multiparts:		<none>
Body:			<none>
[
    {
        "business_unit_desc": "Calgary Fire Department",
        "facilityname": "FIRE TRAINING SMOKE TOWER",
        "site_id": "0003862925411",
        "facilityaddress": "6015 23 AV SE",
        "energy_description": "Natural Gas",
        "year": "2017",
        "month": "Dec",
        "total_consumption": "0",
        "unit": "GJ"
    }
]
Request method:	GET
Request URI:	https://data.calgary.ca/resource/crbp-innf.json?site_id=0003862925411&month=Jan&year=2018&total_consumption=0
Proxy:			<none>
Request params:	<none>
Query params:	<none>
Form params:	<none>
Path params:	<none>
Headers:		Accept=*/*
				Content-Type=application/json
Cookies:		<none>
Multiparts:		<none>
Body:			<none>
[
    {
        "business_unit_desc": "Calgary Fire Department",
        "facilityname": "FIRE TRAINING SMOKE TOWER",
        "site_id": "0003862925411",
        "facilityaddress": "6015 23 AV SE",
        "energy_description": "Natural Gas",
        "year": "2018",
        "month": "Jan",
        "total_consumption": "0",
        "unit": "GJ"
    }
]
Request method:	GET
Request URI:	https://data.calgary.ca/resource/crbp-innf.json?site_id=0003862925411&month=Feb&year=2018&total_consumption=0
Proxy:			<none>
Request params:	<none>
Query params:	<none>
Form params:	<none>
Path params:	<none>
Headers:		Accept=*/*
				Content-Type=application/json
Cookies:		<none>
Multiparts:		<none>
Body:			<none>
[
    {
        "business_unit_desc": "Calgary Fire Department",
        "facilityname": "FIRE TRAINING SMOKE TOWER",
        "site_id": "0003862925411",
        "facilityaddress": "6015 23 AV SE",
        "energy_description": "Natural Gas",
        "year": "2018",
        "month": "Feb",
        "total_consumption": "0",
        "unit": "GJ"
    }
]
Request method:	GET
Request URI:	https://data.calgary.ca/resource/crbp-innf.json?site_id=0003862925411&month=Mar&year=2018&total_consumption=0
Proxy:			<none>
Request params:	<none>
Query params:	<none>
Form params:	<none>
Path params:	<none>
Headers:		Accept=*/*
				Content-Type=application/json
Cookies:		<none>
Multiparts:		<none>
Body:			<none>
[
    {
        "business_unit_desc": "Calgary Fire Department",
        "facilityname": "FIRE TRAINING SMOKE TOWER",
        "site_id": "0003862925411",
        "facilityaddress": "6015 23 AV SE",
        "energy_description": "Natural Gas",
        "year": "2018",
        "month": "Mar",
        "total_consumption": "0",
        "unit": "GJ"
    }
]
Request method:	GET
Request URI:	https://data.calgary.ca/resource/crbp-innf.json?site_id=0003862925411&month=Apr&year=2018&total_consumption=0
Proxy:			<none>
Request params:	<none>
Query params:	<none>
Form params:	<none>
Path params:	<none>
Headers:		Accept=*/*
				Content-Type=application/json
Cookies:		<none>
Multiparts:		<none>
Body:			<none>
[
    {
        "business_unit_desc": "Calgary Fire Department",
        "facilityname": "FIRE TRAINING SMOKE TOWER",
        "site_id": "0003862925411",
        "facilityaddress": "6015 23 AV SE",
        "energy_description": "Natural Gas",
        "year": "2018",
        "month": "Apr",
        "total_consumption": "0",
        "unit": "GJ"
    }
]
Request method:	GET
Request URI:	https://data.calgary.ca/resource/crbp-innf.json?site_id=0003862925411&month=May&year=2018&total_consumption=0
Proxy:			<none>
Request params:	<none>
Query params:	<none>
Form params:	<none>
Path params:	<none>
Headers:		Accept=*/*
				Content-Type=application/json
Cookies:		<none>
Multiparts:		<none>
Body:			<none>
[
    {
        "business_unit_desc": "Calgary Fire Department",
        "facilityname": "FIRE TRAINING SMOKE TOWER",
        "site_id": "0003862925411",
        "facilityaddress": "6015 23 AV SE",
        "energy_description": "Natural Gas",
        "year": "2018",
        "month": "May",
        "total_consumption": "0",
        "unit": "GJ"
    }
]
Request method:	GET
Request URI:	https://data.calgary.ca/resource/crbp-innf.json?site_id=0003862925411&month=Jun&year=2018&total_consumption=0
Proxy:			<none>
Request params:	<none>
Query params:	<none>
Form params:	<none>
Path params:	<none>
Headers:		Accept=*/*
				Content-Type=application/json
Cookies:		<none>
Multiparts:		<none>
Body:			<none>
[
    {
        "business_unit_desc": "Calgary Fire Department",
        "facilityname": "FIRE TRAINING SMOKE TOWER",
        "site_id": "0003862925411",
        "facilityaddress": "6015 23 AV SE",
        "energy_description": "Natural Gas",
        "year": "2018",
        "month": "Jun",
        "total_consumption": "0",
        "unit": "GJ"
    }
]
Request method:	GET
Request URI:	https://data.calgary.ca/resource/crbp-innf.json?site_id=0003862925411&month=Jul&year=2018&total_consumption=0
Proxy:			<none>
Request params:	<none>
Query params:	<none>
Form params:	<none>
Path params:	<none>
Headers:		Accept=*/*
				Content-Type=application/json
Cookies:		<none>
Multiparts:		<none>
Body:			<none>
[
    {
        "business_unit_desc": "Calgary Fire Department",
        "facilityname": "FIRE TRAINING SMOKE TOWER",
        "site_id": "0003862925411",
        "facilityaddress": "6015 23 AV SE",
        "energy_description": "Natural Gas",
        "year": "2018",
        "month": "Jul",
        "total_consumption": "0",
        "unit": "GJ"
    }
]
Request method:	GET
Request URI:	https://data.calgary.ca/resource/crbp-innf.json?site_id=0003862925411&month=Aug&year=2018&total_consumption=0
Proxy:			<none>
Request params:	<none>
Query params:	<none>
Form params:	<none>
Path params:	<none>
Headers:		Accept=*/*
				Content-Type=application/json
Cookies:		<none>
Multiparts:		<none>
Body:			<none>
[
    {
        "business_unit_desc": "Calgary Fire Department",
        "facilityname": "FIRE TRAINING SMOKE TOWER",
        "site_id": "0003862925411",
        "facilityaddress": "6015 23 AV SE",
        "energy_description": "Natural Gas",
        "year": "2018",
        "month": "Aug",
        "total_consumption": "0",
        "unit": "GJ"
    }
]
Request method:	GET
Request URI:	https://data.calgary.ca/resource/crbp-innf.json?site_id=0003862925411&month=Sep&year=2018&total_consumption=0
Proxy:			<none>
Request params:	<none>
Query params:	<none>
Form params:	<none>
Path params:	<none>
Headers:		Accept=*/*
				Content-Type=application/json
Cookies:		<none>
Multiparts:		<none>
Body:			<none>
[
    {
        "business_unit_desc": "Calgary Fire Department",
        "facilityname": "FIRE TRAINING SMOKE TOWER",
        "site_id": "0003862925411",
        "facilityaddress": "6015 23 AV SE",
        "energy_description": "Natural Gas",
        "year": "2018",
        "month": "Sep",
        "total_consumption": "0",
        "unit": "GJ"
    }
]
Request method:	GET
Request URI:	https://data.calgary.ca/resource/crbp-innf.json?site_id=0003862925411&month=Oct&year=2018&total_consumption=0
Proxy:			<none>
Request params:	<none>
Query params:	<none>
Form params:	<none>
Path params:	<none>
Headers:		Accept=*/*
				Content-Type=application/json
Cookies:		<none>
Multiparts:		<none>
Body:			<none>
[
    {
        "business_unit_desc": "Calgary Fire Department",
        "facilityname": "FIRE TRAINING SMOKE TOWER",
        "site_id": "0003862925411",
        "facilityaddress": "6015 23 AV SE",
        "energy_description": "Natural Gas",
        "year": "2018",
        "month": "Oct",
        "total_consumption": "0",
        "unit": "GJ"
    }
]
Request method:	GET
Request URI:	https://data.calgary.ca/resource/crbp-innf.json?site_id=0003862925411&month=Nov&year=2018&total_consumption=0
Proxy:			<none>
Request params:	<none>
Query params:	<none>
Form params:	<none>
Path params:	<none>
Headers:		Accept=*/*
				Content-Type=application/json
Cookies:		<none>
Multiparts:		<none>
Body:			<none>
[
    {
        "business_unit_desc": "Calgary Fire Department",
        "facilityname": "FIRE TRAINING SMOKE TOWER",
        "site_id": "0003862925411",
        "facilityaddress": "6015 23 AV SE",
        "energy_description": "Natural Gas",
        "year": "2018",
        "month": "Nov",
        "total_consumption": "0",
        "unit": "GJ"
    }
]
Request method:	GET
Request URI:	https://data.calgary.ca/resource/crbp-innf.json?site_id=0003862925411&month=Dec&year=2021&total_consumption=18
Proxy:			<none>
Request params:	<none>
Query params:	<none>
Form params:	<none>
Path params:	<none>
Headers:		Accept=*/*
				Content-Type=application/json
Cookies:		<none>
Multiparts:		<none>
Body:			<none>
[
    {
        "business_unit_desc": "Calgary Fire Department",
        "facilityname": "FIRE TRAINING SMOKE TOWER",
        "site_id": "0003862925411",
        "facilityaddress": "6015 23 AV SE",
        "energy_description": "Natural Gas",
        "year": "2021",
        "month": "Dec",
        "total_consumption": "18",
        "unit": "GJ"
    }
]
Request method:	GET
Request URI:	https://data.calgary.ca/resource/crbp-innf.json?site_id=0003862925411&month=Jan&year=2022&total_consumption=102
Proxy:			<none>
Request params:	<none>
Query params:	<none>
Form params:	<none>
Path params:	<none>
Headers:		Accept=*/*
				Content-Type=application/json
Cookies:		<none>
Multiparts:		<none>
Body:			<none>
[
    {
        "business_unit_desc": "Calgary Fire Department",
        "facilityname": "FIRE TRAINING SMOKE TOWER",
        "site_id": "0003862925411",
        "facilityaddress": "6015 23 AV SE",
        "energy_description": "Natural Gas",
        "year": "2022",
        "month": "Jan",
        "total_consumption": "102",
        "unit": "GJ"
    }
]
Request method:	GET
Request URI:	https://data.calgary.ca/resource/crbp-innf.json?site_id=0003862925411&month=Feb&year=2022&total_consumption=65
Proxy:			<none>
Request params:	<none>
Query params:	<none>
Form params:	<none>
Path params:	<none>
Headers:		Accept=*/*
				Content-Type=application/json
Cookies:		<none>
Multiparts:		<none>
Body:			<none>
[
    {
        "business_unit_desc": "Calgary Fire Department",
        "facilityname": "FIRE TRAINING SMOKE TOWER",
        "site_id": "0003862925411",
        "facilityaddress": "6015 23 AV SE",
        "energy_description": "Natural Gas",
        "year": "2022",
        "month": "Feb",
        "total_consumption": "65",
        "unit": "GJ"
    }
]
Request method:	GET
Request URI:	https://data.calgary.ca/resource/crbp-innf.json?site_id=0003862925411&month=Mar&year=2022&total_consumption=20
Proxy:			<none>
Request params:	<none>
Query params:	<none>
Form params:	<none>
Path params:	<none>
Headers:		Accept=*/*
				Content-Type=application/json
Cookies:		<none>
Multiparts:		<none>
Body:			<none>
[
    {
        "business_unit_desc": "Calgary Fire Department",
        "facilityname": "FIRE TRAINING SMOKE TOWER",
        "site_id": "0003862925411",
        "facilityaddress": "6015 23 AV SE",
        "energy_description": "Natural Gas",
        "year": "2022",
        "month": "Mar",
        "total_consumption": "20",
        "unit": "GJ"
    }
]
Request method:	GET
Request URI:	https://data.calgary.ca/resource/crbp-innf.json?site_id=0003862925411&month=Apr&year=2022&total_consumption=1
Proxy:			<none>
Request params:	<none>
Query params:	<none>
Form params:	<none>
Path params:	<none>
Headers:		Accept=*/*
				Content-Type=application/json
Cookies:		<none>
Multiparts:		<none>
Body:			<none>
[
    {
        "business_unit_desc": "Calgary Fire Department",
        "facilityname": "FIRE TRAINING SMOKE TOWER",
        "site_id": "0003862925411",
        "facilityaddress": "6015 23 AV SE",
        "energy_description": "Natural Gas",
        "year": "2022",
        "month": "Apr",
        "total_consumption": "1",
        "unit": "GJ"
    }
]
Request method:	GET
Request URI:	https://data.calgary.ca/resource/crbp-innf.json?site_id=0003862925411&month=May&year=2022&total_consumption=0
Proxy:			<none>
Request params:	<none>
Query params:	<none>
Form params:	<none>
Path params:	<none>
Headers:		Accept=*/*
				Content-Type=application/json
Cookies:		<none>
Multiparts:		<none>
Body:			<none>
[
    {
        "business_unit_desc": "Calgary Fire Department",
        "facilityname": "FIRE TRAINING SMOKE TOWER",
        "site_id": "0003862925411",
        "facilityaddress": "6015 23 AV SE",
        "energy_description": "Natural Gas",
        "year": "2022",
        "month": "May",
        "total_consumption": "0",
        "unit": "GJ"
    }
]
Request method:	GET
Request URI:	https://data.calgary.ca/resource/crbp-innf.json?site_id=0003862925411&month=Jun&year=2022&total_consumption=0
Proxy:			<none>
Request params:	<none>
Query params:	<none>
Form params:	<none>
Path params:	<none>
Headers:		Accept=*/*
				Content-Type=application/json
Cookies:		<none>
Multiparts:		<none>
Body:			<none>
[
    {
        "business_unit_desc": "Calgary Fire Department",
        "facilityname": "FIRE TRAINING SMOKE TOWER",
        "site_id": "0003862925411",
        "facilityaddress": "6015 23 AV SE",
        "energy_description": "Natural Gas",
        "year": "2022",
        "month": "Jun",
        "total_consumption": "0",
        "unit": "GJ"
    }
]
Request method:	GET
Request URI:	https://data.calgary.ca/resource/crbp-innf.json?site_id=0003862925411&month=Jul&year=2022&total_consumption=0
Proxy:			<none>
Request params:	<none>
Query params:	<none>
Form params:	<none>
Path params:	<none>
Headers:		Accept=*/*
				Content-Type=application/json
Cookies:		<none>
Multiparts:		<none>
Body:			<none>
[
    {
        "business_unit_desc": "Calgary Fire Department",
        "facilityname": "FIRE TRAINING SMOKE TOWER",
        "site_id": "0003862925411",
        "facilityaddress": "6015 23 AV SE",
        "energy_description": "Natural Gas",
        "year": "2022",
        "month": "Jul",
        "total_consumption": "0",
        "unit": "GJ"
    }
]
Request method:	GET
Request URI:	https://data.calgary.ca/resource/crbp-innf.json?site_id=0003862925411&month=Aug&year=2022&total_consumption=0
Proxy:			<none>
Request params:	<none>
Query params:	<none>
Form params:	<none>
Path params:	<none>
Headers:		Accept=*/*
				Content-Type=application/json
Cookies:		<none>
Multiparts:		<none>
Body:			<none>
[
    {
        "business_unit_desc": "Calgary Fire Department",
        "facilityname": "FIRE TRAINING SMOKE TOWER",
        "site_id": "0003862925411",
        "facilityaddress": "6015 23 AV SE",
        "energy_description": "Natural Gas",
        "year": "2022",
        "month": "Aug",
        "total_consumption": "0",
        "unit": "GJ"
    }
]
Request method:	GET
Request URI:	https://data.calgary.ca/resource/crbp-innf.json?site_id=0003862925411&month=Sep&year=2022&total_consumption=0
Proxy:			<none>
Request params:	<none>
Query params:	<none>
Form params:	<none>
Path params:	<none>
Headers:		Accept=*/*
				Content-Type=application/json
Cookies:		<none>
Multiparts:		<none>
Body:			<none>
[
    {
        "business_unit_desc": "Calgary Fire Department",
        "facilityname": "FIRE TRAINING SMOKE TOWER",
        "site_id": "0003862925411",
        "facilityaddress": "6015 23 AV SE",
        "energy_description": "Natural Gas",
        "year": "2022",
        "month": "Sep",
        "total_consumption": "0",
        "unit": "GJ"
    }
]
Request method:	GET
Request URI:	https://data.calgary.ca/resource/crbp-innf.json?site_id=0003862925411&month=Oct&year=2022&total_consumption=2
Proxy:			<none>
Request params:	<none>
Query params:	<none>
Form params:	<none>
Path params:	<none>
Headers:		Accept=*/*
				Content-Type=application/json
Cookies:		<none>
Multiparts:		<none>
Body:			<none>
[
    {
        "business_unit_desc": "Calgary Fire Department",
        "facilityname": "FIRE TRAINING SMOKE TOWER",
        "site_id": "0003862925411",
        "facilityaddress": "6015 23 AV SE",
        "energy_description": "Natural Gas",
        "year": "2022",
        "month": "Oct",
        "total_consumption": "2",
        "unit": "GJ"
    }
]
Request method:	GET
Request URI:	https://data.calgary.ca/resource/crbp-innf.json?site_id=0003862925411&month=Nov&year=2022&total_consumption=137
Proxy:			<none>
Request params:	<none>
Query params:	<none>
Form params:	<none>
Path params:	<none>
Headers:		Accept=*/*
				Content-Type=application/json
Cookies:		<none>
Multiparts:		<none>
Body:			<none>
[
    {
        "business_unit_desc": "Calgary Fire Department",
        "facilityname": "FIRE TRAINING SMOKE TOWER",
        "site_id": "0003862925411",
        "facilityaddress": "6015 23 AV SE",
        "energy_description": "Natural Gas",
        "year": "2022",
        "month": "Nov",
        "total_consumption": "137",
        "unit": "GJ"
    }
]
Request method:	GET
Request URI:	https://data.calgary.ca/resource/crbp-innf.json?site_id=0003016347812&month=Dec&year=2018&total_consumption=16
Proxy:			<none>
Request params:	<none>
Query params:	<none>
Form params:	<none>
Path params:	<none>
Headers:		Accept=*/*
				Content-Type=application/json
Cookies:		<none>
Multiparts:		<none>
Body:			<none>
[
    {
        "business_unit_desc": "Calgary Housing",
        "facilityname": "1019 78 AV NW HOUSING",
        "site_id": "0003016347812",
        "facilityaddress": "1019 78 AV NW",
        "energy_description": "Natural Gas",
        "year": "2018",
        "month": "Dec",
        "total_consumption": "16",
        "unit": "GJ"
    }
]
Request method:	GET
Request URI:	https://data.calgary.ca/resource/crbp-innf.json?site_id=0003016347812&month=Jan&year=2019&total_consumption=15
Proxy:			<none>
Request params:	<none>
Query params:	<none>
Form params:	<none>
Path params:	<none>
Headers:		Accept=*/*
				Content-Type=application/json
Cookies:		<none>
Multiparts:		<none>
Body:			<none>
[
    {
        "business_unit_desc": "Calgary Housing",
        "facilityname": "1019 78 AV NW HOUSING",
        "site_id": "0003016347812",
        "facilityaddress": "1019 78 AV NW",
        "energy_description": "Natural Gas",
        "year": "2019",
        "month": "Jan",
        "total_consumption": "15",
        "unit": "GJ"
    }
]
Request method:	GET
Request URI:	https://data.calgary.ca/resource/crbp-innf.json?site_id=0003016347812&month=Feb&year=2019&total_consumption=24
Proxy:			<none>
Request params:	<none>
Query params:	<none>
Form params:	<none>
Path params:	<none>
Headers:		Accept=*/*
				Content-Type=application/json
Cookies:		<none>
Multiparts:		<none>
Body:			<none>
[
    {
        "business_unit_desc": "Calgary Housing",
        "facilityname": "1019 78 AV NW HOUSING",
        "site_id": "0003016347812",
        "facilityaddress": "1019 78 AV NW",
        "energy_description": "Natural Gas",
        "year": "2019",
        "month": "Feb",
        "total_consumption": "24",
        "unit": "GJ"
    }
]
Request method:	GET
Request URI:	https://data.calgary.ca/resource/crbp-innf.json?site_id=0003016347812&month=Mar&year=2019&total_consumption=15
Proxy:			<none>
Request params:	<none>
Query params:	<none>
Form params:	<none>
Path params:	<none>
Headers:		Accept=*/*
				Content-Type=application/json
Cookies:		<none>
Multiparts:		<none>
Body:			<none>
[
    {
        "business_unit_desc": "Calgary Housing",
        "facilityname": "1019 78 AV NW HOUSING",
        "site_id": "0003016347812",
        "facilityaddress": "1019 78 AV NW",
        "energy_description": "Natural Gas",
        "year": "2019",
        "month": "Mar",
        "total_consumption": "15",
        "unit": "GJ"
    }
]
Request method:	GET
Request URI:	https://data.calgary.ca/resource/crbp-innf.json?site_id=0003016347812&month=Apr&year=2019&total_consumption=11
Proxy:			<none>
Request params:	<none>
Query params:	<none>
Form params:	<none>
Path params:	<none>
Headers:		Accept=*/*
				Content-Type=application/json
Cookies:		<none>
Multiparts:		<none>
Body:			<none>
[
    {
        "business_unit_desc": "Calgary Housing",
        "facilityname": "1019 78 AV NW HOUSING",
        "site_id": "0003016347812",
        "facilityaddress": "1019 78 AV NW",
        "energy_description": "Natural Gas",
        "year": "2019",
        "month": "Apr",
        "total_consumption": "11",
        "unit": "GJ"
    }
]
Request method:	GET
Request URI:	https://data.calgary.ca/resource/crbp-innf.json?site_id=0003016347812&month=May&year=2019&total_consumption=8
Proxy:			<none>
Request params:	<none>
Query params:	<none>
Form params:	<none>
Path params:	<none>
Headers:		Accept=*/*
				Content-Type=application/json
Cookies:		<none>
Multiparts:		<none>
Body:			<none>
[
    {
        "business_unit_desc": "Calgary Housing",
        "facilityname": "1019 78 AV NW HOUSING",
        "site_id": "0003016347812",
        "facilityaddress": "1019 78 AV NW",
        "energy_description": "Natural Gas",
        "year": "2019",
        "month": "May",
        "total_consumption": "8",
        "unit": "GJ"
    }
]
Request method:	GET
Request URI:	https://data.calgary.ca/resource/crbp-innf.json?site_id=0003016347812&month=Jun&year=2019&total_consumption=4
Proxy:			<none>
Request params:	<none>
Query params:	<none>
Form params:	<none>
Path params:	<none>
Headers:		Accept=*/*
				Content-Type=application/json
Cookies:		<none>
Multiparts:		<none>
Body:			<none>
[
    {
        "business_unit_desc": "Calgary Housing",
        "facilityname": "1019 78 AV NW HOUSING",
        "site_id": "0003016347812",
        "facilityaddress": "1019 78 AV NW",
        "energy_description": "Natural Gas",
        "year": "2019",
        "month": "Jun",
        "total_consumption": "4",
        "unit": "GJ"
    }
]
Request method:	GET
Request URI:	https://data.calgary.ca/resource/crbp-innf.json?site_id=0003016347812&month=Jul&year=2019&total_consumption=4
Proxy:			<none>
Request params:	<none>
Query params:	<none>
Form params:	<none>
Path params:	<none>
Headers:		Accept=*/*
				Content-Type=application/json
Cookies:		<none>
Multiparts:		<none>
Body:			<none>
[
    {
        "business_unit_desc": "Calgary Housing",
        "facilityname": "1019 78 AV NW HOUSING",
        "site_id": "0003016347812",
        "facilityaddress": "1019 78 AV NW",
        "energy_description": "Natural Gas",
        "year": "2019",
        "month": "Jul",
        "total_consumption": "4",
        "unit": "GJ"
    }
]
Request method:	GET
Request URI:	https://data.calgary.ca/resource/crbp-innf.json?site_id=0003016347812&month=Aug&year=2019&total_consumption=4
Proxy:			<none>
Request params:	<none>
Query params:	<none>
Form params:	<none>
Path params:	<none>
Headers:		Accept=*/*
				Content-Type=application/json
Cookies:		<none>
Multiparts:		<none>
Body:			<none>
[
    {
        "business_unit_desc": "Calgary Housing",
        "facilityname": "1019 78 AV NW HOUSING",
        "site_id": "0003016347812",
        "facilityaddress": "1019 78 AV NW",
        "energy_description": "Natural Gas",
        "year": "2019",
        "month": "Aug",
        "total_consumption": "4",
        "unit": "GJ"
    }
]
Request method:	GET
Request URI:	https://data.calgary.ca/resource/crbp-innf.json?site_id=0003016347812&month=Sep&year=2019&total_consumption=5
Proxy:			<none>
Request params:	<none>
Query params:	<none>
Form params:	<none>
Path params:	<none>
Headers:		Accept=*/*
				Content-Type=application/json
Cookies:		<none>
Multiparts:		<none>
Body:			<none>
[
    {
        "business_unit_desc": "Calgary Housing",
        "facilityname": "1019 78 AV NW HOUSING",
        "site_id": "0003016347812",
        "facilityaddress": "1019 78 AV NW",
        "energy_description": "Natural Gas",
        "year": "2019",
        "month": "Sep",
        "total_consumption": "5",
        "unit": "GJ"
    }
]
Request method:	GET
Request URI:	https://data.calgary.ca/resource/crbp-innf.json?site_id=0003016347812&month=Oct&year=2019&total_consumption=12
Proxy:			<none>
Request params:	<none>
Query params:	<none>
Form params:	<none>
Path params:	<none>
Headers:		Accept=*/*
				Content-Type=application/json
Cookies:		<none>
Multiparts:		<none>
Body:			<none>
[
    {
        "business_unit_desc": "Calgary Housing",
        "facilityname": "1019 78 AV NW HOUSING",
        "site_id": "0003016347812",
        "facilityaddress": "1019 78 AV NW",
        "energy_description": "Natural Gas",
        "year": "2019",
        "month": "Oct",
        "total_consumption": "12",
        "unit": "GJ"
    }
]
Request method:	GET
Request URI:	https://data.calgary.ca/resource/crbp-innf.json?site_id=0003016347812&month=Nov&year=2019&total_consumption=14
Proxy:			<none>
Request params:	<none>
Query params:	<none>
Form params:	<none>
Path params:	<none>
Headers:		Accept=*/*
				Content-Type=application/json
Cookies:		<none>
Multiparts:		<none>
Body:			<none>
[
    {
        "business_unit_desc": "Calgary Housing",
        "facilityname": "1019 78 AV NW HOUSING",
        "site_id": "0003016347812",
        "facilityaddress": "1019 78 AV NW",
        "energy_description": "Natural Gas",
        "year": "2019",
        "month": "Nov",
        "total_consumption": "14",
        "unit": "GJ"
    }
]
Request method:	GET
Request URI:	https://data.calgary.ca/resource/crbp-innf.json?site_id=0003016347812&month=Dec&year=2019&total_consumption=15
Proxy:			<none>
Request params:	<none>
Query params:	<none>
Form params:	<none>
Path params:	<none>
Headers:		Accept=*/*
				Content-Type=application/json
Cookies:		<none>
Multiparts:		<none>
Body:			<none>
[
    {
        "business_unit_desc": "Calgary Housing",
        "facilityname": "1019 78 AV NW HOUSING",
        "site_id": "0003016347812",
        "facilityaddress": "1019 78 AV NW",
        "energy_description": "Natural Gas",
        "year": "2019",
        "month": "Dec",
        "total_consumption": "15",
        "unit": "GJ"
    }
]
Request method:	GET
Request URI:	https://data.calgary.ca/resource/crbp-innf.json?site_id=0003016347812&month=Jan&year=2020&total_consumption=20
Proxy:			<none>
Request params:	<none>
Query params:	<none>
Form params:	<none>
Path params:	<none>
Headers:		Accept=*/*
				Content-Type=application/json
Cookies:		<none>
Multiparts:		<none>
Body:			<none>
[
    {
        "business_unit_desc": "Calgary Housing",
        "facilityname": "1019 78 AV NW HOUSING",
        "site_id": "0003016347812",
        "facilityaddress": "1019 78 AV NW",
        "energy_description": "Natural Gas",
        "year": "2020",
        "month": "Jan",
        "total_consumption": "20",
        "unit": "GJ"
    }
]
Request method:	GET
Request URI:	https://data.calgary.ca/resource/crbp-innf.json?site_id=0003016347812&month=Feb&year=2020&total_consumption=17
Proxy:			<none>
Request params:	<none>
Query params:	<none>
Form params:	<none>
Path params:	<none>
Headers:		Accept=*/*
				Content-Type=application/json
Cookies:		<none>
Multiparts:		<none>
Body:			<none>
[
    {
        "business_unit_desc": "Calgary Housing",
        "facilityname": "1019 78 AV NW HOUSING",
        "site_id": "0003016347812",
        "facilityaddress": "1019 78 AV NW",
        "energy_description": "Natural Gas",
        "year": "2020",
        "month": "Feb",
        "total_consumption": "17",
        "unit": "GJ"
    }
]
Request method:	GET
Request URI:	https://data.calgary.ca/resource/crbp-innf.json?site_id=0003016347812&month=Mar&year=2020&total_consumption=18
Proxy:			<none>
Request params:	<none>
Query params:	<none>
Form params:	<none>
Path params:	<none>
Headers:		Accept=*/*
				Content-Type=application/json
Cookies:		<none>
Multiparts:		<none>
Body:			<none>
[
    {
        "business_unit_desc": "Calgary Housing",
        "facilityname": "1019 78 AV NW HOUSING",
        "site_id": "0003016347812",
        "facilityaddress": "1019 78 AV NW",
        "energy_description": "Natural Gas",
        "year": "2020",
        "month": "Mar",
        "total_consumption": "18",
        "unit": "GJ"
    }
]
Request method:	GET
Request URI:	https://data.calgary.ca/resource/crbp-innf.json?site_id=0003016347812&month=Apr&year=2020&total_consumption=13
Proxy:			<none>
Request params:	<none>
Query params:	<none>
Form params:	<none>
Path params:	<none>
Headers:		Accept=*/*
				Content-Type=application/json
Cookies:		<none>
Multiparts:		<none>
Body:			<none>
[
    {
        "business_unit_desc": "Calgary Housing",
        "facilityname": "1019 78 AV NW HOUSING",
        "site_id": "0003016347812",
        "facilityaddress": "1019 78 AV NW",
        "energy_description": "Natural Gas",
        "year": "2020",
        "month": "Apr",
        "total_consumption": "13",
        "unit": "GJ"
    }
]
Request method:	GET
Request URI:	https://data.calgary.ca/resource/crbp-innf.json?site_id=0003016347812&month=May&year=2020&total_consumption=8
Proxy:			<none>
Request params:	<none>
Query params:	<none>
Form params:	<none>
Path params:	<none>
Headers:		Accept=*/*
				Content-Type=application/json
Cookies:		<none>
Multiparts:		<none>
Body:			<none>
[
    {
        "business_unit_desc": "Calgary Housing",
        "facilityname": "1019 78 AV NW HOUSING",
        "site_id": "0003016347812",
        "facilityaddress": "1019 78 AV NW",
        "energy_description": "Natural Gas",
        "year": "2020",
        "month": "May",
        "total_consumption": "8",
        "unit": "GJ"
    }
]
Request method:	GET
Request URI:	https://data.calgary.ca/resource/crbp-innf.json?site_id=0003016347812&month=Jun&year=2020&total_consumption=5
Proxy:			<none>
Request params:	<none>
Query params:	<none>
Form params:	<none>
Path params:	<none>
Headers:		Accept=*/*
				Content-Type=application/json
Cookies:		<none>
Multiparts:		<none>
Body:			<none>
[
    {
        "business_unit_desc": "Calgary Housing",
        "facilityname": "1019 78 AV NW HOUSING",
        "site_id": "0003016347812",
        "facilityaddress": "1019 78 AV NW",
        "energy_description": "Natural Gas",
        "year": "2020",
        "month": "Jun",
        "total_consumption": "5",
        "unit": "GJ"
    }
]
Request method:	GET
Request URI:	https://data.calgary.ca/resource/crbp-innf.json?site_id=0003016347812&month=Jul&year=2020&total_consumption=4
Proxy:			<none>
Request params:	<none>
Query params:	<none>
Form params:	<none>
Path params:	<none>
Headers:		Accept=*/*
				Content-Type=application/json
Cookies:		<none>
Multiparts:		<none>
Body:			<none>
[
    {
        "business_unit_desc": "Calgary Housing",
        "facilityname": "1019 78 AV NW HOUSING",
        "site_id": "0003016347812",
        "facilityaddress": "1019 78 AV NW",
        "energy_description": "Natural Gas",
        "year": "2020",
        "month": "Jul",
        "total_consumption": "4",
        "unit": "GJ"
    }
]
Request method:	GET
Request URI:	https://data.calgary.ca/resource/crbp-innf.json?site_id=0003016347812&month=Aug&year=2020&total_consumption=3
Proxy:			<none>
Request params:	<none>
Query params:	<none>
Form params:	<none>
Path params:	<none>
Headers:		Accept=*/*
				Content-Type=application/json
Cookies:		<none>
Multiparts:		<none>
Body:			<none>
[
    {
        "business_unit_desc": "Calgary Housing",
        "facilityname": "1019 78 AV NW HOUSING",
        "site_id": "0003016347812",
        "facilityaddress": "1019 78 AV NW",
        "energy_description": "Natural Gas",
        "year": "2020",
        "month": "Aug",
        "total_consumption": "3",
        "unit": "GJ"
    }
]
Request method:	GET
Request URI:	https://data.calgary.ca/resource/crbp-innf.json?site_id=0003016347812&month=Sep&year=2020&total_consumption=5
Proxy:			<none>
Request params:	<none>
Query params:	<none>
Form params:	<none>
Path params:	<none>
Headers:		Accept=*/*
				Content-Type=application/json
Cookies:		<none>
Multiparts:		<none>
Body:			<none>
[
    {
        "business_unit_desc": "Calgary Housing",
        "facilityname": "1019 78 AV NW HOUSING",
        "site_id": "0003016347812",
        "facilityaddress": "1019 78 AV NW",
        "energy_description": "Natural Gas",
        "year": "2020",
        "month": "Sep",
        "total_consumption": "5",
        "unit": "GJ"
    }
]
Request method:	GET
Request URI:	https://data.calgary.ca/resource/crbp-innf.json?site_id=0003016347812&month=Oct&year=2020&total_consumption=12
Proxy:			<none>
Request params:	<none>
Query params:	<none>
Form params:	<none>
Path params:	<none>
Headers:		Accept=*/*
				Content-Type=application/json
Cookies:		<none>
Multiparts:		<none>
Body:			<none>
[
    {
        "business_unit_desc": "Calgary Housing",
        "facilityname": "1019 78 AV NW HOUSING",
        "site_id": "0003016347812",
        "facilityaddress": "1019 78 AV NW",
        "energy_description": "Natural Gas",
        "year": "2020",
        "month": "Oct",
        "total_consumption": "12",
        "unit": "GJ"
    }
]
Request method:	GET
Request URI:	https://data.calgary.ca/resource/crbp-innf.json?site_id=0003016347812&month=Nov&year=2020&total_consumption=14
Proxy:			<none>
Request params:	<none>
Query params:	<none>
Form params:	<none>
Path params:	<none>
Headers:		Accept=*/*
				Content-Type=application/json
Cookies:		<none>
Multiparts:		<none>
Body:			<none>
[
    {
        "business_unit_desc": "Calgary Housing",
        "facilityname": "1019 78 AV NW HOUSING",
        "site_id": "0003016347812",
        "facilityaddress": "1019 78 AV NW",
        "energy_description": "Natural Gas",
        "year": "2020",
        "month": "Nov",
        "total_consumption": "14",
        "unit": "GJ"
    }
]
Request method:	GET
Request URI:	https://data.calgary.ca/resource/crbp-innf.json?site_id=0003032680546&month=Mar&year=2016&total_consumption=0
Proxy:			<none>
Request params:	<none>
Query params:	<none>
Form params:	<none>
Path params:	<none>
Headers:		Accept=*/*
				Content-Type=application/json
Cookies:		<none>
Multiparts:		<none>
Body:			<none>
[
    {
        "business_unit_desc": "Calgary Housing",
        "facilityname": "#100 6704 6 ST SW",
        "site_id": "0003032680546",
        "facilityaddress": "#100 6704 6 ST SW",
        "energy_description": "Natural Gas",
        "year": "2016",
        "month": "Mar",
        "total_consumption": "0",
        "unit": "GJ"
    }
]
Request method:	GET
Request URI:	https://data.calgary.ca/resource/crbp-innf.json?site_id=0003032680546&month=Apr&year=2016&total_consumption=0
Proxy:			<none>
Request params:	<none>
Query params:	<none>
Form params:	<none>
Path params:	<none>
Headers:		Accept=*/*
				Content-Type=application/json
Cookies:		<none>
Multiparts:		<none>
Body:			<none>
[
    {
        "business_unit_desc": "Calgary Housing",
        "facilityname": "#100 6704 6 ST SW",
        "site_id": "0003032680546",
        "facilityaddress": "#100 6704 6 ST SW",
        "energy_description": "Natural Gas",
        "year": "2016",
        "month": "Apr",
        "total_consumption": "0",
        "unit": "GJ"
    }
]
Request method:	GET
Request URI:	https://data.calgary.ca/resource/crbp-innf.json?site_id=0003032680546&month=May&year=2016&total_consumption=0
Proxy:			<none>
Request params:	<none>
Query params:	<none>
Form params:	<none>
Path params:	<none>
Headers:		Accept=*/*
				Content-Type=application/json
Cookies:		<none>
Multiparts:		<none>
Body:			<none>
[
    {
        "business_unit_desc": "Calgary Housing",
        "facilityname": "#100 6704 6 ST SW",
        "site_id": "0003032680546",
        "facilityaddress": "#100 6704 6 ST SW",
        "energy_description": "Natural Gas",
        "year": "2016",
        "month": "May",
        "total_consumption": "0",
        "unit": "GJ"
    }
]
Request method:	GET
Request URI:	https://data.calgary.ca/resource/crbp-innf.json?site_id=0003032680546&month=Jun&year=2016&total_consumption=0
Proxy:			<none>
Request params:	<none>
Query params:	<none>
Form params:	<none>
Path params:	<none>
Headers:		Accept=*/*
				Content-Type=application/json
Cookies:		<none>
Multiparts:		<none>
Body:			<none>
[
    {
        "business_unit_desc": "Calgary Housing",
        "facilityname": "#100 6704 6 ST SW",
        "site_id": "0003032680546",
        "facilityaddress": "#100 6704 6 ST SW",
        "energy_description": "Natural Gas",
        "year": "2016",
        "month": "Jun",
        "total_consumption": "0",
        "unit": "GJ"
    }
]
Request method:	GET
Request URI:	https://data.calgary.ca/resource/crbp-innf.json?site_id=0003032680546&month=Jul&year=2016&total_consumption=3
Proxy:			<none>
Request params:	<none>
Query params:	<none>
Form params:	<none>
Path params:	<none>
Headers:		Accept=*/*
				Content-Type=application/json
Cookies:		<none>
Multiparts:		<none>
Body:			<none>
[
    {
        "business_unit_desc": "Calgary Housing",
        "facilityname": "#100 6704 6 ST SW",
        "site_id": "0003032680546",
        "facilityaddress": "#100 6704 6 ST SW",
        "energy_description": "Natural Gas",
        "year": "2016",
        "month": "Jul",
        "total_consumption": "3",
        "unit": "GJ"
    }
]
Request method:	GET
Request URI:	https://data.calgary.ca/resource/crbp-innf.json?site_id=0003032680546&month=Aug&year=2016&total_consumption=13
Proxy:			<none>
Request params:	<none>
Query params:	<none>
Form params:	<none>
Path params:	<none>
Headers:		Accept=*/*
				Content-Type=application/json
Cookies:		<none>
Multiparts:		<none>
Body:			<none>
[
    {
        "business_unit_desc": "Calgary Housing",
        "facilityname": "#100 6704 6 ST SW",
        "site_id": "0003032680546",
        "facilityaddress": "#100 6704 6 ST SW",
        "energy_description": "Natural Gas",
        "year": "2016",
        "month": "Aug",
        "total_consumption": "13",
        "unit": "GJ"
    }
]
Request method:	GET
Request URI:	https://data.calgary.ca/resource/crbp-innf.json?site_id=0003032680546&month=Sep&year=2016&total_consumption=8
Proxy:			<none>
Request params:	<none>
Query params:	<none>
Form params:	<none>
Path params:	<none>
Headers:		Accept=*/*
				Content-Type=application/json
Cookies:		<none>
Multiparts:		<none>
Body:			<none>
[
    {
        "business_unit_desc": "Calgary Housing",
        "facilityname": "#100 6704 6 ST SW",
        "site_id": "0003032680546",
        "facilityaddress": "#100 6704 6 ST SW",
        "energy_description": "Natural Gas",
        "year": "2016",
        "month": "Sep",
        "total_consumption": "8",
        "unit": "GJ"
    }
]
Request method:	GET
Request URI:	https://data.calgary.ca/resource/crbp-innf.json?site_id=0003032680546&month=Oct&year=2016&total_consumption=21
Proxy:			<none>
Request params:	<none>
Query params:	<none>
Form params:	<none>
Path params:	<none>
Headers:		Accept=*/*
				Content-Type=application/json
Cookies:		<none>
Multiparts:		<none>
Body:			<none>
[
    {
        "business_unit_desc": "Calgary Housing",
        "facilityname": "#100 6704 6 ST SW",
        "site_id": "0003032680546",
        "facilityaddress": "#100 6704 6 ST SW",
        "energy_description": "Natural Gas",
        "year": "2016",
        "month": "Oct",
        "total_consumption": "21",
        "unit": "GJ"
    }
]
Request method:	GET
Request URI:	https://data.calgary.ca/resource/crbp-innf.json?site_id=0003032680546&month=Nov&year=2016&total_consumption=22
Proxy:			<none>
Request params:	<none>
Query params:	<none>
Form params:	<none>
Path params:	<none>
Headers:		Accept=*/*
				Content-Type=application/json
Cookies:		<none>
Multiparts:		<none>
Body:			<none>
[
    {
        "business_unit_desc": "Calgary Housing",
        "facilityname": "#100 6704 6 ST SW",
        "site_id": "0003032680546",
        "facilityaddress": "#100 6704 6 ST SW",
        "energy_description": "Natural Gas",
        "year": "2016",
        "month": "Nov",
        "total_consumption": "22",
        "unit": "GJ"
    }
]
Request method:	GET
Request URI:	https://data.calgary.ca/resource/crbp-innf.json?site_id=0003032680546&month=Dec&year=2016&total_consumption=70
Proxy:			<none>
Request params:	<none>
Query params:	<none>
Form params:	<none>
Path params:	<none>
Headers:		Accept=*/*
				Content-Type=application/json
Cookies:		<none>
Multiparts:		<none>
Body:			<none>
[
    {
        "business_unit_desc": "Calgary Housing",
        "facilityname": "#100 6704 6 ST SW",
        "site_id": "0003032680546",
        "facilityaddress": "#100 6704 6 ST SW",
        "energy_description": "Natural Gas",
        "year": "2016",
        "month": "Dec",
        "total_consumption": "70",
        "unit": "GJ"
    }
]
Request method:	GET
Request URI:	https://data.calgary.ca/resource/crbp-innf.json?site_id=0003032680546&month=Jan&year=2017&total_consumption=48
Proxy:			<none>
Request params:	<none>
Query params:	<none>
Form params:	<none>
Path params:	<none>
Headers:		Accept=*/*
				Content-Type=application/json
Cookies:		<none>
Multiparts:		<none>
Body:			<none>
[
    {
        "business_unit_desc": "Calgary Housing",
        "facilityname": "#100 6704 6 ST SW",
        "site_id": "0003032680546",
        "facilityaddress": "#100 6704 6 ST SW",
        "energy_description": "Natural Gas",
        "year": "2017",
        "month": "Jan",
        "total_consumption": "48",
        "unit": "GJ"
    }
]
Request method:	GET
Request URI:	https://data.calgary.ca/resource/crbp-innf.json?site_id=0003032680546&month=Feb&year=2017&total_consumption=32
Proxy:			<none>
Request params:	<none>
Query params:	<none>
Form params:	<none>
Path params:	<none>
Headers:		Accept=*/*
				Content-Type=application/json
Cookies:		<none>
Multiparts:		<none>
Body:			<none>
[
    {
        "business_unit_desc": "Calgary Housing",
        "facilityname": "#100 6704 6 ST SW",
        "site_id": "0003032680546",
        "facilityaddress": "#100 6704 6 ST SW",
        "energy_description": "Natural Gas",
        "year": "2017",
        "month": "Feb",
        "total_consumption": "32",
        "unit": "GJ"
    }
]
Request method:	GET
Request URI:	https://data.calgary.ca/resource/crbp-innf.json?site_id=0003032680546&month=Mar&year=2017&total_consumption=30
Proxy:			<none>
Request params:	<none>
Query params:	<none>
Form params:	<none>
Path params:	<none>
Headers:		Accept=*/*
				Content-Type=application/json
Cookies:		<none>
Multiparts:		<none>
Body:			<none>
[
    {
        "business_unit_desc": "Calgary Housing",
        "facilityname": "#100 6704 6 ST SW",
        "site_id": "0003032680546",
        "facilityaddress": "#100 6704 6 ST SW",
        "energy_description": "Natural Gas",
        "year": "2017",
        "month": "Mar",
        "total_consumption": "30",
        "unit": "GJ"
    }
]
Request method:	GET
Request URI:	https://data.calgary.ca/resource/crbp-innf.json?site_id=0003032680546&month=Apr&year=2017&total_consumption=21
Proxy:			<none>
Request params:	<none>
Query params:	<none>
Form params:	<none>
Path params:	<none>
Headers:		Accept=*/*
				Content-Type=application/json
Cookies:		<none>
Multiparts:		<none>
Body:			<none>
[
    {
        "business_unit_desc": "Calgary Housing",
        "facilityname": "#100 6704 6 ST SW",
        "site_id": "0003032680546",
        "facilityaddress": "#100 6704 6 ST SW",
        "energy_description": "Natural Gas",
        "year": "2017",
        "month": "Apr",
        "total_consumption": "21",
        "unit": "GJ"
    }
]
Request method:	GET
Request URI:	https://data.calgary.ca/resource/crbp-innf.json?site_id=0003032680546&month=May&year=2017&total_consumption=13
Proxy:			<none>
Request params:	<none>
Query params:	<none>
Form params:	<none>
Path params:	<none>
Headers:		Accept=*/*
				Content-Type=application/json
Cookies:		<none>
Multiparts:		<none>
Body:			<none>
[
    {
        "business_unit_desc": "Calgary Housing",
        "facilityname": "#100 6704 6 ST SW",
        "site_id": "0003032680546",
        "facilityaddress": "#100 6704 6 ST SW",
        "energy_description": "Natural Gas",
        "year": "2017",
        "month": "May",
        "total_consumption": "13",
        "unit": "GJ"
    }
]
Request method:	GET
Request URI:	https://data.calgary.ca/resource/crbp-innf.json?site_id=0003032680546&month=Jun&year=2017&total_consumption=7
Proxy:			<none>
Request params:	<none>
Query params:	<none>
Form params:	<none>
Path params:	<none>
Headers:		Accept=*/*
				Content-Type=application/json
Cookies:		<none>
Multiparts:		<none>
Body:			<none>
[
    {
        "business_unit_desc": "Calgary Housing",
        "facilityname": "#100 6704 6 ST SW",
        "site_id": "0003032680546",
        "facilityaddress": "#100 6704 6 ST SW",
        "energy_description": "Natural Gas",
        "year": "2017",
        "month": "Jun",
        "total_consumption": "7",
        "unit": "GJ"
    }
]
Request method:	GET
Request URI:	https://data.calgary.ca/resource/crbp-innf.json?site_id=0003032680546&month=Jul&year=2017&total_consumption=1
Proxy:			<none>
Request params:	<none>
Query params:	<none>
Form params:	<none>
Path params:	<none>
Headers:		Accept=*/*
				Content-Type=application/json
Cookies:		<none>
Multiparts:		<none>
Body:			<none>
[
    {
        "business_unit_desc": "Calgary Housing",
        "facilityname": "#100 6704 6 ST SW",
        "site_id": "0003032680546",
        "facilityaddress": "#100 6704 6 ST SW",
        "energy_description": "Natural Gas",
        "year": "2017",
        "month": "Jul",
        "total_consumption": "1",
        "unit": "GJ"
    }
]
Request method:	GET
Request URI:	https://data.calgary.ca/resource/crbp-innf.json?site_id=0003032680546&month=Aug&year=2017&total_consumption=5
Proxy:			<none>
Request params:	<none>
Query params:	<none>
Form params:	<none>
Path params:	<none>
Headers:		Accept=*/*
				Content-Type=application/json
Cookies:		<none>
Multiparts:		<none>
Body:			<none>
[
    {
        "business_unit_desc": "Calgary Housing",
        "facilityname": "#100 6704 6 ST SW",
        "site_id": "0003032680546",
        "facilityaddress": "#100 6704 6 ST SW",
        "energy_description": "Natural Gas",
        "year": "2017",
        "month": "Aug",
        "total_consumption": "5",
        "unit": "GJ"
    }
]
Request method:	GET
Request URI:	https://data.calgary.ca/resource/crbp-innf.json?site_id=0003032680546&month=Sep&year=2017&total_consumption=13
Proxy:			<none>
Request params:	<none>
Query params:	<none>
Form params:	<none>
Path params:	<none>
Headers:		Accept=*/*
				Content-Type=application/json
Cookies:		<none>
Multiparts:		<none>
Body:			<none>
[
    {
        "business_unit_desc": "Calgary Housing",
        "facilityname": "#100 6704 6 ST SW",
        "site_id": "0003032680546",
        "facilityaddress": "#100 6704 6 ST SW",
        "energy_description": "Natural Gas",
        "year": "2017",
        "month": "Sep",
        "total_consumption": "13",
        "unit": "GJ"
    }
]
Request method:	GET
Request URI:	https://data.calgary.ca/resource/crbp-innf.json?site_id=0003032680546&month=Oct&year=2017&total_consumption=24
Proxy:			<none>
Request params:	<none>
Query params:	<none>
Form params:	<none>
Path params:	<none>
Headers:		Accept=*/*
				Content-Type=application/json
Cookies:		<none>
Multiparts:		<none>
Body:			<none>
[
    {
        "business_unit_desc": "Calgary Housing",
        "facilityname": "#100 6704 6 ST SW",
        "site_id": "0003032680546",
        "facilityaddress": "#100 6704 6 ST SW",
        "energy_description": "Natural Gas",
        "year": "2017",
        "month": "Oct",
        "total_consumption": "24",
        "unit": "GJ"
    }
]
Request method:	GET
Request URI:	https://data.calgary.ca/resource/crbp-innf.json?site_id=0003032680546&month=Nov&year=2017&total_consumption=44
Proxy:			<none>
Request params:	<none>
Query params:	<none>
Form params:	<none>
Path params:	<none>
Headers:		Accept=*/*
				Content-Type=application/json
Cookies:		<none>
Multiparts:		<none>
Body:			<none>
[
    {
        "business_unit_desc": "Calgary Housing",
        "facilityname": "#100 6704 6 ST SW",
        "site_id": "0003032680546",
        "facilityaddress": "#100 6704 6 ST SW",
        "energy_description": "Natural Gas",
        "year": "2017",
        "month": "Nov",
        "total_consumption": "44",
        "unit": "GJ"
    }
]
Request method:	GET
Request URI:	https://data.calgary.ca/resource/crbp-innf.json?site_id=0003032680546&month=Dec&year=2017&total_consumption=48
Proxy:			<none>
Request params:	<none>
Query params:	<none>
Form params:	<none>
Path params:	<none>
Headers:		Accept=*/*
				Content-Type=application/json
Cookies:		<none>
Multiparts:		<none>
Body:			<none>
[
    {
        "business_unit_desc": "Calgary Housing",
        "facilityname": "#100 6704 6 ST SW",
        "site_id": "0003032680546",
        "facilityaddress": "#100 6704 6 ST SW",
        "energy_description": "Natural Gas",
        "year": "2017",
        "month": "Dec",
        "total_consumption": "48",
        "unit": "GJ"
    }
]
Request method:	GET
Request URI:	https://data.calgary.ca/resource/crbp-innf.json?site_id=0003032680546&month=Jan&year=2018&total_consumption=40
Proxy:			<none>
Request params:	<none>
Query params:	<none>
Form params:	<none>
Path params:	<none>
Headers:		Accept=*/*
				Content-Type=application/json
Cookies:		<none>
Multiparts:		<none>
Body:			<none>
[
    {
        "business_unit_desc": "Calgary Housing",
        "facilityname": "#100 6704 6 ST SW",
        "site_id": "0003032680546",
        "facilityaddress": "#100 6704 6 ST SW",
        "energy_description": "Natural Gas",
        "year": "2018",
        "month": "Jan",
        "total_consumption": "40",
        "unit": "GJ"
    }
]
Request method:	GET
Request URI:	https://data.calgary.ca/resource/crbp-innf.json?site_id=0003032680546&month=Feb&year=2018&total_consumption=51
Proxy:			<none>
Request params:	<none>
Query params:	<none>
Form params:	<none>
Path params:	<none>
Headers:		Accept=*/*
				Content-Type=application/json
Cookies:		<none>
Multiparts:		<none>
Body:			<none>
[
    {
        "business_unit_desc": "Calgary Housing",
        "facilityname": "#100 6704 6 ST SW",
        "site_id": "0003032680546",
        "facilityaddress": "#100 6704 6 ST SW",
        "energy_description": "Natural Gas",
        "year": "2018",
        "month": "Feb",
        "total_consumption": "51",
        "unit": "GJ"
    }
]
Request method:	GET
Request URI:	https://data.calgary.ca/resource/crbp-innf.json?site_id=0003032680546&month=Mar&year=2018&total_consumption=46
Proxy:			<none>
Request params:	<none>
Query params:	<none>
Form params:	<none>
Path params:	<none>
Headers:		Accept=*/*
				Content-Type=application/json
Cookies:		<none>
Multiparts:		<none>
Body:			<none>
[
    {
        "business_unit_desc": "Calgary Housing",
        "facilityname": "#100 6704 6 ST SW",
        "site_id": "0003032680546",
        "facilityaddress": "#100 6704 6 ST SW",
        "energy_description": "Natural Gas",
        "year": "2018",
        "month": "Mar",
        "total_consumption": "46",
        "unit": "GJ"
    }
]
Request method:	GET
Request URI:	https://data.calgary.ca/resource/crbp-innf.json?site_id=0003032680546&month=Dec&year=2018&total_consumption=61
Proxy:			<none>
Request params:	<none>
Query params:	<none>
Form params:	<none>
Path params:	<none>
Headers:		Accept=*/*
				Content-Type=application/json
Cookies:		<none>
Multiparts:		<none>
Body:			<none>
[
    {
        "business_unit_desc": "Calgary Housing",
        "facilityname": "#100 6704 6 ST SW",
        "site_id": "0003032680546",
        "facilityaddress": "#100 6704 6 ST SW",
        "energy_description": "Natural Gas",
        "year": "2018",
        "month": "Dec",
        "total_consumption": "61",
        "unit": "GJ"
    }
]
Request method:	GET
Request URI:	https://data.calgary.ca/resource/crbp-innf.json?site_id=0003032680546&month=Jan&year=2019&total_consumption=60
Proxy:			<none>
Request params:	<none>
Query params:	<none>
Form params:	<none>
Path params:	<none>
Headers:		Accept=*/*
				Content-Type=application/json
Cookies:		<none>
Multiparts:		<none>
Body:			<none>
[
    {
        "business_unit_desc": "Calgary Housing",
        "facilityname": "#100 6704 6 ST SW",
        "site_id": "0003032680546",
        "facilityaddress": "#100 6704 6 ST SW",
        "energy_description": "Natural Gas",
        "year": "2019",
        "month": "Jan",
        "total_consumption": "60",
        "unit": "GJ"
    }
]
Request method:	GET
Request URI:	https://data.calgary.ca/resource/crbp-innf.json?site_id=0003032680546&month=Feb&year=2019&total_consumption=85
Proxy:			<none>
Request params:	<none>
Query params:	<none>
Form params:	<none>
Path params:	<none>
Headers:		Accept=*/*
				Content-Type=application/json
Cookies:		<none>
Multiparts:		<none>
Body:			<none>
[
    {
        "business_unit_desc": "Calgary Housing",
        "facilityname": "#100 6704 6 ST SW",
        "site_id": "0003032680546",
        "facilityaddress": "#100 6704 6 ST SW",
        "energy_description": "Natural Gas",
        "year": "2019",
        "month": "Feb",
        "total_consumption": "85",
        "unit": "GJ"
    }
]
Request method:	GET
Request URI:	https://data.calgary.ca/resource/crbp-innf.json?site_id=0003032680546&month=Mar&year=2019&total_consumption=61
Proxy:			<none>
Request params:	<none>
Query params:	<none>
Form params:	<none>
Path params:	<none>
Headers:		Accept=*/*
				Content-Type=application/json
Cookies:		<none>
Multiparts:		<none>
Body:			<none>
[
    {
        "business_unit_desc": "Calgary Housing",
        "facilityname": "#100 6704 6 ST SW",
        "site_id": "0003032680546",
        "facilityaddress": "#100 6704 6 ST SW",
        "energy_description": "Natural Gas",
        "year": "2019",
        "month": "Mar",
        "total_consumption": "61",
        "unit": "GJ"
    }
]
Request method:	GET
Request URI:	https://data.calgary.ca/resource/crbp-innf.json?site_id=0003032680546&month=Apr&year=2019&total_consumption=46
Proxy:			<none>
Request params:	<none>
Query params:	<none>
Form params:	<none>
Path params:	<none>
Headers:		Accept=*/*
				Content-Type=application/json
Cookies:		<none>
Multiparts:		<none>
Body:			<none>
[
    {
        "business_unit_desc": "Calgary Housing",
        "facilityname": "#100 6704 6 ST SW",
        "site_id": "0003032680546",
        "facilityaddress": "#100 6704 6 ST SW",
        "energy_description": "Natural Gas",
        "year": "2019",
        "month": "Apr",
        "total_consumption": "46",
        "unit": "GJ"
    }
]
Request method:	GET
Request URI:	https://data.calgary.ca/resource/crbp-innf.json?site_id=0003032680546&month=May&year=2019&total_consumption=32
Proxy:			<none>
Request params:	<none>
Query params:	<none>
Form params:	<none>
Path params:	<none>
Headers:		Accept=*/*
				Content-Type=application/json
Cookies:		<none>
Multiparts:		<none>
Body:			<none>
[
    {
        "business_unit_desc": "Calgary Housing",
        "facilityname": "#100 6704 6 ST SW",
        "site_id": "0003032680546",
        "facilityaddress": "#100 6704 6 ST SW",
        "energy_description": "Natural Gas",
        "year": "2019",
        "month": "May",
        "total_consumption": "32",
        "unit": "GJ"
    }
]
Request method:	GET
Request URI:	https://data.calgary.ca/resource/crbp-innf.json?site_id=0003032680546&month=Jun&year=2019&total_consumption=22
Proxy:			<none>
Request params:	<none>
Query params:	<none>
Form params:	<none>
Path params:	<none>
Headers:		Accept=*/*
				Content-Type=application/json
Cookies:		<none>
Multiparts:		<none>
Body:			<none>
[
    {
        "business_unit_desc": "Calgary Housing",
        "facilityname": "#100 6704 6 ST SW",
        "site_id": "0003032680546",
        "facilityaddress": "#100 6704 6 ST SW",
        "energy_description": "Natural Gas",
        "year": "2019",
        "month": "Jun",
        "total_consumption": "22",
        "unit": "GJ"
    }
]
Request method:	GET
Request URI:	https://data.calgary.ca/resource/crbp-innf.json?site_id=0003032680546&month=Jul&year=2019&total_consumption=17
Proxy:			<none>
Request params:	<none>
Query params:	<none>
Form params:	<none>
Path params:	<none>
Headers:		Accept=*/*
				Content-Type=application/json
Cookies:		<none>
Multiparts:		<none>
Body:			<none>
[
    {
        "business_unit_desc": "Calgary Housing",
        "facilityname": "#100 6704 6 ST SW",
        "site_id": "0003032680546",
        "facilityaddress": "#100 6704 6 ST SW",
        "energy_description": "Natural Gas",
        "year": "2019",
        "month": "Jul",
        "total_consumption": "17",
        "unit": "GJ"
    }
]
Request method:	GET
Request URI:	https://data.calgary.ca/resource/crbp-innf.json?site_id=0003032680546&month=Aug&year=2019&total_consumption=15
Proxy:			<none>
Request params:	<none>
Query params:	<none>
Form params:	<none>
Path params:	<none>
Headers:		Accept=*/*
				Content-Type=application/json
Cookies:		<none>
Multiparts:		<none>
Body:			<none>
[
    {
        "business_unit_desc": "Calgary Housing",
        "facilityname": "#100 6704 6 ST SW",
        "site_id": "0003032680546",
        "facilityaddress": "#100 6704 6 ST SW",
        "energy_description": "Natural Gas",
        "year": "2019",
        "month": "Aug",
        "total_consumption": "15",
        "unit": "GJ"
    }
]
Request method:	GET
Request URI:	https://data.calgary.ca/resource/crbp-innf.json?site_id=0003032680546&month=Sep&year=2019&total_consumption=24
Proxy:			<none>
Request params:	<none>
Query params:	<none>
Form params:	<none>
Path params:	<none>
Headers:		Accept=*/*
				Content-Type=application/json
Cookies:		<none>
Multiparts:		<none>
Body:			<none>
[
    {
        "business_unit_desc": "Calgary Housing",
        "facilityname": "#100 6704 6 ST SW",
        "site_id": "0003032680546",
        "facilityaddress": "#100 6704 6 ST SW",
        "energy_description": "Natural Gas",
        "year": "2019",
        "month": "Sep",
        "total_consumption": "24",
        "unit": "GJ"
    }
]
Request method:	GET
Request URI:	https://data.calgary.ca/resource/crbp-innf.json?site_id=0003032680546&month=Oct&year=2019&total_consumption=46
Proxy:			<none>
Request params:	<none>
Query params:	<none>
Form params:	<none>
Path params:	<none>
Headers:		Accept=*/*
				Content-Type=application/json
Cookies:		<none>
Multiparts:		<none>
Body:			<none>
[
    {
        "business_unit_desc": "Calgary Housing",
        "facilityname": "#100 6704 6 ST SW",
        "site_id": "0003032680546",
        "facilityaddress": "#100 6704 6 ST SW",
        "energy_description": "Natural Gas",
        "year": "2019",
        "month": "Oct",
        "total_consumption": "46",
        "unit": "GJ"
    }
]
Request method:	GET
Request URI:	https://data.calgary.ca/resource/crbp-innf.json?site_id=0003032680546&month=Nov&year=2019&total_consumption=60
Proxy:			<none>
Request params:	<none>
Query params:	<none>
Form params:	<none>
Path params:	<none>
Headers:		Accept=*/*
				Content-Type=application/json
Cookies:		<none>
Multiparts:		<none>
Body:			<none>
[
    {
        "business_unit_desc": "Calgary Housing",
        "facilityname": "#100 6704 6 ST SW",
        "site_id": "0003032680546",
        "facilityaddress": "#100 6704 6 ST SW",
        "energy_description": "Natural Gas",
        "year": "2019",
        "month": "Nov",
        "total_consumption": "60",
        "unit": "GJ"
    }
]
Request method:	GET
Request URI:	https://data.calgary.ca/resource/crbp-innf.json?site_id=0003032680546&month=Dec&year=2019&total_consumption=65
Proxy:			<none>
Request params:	<none>
Query params:	<none>
Form params:	<none>
Path params:	<none>
Headers:		Accept=*/*
				Content-Type=application/json
Cookies:		<none>
Multiparts:		<none>
Body:			<none>
[
    {
        "business_unit_desc": "Calgary Housing",
        "facilityname": "#100 6704 6 ST SW",
        "site_id": "0003032680546",
        "facilityaddress": "#100 6704 6 ST SW",
        "energy_description": "Natural Gas",
        "year": "2019",
        "month": "Dec",
        "total_consumption": "65",
        "unit": "GJ"
    }
]
Request method:	GET
Request URI:	https://data.calgary.ca/resource/crbp-innf.json?site_id=0003032680546&month=Jan&year=2020&total_consumption=81
Proxy:			<none>
Request params:	<none>
Query params:	<none>
Form params:	<none>
Path params:	<none>
Headers:		Accept=*/*
				Content-Type=application/json
Cookies:		<none>
Multiparts:		<none>
Body:			<none>
[
    {
        "business_unit_desc": "Calgary Housing",
        "facilityname": "#100 6704 6 ST SW",
        "site_id": "0003032680546",
        "facilityaddress": "#100 6704 6 ST SW",
        "energy_description": "Natural Gas",
        "year": "2020",
        "month": "Jan",
        "total_consumption": "81",
        "unit": "GJ"
    }
]
Request method:	GET
Request URI:	https://data.calgary.ca/resource/crbp-innf.json?site_id=0003032680546&month=Feb&year=2020&total_consumption=63
Proxy:			<none>
Request params:	<none>
Query params:	<none>
Form params:	<none>
Path params:	<none>
Headers:		Accept=*/*
				Content-Type=application/json
Cookies:		<none>
Multiparts:		<none>
Body:			<none>
[
    {
        "business_unit_desc": "Calgary Housing",
        "facilityname": "#100 6704 6 ST SW",
        "site_id": "0003032680546",
        "facilityaddress": "#100 6704 6 ST SW",
        "energy_description": "Natural Gas",
        "year": "2020",
        "month": "Feb",
        "total_consumption": "63",
        "unit": "GJ"
    }
]
Request method:	GET
Request URI:	https://data.calgary.ca/resource/crbp-innf.json?site_id=0003032680546&month=Mar&year=2020&total_consumption=71
Proxy:			<none>
Request params:	<none>
Query params:	<none>
Form params:	<none>
Path params:	<none>
Headers:		Accept=*/*
				Content-Type=application/json
Cookies:		<none>
Multiparts:		<none>
Body:			<none>
[
    {
        "business_unit_desc": "Calgary Housing",
        "facilityname": "#100 6704 6 ST SW",
        "site_id": "0003032680546",
        "facilityaddress": "#100 6704 6 ST SW",
        "energy_description": "Natural Gas",
        "year": "2020",
        "month": "Mar",
        "total_consumption": "71",
        "unit": "GJ"
    }
]
Request method:	GET
Request URI:	https://data.calgary.ca/resource/crbp-innf.json?site_id=0003032680546&month=Apr&year=2020&total_consumption=53
Proxy:			<none>
Request params:	<none>
Query params:	<none>
Form params:	<none>
Path params:	<none>
Headers:		Accept=*/*
				Content-Type=application/json
Cookies:		<none>
Multiparts:		<none>
Body:			<none>
[
    {
        "business_unit_desc": "Calgary Housing",
        "facilityname": "#100 6704 6 ST SW",
        "site_id": "0003032680546",
        "facilityaddress": "#100 6704 6 ST SW",
        "energy_description": "Natural Gas",
        "year": "2020",
        "month": "Apr",
        "total_consumption": "53",
        "unit": "GJ"
    }
]
Request method:	GET
Request URI:	https://data.calgary.ca/resource/crbp-innf.json?site_id=0003032680546&month=May&year=2020&total_consumption=35
Proxy:			<none>
Request params:	<none>
Query params:	<none>
Form params:	<none>
Path params:	<none>
Headers:		Accept=*/*
				Content-Type=application/json
Cookies:		<none>
Multiparts:		<none>
Body:			<none>
[
    {
        "business_unit_desc": "Calgary Housing",
        "facilityname": "#100 6704 6 ST SW",
        "site_id": "0003032680546",
        "facilityaddress": "#100 6704 6 ST SW",
        "energy_description": "Natural Gas",
        "year": "2020",
        "month": "May",
        "total_consumption": "35",
        "unit": "GJ"
    }
]
Request method:	GET
Request URI:	https://data.calgary.ca/resource/crbp-innf.json?site_id=0003032680546&month=Jun&year=2020&total_consumption=24
Proxy:			<none>
Request params:	<none>
Query params:	<none>
Form params:	<none>
Path params:	<none>
Headers:		Accept=*/*
				Content-Type=application/json
Cookies:		<none>
Multiparts:		<none>
Body:			<none>
[
    {
        "business_unit_desc": "Calgary Housing",
        "facilityname": "#100 6704 6 ST SW",
        "site_id": "0003032680546",
        "facilityaddress": "#100 6704 6 ST SW",
        "energy_description": "Natural Gas",
        "year": "2020",
        "month": "Jun",
        "total_consumption": "24",
        "unit": "GJ"
    }
]
Request method:	GET
Request URI:	https://data.calgary.ca/resource/crbp-innf.json?site_id=0003032680546&month=Jul&year=2020&total_consumption=16
Proxy:			<none>
Request params:	<none>
Query params:	<none>
Form params:	<none>
Path params:	<none>
Headers:		Accept=*/*
				Content-Type=application/json
Cookies:		<none>
Multiparts:		<none>
Body:			<none>
[
    {
        "business_unit_desc": "Calgary Housing",
        "facilityname": "#100 6704 6 ST SW",
        "site_id": "0003032680546",
        "facilityaddress": "#100 6704 6 ST SW",
        "energy_description": "Natural Gas",
        "year": "2020",
        "month": "Jul",
        "total_consumption": "16",
        "unit": "GJ"
    }
]
Request method:	GET
Request URI:	https://data.calgary.ca/resource/crbp-innf.json?site_id=0003032680546&month=Aug&year=2020&total_consumption=13
Proxy:			<none>
Request params:	<none>
Query params:	<none>
Form params:	<none>
Path params:	<none>
Headers:		Accept=*/*
				Content-Type=application/json
Cookies:		<none>
Multiparts:		<none>
Body:			<none>
[
    {
        "business_unit_desc": "Calgary Housing",
        "facilityname": "#100 6704 6 ST SW",
        "site_id": "0003032680546",
        "facilityaddress": "#100 6704 6 ST SW",
        "energy_description": "Natural Gas",
        "year": "2020",
        "month": "Aug",
        "total_consumption": "13",
        "unit": "GJ"
    }
]
Request method:	GET
Request URI:	https://data.calgary.ca/resource/crbp-innf.json?site_id=0003032680546&month=Sep&year=2020&total_consumption=17
Proxy:			<none>
Request params:	<none>
Query params:	<none>
Form params:	<none>
Path params:	<none>
Headers:		Accept=*/*
				Content-Type=application/json
Cookies:		<none>
Multiparts:		<none>
Body:			<none>
[
    {
        "business_unit_desc": "Calgary Housing",
        "facilityname": "#100 6704 6 ST SW",
        "site_id": "0003032680546",
        "facilityaddress": "#100 6704 6 ST SW",
        "energy_description": "Natural Gas",
        "year": "2020",
        "month": "Sep",
        "total_consumption": "17",
        "unit": "GJ"
    }
]
Request method:	GET
Request URI:	https://data.calgary.ca/resource/crbp-innf.json?site_id=0003032680546&month=Oct&year=2020&total_consumption=47
Proxy:			<none>
Request params:	<none>
Query params:	<none>
Form params:	<none>
Path params:	<none>
Headers:		Accept=*/*
				Content-Type=application/json
Cookies:		<none>
Multiparts:		<none>
Body:			<none>
[
    {
        "business_unit_desc": "Calgary Housing",
        "facilityname": "#100 6704 6 ST SW",
        "site_id": "0003032680546",
        "facilityaddress": "#100 6704 6 ST SW",
        "energy_description": "Natural Gas",
        "year": "2020",
        "month": "Oct",
        "total_consumption": "47",
        "unit": "GJ"
    }
]
Request method:	GET
Request URI:	https://data.calgary.ca/resource/crbp-innf.json?site_id=0003032680546&month=Nov&year=2020&total_consumption=59
Proxy:			<none>
Request params:	<none>
Query params:	<none>
Form params:	<none>
Path params:	<none>
Headers:		Accept=*/*
				Content-Type=application/json
Cookies:		<none>
Multiparts:		<none>
Body:			<none>
[
    {
        "business_unit_desc": "Calgary Housing",
        "facilityname": "#100 6704 6 ST SW",
        "site_id": "0003032680546",
        "facilityaddress": "#100 6704 6 ST SW",
        "energy_description": "Natural Gas",
        "year": "2020",
        "month": "Nov",
        "total_consumption": "59",
        "unit": "GJ"
    }
]
Request method:	GET
Request URI:	https://data.calgary.ca/resource/crbp-innf.json?site_id=0003032680546&month=Dec&year=2020&total_consumption=66
Proxy:			<none>
Request params:	<none>
Query params:	<none>
Form params:	<none>
Path params:	<none>
Headers:		Accept=*/*
				Content-Type=application/json
Cookies:		<none>
Multiparts:		<none>
Body:			<none>
[
    {
        "business_unit_desc": "Calgary Housing",
        "facilityname": "#100 6704 6 ST SW",
        "site_id": "0003032680546",
        "facilityaddress": "#100 6704 6 ST SW",
        "energy_description": "Natural Gas",
        "year": "2020",
        "month": "Dec",
        "total_consumption": "66",
        "unit": "GJ"
    }
]
Request method:	GET
Request URI:	https://data.calgary.ca/resource/crbp-innf.json?site_id=0003032680546&month=Jan&year=2021&total_consumption=68
Proxy:			<none>
Request params:	<none>
Query params:	<none>
Form params:	<none>
Path params:	<none>
Headers:		Accept=*/*
				Content-Type=application/json
Cookies:		<none>
Multiparts:		<none>
Body:			<none>
[
    {
        "business_unit_desc": "Calgary Housing",
        "facilityname": "#100 6704 6 ST SW",
        "site_id": "0003032680546",
        "facilityaddress": "#100 6704 6 ST SW",
        "energy_description": "Natural Gas",
        "year": "2021",
        "month": "Jan",
        "total_consumption": "68",
        "unit": "GJ"
    }
]
Request method:	GET
Request URI:	https://data.calgary.ca/resource/crbp-innf.json?site_id=0003032680546&month=Feb&year=2021&total_consumption=72
Proxy:			<none>
Request params:	<none>
Query params:	<none>
Form params:	<none>
Path params:	<none>
Headers:		Accept=*/*
				Content-Type=application/json
Cookies:		<none>
Multiparts:		<none>
Body:			<none>
[
    {
        "business_unit_desc": "Calgary Housing",
        "facilityname": "#100 6704 6 ST SW",
        "site_id": "0003032680546",
        "facilityaddress": "#100 6704 6 ST SW",
        "energy_description": "Natural Gas",
        "year": "2021",
        "month": "Feb",
        "total_consumption": "72",
        "unit": "GJ"
    }
]
Request method:	GET
Request URI:	https://data.calgary.ca/resource/crbp-innf.json?site_id=0003032680546&month=Mar&year=2021&total_consumption=51
Proxy:			<none>
Request params:	<none>
Query params:	<none>
Form params:	<none>
Path params:	<none>
Headers:		Accept=*/*
				Content-Type=application/json
Cookies:		<none>
Multiparts:		<none>
Body:			<none>
[
    {
        "business_unit_desc": "Calgary Housing",
        "facilityname": "#100 6704 6 ST SW",
        "site_id": "0003032680546",
        "facilityaddress": "#100 6704 6 ST SW",
        "energy_description": "Natural Gas",
        "year": "2021",
        "month": "Mar",
        "total_consumption": "51",
        "unit": "GJ"
    }
]
Request method:	GET
Request URI:	https://data.calgary.ca/resource/crbp-innf.json?site_id=0003032680546&month=Apr&year=2021&total_consumption=42
Proxy:			<none>
Request params:	<none>
Query params:	<none>
Form params:	<none>
Path params:	<none>
Headers:		Accept=*/*
				Content-Type=application/json
Cookies:		<none>
Multiparts:		<none>
Body:			<none>
[
    {
        "business_unit_desc": "Calgary Housing",
        "facilityname": "#100 6704 6 ST SW",
        "site_id": "0003032680546",
        "facilityaddress": "#100 6704 6 ST SW",
        "energy_description": "Natural Gas",
        "year": "2021",
        "month": "Apr",
        "total_consumption": "42",
        "unit": "GJ"
    }
]
Request method:	GET
Request URI:	https://data.calgary.ca/resource/crbp-innf.json?site_id=0003032680546&month=May&year=2021&total_consumption=30
Proxy:			<none>
Request params:	<none>
Query params:	<none>
Form params:	<none>
Path params:	<none>
Headers:		Accept=*/*
				Content-Type=application/json
Cookies:		<none>
Multiparts:		<none>
Body:			<none>
[
    {
        "business_unit_desc": "Calgary Housing",
        "facilityname": "#100 6704 6 ST SW",
        "site_id": "0003032680546",
        "facilityaddress": "#100 6704 6 ST SW",
        "energy_description": "Natural Gas",
        "year": "2021",
        "month": "May",
        "total_consumption": "30",
        "unit": "GJ"
    }
]
Request method:	GET
Request URI:	https://data.calgary.ca/resource/crbp-innf.json?site_id=0003032680546&month=Jun&year=2021&total_consumption=17
Proxy:			<none>
Request params:	<none>
Query params:	<none>
Form params:	<none>
Path params:	<none>
Headers:		Accept=*/*
				Content-Type=application/json
Cookies:		<none>
Multiparts:		<none>
Body:			<none>
[
    {
        "business_unit_desc": "Calgary Housing",
        "facilityname": "#100 6704 6 ST SW",
        "site_id": "0003032680546",
        "facilityaddress": "#100 6704 6 ST SW",
        "energy_description": "Natural Gas",
        "year": "2021",
        "month": "Jun",
        "total_consumption": "17",
        "unit": "GJ"
    }
]
Request method:	GET
Request URI:	https://data.calgary.ca/resource/crbp-innf.json?site_id=0003032680546&month=Jul&year=2021&total_consumption=8
Proxy:			<none>
Request params:	<none>
Query params:	<none>
Form params:	<none>
Path params:	<none>
Headers:		Accept=*/*
				Content-Type=application/json
Cookies:		<none>
Multiparts:		<none>
Body:			<none>
[
    {
        "business_unit_desc": "Calgary Housing",
        "facilityname": "#100 6704 6 ST SW",
        "site_id": "0003032680546",
        "facilityaddress": "#100 6704 6 ST SW",
        "energy_description": "Natural Gas",
        "year": "2021",
        "month": "Jul",
        "total_consumption": "8",
        "unit": "GJ"
    }
]
Request method:	GET
Request URI:	https://data.calgary.ca/resource/crbp-innf.json?site_id=0003032680546&month=Aug&year=2021&total_consumption=14
Proxy:			<none>
Request params:	<none>
Query params:	<none>
Form params:	<none>
Path params:	<none>
Headers:		Accept=*/*
				Content-Type=application/json
Cookies:		<none>
Multiparts:		<none>
Body:			<none>
[
    {
        "business_unit_desc": "Calgary Housing",
        "facilityname": "#100 6704 6 ST SW",
        "site_id": "0003032680546",
        "facilityaddress": "#100 6704 6 ST SW",
        "energy_description": "Natural Gas",
        "year": "2021",
        "month": "Aug",
        "total_consumption": "14",
        "unit": "GJ"
    }
]
Request method:	GET
Request URI:	https://data.calgary.ca/resource/crbp-innf.json?site_id=0003032680546&month=Sep&year=2021&total_consumption=18
Proxy:			<none>
Request params:	<none>
Query params:	<none>
Form params:	<none>
Path params:	<none>
Headers:		Accept=*/*
				Content-Type=application/json
Cookies:		<none>
Multiparts:		<none>
Body:			<none>
[
    {
        "business_unit_desc": "Calgary Housing",
        "facilityname": "#100 6704 6 ST SW",
        "site_id": "0003032680546",
        "facilityaddress": "#100 6704 6 ST SW",
        "energy_description": "Natural Gas",
        "year": "2021",
        "month": "Sep",
        "total_consumption": "18",
        "unit": "GJ"
    }
]
Request method:	GET
Request URI:	https://data.calgary.ca/resource/crbp-innf.json?site_id=0003032680546&month=Oct&year=2021&total_consumption=36
Proxy:			<none>
Request params:	<none>
Query params:	<none>
Form params:	<none>
Path params:	<none>
Headers:		Accept=*/*
				Content-Type=application/json
Cookies:		<none>
Multiparts:		<none>
Body:			<none>
[
    {
        "business_unit_desc": "Calgary Housing",
        "facilityname": "#100 6704 6 ST SW",
        "site_id": "0003032680546",
        "facilityaddress": "#100 6704 6 ST SW",
        "energy_description": "Natural Gas",
        "year": "2021",
        "month": "Oct",
        "total_consumption": "36",
        "unit": "GJ"
    }
]
Request method:	GET
Request URI:	https://data.calgary.ca/resource/crbp-innf.json?site_id=0003032680546&month=Nov&year=2021&total_consumption=49
Proxy:			<none>
Request params:	<none>
Query params:	<none>
Form params:	<none>
Path params:	<none>
Headers:		Accept=*/*
				Content-Type=application/json
Cookies:		<none>
Multiparts:		<none>
Body:			<none>
[
    {
        "business_unit_desc": "Calgary Housing",
        "facilityname": "#100 6704 6 ST SW",
        "site_id": "0003032680546",
        "facilityaddress": "#100 6704 6 ST SW",
        "energy_description": "Natural Gas",
        "year": "2021",
        "month": "Nov",
        "total_consumption": "49",
        "unit": "GJ"
    }
]
Request method:	GET
Request URI:	https://data.calgary.ca/resource/crbp-innf.json?site_id=0003032680546&month=Dec&year=2021&total_consumption=86
Proxy:			<none>
Request params:	<none>
Query params:	<none>
Form params:	<none>
Path params:	<none>
Headers:		Accept=*/*
				Content-Type=application/json
Cookies:		<none>
Multiparts:		<none>
Body:			<none>
[
    {
        "business_unit_desc": "Calgary Housing",
        "facilityname": "#100 6704 6 ST SW",
        "site_id": "0003032680546",
        "facilityaddress": "#100 6704 6 ST SW",
        "energy_description": "Natural Gas",
        "year": "2021",
        "month": "Dec",
        "total_consumption": "86",
        "unit": "GJ"
    }
]
Request method:	GET
Request URI:	https://data.calgary.ca/resource/crbp-innf.json?site_id=0003032680546&month=Jan&year=2022&total_consumption=68
Proxy:			<none>
Request params:	<none>
Query params:	<none>
Form params:	<none>
Path params:	<none>
Headers:		Accept=*/*
				Content-Type=application/json
Cookies:		<none>
Multiparts:		<none>
Body:			<none>
[
    {
        "business_unit_desc": "Calgary Housing",
        "facilityname": "#100 6704 6 ST SW",
        "site_id": "0003032680546",
        "facilityaddress": "#100 6704 6 ST SW",
        "energy_description": "Natural Gas",
        "year": "2022",
        "month": "Jan",
        "total_consumption": "68",
        "unit": "GJ"
    }
]
Request method:	GET
Request URI:	https://data.calgary.ca/resource/crbp-innf.json?site_id=0003032680546&month=Feb&year=2022&total_consumption=60
Proxy:			<none>
Request params:	<none>
Query params:	<none>
Form params:	<none>
Path params:	<none>
Headers:		Accept=*/*
				Content-Type=application/json
Cookies:		<none>
Multiparts:		<none>
Body:			<none>
[
    {
        "business_unit_desc": "Calgary Housing",
        "facilityname": "#100 6704 6 ST SW",
        "site_id": "0003032680546",
        "facilityaddress": "#100 6704 6 ST SW",
        "energy_description": "Natural Gas",
        "year": "2022",
        "month": "Feb",
        "total_consumption": "60",
        "unit": "GJ"
    }
]
Request method:	GET
Request URI:	https://data.calgary.ca/resource/crbp-innf.json?site_id=0003032680546&month=Mar&year=2022&total_consumption=60
Proxy:			<none>
Request params:	<none>
Query params:	<none>
Form params:	<none>
Path params:	<none>
Headers:		Accept=*/*
				Content-Type=application/json
Cookies:		<none>
Multiparts:		<none>
Body:			<none>
[
    {
        "business_unit_desc": "Calgary Housing",
        "facilityname": "#100 6704 6 ST SW",
        "site_id": "0003032680546",
        "facilityaddress": "#100 6704 6 ST SW",
        "energy_description": "Natural Gas",
        "year": "2022",
        "month": "Mar",
        "total_consumption": "60",
        "unit": "GJ"
    }
]
Request method:	GET
Request URI:	https://data.calgary.ca/resource/crbp-innf.json?site_id=0003032680546&month=Apr&year=2022&total_consumption=52
Proxy:			<none>
Request params:	<none>
Query params:	<none>
Form params:	<none>
Path params:	<none>
Headers:		Accept=*/*
				Content-Type=application/json
Cookies:		<none>
Multiparts:		<none>
Body:			<none>
[
    {
        "business_unit_desc": "Calgary Housing",
        "facilityname": "#100 6704 6 ST SW",
        "site_id": "0003032680546",
        "facilityaddress": "#100 6704 6 ST SW",
        "energy_description": "Natural Gas",
        "year": "2022",
        "month": "Apr",
        "total_consumption": "52",
        "unit": "GJ"
    }
]
Request method:	GET
Request URI:	https://data.calgary.ca/resource/crbp-innf.json?site_id=0003032680546&month=May&year=2022&total_consumption=36
Proxy:			<none>
Request params:	<none>
Query params:	<none>
Form params:	<none>
Path params:	<none>
Headers:		Accept=*/*
				Content-Type=application/json
Cookies:		<none>
Multiparts:		<none>
Body:			<none>
[
    {
        "business_unit_desc": "Calgary Housing",
        "facilityname": "#100 6704 6 ST SW",
        "site_id": "0003032680546",
        "facilityaddress": "#100 6704 6 ST SW",
        "energy_description": "Natural Gas",
        "year": "2022",
        "month": "May",
        "total_consumption": "36",
        "unit": "GJ"
    }
]
Request method:	GET
Request URI:	https://data.calgary.ca/resource/crbp-innf.json?site_id=0003032680546&month=Jun&year=2022&total_consumption=21
Proxy:			<none>
Request params:	<none>
Query params:	<none>
Form params:	<none>
Path params:	<none>
Headers:		Accept=*/*
				Content-Type=application/json
Cookies:		<none>
Multiparts:		<none>
Body:			<none>
[
    {
        "business_unit_desc": "Calgary Housing",
        "facilityname": "#100 6704 6 ST SW",
        "site_id": "0003032680546",
        "facilityaddress": "#100 6704 6 ST SW",
        "energy_description": "Natural Gas",
        "year": "2022",
        "month": "Jun",
        "total_consumption": "21",
        "unit": "GJ"
    }
]
Request method:	GET
Request URI:	https://data.calgary.ca/resource/crbp-innf.json?site_id=0003032680546&month=Jul&year=2022&total_consumption=0
Proxy:			<none>
Request params:	<none>
Query params:	<none>
Form params:	<none>
Path params:	<none>
Headers:		Accept=*/*
				Content-Type=application/json
Cookies:		<none>
Multiparts:		<none>
Body:			<none>
[
    {
        "business_unit_desc": "Calgary Housing",
        "facilityname": "#100 6704 6 ST SW",
        "site_id": "0003032680546",
        "facilityaddress": "#100 6704 6 ST SW",
        "energy_description": "Natural Gas",
        "year": "2022",
        "month": "Jul",
        "total_consumption": "0",
        "unit": "GJ"
    }
]
Request method:	GET
Request URI:	https://data.calgary.ca/resource/crbp-innf.json?site_id=0003032680546&month=Aug&year=2022&total_consumption=12
Proxy:			<none>
Request params:	<none>
Query params:	<none>
Form params:	<none>
Path params:	<none>
Headers:		Accept=*/*
				Content-Type=application/json
Cookies:		<none>
Multiparts:		<none>
Body:			<none>
[
    {
        "business_unit_desc": "Calgary Housing",
        "facilityname": "#100 6704 6 ST SW",
        "site_id": "0003032680546",
        "facilityaddress": "#100 6704 6 ST SW",
        "energy_description": "Natural Gas",
        "year": "2022",
        "month": "Aug",
        "total_consumption": "12",
        "unit": "GJ"
    }
]
Request method:	GET
Request URI:	https://data.calgary.ca/resource/crbp-innf.json?site_id=0003032680546&month=Sep&year=2022&total_consumption=16
Proxy:			<none>
Request params:	<none>
Query params:	<none>
Form params:	<none>
Path params:	<none>
Headers:		Accept=*/*
				Content-Type=application/json
Cookies:		<none>
Multiparts:		<none>
Body:			<none>
[
    {
        "business_unit_desc": "Calgary Housing",
        "facilityname": "#100 6704 6 ST SW",
        "site_id": "0003032680546",
        "facilityaddress": "#100 6704 6 ST SW",
        "energy_description": "Natural Gas",
        "year": "2022",
        "month": "Sep",
        "total_consumption": "16",
        "unit": "GJ"
    }
]
Request method:	GET
Request URI:	https://data.calgary.ca/resource/crbp-innf.json?site_id=0003032680546&month=Oct&year=2022&total_consumption=30
Proxy:			<none>
Request params:	<none>
Query params:	<none>
Form params:	<none>
Path params:	<none>
Headers:		Accept=*/*
				Content-Type=application/json
Cookies:		<none>
Multiparts:		<none>
Body:			<none>
[
    {
        "business_unit_desc": "Calgary Housing",
        "facilityname": "#100 6704 6 ST SW",
        "site_id": "0003032680546",
        "facilityaddress": "#100 6704 6 ST SW",
        "energy_description": "Natural Gas",
        "year": "2022",
        "month": "Oct",
        "total_consumption": "30",
        "unit": "GJ"
    }
]
Request method:	GET
Request URI:	https://data.calgary.ca/resource/crbp-innf.json?site_id=0003032680546&month=Nov&year=2022&total_consumption=65
Proxy:			<none>
Request params:	<none>
Query params:	<none>
Form params:	<none>
Path params:	<none>
Headers:		Accept=*/*
				Content-Type=application/json
Cookies:		<none>
Multiparts:		<none>
Body:			<none>
[
    {
        "business_unit_desc": "Calgary Housing",
        "facilityname": "#100 6704 6 ST SW",
        "site_id": "0003032680546",
        "facilityaddress": "#100 6704 6 ST SW",
        "energy_description": "Natural Gas",
        "year": "2022",
        "month": "Nov",
        "total_consumption": "65",
        "unit": "GJ"
    }
]
Request method:	GET
Request URI:	https://data.calgary.ca/resource/crbp-innf.json?site_id=0003659409213&month=Dec&year=2018&total_consumption=17
Proxy:			<none>
Request params:	<none>
Query params:	<none>
Form params:	<none>
Path params:	<none>
Headers:		Accept=*/*
				Content-Type=application/json
Cookies:		<none>
Multiparts:		<none>
Body:			<none>
[
    {
        "business_unit_desc": "Calgary Housing",
        "facilityname": "100 FALCHURCH CR NE HOUSING",
        "site_id": "0003659409213",
        "facilityaddress": "100 FALCHURCH CR NE",
        "energy_description": "Natural Gas",
        "year": "2018",
        "month": "Dec",
        "total_consumption": "17",
        "unit": "GJ"
    }
]
Request method:	GET
Request URI:	https://data.calgary.ca/resource/crbp-innf.json?site_id=0003659409213&month=Jan&year=2019&total_consumption=18
Proxy:			<none>
Request params:	<none>
Query params:	<none>
Form params:	<none>
Path params:	<none>
Headers:		Accept=*/*
				Content-Type=application/json
Cookies:		<none>
Multiparts:		<none>
Body:			<none>
[
    {
        "business_unit_desc": "Calgary Housing",
        "facilityname": "100 FALCHURCH CR NE HOUSING",
        "site_id": "0003659409213",
        "facilityaddress": "100 FALCHURCH CR NE",
        "energy_description": "Natural Gas",
        "year": "2019",
        "month": "Jan",
        "total_consumption": "18",
        "unit": "GJ"
    }
]
Request method:	GET
Request URI:	https://data.calgary.ca/resource/crbp-innf.json?site_id=0003659409213&month=Feb&year=2019&total_consumption=25
Proxy:			<none>
Request params:	<none>
Query params:	<none>
Form params:	<none>
Path params:	<none>
Headers:		Accept=*/*
				Content-Type=application/json
Cookies:		<none>
Multiparts:		<none>
Body:			<none>
[
    {
        "business_unit_desc": "Calgary Housing",
        "facilityname": "100 FALCHURCH CR NE HOUSING",
        "site_id": "0003659409213",
        "facilityaddress": "100 FALCHURCH CR NE",
        "energy_description": "Natural Gas",
        "year": "2019",
        "month": "Feb",
        "total_consumption": "25",
        "unit": "GJ"
    }
]
Request method:	GET
Request URI:	https://data.calgary.ca/resource/crbp-innf.json?site_id=0003659409213&month=Mar&year=2019&total_consumption=15
Proxy:			<none>
Request params:	<none>
Query params:	<none>
Form params:	<none>
Path params:	<none>
Headers:		Accept=*/*
				Content-Type=application/json
Cookies:		<none>
Multiparts:		<none>
Body:			<none>
[
    {
        "business_unit_desc": "Calgary Housing",
        "facilityname": "100 FALCHURCH CR NE HOUSING",
        "site_id": "0003659409213",
        "facilityaddress": "100 FALCHURCH CR NE",
        "energy_description": "Natural Gas",
        "year": "2019",
        "month": "Mar",
        "total_consumption": "15",
        "unit": "GJ"
    }
]
Request method:	GET
Request URI:	https://data.calgary.ca/resource/crbp-innf.json?site_id=0003659409213&month=Apr&year=2019&total_consumption=10
Proxy:			<none>
Request params:	<none>
Query params:	<none>
Form params:	<none>
Path params:	<none>
Headers:		Accept=*/*
				Content-Type=application/json
Cookies:		<none>
Multiparts:		<none>
Body:			<none>
[
    {
        "business_unit_desc": "Calgary Housing",
        "facilityname": "100 FALCHURCH CR NE HOUSING",
        "site_id": "0003659409213",
        "facilityaddress": "100 FALCHURCH CR NE",
        "energy_description": "Natural Gas",
        "year": "2019",
        "month": "Apr",
        "total_consumption": "10",
        "unit": "GJ"
    }
]
Request method:	GET
Request URI:	https://data.calgary.ca/resource/crbp-innf.json?site_id=0003659409213&month=May&year=2019&total_consumption=7
Proxy:			<none>
Request params:	<none>
Query params:	<none>
Form params:	<none>
Path params:	<none>
Headers:		Accept=*/*
				Content-Type=application/json
Cookies:		<none>
Multiparts:		<none>
Body:			<none>
[
    {
        "business_unit_desc": "Calgary Housing",
        "facilityname": "100 FALCHURCH CR NE HOUSING",
        "site_id": "0003659409213",
        "facilityaddress": "100 FALCHURCH CR NE",
        "energy_description": "Natural Gas",
        "year": "2019",
        "month": "May",
        "total_consumption": "7",
        "unit": "GJ"
    }
]
Request method:	GET
Request URI:	https://data.calgary.ca/resource/crbp-innf.json?site_id=0003659409213&month=Jun&year=2019&total_consumption=5
Proxy:			<none>
Request params:	<none>
Query params:	<none>
Form params:	<none>
Path params:	<none>
Headers:		Accept=*/*
				Content-Type=application/json
Cookies:		<none>
Multiparts:		<none>
Body:			<none>
[
    {
        "business_unit_desc": "Calgary Housing",
        "facilityname": "100 FALCHURCH CR NE HOUSING",
        "site_id": "0003659409213",
        "facilityaddress": "100 FALCHURCH CR NE",
        "energy_description": "Natural Gas",
        "year": "2019",
        "month": "Jun",
        "total_consumption": "5",
        "unit": "GJ"
    }
]
Request method:	GET
Request URI:	https://data.calgary.ca/resource/crbp-innf.json?site_id=0003659409213&month=Jul&year=2019&total_consumption=5
Proxy:			<none>
Request params:	<none>
Query params:	<none>
Form params:	<none>
Path params:	<none>
Headers:		Accept=*/*
				Content-Type=application/json
Cookies:		<none>
Multiparts:		<none>
Body:			<none>
[
    {
        "business_unit_desc": "Calgary Housing",
        "facilityname": "100 FALCHURCH CR NE HOUSING",
        "site_id": "0003659409213",
        "facilityaddress": "100 FALCHURCH CR NE",
        "energy_description": "Natural Gas",
        "year": "2019",
        "month": "Jul",
        "total_consumption": "5",
        "unit": "GJ"
    }
]
Request method:	GET
Request URI:	https://data.calgary.ca/resource/crbp-innf.json?site_id=0003659409213&month=Aug&year=2019&total_consumption=4
Proxy:			<none>
Request params:	<none>
Query params:	<none>
Form params:	<none>
Path params:	<none>
Headers:		Accept=*/*
				Content-Type=application/json
Cookies:		<none>
Multiparts:		<none>
Body:			<none>
[
    {
        "business_unit_desc": "Calgary Housing",
        "facilityname": "100 FALCHURCH CR NE HOUSING",
        "site_id": "0003659409213",
        "facilityaddress": "100 FALCHURCH CR NE",
        "energy_description": "Natural Gas",
        "year": "2019",
        "month": "Aug",
        "total_consumption": "4",
        "unit": "GJ"
    }
]
Request method:	GET
Request URI:	https://data.calgary.ca/resource/crbp-innf.json?site_id=0003659409213&month=Sep&year=2019&total_consumption=7
Proxy:			<none>
Request params:	<none>
Query params:	<none>
Form params:	<none>
Path params:	<none>
Headers:		Accept=*/*
				Content-Type=application/json
Cookies:		<none>
Multiparts:		<none>
Body:			<none>
[
    {
        "business_unit_desc": "Calgary Housing",
        "facilityname": "100 FALCHURCH CR NE HOUSING",
        "site_id": "0003659409213",
        "facilityaddress": "100 FALCHURCH CR NE",
        "energy_description": "Natural Gas",
        "year": "2019",
        "month": "Sep",
        "total_consumption": "7",
        "unit": "GJ"
    }
]
Request method:	GET
Request URI:	https://data.calgary.ca/resource/crbp-innf.json?site_id=0003659409213&month=Oct&year=2019&total_consumption=14
Proxy:			<none>
Request params:	<none>
Query params:	<none>
Form params:	<none>
Path params:	<none>
Headers:		Accept=*/*
				Content-Type=application/json
Cookies:		<none>
Multiparts:		<none>
Body:			<none>
[
    {
        "business_unit_desc": "Calgary Housing",
        "facilityname": "100 FALCHURCH CR NE HOUSING",
        "site_id": "0003659409213",
        "facilityaddress": "100 FALCHURCH CR NE",
        "energy_description": "Natural Gas",
        "year": "2019",
        "month": "Oct",
        "total_consumption": "14",
        "unit": "GJ"
    }
]
Request method:	GET
Request URI:	https://data.calgary.ca/resource/crbp-innf.json?site_id=0003659409213&month=Nov&year=2019&total_consumption=15
Proxy:			<none>
Request params:	<none>
Query params:	<none>
Form params:	<none>
Path params:	<none>
Headers:		Accept=*/*
				Content-Type=application/json
Cookies:		<none>
Multiparts:		<none>
Body:			<none>
[
    {
        "business_unit_desc": "Calgary Housing",
        "facilityname": "100 FALCHURCH CR NE HOUSING",
        "site_id": "0003659409213",
        "facilityaddress": "100 FALCHURCH CR NE",
        "energy_description": "Natural Gas",
        "year": "2019",
        "month": "Nov",
        "total_consumption": "15",
        "unit": "GJ"
    }
]
Request method:	GET
Request URI:	https://data.calgary.ca/resource/crbp-innf.json?site_id=0003659409213&month=Dec&year=2019&total_consumption=17
Proxy:			<none>
Request params:	<none>
Query params:	<none>
Form params:	<none>
Path params:	<none>
Headers:		Accept=*/*
				Content-Type=application/json
Cookies:		<none>
Multiparts:		<none>
Body:			<none>
[
    {
        "business_unit_desc": "Calgary Housing",
        "facilityname": "100 FALCHURCH CR NE HOUSING",
        "site_id": "0003659409213",
        "facilityaddress": "100 FALCHURCH CR NE",
        "energy_description": "Natural Gas",
        "year": "2019",
        "month": "Dec",
        "total_consumption": "17",
        "unit": "GJ"
    }
]
Request method:	GET
Request URI:	https://data.calgary.ca/resource/crbp-innf.json?site_id=0003659409213&month=Jan&year=2020&total_consumption=20
Proxy:			<none>
Request params:	<none>
Query params:	<none>
Form params:	<none>
Path params:	<none>
Headers:		Accept=*/*
				Content-Type=application/json
Cookies:		<none>
Multiparts:		<none>
Body:			<none>
[
    {
        "business_unit_desc": "Calgary Housing",
        "facilityname": "100 FALCHURCH CR NE HOUSING",
        "site_id": "0003659409213",
        "facilityaddress": "100 FALCHURCH CR NE",
        "energy_description": "Natural Gas",
        "year": "2020",
        "month": "Jan",
        "total_consumption": "20",
        "unit": "GJ"
    }
]
Request method:	GET
Request URI:	https://data.calgary.ca/resource/crbp-innf.json?site_id=0003659409213&month=Feb&year=2020&total_consumption=16
Proxy:			<none>
Request params:	<none>
Query params:	<none>
Form params:	<none>
Path params:	<none>
Headers:		Accept=*/*
				Content-Type=application/json
Cookies:		<none>
Multiparts:		<none>
Body:			<none>
[
    {
        "business_unit_desc": "Calgary Housing",
        "facilityname": "100 FALCHURCH CR NE HOUSING",
        "site_id": "0003659409213",
        "facilityaddress": "100 FALCHURCH CR NE",
        "energy_description": "Natural Gas",
        "year": "2020",
        "month": "Feb",
        "total_consumption": "16",
        "unit": "GJ"
    }
]
Request method:	GET
Request URI:	https://data.calgary.ca/resource/crbp-innf.json?site_id=0003659409213&month=Mar&year=2020&total_consumption=17
Proxy:			<none>
Request params:	<none>
Query params:	<none>
Form params:	<none>
Path params:	<none>
Headers:		Accept=*/*
				Content-Type=application/json
Cookies:		<none>
Multiparts:		<none>
Body:			<none>
[
    {
        "business_unit_desc": "Calgary Housing",
        "facilityname": "100 FALCHURCH CR NE HOUSING",
        "site_id": "0003659409213",
        "facilityaddress": "100 FALCHURCH CR NE",
        "energy_description": "Natural Gas",
        "year": "2020",
        "month": "Mar",
        "total_consumption": "17",
        "unit": "GJ"
    }
]
Request method:	GET
Request URI:	https://data.calgary.ca/resource/crbp-innf.json?site_id=0003659409213&month=Apr&year=2020&total_consumption=13
Proxy:			<none>
Request params:	<none>
Query params:	<none>
Form params:	<none>
Path params:	<none>
Headers:		Accept=*/*
				Content-Type=application/json
Cookies:		<none>
Multiparts:		<none>
Body:			<none>
[
    {
        "business_unit_desc": "Calgary Housing",
        "facilityname": "100 FALCHURCH CR NE HOUSING",
        "site_id": "0003659409213",
        "facilityaddress": "100 FALCHURCH CR NE",
        "energy_description": "Natural Gas",
        "year": "2020",
        "month": "Apr",
        "total_consumption": "13",
        "unit": "GJ"
    }
]
Request method:	GET
Request URI:	https://data.calgary.ca/resource/crbp-innf.json?site_id=0003659409213&month=May&year=2020&total_consumption=8
Proxy:			<none>
Request params:	<none>
Query params:	<none>
Form params:	<none>
Path params:	<none>
Headers:		Accept=*/*
				Content-Type=application/json
Cookies:		<none>
Multiparts:		<none>
Body:			<none>
[
    {
        "business_unit_desc": "Calgary Housing",
        "facilityname": "100 FALCHURCH CR NE HOUSING",
        "site_id": "0003659409213",
        "facilityaddress": "100 FALCHURCH CR NE",
        "energy_description": "Natural Gas",
        "year": "2020",
        "month": "May",
        "total_consumption": "8",
        "unit": "GJ"
    }
]
Request method:	GET
Request URI:	https://data.calgary.ca/resource/crbp-innf.json?site_id=0003659409213&month=Jun&year=2020&total_consumption=5
Proxy:			<none>
Request params:	<none>
Query params:	<none>
Form params:	<none>
Path params:	<none>
Headers:		Accept=*/*
				Content-Type=application/json
Cookies:		<none>
Multiparts:		<none>
Body:			<none>
[
    {
        "business_unit_desc": "Calgary Housing",
        "facilityname": "100 FALCHURCH CR NE HOUSING",
        "site_id": "0003659409213",
        "facilityaddress": "100 FALCHURCH CR NE",
        "energy_description": "Natural Gas",
        "year": "2020",
        "month": "Jun",
        "total_consumption": "5",
        "unit": "GJ"
    }
]
Request method:	GET
Request URI:	https://data.calgary.ca/resource/crbp-innf.json?site_id=0003659409213&month=Jul&year=2020&total_consumption=3
Proxy:			<none>
Request params:	<none>
Query params:	<none>
Form params:	<none>
Path params:	<none>
Headers:		Accept=*/*
				Content-Type=application/json
Cookies:		<none>
Multiparts:		<none>
Body:			<none>
[
    {
        "business_unit_desc": "Calgary Housing",
        "facilityname": "100 FALCHURCH CR NE HOUSING",
        "site_id": "0003659409213",
        "facilityaddress": "100 FALCHURCH CR NE",
        "energy_description": "Natural Gas",
        "year": "2020",
        "month": "Jul",
        "total_consumption": "3",
        "unit": "GJ"
    }
]
Request method:	GET
Request URI:	https://data.calgary.ca/resource/crbp-innf.json?site_id=0003659409213&month=Aug&year=2020&total_consumption=3
Proxy:			<none>
Request params:	<none>
Query params:	<none>
Form params:	<none>
Path params:	<none>
Headers:		Accept=*/*
				Content-Type=application/json
Cookies:		<none>
Multiparts:		<none>
Body:			<none>
[
    {
        "business_unit_desc": "Calgary Housing",
        "facilityname": "100 FALCHURCH CR NE HOUSING",
        "site_id": "0003659409213",
        "facilityaddress": "100 FALCHURCH CR NE",
        "energy_description": "Natural Gas",
        "year": "2020",
        "month": "Aug",
        "total_consumption": "3",
        "unit": "GJ"
    }
]
Request method:	GET
Request URI:	https://data.calgary.ca/resource/crbp-innf.json?site_id=0003659409213&month=Sep&year=2020&total_consumption=5
Proxy:			<none>
Request params:	<none>
Query params:	<none>
Form params:	<none>
Path params:	<none>
Headers:		Accept=*/*
				Content-Type=application/json
Cookies:		<none>
Multiparts:		<none>
Body:			<none>
[
    {
        "business_unit_desc": "Calgary Housing",
        "facilityname": "100 FALCHURCH CR NE HOUSING",
        "site_id": "0003659409213",
        "facilityaddress": "100 FALCHURCH CR NE",
        "energy_description": "Natural Gas",
        "year": "2020",
        "month": "Sep",
        "total_consumption": "5",
        "unit": "GJ"
    }
]
Request method:	GET
Request URI:	https://data.calgary.ca/resource/crbp-innf.json?site_id=0003659409213&month=Oct&year=2020&total_consumption=11
Proxy:			<none>
Request params:	<none>
Query params:	<none>
Form params:	<none>
Path params:	<none>
Headers:		Accept=*/*
				Content-Type=application/json
Cookies:		<none>
Multiparts:		<none>
Body:			<none>
[
    {
        "business_unit_desc": "Calgary Housing",
        "facilityname": "100 FALCHURCH CR NE HOUSING",
        "site_id": "0003659409213",
        "facilityaddress": "100 FALCHURCH CR NE",
        "energy_description": "Natural Gas",
        "year": "2020",
        "month": "Oct",
        "total_consumption": "11",
        "unit": "GJ"
    }
]
Request method:	GET
Request URI:	https://data.calgary.ca/resource/crbp-innf.json?site_id=0003659409213&month=Nov&year=2020&total_consumption=14
Proxy:			<none>
Request params:	<none>
Query params:	<none>
Form params:	<none>
Path params:	<none>
Headers:		Accept=*/*
				Content-Type=application/json
Cookies:		<none>
Multiparts:		<none>
Body:			<none>
[
    {
        "business_unit_desc": "Calgary Housing",
        "facilityname": "100 FALCHURCH CR NE HOUSING",
        "site_id": "0003659409213",
        "facilityaddress": "100 FALCHURCH CR NE",
        "energy_description": "Natural Gas",
        "year": "2020",
        "month": "Nov",
        "total_consumption": "14",
        "unit": "GJ"
    }
]
Request method:	GET
Request URI:	https://data.calgary.ca/resource/crbp-innf.json?site_id=0003659409213&month=Dec&year=2020&total_consumption=16
Proxy:			<none>
Request params:	<none>
Query params:	<none>
Form params:	<none>
Path params:	<none>
Headers:		Accept=*/*
				Content-Type=application/json
Cookies:		<none>
Multiparts:		<none>
Body:			<none>
[
    {
        "business_unit_desc": "Calgary Housing",
        "facilityname": "100 FALCHURCH CR NE HOUSING",
        "site_id": "0003659409213",
        "facilityaddress": "100 FALCHURCH CR NE",
        "energy_description": "Natural Gas",
        "year": "2020",
        "month": "Dec",
        "total_consumption": "16",
        "unit": "GJ"
    }
]
Request method:	GET
Request URI:	https://data.calgary.ca/resource/crbp-innf.json?site_id=0003659409213&month=Jan&year=2021&total_consumption=16
Proxy:			<none>
Request params:	<none>
Query params:	<none>
Form params:	<none>
Path params:	<none>
Headers:		Accept=*/*
				Content-Type=application/json
Cookies:		<none>
Multiparts:		<none>
Body:			<none>
[
    {
        "business_unit_desc": "Calgary Housing",
        "facilityname": "100 FALCHURCH CR NE HOUSING",
        "site_id": "0003659409213",
        "facilityaddress": "100 FALCHURCH CR NE",
        "energy_description": "Natural Gas",
        "year": "2021",
        "month": "Jan",
        "total_consumption": "16",
        "unit": "GJ"
    }
]
Request method:	GET
Request URI:	https://data.calgary.ca/resource/crbp-innf.json?site_id=0003659409213&month=Feb&year=2021&total_consumption=19
Proxy:			<none>
Request params:	<none>
Query params:	<none>
Form params:	<none>
Path params:	<none>
Headers:		Accept=*/*
				Content-Type=application/json
Cookies:		<none>
Multiparts:		<none>
Body:			<none>
[
    {
        "business_unit_desc": "Calgary Housing",
        "facilityname": "100 FALCHURCH CR NE HOUSING",
        "site_id": "0003659409213",
        "facilityaddress": "100 FALCHURCH CR NE",
        "energy_description": "Natural Gas",
        "year": "2021",
        "month": "Feb",
        "total_consumption": "19",
        "unit": "GJ"
    }
]
Request method:	GET
Request URI:	https://data.calgary.ca/resource/crbp-innf.json?site_id=0003659409213&month=Mar&year=2021&total_consumption=12
Proxy:			<none>
Request params:	<none>
Query params:	<none>
Form params:	<none>
Path params:	<none>
Headers:		Accept=*/*
				Content-Type=application/json
Cookies:		<none>
Multiparts:		<none>
Body:			<none>
[
    {
        "business_unit_desc": "Calgary Housing",
        "facilityname": "100 FALCHURCH CR NE HOUSING",
        "site_id": "0003659409213",
        "facilityaddress": "100 FALCHURCH CR NE",
        "energy_description": "Natural Gas",
        "year": "2021",
        "month": "Mar",
        "total_consumption": "12",
        "unit": "GJ"
    }
]
Request method:	GET
Request URI:	https://data.calgary.ca/resource/crbp-innf.json?site_id=0003659409213&month=Apr&year=2021&total_consumption=9
Proxy:			<none>
Request params:	<none>
Query params:	<none>
Form params:	<none>
Path params:	<none>
Headers:		Accept=*/*
				Content-Type=application/json
Cookies:		<none>
Multiparts:		<none>
Body:			<none>
[
    {
        "business_unit_desc": "Calgary Housing",
        "facilityname": "100 FALCHURCH CR NE HOUSING",
        "site_id": "0003659409213",
        "facilityaddress": "100 FALCHURCH CR NE",
        "energy_description": "Natural Gas",
        "year": "2021",
        "month": "Apr",
        "total_consumption": "9",
        "unit": "GJ"
    }
]
Request method:	GET
Request URI:	https://data.calgary.ca/resource/crbp-innf.json?site_id=0003659409213&month=May&year=2021&total_consumption=6
Proxy:			<none>
Request params:	<none>
Query params:	<none>
Form params:	<none>
Path params:	<none>
Headers:		Accept=*/*
				Content-Type=application/json
Cookies:		<none>
Multiparts:		<none>
Body:			<none>
[
    {
        "business_unit_desc": "Calgary Housing",
        "facilityname": "100 FALCHURCH CR NE HOUSING",
        "site_id": "0003659409213",
        "facilityaddress": "100 FALCHURCH CR NE",
        "energy_description": "Natural Gas",
        "year": "2021",
        "month": "May",
        "total_consumption": "6",
        "unit": "GJ"
    }
]
Request method:	GET
Request URI:	https://data.calgary.ca/resource/crbp-innf.json?site_id=0003659409213&month=Jun&year=2021&total_consumption=4
Proxy:			<none>
Request params:	<none>
Query params:	<none>
Form params:	<none>
Path params:	<none>
Headers:		Accept=*/*
				Content-Type=application/json
Cookies:		<none>
Multiparts:		<none>
Body:			<none>
[
    {
        "business_unit_desc": "Calgary Housing",
        "facilityname": "100 FALCHURCH CR NE HOUSING",
        "site_id": "0003659409213",
        "facilityaddress": "100 FALCHURCH CR NE",
        "energy_description": "Natural Gas",
        "year": "2021",
        "month": "Jun",
        "total_consumption": "4",
        "unit": "GJ"
    }
]
Request method:	GET
Request URI:	https://data.calgary.ca/resource/crbp-innf.json?site_id=0003659409213&month=Jul&year=2021&total_consumption=3
Proxy:			<none>
Request params:	<none>
Query params:	<none>
Form params:	<none>
Path params:	<none>
Headers:		Accept=*/*
				Content-Type=application/json
Cookies:		<none>
Multiparts:		<none>
Body:			<none>
[
    {
        "business_unit_desc": "Calgary Housing",
        "facilityname": "100 FALCHURCH CR NE HOUSING",
        "site_id": "0003659409213",
        "facilityaddress": "100 FALCHURCH CR NE",
        "energy_description": "Natural Gas",
        "year": "2021",
        "month": "Jul",
        "total_consumption": "3",
        "unit": "GJ"
    }
]
Request method:	GET
Request URI:	https://data.calgary.ca/resource/crbp-innf.json?site_id=0003659409213&month=Aug&year=2021&total_consumption=4
Proxy:			<none>
Request params:	<none>
Query params:	<none>
Form params:	<none>
Path params:	<none>
Headers:		Accept=*/*
				Content-Type=application/json
Cookies:		<none>
Multiparts:		<none>
Body:			<none>
[
    {
        "business_unit_desc": "Calgary Housing",
        "facilityname": "100 FALCHURCH CR NE HOUSING",
        "site_id": "0003659409213",
        "facilityaddress": "100 FALCHURCH CR NE",
        "energy_description": "Natural Gas",
        "year": "2021",
        "month": "Aug",
        "total_consumption": "4",
        "unit": "GJ"
    }
]
Request method:	GET
Request URI:	https://data.calgary.ca/resource/crbp-innf.json?site_id=0003659409213&month=Sep&year=2021&total_consumption=5
Proxy:			<none>
Request params:	<none>
Query params:	<none>
Form params:	<none>
Path params:	<none>
Headers:		Accept=*/*
				Content-Type=application/json
Cookies:		<none>
Multiparts:		<none>
Body:			<none>
[
    {
        "business_unit_desc": "Calgary Housing",
        "facilityname": "100 FALCHURCH CR NE HOUSING",
        "site_id": "0003659409213",
        "facilityaddress": "100 FALCHURCH CR NE",
        "energy_description": "Natural Gas",
        "year": "2021",
        "month": "Sep",
        "total_consumption": "5",
        "unit": "GJ"
    }
]
Request method:	GET
Request URI:	https://data.calgary.ca/resource/crbp-innf.json?site_id=0003659409213&month=Oct&year=2021&total_consumption=11
Proxy:			<none>
Request params:	<none>
Query params:	<none>
Form params:	<none>
Path params:	<none>
Headers:		Accept=*/*
				Content-Type=application/json
Cookies:		<none>
Multiparts:		<none>
Body:			<none>
[
    {
        "business_unit_desc": "Calgary Housing",
        "facilityname": "100 FALCHURCH CR NE HOUSING",
        "site_id": "0003659409213",
        "facilityaddress": "100 FALCHURCH CR NE",
        "energy_description": "Natural Gas",
        "year": "2021",
        "month": "Oct",
        "total_consumption": "11",
        "unit": "GJ"
    }
]
Request method:	GET
Request URI:	https://data.calgary.ca/resource/crbp-innf.json?site_id=0003659409213&month=Nov&year=2021&total_consumption=13
Proxy:			<none>
Request params:	<none>
Query params:	<none>
Form params:	<none>
Path params:	<none>
Headers:		Accept=*/*
				Content-Type=application/json
Cookies:		<none>
Multiparts:		<none>
Body:			<none>
[
    {
        "business_unit_desc": "Calgary Housing",
        "facilityname": "100 FALCHURCH CR NE HOUSING",
        "site_id": "0003659409213",
        "facilityaddress": "100 FALCHURCH CR NE",
        "energy_description": "Natural Gas",
        "year": "2021",
        "month": "Nov",
        "total_consumption": "13",
        "unit": "GJ"
    }
]
Request method:	GET
Request URI:	https://data.calgary.ca/resource/crbp-innf.json?site_id=0003659409213&month=Dec&year=2021&total_consumption=24
Proxy:			<none>
Request params:	<none>
Query params:	<none>
Form params:	<none>
Path params:	<none>
Headers:		Accept=*/*
				Content-Type=application/json
Cookies:		<none>
Multiparts:		<none>
Body:			<none>
[
    {
        "business_unit_desc": "Calgary Housing",
        "facilityname": "100 FALCHURCH CR NE HOUSING",
        "site_id": "0003659409213",
        "facilityaddress": "100 FALCHURCH CR NE",
        "energy_description": "Natural Gas",
        "year": "2021",
        "month": "Dec",
        "total_consumption": "24",
        "unit": "GJ"
    }
]
Request method:	GET
Request URI:	https://data.calgary.ca/resource/crbp-innf.json?site_id=0003659409213&month=Jan&year=2022&total_consumption=20
Proxy:			<none>
Request params:	<none>
Query params:	<none>
Form params:	<none>
Path params:	<none>
Headers:		Accept=*/*
				Content-Type=application/json
Cookies:		<none>
Multiparts:		<none>
Body:			<none>
[
    {
        "business_unit_desc": "Calgary Housing",
        "facilityname": "100 FALCHURCH CR NE HOUSING",
        "site_id": "0003659409213",
        "facilityaddress": "100 FALCHURCH CR NE",
        "energy_description": "Natural Gas",
        "year": "2022",
        "month": "Jan",
        "total_consumption": "20",
        "unit": "GJ"
    }
]
Request method:	GET
Request URI:	https://data.calgary.ca/resource/crbp-innf.json?site_id=0003659409213&month=Feb&year=2022&total_consumption=16
Proxy:			<none>
Request params:	<none>
Query params:	<none>
Form params:	<none>
Path params:	<none>
Headers:		Accept=*/*
				Content-Type=application/json
Cookies:		<none>
Multiparts:		<none>
Body:			<none>
[
    {
        "business_unit_desc": "Calgary Housing",
        "facilityname": "100 FALCHURCH CR NE HOUSING",
        "site_id": "0003659409213",
        "facilityaddress": "100 FALCHURCH CR NE",
        "energy_description": "Natural Gas",
        "year": "2022",
        "month": "Feb",
        "total_consumption": "16",
        "unit": "GJ"
    }
]
Request method:	GET
Request URI:	https://data.calgary.ca/resource/crbp-innf.json?site_id=0003659409213&month=Mar&year=2022&total_consumption=15
Proxy:			<none>
Request params:	<none>
Query params:	<none>
Form params:	<none>
Path params:	<none>
Headers:		Accept=*/*
				Content-Type=application/json
Cookies:		<none>
Multiparts:		<none>
Body:			<none>
[
    {
        "business_unit_desc": "Calgary Housing",
        "facilityname": "100 FALCHURCH CR NE HOUSING",
        "site_id": "0003659409213",
        "facilityaddress": "100 FALCHURCH CR NE",
        "energy_description": "Natural Gas",
        "year": "2022",
        "month": "Mar",
        "total_consumption": "15",
        "unit": "GJ"
    }
]
Request method:	GET
Request URI:	https://data.calgary.ca/resource/crbp-innf.json?site_id=0003659409213&month=Apr&year=2022&total_consumption=13
Proxy:			<none>
Request params:	<none>
Query params:	<none>
Form params:	<none>
Path params:	<none>
Headers:		Accept=*/*
				Content-Type=application/json
Cookies:		<none>
Multiparts:		<none>
Body:			<none>
[
    {
        "business_unit_desc": "Calgary Housing",
        "facilityname": "100 FALCHURCH CR NE HOUSING",
        "site_id": "0003659409213",
        "facilityaddress": "100 FALCHURCH CR NE",
        "energy_description": "Natural Gas",
        "year": "2022",
        "month": "Apr",
        "total_consumption": "13",
        "unit": "GJ"
    }
]
Request method:	GET
Request URI:	https://data.calgary.ca/resource/crbp-innf.json?site_id=0003659409213&month=May&year=2022&total_consumption=8
Proxy:			<none>
Request params:	<none>
Query params:	<none>
Form params:	<none>
Path params:	<none>
Headers:		Accept=*/*
				Content-Type=application/json
Cookies:		<none>
Multiparts:		<none>
Body:			<none>
[
    {
        "business_unit_desc": "Calgary Housing",
        "facilityname": "100 FALCHURCH CR NE HOUSING",
        "site_id": "0003659409213",
        "facilityaddress": "100 FALCHURCH CR NE",
        "energy_description": "Natural Gas",
        "year": "2022",
        "month": "May",
        "total_consumption": "8",
        "unit": "GJ"
    }
]
Request method:	GET
Request URI:	https://data.calgary.ca/resource/crbp-innf.json?site_id=0003659409213&month=Jun&year=2022&total_consumption=5
Proxy:			<none>
Request params:	<none>
Query params:	<none>
Form params:	<none>
Path params:	<none>
Headers:		Accept=*/*
				Content-Type=application/json
Cookies:		<none>
Multiparts:		<none>
Body:			<none>
[
    {
        "business_unit_desc": "Calgary Housing",
        "facilityname": "100 FALCHURCH CR NE HOUSING",
        "site_id": "0003659409213",
        "facilityaddress": "100 FALCHURCH CR NE",
        "energy_description": "Natural Gas",
        "year": "2022",
        "month": "Jun",
        "total_consumption": "5",
        "unit": "GJ"
    }
]
Request method:	GET
Request URI:	https://data.calgary.ca/resource/crbp-innf.json?site_id=0003659409213&month=Jul&year=2022&total_consumption=0
Proxy:			<none>
Request params:	<none>
Query params:	<none>
Form params:	<none>
Path params:	<none>
Headers:		Accept=*/*
				Content-Type=application/json
Cookies:		<none>
Multiparts:		<none>
Body:			<none>
[
    {
        "business_unit_desc": "Calgary Housing",
        "facilityname": "100 FALCHURCH CR NE HOUSING",
        "site_id": "0003659409213",
        "facilityaddress": "100 FALCHURCH CR NE",
        "energy_description": "Natural Gas",
        "year": "2022",
        "month": "Jul",
        "total_consumption": "0",
        "unit": "GJ"
    }
]
Request method:	GET
Request URI:	https://data.calgary.ca/resource/crbp-innf.json?site_id=0003659409213&month=Aug&year=2022&total_consumption=3
Proxy:			<none>
Request params:	<none>
Query params:	<none>
Form params:	<none>
Path params:	<none>
Headers:		Accept=*/*
				Content-Type=application/json
Cookies:		<none>
Multiparts:		<none>
Body:			<none>
[
    {
        "business_unit_desc": "Calgary Housing",
        "facilityname": "100 FALCHURCH CR NE HOUSING",
        "site_id": "0003659409213",
        "facilityaddress": "100 FALCHURCH CR NE",
        "energy_description": "Natural Gas",
        "year": "2022",
        "month": "Aug",
        "total_consumption": "3",
        "unit": "GJ"
    }
]
Request method:	GET
Request URI:	https://data.calgary.ca/resource/crbp-innf.json?site_id=0003659409213&month=Sep&year=2022&total_consumption=5
Proxy:			<none>
Request params:	<none>
Query params:	<none>
Form params:	<none>
Path params:	<none>
Headers:		Accept=*/*
				Content-Type=application/json
Cookies:		<none>
Multiparts:		<none>
Body:			<none>
[
    {
        "business_unit_desc": "Calgary Housing",
        "facilityname": "100 FALCHURCH CR NE HOUSING",
        "site_id": "0003659409213",
        "facilityaddress": "100 FALCHURCH CR NE",
        "energy_description": "Natural Gas",
        "year": "2022",
        "month": "Sep",
        "total_consumption": "5",
        "unit": "GJ"
    }
]
Request method:	GET
Request URI:	https://data.calgary.ca/resource/crbp-innf.json?site_id=0003659409213&month=Oct&year=2022&total_consumption=9
Proxy:			<none>
Request params:	<none>
Query params:	<none>
Form params:	<none>
Path params:	<none>
Headers:		Accept=*/*
				Content-Type=application/json
Cookies:		<none>
Multiparts:		<none>
Body:			<none>
[
    {
        "business_unit_desc": "Calgary Housing",
        "facilityname": "100 FALCHURCH CR NE HOUSING",
        "site_id": "0003659409213",
        "facilityaddress": "100 FALCHURCH CR NE",
        "energy_description": "Natural Gas",
        "year": "2022",
        "month": "Oct",
        "total_consumption": "9",
        "unit": "GJ"
    }
]
Request method:	GET
Request URI:	https://data.calgary.ca/resource/crbp-innf.json?site_id=0003659409213&month=Nov&year=2022&total_consumption=19
Proxy:			<none>
Request params:	<none>
Query params:	<none>
Form params:	<none>
Path params:	<none>
Headers:		Accept=*/*
				Content-Type=application/json
Cookies:		<none>
Multiparts:		<none>
Body:			<none>
[
    {
        "business_unit_desc": "Calgary Housing",
        "facilityname": "100 FALCHURCH CR NE HOUSING",
        "site_id": "0003659409213",
        "facilityaddress": "100 FALCHURCH CR NE",
        "energy_description": "Natural Gas",
        "year": "2022",
        "month": "Nov",
        "total_consumption": "19",
        "unit": "GJ"
    }
]
Request method:	GET
Request URI:	https://data.calgary.ca/resource/crbp-innf.json?site_id=0003691653710&month=Dec&year=2018&total_consumption=11
Proxy:			<none>
Request params:	<none>
Query params:	<none>
Form params:	<none>
Path params:	<none>
Headers:		Accept=*/*
				Content-Type=application/json
Cookies:		<none>
Multiparts:		<none>
Body:			<none>
[
    {
        "business_unit_desc": "Calgary Housing",
        "facilityname": "10 & 12 FALMEAD PL NE HOUSING",
        "site_id": "0003691653710",
        "facilityaddress": "12 FALMEAD PL NE",
        "energy_description": "Natural Gas",
        "year": "2018",
        "month": "Dec",
        "total_consumption": "11",
        "unit": "GJ"
    }
]
Request method:	GET
Request URI:	https://data.calgary.ca/resource/crbp-innf.json?site_id=0003691653710&month=Jan&year=2019&total_consumption=12
Proxy:			<none>
Request params:	<none>
Query params:	<none>
Form params:	<none>
Path params:	<none>
Headers:		Accept=*/*
				Content-Type=application/json
Cookies:		<none>
Multiparts:		<none>
Body:			<none>
[
    {
        "business_unit_desc": "Calgary Housing",
        "facilityname": "10 & 12 FALMEAD PL NE HOUSING",
        "site_id": "0003691653710",
        "facilityaddress": "12 FALMEAD PL NE",
        "energy_description": "Natural Gas",
        "year": "2019",
        "month": "Jan",
        "total_consumption": "12",
        "unit": "GJ"
    }
]
Request method:	GET
Request URI:	https://data.calgary.ca/resource/crbp-innf.json?site_id=0003691653710&month=Feb&year=2019&total_consumption=17
Proxy:			<none>
Request params:	<none>
Query params:	<none>
Form params:	<none>
Path params:	<none>
Headers:		Accept=*/*
				Content-Type=application/json
Cookies:		<none>
Multiparts:		<none>
Body:			<none>
[
    {
        "business_unit_desc": "Calgary Housing",
        "facilityname": "10 & 12 FALMEAD PL NE HOUSING",
        "site_id": "0003691653710",
        "facilityaddress": "12 FALMEAD PL NE",
        "energy_description": "Natural Gas",
        "year": "2019",
        "month": "Feb",
        "total_consumption": "17",
        "unit": "GJ"
    }
]
Request method:	GET
Request URI:	https://data.calgary.ca/resource/crbp-innf.json?site_id=0003691653710&month=Mar&year=2019&total_consumption=12
Proxy:			<none>
Request params:	<none>
Query params:	<none>
Form params:	<none>
Path params:	<none>
Headers:		Accept=*/*
				Content-Type=application/json
Cookies:		<none>
Multiparts:		<none>
Body:			<none>
[
    {
        "business_unit_desc": "Calgary Housing",
        "facilityname": "10 & 12 FALMEAD PL NE HOUSING",
        "site_id": "0003691653710",
        "facilityaddress": "12 FALMEAD PL NE",
        "energy_description": "Natural Gas",
        "year": "2019",
        "month": "Mar",
        "total_consumption": "12",
        "unit": "GJ"
    }
]
Request method:	GET
Request URI:	https://data.calgary.ca/resource/crbp-innf.json?site_id=0003691653710&month=Apr&year=2019&total_consumption=8
Proxy:			<none>
Request params:	<none>
Query params:	<none>
Form params:	<none>
Path params:	<none>
Headers:		Accept=*/*
				Content-Type=application/json
Cookies:		<none>
Multiparts:		<none>
Body:			<none>
[
    {
        "business_unit_desc": "Calgary Housing",
        "facilityname": "10 & 12 FALMEAD PL NE HOUSING",
        "site_id": "0003691653710",
        "facilityaddress": "12 FALMEAD PL NE",
        "energy_description": "Natural Gas",
        "year": "2019",
        "month": "Apr",
        "total_consumption": "8",
        "unit": "GJ"
    }
]
Request method:	GET
Request URI:	https://data.calgary.ca/resource/crbp-innf.json?site_id=0003691653710&month=May&year=2019&total_consumption=4
Proxy:			<none>
Request params:	<none>
Query params:	<none>
Form params:	<none>
Path params:	<none>
Headers:		Accept=*/*
				Content-Type=application/json
Cookies:		<none>
Multiparts:		<none>
Body:			<none>
[
    {
        "business_unit_desc": "Calgary Housing",
        "facilityname": "10 & 12 FALMEAD PL NE HOUSING",
        "site_id": "0003691653710",
        "facilityaddress": "12 FALMEAD PL NE",
        "energy_description": "Natural Gas",
        "year": "2019",
        "month": "May",
        "total_consumption": "4",
        "unit": "GJ"
    }
]
Request method:	GET
Request URI:	https://data.calgary.ca/resource/crbp-innf.json?site_id=0003691653710&month=Jun&year=2019&total_consumption=3
Proxy:			<none>
Request params:	<none>
Query params:	<none>
Form params:	<none>
Path params:	<none>
Headers:		Accept=*/*
				Content-Type=application/json
Cookies:		<none>
Multiparts:		<none>
Body:			<none>
[
    {
        "business_unit_desc": "Calgary Housing",
        "facilityname": "10 & 12 FALMEAD PL NE HOUSING",
        "site_id": "0003691653710",
        "facilityaddress": "12 FALMEAD PL NE",
        "energy_description": "Natural Gas",
        "year": "2019",
        "month": "Jun",
        "total_consumption": "3",
        "unit": "GJ"
    }
]
Request method:	GET
Request URI:	https://data.calgary.ca/resource/crbp-innf.json?site_id=0003691653710&month=Jul&year=2019&total_consumption=2
Proxy:			<none>
Request params:	<none>
Query params:	<none>
Form params:	<none>
Path params:	<none>
Headers:		Accept=*/*
				Content-Type=application/json
Cookies:		<none>
Multiparts:		<none>
Body:			<none>
[
    {
        "business_unit_desc": "Calgary Housing",
        "facilityname": "10 & 12 FALMEAD PL NE HOUSING",
        "site_id": "0003691653710",
        "facilityaddress": "12 FALMEAD PL NE",
        "energy_description": "Natural Gas",
        "year": "2019",
        "month": "Jul",
        "total_consumption": "2",
        "unit": "GJ"
    }
]
Request method:	GET
Request URI:	https://data.calgary.ca/resource/crbp-innf.json?site_id=0003691653710&month=Aug&year=2019&total_consumption=3
Proxy:			<none>
Request params:	<none>
Query params:	<none>
Form params:	<none>
Path params:	<none>
Headers:		Accept=*/*
				Content-Type=application/json
Cookies:		<none>
Multiparts:		<none>
Body:			<none>
[
    {
        "business_unit_desc": "Calgary Housing",
        "facilityname": "10 & 12 FALMEAD PL NE HOUSING",
        "site_id": "0003691653710",
        "facilityaddress": "12 FALMEAD PL NE",
        "energy_description": "Natural Gas",
        "year": "2019",
        "month": "Aug",
        "total_consumption": "3",
        "unit": "GJ"
    }
]
Request method:	GET
Request URI:	https://data.calgary.ca/resource/crbp-innf.json?site_id=0003691653710&month=Sep&year=2019&total_consumption=5
Proxy:			<none>
Request params:	<none>
Query params:	<none>
Form params:	<none>
Path params:	<none>
Headers:		Accept=*/*
				Content-Type=application/json
Cookies:		<none>
Multiparts:		<none>
Body:			<none>
[
    {
        "business_unit_desc": "Calgary Housing",
        "facilityname": "10 & 12 FALMEAD PL NE HOUSING",
        "site_id": "0003691653710",
        "facilityaddress": "12 FALMEAD PL NE",
        "energy_description": "Natural Gas",
        "year": "2019",
        "month": "Sep",
        "total_consumption": "5",
        "unit": "GJ"
    }
]
Request method:	GET
Request URI:	https://data.calgary.ca/resource/crbp-innf.json?site_id=0003691653710&month=Oct&year=2019&total_consumption=9
Proxy:			<none>
Request params:	<none>
Query params:	<none>
Form params:	<none>
Path params:	<none>
Headers:		Accept=*/*
				Content-Type=application/json
Cookies:		<none>
Multiparts:		<none>
Body:			<none>
[
    {
        "business_unit_desc": "Calgary Housing",
        "facilityname": "10 & 12 FALMEAD PL NE HOUSING",
        "site_id": "0003691653710",
        "facilityaddress": "12 FALMEAD PL NE",
        "energy_description": "Natural Gas",
        "year": "2019",
        "month": "Oct",
        "total_consumption": "9",
        "unit": "GJ"
    }
]
Request method:	GET
Request URI:	https://data.calgary.ca/resource/crbp-innf.json?site_id=0003691653710&month=Nov&year=2019&total_consumption=11
Proxy:			<none>
Request params:	<none>
Query params:	<none>
Form params:	<none>
Path params:	<none>
Headers:		Accept=*/*
				Content-Type=application/json
Cookies:		<none>
Multiparts:		<none>
Body:			<none>
[
    {
        "business_unit_desc": "Calgary Housing",
        "facilityname": "10 & 12 FALMEAD PL NE HOUSING",
        "site_id": "0003691653710",
        "facilityaddress": "12 FALMEAD PL NE",
        "energy_description": "Natural Gas",
        "year": "2019",
        "month": "Nov",
        "total_consumption": "11",
        "unit": "GJ"
    }
]
Request method:	GET
Request URI:	https://data.calgary.ca/resource/crbp-innf.json?site_id=0003691653710&month=Dec&year=2019&total_consumption=11
Proxy:			<none>
Request params:	<none>
Query params:	<none>
Form params:	<none>
Path params:	<none>
Headers:		Accept=*/*
				Content-Type=application/json
Cookies:		<none>
Multiparts:		<none>
Body:			<none>
[
    {
        "business_unit_desc": "Calgary Housing",
        "facilityname": "10 & 12 FALMEAD PL NE HOUSING",
        "site_id": "0003691653710",
        "facilityaddress": "12 FALMEAD PL NE",
        "energy_description": "Natural Gas",
        "year": "2019",
        "month": "Dec",
        "total_consumption": "11",
        "unit": "GJ"
    }
]
Request method:	GET
Request URI:	https://data.calgary.ca/resource/crbp-innf.json?site_id=0003691653710&month=Jan&year=2020&total_consumption=14
Proxy:			<none>
Request params:	<none>
Query params:	<none>
Form params:	<none>
Path params:	<none>
Headers:		Accept=*/*
				Content-Type=application/json
Cookies:		<none>
Multiparts:		<none>
Body:			<none>
[
    {
        "business_unit_desc": "Calgary Housing",
        "facilityname": "10 & 12 FALMEAD PL NE HOUSING",
        "site_id": "0003691653710",
        "facilityaddress": "12 FALMEAD PL NE",
        "energy_description": "Natural Gas",
        "year": "2020",
        "month": "Jan",
        "total_consumption": "14",
        "unit": "GJ"
    }
]
Request method:	GET
Request URI:	https://data.calgary.ca/resource/crbp-innf.json?site_id=0003691653710&month=Feb&year=2020&total_consumption=11
Proxy:			<none>
Request params:	<none>
Query params:	<none>
Form params:	<none>
Path params:	<none>
Headers:		Accept=*/*
				Content-Type=application/json
Cookies:		<none>
Multiparts:		<none>
Body:			<none>
[
    {
        "business_unit_desc": "Calgary Housing",
        "facilityname": "10 & 12 FALMEAD PL NE HOUSING",
        "site_id": "0003691653710",
        "facilityaddress": "12 FALMEAD PL NE",
        "energy_description": "Natural Gas",
        "year": "2020",
        "month": "Feb",
        "total_consumption": "11",
        "unit": "GJ"
    }
]
Request method:	GET
Request URI:	https://data.calgary.ca/resource/crbp-innf.json?site_id=0003691653710&month=Mar&year=2020&total_consumption=11
Proxy:			<none>
Request params:	<none>
Query params:	<none>
Form params:	<none>
Path params:	<none>
Headers:		Accept=*/*
				Content-Type=application/json
Cookies:		<none>
Multiparts:		<none>
Body:			<none>
[
    {
        "business_unit_desc": "Calgary Housing",
        "facilityname": "10 & 12 FALMEAD PL NE HOUSING",
        "site_id": "0003691653710",
        "facilityaddress": "12 FALMEAD PL NE",
        "energy_description": "Natural Gas",
        "year": "2020",
        "month": "Mar",
        "total_consumption": "11",
        "unit": "GJ"
    }
]
Request method:	GET
Request URI:	https://data.calgary.ca/resource/crbp-innf.json?site_id=0003691653710&month=Apr&year=2020&total_consumption=8
Proxy:			<none>
Request params:	<none>
Query params:	<none>
Form params:	<none>
Path params:	<none>
Headers:		Accept=*/*
				Content-Type=application/json
Cookies:		<none>
Multiparts:		<none>
Body:			<none>
[
    {
        "business_unit_desc": "Calgary Housing",
        "facilityname": "10 & 12 FALMEAD PL NE HOUSING",
        "site_id": "0003691653710",
        "facilityaddress": "12 FALMEAD PL NE",
        "energy_description": "Natural Gas",
        "year": "2020",
        "month": "Apr",
        "total_consumption": "8",
        "unit": "GJ"
    }
]
Request method:	GET
Request URI:	https://data.calgary.ca/resource/crbp-innf.json?site_id=0003691653710&month=May&year=2020&total_consumption=4
Proxy:			<none>
Request params:	<none>
Query params:	<none>
Form params:	<none>
Path params:	<none>
Headers:		Accept=*/*
				Content-Type=application/json
Cookies:		<none>
Multiparts:		<none>
Body:			<none>
[
    {
        "business_unit_desc": "Calgary Housing",
        "facilityname": "10 & 12 FALMEAD PL NE HOUSING",
        "site_id": "0003691653710",
        "facilityaddress": "12 FALMEAD PL NE",
        "energy_description": "Natural Gas",
        "year": "2020",
        "month": "May",
        "total_consumption": "4",
        "unit": "GJ"
    }
]
Request method:	GET
Request URI:	https://data.calgary.ca/resource/crbp-innf.json?site_id=0003691653710&month=Jun&year=2020&total_consumption=3
Proxy:			<none>
Request params:	<none>
Query params:	<none>
Form params:	<none>
Path params:	<none>
Headers:		Accept=*/*
				Content-Type=application/json
Cookies:		<none>
Multiparts:		<none>
Body:			<none>
[
    {
        "business_unit_desc": "Calgary Housing",
        "facilityname": "10 & 12 FALMEAD PL NE HOUSING",
        "site_id": "0003691653710",
        "facilityaddress": "12 FALMEAD PL NE",
        "energy_description": "Natural Gas",
        "year": "2020",
        "month": "Jun",
        "total_consumption": "3",
        "unit": "GJ"
    }
]
Request method:	GET
Request URI:	https://data.calgary.ca/resource/crbp-innf.json?site_id=0003691653710&month=Jul&year=2020&total_consumption=2
Proxy:			<none>
Request params:	<none>
Query params:	<none>
Form params:	<none>
Path params:	<none>
Headers:		Accept=*/*
				Content-Type=application/json
Cookies:		<none>
Multiparts:		<none>
Body:			<none>
[
    {
        "business_unit_desc": "Calgary Housing",
        "facilityname": "10 & 12 FALMEAD PL NE HOUSING",
        "site_id": "0003691653710",
        "facilityaddress": "12 FALMEAD PL NE",
        "energy_description": "Natural Gas",
        "year": "2020",
        "month": "Jul",
        "total_consumption": "2",
        "unit": "GJ"
    }
]
Request method:	GET
Request URI:	https://data.calgary.ca/resource/crbp-innf.json?site_id=0003691653710&month=Aug&year=2020&total_consumption=2
Proxy:			<none>
Request params:	<none>
Query params:	<none>
Form params:	<none>
Path params:	<none>
Headers:		Accept=*/*
				Content-Type=application/json
Cookies:		<none>
Multiparts:		<none>
Body:			<none>
[
    {
        "business_unit_desc": "Calgary Housing",
        "facilityname": "10 & 12 FALMEAD PL NE HOUSING",
        "site_id": "0003691653710",
        "facilityaddress": "12 FALMEAD PL NE",
        "energy_description": "Natural Gas",
        "year": "2020",
        "month": "Aug",
        "total_consumption": "2",
        "unit": "GJ"
    }
]
Request method:	GET
Request URI:	https://data.calgary.ca/resource/crbp-innf.json?site_id=0003691653710&month=Sep&year=2020&total_consumption=5
Proxy:			<none>
Request params:	<none>
Query params:	<none>
Form params:	<none>
Path params:	<none>
Headers:		Accept=*/*
				Content-Type=application/json
Cookies:		<none>
Multiparts:		<none>
Body:			<none>
[
    {
        "business_unit_desc": "Calgary Housing",
        "facilityname": "10 & 12 FALMEAD PL NE HOUSING",
        "site_id": "0003691653710",
        "facilityaddress": "12 FALMEAD PL NE",
        "energy_description": "Natural Gas",
        "year": "2020",
        "month": "Sep",
        "total_consumption": "5",
        "unit": "GJ"
    }
]
Request method:	GET
Request URI:	https://data.calgary.ca/resource/crbp-innf.json?site_id=0003691653710&month=Oct&year=2020&total_consumption=8
Proxy:			<none>
Request params:	<none>
Query params:	<none>
Form params:	<none>
Path params:	<none>
Headers:		Accept=*/*
				Content-Type=application/json
Cookies:		<none>
Multiparts:		<none>
Body:			<none>
[
    {
        "business_unit_desc": "Calgary Housing",
        "facilityname": "10 & 12 FALMEAD PL NE HOUSING",
        "site_id": "0003691653710",
        "facilityaddress": "12 FALMEAD PL NE",
        "energy_description": "Natural Gas",
        "year": "2020",
        "month": "Oct",
        "total_consumption": "8",
        "unit": "GJ"
    }
]
Request method:	GET
Request URI:	https://data.calgary.ca/resource/crbp-innf.json?site_id=0003691653710&month=Nov&year=2020&total_consumption=9
Proxy:			<none>
Request params:	<none>
Query params:	<none>
Form params:	<none>
Path params:	<none>
Headers:		Accept=*/*
				Content-Type=application/json
Cookies:		<none>
Multiparts:		<none>
Body:			<none>
[
    {
        "business_unit_desc": "Calgary Housing",
        "facilityname": "10 & 12 FALMEAD PL NE HOUSING",
        "site_id": "0003691653710",
        "facilityaddress": "12 FALMEAD PL NE",
        "energy_description": "Natural Gas",
        "year": "2020",
        "month": "Nov",
        "total_consumption": "9",
        "unit": "GJ"
    }
]
Request method:	GET
Request URI:	https://data.calgary.ca/resource/crbp-innf.json?site_id=0003691653710&month=Dec&year=2020&total_consumption=9
Proxy:			<none>
Request params:	<none>
Query params:	<none>
Form params:	<none>
Path params:	<none>
Headers:		Accept=*/*
				Content-Type=application/json
Cookies:		<none>
Multiparts:		<none>
Body:			<none>
[
    {
        "business_unit_desc": "Calgary Housing",
        "facilityname": "10 & 12 FALMEAD PL NE HOUSING",
        "site_id": "0003691653710",
        "facilityaddress": "12 FALMEAD PL NE",
        "energy_description": "Natural Gas",
        "year": "2020",
        "month": "Dec",
        "total_consumption": "9",
        "unit": "GJ"
    }
]
Request method:	GET
Request URI:	https://data.calgary.ca/resource/crbp-innf.json?site_id=0003691653710&month=Jan&year=2021&total_consumption=9
Proxy:			<none>
Request params:	<none>
Query params:	<none>
Form params:	<none>
Path params:	<none>
Headers:		Accept=*/*
				Content-Type=application/json
Cookies:		<none>
Multiparts:		<none>
Body:			<none>
[
    {
        "business_unit_desc": "Calgary Housing",
        "facilityname": "10 & 12 FALMEAD PL NE HOUSING",
        "site_id": "0003691653710",
        "facilityaddress": "12 FALMEAD PL NE",
        "energy_description": "Natural Gas",
        "year": "2021",
        "month": "Jan",
        "total_consumption": "9",
        "unit": "GJ"
    }
]
Request method:	GET
Request URI:	https://data.calgary.ca/resource/crbp-innf.json?site_id=0003691653710&month=Feb&year=2021&total_consumption=12
Proxy:			<none>
Request params:	<none>
Query params:	<none>
Form params:	<none>
Path params:	<none>
Headers:		Accept=*/*
				Content-Type=application/json
Cookies:		<none>
Multiparts:		<none>
Body:			<none>
[
    {
        "business_unit_desc": "Calgary Housing",
        "facilityname": "10 & 12 FALMEAD PL NE HOUSING",
        "site_id": "0003691653710",
        "facilityaddress": "12 FALMEAD PL NE",
        "energy_description": "Natural Gas",
        "year": "2021",
        "month": "Feb",
        "total_consumption": "12",
        "unit": "GJ"
    }
]
Request method:	GET
Request URI:	https://data.calgary.ca/resource/crbp-innf.json?site_id=0003691653710&month=Mar&year=2021&total_consumption=10
Proxy:			<none>
Request params:	<none>
Query params:	<none>
Form params:	<none>
Path params:	<none>
Headers:		Accept=*/*
				Content-Type=application/json
Cookies:		<none>
Multiparts:		<none>
Body:			<none>
[
    {
        "business_unit_desc": "Calgary Housing",
        "facilityname": "10 & 12 FALMEAD PL NE HOUSING",
        "site_id": "0003691653710",
        "facilityaddress": "12 FALMEAD PL NE",
        "energy_description": "Natural Gas",
        "year": "2021",
        "month": "Mar",
        "total_consumption": "10",
        "unit": "GJ"
    }
]
Request method:	GET
Request URI:	https://data.calgary.ca/resource/crbp-innf.json?site_id=0003691653710&month=Apr&year=2021&total_consumption=7
Proxy:			<none>
Request params:	<none>
Query params:	<none>
Form params:	<none>
Path params:	<none>
Headers:		Accept=*/*
				Content-Type=application/json
Cookies:		<none>
Multiparts:		<none>
Body:			<none>
[
    {
        "business_unit_desc": "Calgary Housing",
        "facilityname": "10 & 12 FALMEAD PL NE HOUSING",
        "site_id": "0003691653710",
        "facilityaddress": "12 FALMEAD PL NE",
        "energy_description": "Natural Gas",
        "year": "2021",
        "month": "Apr",
        "total_consumption": "7",
        "unit": "GJ"
    }
]
Request method:	GET
Request URI:	https://data.calgary.ca/resource/crbp-innf.json?site_id=0003691653710&month=May&year=2021&total_consumption=6
Proxy:			<none>
Request params:	<none>
Query params:	<none>
Form params:	<none>
Path params:	<none>
Headers:		Accept=*/*
				Content-Type=application/json
Cookies:		<none>
Multiparts:		<none>
Body:			<none>
[
    {
        "business_unit_desc": "Calgary Housing",
        "facilityname": "10 & 12 FALMEAD PL NE HOUSING",
        "site_id": "0003691653710",
        "facilityaddress": "12 FALMEAD PL NE",
        "energy_description": "Natural Gas",
        "year": "2021",
        "month": "May",
        "total_consumption": "6",
        "unit": "GJ"
    }
]
Request method:	GET
Request URI:	https://data.calgary.ca/resource/crbp-innf.json?site_id=0003691653710&month=Jun&year=2021&total_consumption=3
Proxy:			<none>
Request params:	<none>
Query params:	<none>
Form params:	<none>
Path params:	<none>
Headers:		Accept=*/*
				Content-Type=application/json
Cookies:		<none>
Multiparts:		<none>
Body:			<none>
[
    {
        "business_unit_desc": "Calgary Housing",
        "facilityname": "10 & 12 FALMEAD PL NE HOUSING",
        "site_id": "0003691653710",
        "facilityaddress": "12 FALMEAD PL NE",
        "energy_description": "Natural Gas",
        "year": "2021",
        "month": "Jun",
        "total_consumption": "3",
        "unit": "GJ"
    }
]
Request method:	GET
Request URI:	https://data.calgary.ca/resource/crbp-innf.json?site_id=0003691653710&month=Jul&year=2021&total_consumption=1
Proxy:			<none>
Request params:	<none>
Query params:	<none>
Form params:	<none>
Path params:	<none>
Headers:		Accept=*/*
				Content-Type=application/json
Cookies:		<none>
Multiparts:		<none>
Body:			<none>
[
    {
        "business_unit_desc": "Calgary Housing",
        "facilityname": "10 & 12 FALMEAD PL NE HOUSING",
        "site_id": "0003691653710",
        "facilityaddress": "12 FALMEAD PL NE",
        "energy_description": "Natural Gas",
        "year": "2021",
        "month": "Jul",
        "total_consumption": "1",
        "unit": "GJ"
    }
]
Request method:	GET
Request URI:	https://data.calgary.ca/resource/crbp-innf.json?site_id=0003691653710&month=Aug&year=2021&total_consumption=2
Proxy:			<none>
Request params:	<none>
Query params:	<none>
Form params:	<none>
Path params:	<none>
Headers:		Accept=*/*
				Content-Type=application/json
Cookies:		<none>
Multiparts:		<none>
Body:			<none>
[
    {
        "business_unit_desc": "Calgary Housing",
        "facilityname": "10 & 12 FALMEAD PL NE HOUSING",
        "site_id": "0003691653710",
        "facilityaddress": "12 FALMEAD PL NE",
        "energy_description": "Natural Gas",
        "year": "2021",
        "month": "Aug",
        "total_consumption": "2",
        "unit": "GJ"
    }
]
Request method:	GET
Request URI:	https://data.calgary.ca/resource/crbp-innf.json?site_id=0003691653710&month=Sep&year=2021&total_consumption=3
Proxy:			<none>
Request params:	<none>
Query params:	<none>
Form params:	<none>
Path params:	<none>
Headers:		Accept=*/*
				Content-Type=application/json
Cookies:		<none>
Multiparts:		<none>
Body:			<none>
[
    {
        "business_unit_desc": "Calgary Housing",
        "facilityname": "10 & 12 FALMEAD PL NE HOUSING",
        "site_id": "0003691653710",
        "facilityaddress": "12 FALMEAD PL NE",
        "energy_description": "Natural Gas",
        "year": "2021",
        "month": "Sep",
        "total_consumption": "3",
        "unit": "GJ"
    }
]
Request method:	GET
Request URI:	https://data.calgary.ca/resource/crbp-innf.json?site_id=0003691653710&month=Oct&year=2021&total_consumption=5
Proxy:			<none>
Request params:	<none>
Query params:	<none>
Form params:	<none>
Path params:	<none>
Headers:		Accept=*/*
				Content-Type=application/json
Cookies:		<none>
Multiparts:		<none>
Body:			<none>
[
    {
        "business_unit_desc": "Calgary Housing",
        "facilityname": "10 & 12 FALMEAD PL NE HOUSING",
        "site_id": "0003691653710",
        "facilityaddress": "12 FALMEAD PL NE",
        "energy_description": "Natural Gas",
        "year": "2021",
        "month": "Oct",
        "total_consumption": "5",
        "unit": "GJ"
    }
]
Request method:	GET
Request URI:	https://data.calgary.ca/resource/crbp-innf.json?site_id=0003691653710&month=Nov&year=2021&total_consumption=8
Proxy:			<none>
Request params:	<none>
Query params:	<none>
Form params:	<none>
Path params:	<none>
Headers:		Accept=*/*
				Content-Type=application/json
Cookies:		<none>
Multiparts:		<none>
Body:			<none>
[
    {
        "business_unit_desc": "Calgary Housing",
        "facilityname": "10 & 12 FALMEAD PL NE HOUSING",
        "site_id": "0003691653710",
        "facilityaddress": "12 FALMEAD PL NE",
        "energy_description": "Natural Gas",
        "year": "2021",
        "month": "Nov",
        "total_consumption": "8",
        "unit": "GJ"
    }
]
Request method:	GET
Request URI:	https://data.calgary.ca/resource/crbp-innf.json?site_id=0003691653710&month=Dec&year=2021&total_consumption=14
Proxy:			<none>
Request params:	<none>
Query params:	<none>
Form params:	<none>
Path params:	<none>
Headers:		Accept=*/*
				Content-Type=application/json
Cookies:		<none>
Multiparts:		<none>
Body:			<none>
[
    {
        "business_unit_desc": "Calgary Housing",
        "facilityname": "10 & 12 FALMEAD PL NE HOUSING",
        "site_id": "0003691653710",
        "facilityaddress": "12 FALMEAD PL NE",
        "energy_description": "Natural Gas",
        "year": "2021",
        "month": "Dec",
        "total_consumption": "14",
        "unit": "GJ"
    }
]
Request method:	GET
Request URI:	https://data.calgary.ca/resource/crbp-innf.json?site_id=0003691653710&month=Jan&year=2022&total_consumption=10
Proxy:			<none>
Request params:	<none>
Query params:	<none>
Form params:	<none>
Path params:	<none>
Headers:		Accept=*/*
				Content-Type=application/json
Cookies:		<none>
Multiparts:		<none>
Body:			<none>
[
    {
        "business_unit_desc": "Calgary Housing",
        "facilityname": "10 & 12 FALMEAD PL NE HOUSING",
        "site_id": "0003691653710",
        "facilityaddress": "12 FALMEAD PL NE",
        "energy_description": "Natural Gas",
        "year": "2022",
        "month": "Jan",
        "total_consumption": "10",
        "unit": "GJ"
    }
]
Request method:	GET
Request URI:	https://data.calgary.ca/resource/crbp-innf.json?site_id=0003691653710&month=Feb&year=2022&total_consumption=8
Proxy:			<none>
Request params:	<none>
Query params:	<none>
Form params:	<none>
Path params:	<none>
Headers:		Accept=*/*
				Content-Type=application/json
Cookies:		<none>
Multiparts:		<none>
Body:			<none>
[
    {
        "business_unit_desc": "Calgary Housing",
        "facilityname": "10 & 12 FALMEAD PL NE HOUSING",
        "site_id": "0003691653710",
        "facilityaddress": "12 FALMEAD PL NE",
        "energy_description": "Natural Gas",
        "year": "2022",
        "month": "Feb",
        "total_consumption": "8",
        "unit": "GJ"
    }
]
Request method:	GET
Request URI:	https://data.calgary.ca/resource/crbp-innf.json?site_id=0003691653710&month=Mar&year=2022&total_consumption=8
Proxy:			<none>
Request params:	<none>
Query params:	<none>
Form params:	<none>
Path params:	<none>
Headers:		Accept=*/*
				Content-Type=application/json
Cookies:		<none>
Multiparts:		<none>
Body:			<none>
[
    {
        "business_unit_desc": "Calgary Housing",
        "facilityname": "10 & 12 FALMEAD PL NE HOUSING",
        "site_id": "0003691653710",
        "facilityaddress": "12 FALMEAD PL NE",
        "energy_description": "Natural Gas",
        "year": "2022",
        "month": "Mar",
        "total_consumption": "8",
        "unit": "GJ"
    }
]
Request method:	GET
Request URI:	https://data.calgary.ca/resource/crbp-innf.json?site_id=0003691653710&month=Apr&year=2022&total_consumption=10
Proxy:			<none>
Request params:	<none>
Query params:	<none>
Form params:	<none>
Path params:	<none>
Headers:		Accept=*/*
				Content-Type=application/json
Cookies:		<none>
Multiparts:		<none>
Body:			<none>
[
    {
        "business_unit_desc": "Calgary Housing",
        "facilityname": "10 & 12 FALMEAD PL NE HOUSING",
        "site_id": "0003691653710",
        "facilityaddress": "12 FALMEAD PL NE",
        "energy_description": "Natural Gas",
        "year": "2022",
        "month": "Apr",
        "total_consumption": "10",
        "unit": "GJ"
    }
]
Request method:	GET
Request URI:	https://data.calgary.ca/resource/crbp-innf.json?site_id=0003691653710&month=May&year=2022&total_consumption=7
Proxy:			<none>
Request params:	<none>
Query params:	<none>
Form params:	<none>
Path params:	<none>
Headers:		Accept=*/*
				Content-Type=application/json
Cookies:		<none>
Multiparts:		<none>
Body:			<none>
[
    {
        "business_unit_desc": "Calgary Housing",
        "facilityname": "10 & 12 FALMEAD PL NE HOUSING",
        "site_id": "0003691653710",
        "facilityaddress": "12 FALMEAD PL NE",
        "energy_description": "Natural Gas",
        "year": "2022",
        "month": "May",
        "total_consumption": "7",
        "unit": "GJ"
    }
]
Request method:	GET
Request URI:	https://data.calgary.ca/resource/crbp-innf.json?site_id=0003691653710&month=Jun&year=2022&total_consumption=4
Proxy:			<none>
Request params:	<none>
Query params:	<none>
Form params:	<none>
Path params:	<none>
Headers:		Accept=*/*
				Content-Type=application/json
Cookies:		<none>
Multiparts:		<none>
Body:			<none>
[
    {
        "business_unit_desc": "Calgary Housing",
        "facilityname": "10 & 12 FALMEAD PL NE HOUSING",
        "site_id": "0003691653710",
        "facilityaddress": "12 FALMEAD PL NE",
        "energy_description": "Natural Gas",
        "year": "2022",
        "month": "Jun",
        "total_consumption": "4",
        "unit": "GJ"
    }
]
Request method:	GET
Request URI:	https://data.calgary.ca/resource/crbp-innf.json?site_id=0003691653710&month=Jul&year=2022&total_consumption=0
Proxy:			<none>
Request params:	<none>
Query params:	<none>
Form params:	<none>
Path params:	<none>
Headers:		Accept=*/*
				Content-Type=application/json
Cookies:		<none>
Multiparts:		<none>
Body:			<none>
[
    {
        "business_unit_desc": "Calgary Housing",
        "facilityname": "10 & 12 FALMEAD PL NE HOUSING",
        "site_id": "0003691653710",
        "facilityaddress": "12 FALMEAD PL NE",
        "energy_description": "Natural Gas",
        "year": "2022",
        "month": "Jul",
        "total_consumption": "0",
        "unit": "GJ"
    }
]
Request method:	GET
Request URI:	https://data.calgary.ca/resource/crbp-innf.json?site_id=0003691653710&month=Aug&year=2022&total_consumption=1
Proxy:			<none>
Request params:	<none>
Query params:	<none>
Form params:	<none>
Path params:	<none>
Headers:		Accept=*/*
				Content-Type=application/json
Cookies:		<none>
Multiparts:		<none>
Body:			<none>
[
    {
        "business_unit_desc": "Calgary Housing",
        "facilityname": "10 & 12 FALMEAD PL NE HOUSING",
        "site_id": "0003691653710",
        "facilityaddress": "12 FALMEAD PL NE",
        "energy_description": "Natural Gas",
        "year": "2022",
        "month": "Aug",
        "total_consumption": "1",
        "unit": "GJ"
    }
]
Request method:	GET
Request URI:	https://data.calgary.ca/resource/crbp-innf.json?site_id=0003691653710&month=Sep&year=2022&total_consumption=3
Proxy:			<none>
Request params:	<none>
Query params:	<none>
Form params:	<none>
Path params:	<none>
Headers:		Accept=*/*
				Content-Type=application/json
Cookies:		<none>
Multiparts:		<none>
Body:			<none>
[
    {
        "business_unit_desc": "Calgary Housing",
        "facilityname": "10 & 12 FALMEAD PL NE HOUSING",
        "site_id": "0003691653710",
        "facilityaddress": "12 FALMEAD PL NE",
        "energy_description": "Natural Gas",
        "year": "2022",
        "month": "Sep",
        "total_consumption": "3",
        "unit": "GJ"
    }
]
Request method:	GET
Request URI:	https://data.calgary.ca/resource/crbp-innf.json?site_id=0003691653710&month=Oct&year=2022&total_consumption=8
Proxy:			<none>
Request params:	<none>
Query params:	<none>
Form params:	<none>
Path params:	<none>
Headers:		Accept=*/*
				Content-Type=application/json
Cookies:		<none>
Multiparts:		<none>
Body:			<none>
[
    {
        "business_unit_desc": "Calgary Housing",
        "facilityname": "10 & 12 FALMEAD PL NE HOUSING",
        "site_id": "0003691653710",
        "facilityaddress": "12 FALMEAD PL NE",
        "energy_description": "Natural Gas",
        "year": "2022",
        "month": "Oct",
        "total_consumption": "8",
        "unit": "GJ"
    }
]
Request method:	GET
Request URI:	https://data.calgary.ca/resource/crbp-innf.json?site_id=0003691653710&month=Nov&year=2022&total_consumption=12
Proxy:			<none>
Request params:	<none>
Query params:	<none>
Form params:	<none>
Path params:	<none>
Headers:		Accept=*/*
				Content-Type=application/json
Cookies:		<none>
Multiparts:		<none>
Body:			<none>
[
    {
        "business_unit_desc": "Calgary Housing",
        "facilityname": "10 & 12 FALMEAD PL NE HOUSING",
        "site_id": "0003691653710",
        "facilityaddress": "12 FALMEAD PL NE",
        "energy_description": "Natural Gas",
        "year": "2022",
        "month": "Nov",
        "total_consumption": "12",
        "unit": "GJ"
    }
]
Request method:	GET
Request URI:	https://data.calgary.ca/resource/crbp-innf.json?site_id=0003691669317&month=Dec&year=2018&total_consumption=11
Proxy:			<none>
Request params:	<none>
Query params:	<none>
Form params:	<none>
Path params:	<none>
Headers:		Accept=*/*
				Content-Type=application/json
Cookies:		<none>
Multiparts:		<none>
Body:			<none>
[
    {
        "business_unit_desc": "Calgary Housing",
        "facilityname": "10 & 12 FALMEAD PL NE HOUSING",
        "site_id": "0003691669317",
        "facilityaddress": "12 FALMEAD PL NE",
        "energy_description": "Natural Gas",
        "year": "2018",
        "month": "Dec",
        "total_consumption": "11",
        "unit": "GJ"
    }
]
Request method:	GET
Request URI:	https://data.calgary.ca/resource/crbp-innf.json?site_id=0003691669317&month=Jan&year=2019&total_consumption=11
Proxy:			<none>
Request params:	<none>
Query params:	<none>
Form params:	<none>
Path params:	<none>
Headers:		Accept=*/*
				Content-Type=application/json
Cookies:		<none>
Multiparts:		<none>
Body:			<none>
[
    {
        "business_unit_desc": "Calgary Housing",
        "facilityname": "10 & 12 FALMEAD PL NE HOUSING",
        "site_id": "0003691669317",
        "facilityaddress": "12 FALMEAD PL NE",
        "energy_description": "Natural Gas",
        "year": "2019",
        "month": "Jan",
        "total_consumption": "11",
        "unit": "GJ"
    }
]
Request method:	GET
Request URI:	https://data.calgary.ca/resource/crbp-innf.json?site_id=0003691669317&month=Feb&year=2019&total_consumption=15
Proxy:			<none>
Request params:	<none>
Query params:	<none>
Form params:	<none>
Path params:	<none>
Headers:		Accept=*/*
				Content-Type=application/json
Cookies:		<none>
Multiparts:		<none>
Body:			<none>
[
    {
        "business_unit_desc": "Calgary Housing",
        "facilityname": "10 & 12 FALMEAD PL NE HOUSING",
        "site_id": "0003691669317",
        "facilityaddress": "12 FALMEAD PL NE",
        "energy_description": "Natural Gas",
        "year": "2019",
        "month": "Feb",
        "total_consumption": "15",
        "unit": "GJ"
    }
]
Request method:	GET
Request URI:	https://data.calgary.ca/resource/crbp-innf.json?site_id=0003691669317&month=Mar&year=2019&total_consumption=8
Proxy:			<none>
Request params:	<none>
Query params:	<none>
Form params:	<none>
Path params:	<none>
Headers:		Accept=*/*
				Content-Type=application/json
Cookies:		<none>
Multiparts:		<none>
Body:			<none>
[
    {
        "business_unit_desc": "Calgary Housing",
        "facilityname": "10 & 12 FALMEAD PL NE HOUSING",
        "site_id": "0003691669317",
        "facilityaddress": "12 FALMEAD PL NE",
        "energy_description": "Natural Gas",
        "year": "2019",
        "month": "Mar",
        "total_consumption": "8",
        "unit": "GJ"
    }
]
Request method:	GET
Request URI:	https://data.calgary.ca/resource/crbp-innf.json?site_id=0003691669317&month=Apr&year=2019&total_consumption=5
Proxy:			<none>
Request params:	<none>
Query params:	<none>
Form params:	<none>
Path params:	<none>
Headers:		Accept=*/*
				Content-Type=application/json
Cookies:		<none>
Multiparts:		<none>
Body:			<none>
[
    {
        "business_unit_desc": "Calgary Housing",
        "facilityname": "10 & 12 FALMEAD PL NE HOUSING",
        "site_id": "0003691669317",
        "facilityaddress": "12 FALMEAD PL NE",
        "energy_description": "Natural Gas",
        "year": "2019",
        "month": "Apr",
        "total_consumption": "5",
        "unit": "GJ"
    }
]
Request method:	GET
Request URI:	https://data.calgary.ca/resource/crbp-innf.json?site_id=0003691669317&month=May&year=2019&total_consumption=3
Proxy:			<none>
Request params:	<none>
Query params:	<none>
Form params:	<none>
Path params:	<none>
Headers:		Accept=*/*
				Content-Type=application/json
Cookies:		<none>
Multiparts:		<none>
Body:			<none>
[
    {
        "business_unit_desc": "Calgary Housing",
        "facilityname": "10 & 12 FALMEAD PL NE HOUSING",
        "site_id": "0003691669317",
        "facilityaddress": "12 FALMEAD PL NE",
        "energy_description": "Natural Gas",
        "year": "2019",
        "month": "May",
        "total_consumption": "3",
        "unit": "GJ"
    }
]
Request method:	GET
Request URI:	https://data.calgary.ca/resource/crbp-innf.json?site_id=0003691669317&month=Jun&year=2019&total_consumption=2
Proxy:			<none>
Request params:	<none>
Query params:	<none>
Form params:	<none>
Path params:	<none>
Headers:		Accept=*/*
				Content-Type=application/json
Cookies:		<none>
Multiparts:		<none>
Body:			<none>
[
    {
        "business_unit_desc": "Calgary Housing",
        "facilityname": "10 & 12 FALMEAD PL NE HOUSING",
        "site_id": "0003691669317",
        "facilityaddress": "12 FALMEAD PL NE",
        "energy_description": "Natural Gas",
        "year": "2019",
        "month": "Jun",
        "total_consumption": "2",
        "unit": "GJ"
    }
]
Request method:	GET
Request URI:	https://data.calgary.ca/resource/crbp-innf.json?site_id=0003691669317&month=Jul&year=2019&total_consumption=2
Proxy:			<none>
Request params:	<none>
Query params:	<none>
Form params:	<none>
Path params:	<none>
Headers:		Accept=*/*
				Content-Type=application/json
Cookies:		<none>
Multiparts:		<none>
Body:			<none>
[
    {
        "business_unit_desc": "Calgary Housing",
        "facilityname": "10 & 12 FALMEAD PL NE HOUSING",
        "site_id": "0003691669317",
        "facilityaddress": "12 FALMEAD PL NE",
        "energy_description": "Natural Gas",
        "year": "2019",
        "month": "Jul",
        "total_consumption": "2",
        "unit": "GJ"
    }
]
Request method:	GET
Request URI:	https://data.calgary.ca/resource/crbp-innf.json?site_id=0003691669317&month=Aug&year=2019&total_consumption=1
Proxy:			<none>
Request params:	<none>
Query params:	<none>
Form params:	<none>
Path params:	<none>
Headers:		Accept=*/*
				Content-Type=application/json
Cookies:		<none>
Multiparts:		<none>
Body:			<none>
[
    {
        "business_unit_desc": "Calgary Housing",
        "facilityname": "10 & 12 FALMEAD PL NE HOUSING",
        "site_id": "0003691669317",
        "facilityaddress": "12 FALMEAD PL NE",
        "energy_description": "Natural Gas",
        "year": "2019",
        "month": "Aug",
        "total_consumption": "1",
        "unit": "GJ"
    }
]
Request method:	GET
Request URI:	https://data.calgary.ca/resource/crbp-innf.json?site_id=0003691669317&month=Sep&year=2019&total_consumption=3
Proxy:			<none>
Request params:	<none>
Query params:	<none>
Form params:	<none>
Path params:	<none>
Headers:		Accept=*/*
				Content-Type=application/json
Cookies:		<none>
Multiparts:		<none>
Body:			<none>
[
    {
        "business_unit_desc": "Calgary Housing",
        "facilityname": "10 & 12 FALMEAD PL NE HOUSING",
        "site_id": "0003691669317",
        "facilityaddress": "12 FALMEAD PL NE",
        "energy_description": "Natural Gas",
        "year": "2019",
        "month": "Sep",
        "total_consumption": "3",
        "unit": "GJ"
    }
]
Request method:	GET
Request URI:	https://data.calgary.ca/resource/crbp-innf.json?site_id=0003691669317&month=Oct&year=2019&total_consumption=6
Proxy:			<none>
Request params:	<none>
Query params:	<none>
Form params:	<none>
Path params:	<none>
Headers:		Accept=*/*
				Content-Type=application/json
Cookies:		<none>
Multiparts:		<none>
Body:			<none>
[
    {
        "business_unit_desc": "Calgary Housing",
        "facilityname": "10 & 12 FALMEAD PL NE HOUSING",
        "site_id": "0003691669317",
        "facilityaddress": "12 FALMEAD PL NE",
        "energy_description": "Natural Gas",
        "year": "2019",
        "month": "Oct",
        "total_consumption": "6",
        "unit": "GJ"
    }
]
Request method:	GET
Request URI:	https://data.calgary.ca/resource/crbp-innf.json?site_id=0003691669317&month=Nov&year=2019&total_consumption=9
Proxy:			<none>
Request params:	<none>
Query params:	<none>
Form params:	<none>
Path params:	<none>
Headers:		Accept=*/*
				Content-Type=application/json
Cookies:		<none>
Multiparts:		<none>
Body:			<none>
[
    {
        "business_unit_desc": "Calgary Housing",
        "facilityname": "10 & 12 FALMEAD PL NE HOUSING",
        "site_id": "0003691669317",
        "facilityaddress": "12 FALMEAD PL NE",
        "energy_description": "Natural Gas",
        "year": "2019",
        "month": "Nov",
        "total_consumption": "9",
        "unit": "GJ"
    }
]
Request method:	GET
Request URI:	https://data.calgary.ca/resource/crbp-innf.json?site_id=0003691669317&month=Dec&year=2019&total_consumption=10
Proxy:			<none>
Request params:	<none>
Query params:	<none>
Form params:	<none>
Path params:	<none>
Headers:		Accept=*/*
				Content-Type=application/json
Cookies:		<none>
Multiparts:		<none>
Body:			<none>
[
    {
        "business_unit_desc": "Calgary Housing",
        "facilityname": "10 & 12 FALMEAD PL NE HOUSING",
        "site_id": "0003691669317",
        "facilityaddress": "12 FALMEAD PL NE",
        "energy_description": "Natural Gas",
        "year": "2019",
        "month": "Dec",
        "total_consumption": "10",
        "unit": "GJ"
    }
]
Request method:	GET
Request URI:	https://data.calgary.ca/resource/crbp-innf.json?site_id=0003691669317&month=Jan&year=2020&total_consumption=12
Proxy:			<none>
Request params:	<none>
Query params:	<none>
Form params:	<none>
Path params:	<none>
Headers:		Accept=*/*
				Content-Type=application/json
Cookies:		<none>
Multiparts:		<none>
Body:			<none>
[
    {
        "business_unit_desc": "Calgary Housing",
        "facilityname": "10 & 12 FALMEAD PL NE HOUSING",
        "site_id": "0003691669317",
        "facilityaddress": "12 FALMEAD PL NE",
        "energy_description": "Natural Gas",
        "year": "2020",
        "month": "Jan",
        "total_consumption": "12",
        "unit": "GJ"
    }
]
Request method:	GET
Request URI:	https://data.calgary.ca/resource/crbp-innf.json?site_id=0003691669317&month=Feb&year=2020&total_consumption=8
Proxy:			<none>
Request params:	<none>
Query params:	<none>
Form params:	<none>
Path params:	<none>
Headers:		Accept=*/*
				Content-Type=application/json
Cookies:		<none>
Multiparts:		<none>
Body:			<none>
[
    {
        "business_unit_desc": "Calgary Housing",
        "facilityname": "10 & 12 FALMEAD PL NE HOUSING",
        "site_id": "0003691669317",
        "facilityaddress": "12 FALMEAD PL NE",
        "energy_description": "Natural Gas",
        "year": "2020",
        "month": "Feb",
        "total_consumption": "8",
        "unit": "GJ"
    }
]
Request method:	GET
Request URI:	https://data.calgary.ca/resource/crbp-innf.json?site_id=0003691669317&month=Mar&year=2020&total_consumption=8
Proxy:			<none>
Request params:	<none>
Query params:	<none>
Form params:	<none>
Path params:	<none>
Headers:		Accept=*/*
				Content-Type=application/json
Cookies:		<none>
Multiparts:		<none>
Body:			<none>
[
    {
        "business_unit_desc": "Calgary Housing",
        "facilityname": "10 & 12 FALMEAD PL NE HOUSING",
        "site_id": "0003691669317",
        "facilityaddress": "12 FALMEAD PL NE",
        "energy_description": "Natural Gas",
        "year": "2020",
        "month": "Mar",
        "total_consumption": "8",
        "unit": "GJ"
    }
]
Request method:	GET
Request URI:	https://data.calgary.ca/resource/crbp-innf.json?site_id=0003691669317&month=Apr&year=2020&total_consumption=6
Proxy:			<none>
Request params:	<none>
Query params:	<none>
Form params:	<none>
Path params:	<none>
Headers:		Accept=*/*
				Content-Type=application/json
Cookies:		<none>
Multiparts:		<none>
Body:			<none>
[
    {
        "business_unit_desc": "Calgary Housing",
        "facilityname": "10 & 12 FALMEAD PL NE HOUSING",
        "site_id": "0003691669317",
        "facilityaddress": "12 FALMEAD PL NE",
        "energy_description": "Natural Gas",
        "year": "2020",
        "month": "Apr",
        "total_consumption": "6",
        "unit": "GJ"
    }
]
Request method:	GET
Request URI:	https://data.calgary.ca/resource/crbp-innf.json?site_id=0003691669317&month=May&year=2020&total_consumption=3
Proxy:			<none>
Request params:	<none>
Query params:	<none>
Form params:	<none>
Path params:	<none>
Headers:		Accept=*/*
				Content-Type=application/json
Cookies:		<none>
Multiparts:		<none>
Body:			<none>
[
    {
        "business_unit_desc": "Calgary Housing",
        "facilityname": "10 & 12 FALMEAD PL NE HOUSING",
        "site_id": "0003691669317",
        "facilityaddress": "12 FALMEAD PL NE",
        "energy_description": "Natural Gas",
        "year": "2020",
        "month": "May",
        "total_consumption": "3",
        "unit": "GJ"
    }
]
Request method:	GET
Request URI:	https://data.calgary.ca/resource/crbp-innf.json?site_id=0003691669317&month=Jun&year=2020&total_consumption=1
Proxy:			<none>
Request params:	<none>
Query params:	<none>
Form params:	<none>
Path params:	<none>
Headers:		Accept=*/*
				Content-Type=application/json
Cookies:		<none>
Multiparts:		<none>
Body:			<none>
[
    {
        "business_unit_desc": "Calgary Housing",
        "facilityname": "10 & 12 FALMEAD PL NE HOUSING",
        "site_id": "0003691669317",
        "facilityaddress": "12 FALMEAD PL NE",
        "energy_description": "Natural Gas",
        "year": "2020",
        "month": "Jun",
        "total_consumption": "1",
        "unit": "GJ"
    }
]
Request method:	GET
Request URI:	https://data.calgary.ca/resource/crbp-innf.json?site_id=0003691669317&month=Jul&year=2020&total_consumption=2
Proxy:			<none>
Request params:	<none>
Query params:	<none>
Form params:	<none>
Path params:	<none>
Headers:		Accept=*/*
				Content-Type=application/json
Cookies:		<none>
Multiparts:		<none>
Body:			<none>
[
    {
        "business_unit_desc": "Calgary Housing",
        "facilityname": "10 & 12 FALMEAD PL NE HOUSING",
        "site_id": "0003691669317",
        "facilityaddress": "12 FALMEAD PL NE",
        "energy_description": "Natural Gas",
        "year": "2020",
        "month": "Jul",
        "total_consumption": "2",
        "unit": "GJ"
    }
]
Request method:	GET
Request URI:	https://data.calgary.ca/resource/crbp-innf.json?site_id=0003691669317&month=Aug&year=2020&total_consumption=1
Proxy:			<none>
Request params:	<none>
Query params:	<none>
Form params:	<none>
Path params:	<none>
Headers:		Accept=*/*
				Content-Type=application/json
Cookies:		<none>
Multiparts:		<none>
Body:			<none>
[
    {
        "business_unit_desc": "Calgary Housing",
        "facilityname": "10 & 12 FALMEAD PL NE HOUSING",
        "site_id": "0003691669317",
        "facilityaddress": "12 FALMEAD PL NE",
        "energy_description": "Natural Gas",
        "year": "2020",
        "month": "Aug",
        "total_consumption": "1",
        "unit": "GJ"
    }
]
Request method:	GET
Request URI:	https://data.calgary.ca/resource/crbp-innf.json?site_id=0003691669317&month=Sep&year=2020&total_consumption=2
Proxy:			<none>
Request params:	<none>
Query params:	<none>
Form params:	<none>
Path params:	<none>
Headers:		Accept=*/*
				Content-Type=application/json
Cookies:		<none>
Multiparts:		<none>
Body:			<none>
[
    {
        "business_unit_desc": "Calgary Housing",
        "facilityname": "10 & 12 FALMEAD PL NE HOUSING",
        "site_id": "0003691669317",
        "facilityaddress": "12 FALMEAD PL NE",
        "energy_description": "Natural Gas",
        "year": "2020",
        "month": "Sep",
        "total_consumption": "2",
        "unit": "GJ"
    }
]
Request method:	GET
Request URI:	https://data.calgary.ca/resource/crbp-innf.json?site_id=0003691669317&month=Oct&year=2020&total_consumption=5
Proxy:			<none>
Request params:	<none>
Query params:	<none>
Form params:	<none>
Path params:	<none>
Headers:		Accept=*/*
				Content-Type=application/json
Cookies:		<none>
Multiparts:		<none>
Body:			<none>
[
    {
        "business_unit_desc": "Calgary Housing",
        "facilityname": "10 & 12 FALMEAD PL NE HOUSING",
        "site_id": "0003691669317",
        "facilityaddress": "12 FALMEAD PL NE",
        "energy_description": "Natural Gas",
        "year": "2020",
        "month": "Oct",
        "total_consumption": "5",
        "unit": "GJ"
    }
]
Request method:	GET
Request URI:	https://data.calgary.ca/resource/crbp-innf.json?site_id=0003691669317&month=Nov&year=2020&total_consumption=7
Proxy:			<none>
Request params:	<none>
Query params:	<none>
Form params:	<none>
Path params:	<none>
Headers:		Accept=*/*
				Content-Type=application/json
Cookies:		<none>
Multiparts:		<none>
Body:			<none>
[
    {
        "business_unit_desc": "Calgary Housing",
        "facilityname": "10 & 12 FALMEAD PL NE HOUSING",
        "site_id": "0003691669317",
        "facilityaddress": "12 FALMEAD PL NE",
        "energy_description": "Natural Gas",
        "year": "2020",
        "month": "Nov",
        "total_consumption": "7",
        "unit": "GJ"
    }
]
Request method:	GET
Request URI:	https://data.calgary.ca/resource/crbp-innf.json?site_id=0003691669317&month=Dec&year=2020&total_consumption=7
Proxy:			<none>
Request params:	<none>
Query params:	<none>
Form params:	<none>
Path params:	<none>
Headers:		Accept=*/*
				Content-Type=application/json
Cookies:		<none>
Multiparts:		<none>
Body:			<none>
[
    {
        "business_unit_desc": "Calgary Housing",
        "facilityname": "10 & 12 FALMEAD PL NE HOUSING",
        "site_id": "0003691669317",
        "facilityaddress": "12 FALMEAD PL NE",
        "energy_description": "Natural Gas",
        "year": "2020",
        "month": "Dec",
        "total_consumption": "7",
        "unit": "GJ"
    }
]
Request method:	GET
Request URI:	https://data.calgary.ca/resource/crbp-innf.json?site_id=0003691669317&month=Jan&year=2021&total_consumption=8
Proxy:			<none>
Request params:	<none>
Query params:	<none>
Form params:	<none>
Path params:	<none>
Headers:		Accept=*/*
				Content-Type=application/json
Cookies:		<none>
Multiparts:		<none>
Body:			<none>
[
    {
        "business_unit_desc": "Calgary Housing",
        "facilityname": "10 & 12 FALMEAD PL NE HOUSING",
        "site_id": "0003691669317",
        "facilityaddress": "12 FALMEAD PL NE",
        "energy_description": "Natural Gas",
        "year": "2021",
        "month": "Jan",
        "total_consumption": "8",
        "unit": "GJ"
    }
]
Request method:	GET
Request URI:	https://data.calgary.ca/resource/crbp-innf.json?site_id=0003691669317&month=Feb&year=2021&total_consumption=10
Proxy:			<none>
Request params:	<none>
Query params:	<none>
Form params:	<none>
Path params:	<none>
Headers:		Accept=*/*
				Content-Type=application/json
Cookies:		<none>
Multiparts:		<none>
Body:			<none>
[
    {
        "business_unit_desc": "Calgary Housing",
        "facilityname": "10 & 12 FALMEAD PL NE HOUSING",
        "site_id": "0003691669317",
        "facilityaddress": "12 FALMEAD PL NE",
        "energy_description": "Natural Gas",
        "year": "2021",
        "month": "Feb",
        "total_consumption": "10",
        "unit": "GJ"
    }
]
Request method:	GET
Request URI:	https://data.calgary.ca/resource/crbp-innf.json?site_id=0003691669317&month=Mar&year=2021&total_consumption=6
Proxy:			<none>
Request params:	<none>
Query params:	<none>
Form params:	<none>
Path params:	<none>
Headers:		Accept=*/*
				Content-Type=application/json
Cookies:		<none>
Multiparts:		<none>
Body:			<none>
[
    {
        "business_unit_desc": "Calgary Housing",
        "facilityname": "10 & 12 FALMEAD PL NE HOUSING",
        "site_id": "0003691669317",
        "facilityaddress": "12 FALMEAD PL NE",
        "energy_description": "Natural Gas",
        "year": "2021",
        "month": "Mar",
        "total_consumption": "6",
        "unit": "GJ"
    }
]
Request method:	GET
Request URI:	https://data.calgary.ca/resource/crbp-innf.json?site_id=0003691669317&month=Apr&year=2021&total_consumption=4
Proxy:			<none>
Request params:	<none>
Query params:	<none>
Form params:	<none>
Path params:	<none>
Headers:		Accept=*/*
				Content-Type=application/json
Cookies:		<none>
Multiparts:		<none>
Body:			<none>
[
    {
        "business_unit_desc": "Calgary Housing",
        "facilityname": "10 & 12 FALMEAD PL NE HOUSING",
        "site_id": "0003691669317",
        "facilityaddress": "12 FALMEAD PL NE",
        "energy_description": "Natural Gas",
        "year": "2021",
        "month": "Apr",
        "total_consumption": "4",
        "unit": "GJ"
    }
]
Request method:	GET
Request URI:	https://data.calgary.ca/resource/crbp-innf.json?site_id=0003691669317&month=May&year=2021&total_consumption=3
Proxy:			<none>
Request params:	<none>
Query params:	<none>
Form params:	<none>
Path params:	<none>
Headers:		Accept=*/*
				Content-Type=application/json
Cookies:		<none>
Multiparts:		<none>
Body:			<none>
[
    {
        "business_unit_desc": "Calgary Housing",
        "facilityname": "10 & 12 FALMEAD PL NE HOUSING",
        "site_id": "0003691669317",
        "facilityaddress": "12 FALMEAD PL NE",
        "energy_description": "Natural Gas",
        "year": "2021",
        "month": "May",
        "total_consumption": "3",
        "unit": "GJ"
    }
]
Request method:	GET
Request URI:	https://data.calgary.ca/resource/crbp-innf.json?site_id=0003691669317&month=Jun&year=2021&total_consumption=2
Proxy:			<none>
Request params:	<none>
Query params:	<none>
Form params:	<none>
Path params:	<none>
Headers:		Accept=*/*
				Content-Type=application/json
Cookies:		<none>
Multiparts:		<none>
Body:			<none>
[
    {
        "business_unit_desc": "Calgary Housing",
        "facilityname": "10 & 12 FALMEAD PL NE HOUSING",
        "site_id": "0003691669317",
        "facilityaddress": "12 FALMEAD PL NE",
        "energy_description": "Natural Gas",
        "year": "2021",
        "month": "Jun",
        "total_consumption": "2",
        "unit": "GJ"
    }
]
Request method:	GET
Request URI:	https://data.calgary.ca/resource/crbp-innf.json?site_id=0003691669317&month=Jul&year=2021&total_consumption=2
Proxy:			<none>
Request params:	<none>
Query params:	<none>
Form params:	<none>
Path params:	<none>
Headers:		Accept=*/*
				Content-Type=application/json
Cookies:		<none>
Multiparts:		<none>
Body:			<none>
[
    {
        "business_unit_desc": "Calgary Housing",
        "facilityname": "10 & 12 FALMEAD PL NE HOUSING",
        "site_id": "0003691669317",
        "facilityaddress": "12 FALMEAD PL NE",
        "energy_description": "Natural Gas",
        "year": "2021",
        "month": "Jul",
        "total_consumption": "2",
        "unit": "GJ"
    }
]
Request method:	GET
Request URI:	https://data.calgary.ca/resource/crbp-innf.json?site_id=0003691669317&month=Aug&year=2021&total_consumption=1
Proxy:			<none>
Request params:	<none>
Query params:	<none>
Form params:	<none>
Path params:	<none>
Headers:		Accept=*/*
				Content-Type=application/json
Cookies:		<none>
Multiparts:		<none>
Body:			<none>
[
    {
        "business_unit_desc": "Calgary Housing",
        "facilityname": "10 & 12 FALMEAD PL NE HOUSING",
        "site_id": "0003691669317",
        "facilityaddress": "12 FALMEAD PL NE",
        "energy_description": "Natural Gas",
        "year": "2021",
        "month": "Aug",
        "total_consumption": "1",
        "unit": "GJ"
    }
]
Request method:	GET
Request URI:	https://data.calgary.ca/resource/crbp-innf.json?site_id=0003691669317&month=Sep&year=2021&total_consumption=2
Proxy:			<none>
Request params:	<none>
Query params:	<none>
Form params:	<none>
Path params:	<none>
Headers:		Accept=*/*
				Content-Type=application/json
Cookies:		<none>
Multiparts:		<none>
Body:			<none>
[
    {
        "business_unit_desc": "Calgary Housing",
        "facilityname": "10 & 12 FALMEAD PL NE HOUSING",
        "site_id": "0003691669317",
        "facilityaddress": "12 FALMEAD PL NE",
        "energy_description": "Natural Gas",
        "year": "2021",
        "month": "Sep",
        "total_consumption": "2",
        "unit": "GJ"
    }
]
Request method:	GET
Request URI:	https://data.calgary.ca/resource/crbp-innf.json?site_id=0003691669317&month=Oct&year=2021&total_consumption=6
Proxy:			<none>
Request params:	<none>
Query params:	<none>
Form params:	<none>
Path params:	<none>
Headers:		Accept=*/*
				Content-Type=application/json
Cookies:		<none>
Multiparts:		<none>
Body:			<none>
[
    {
        "business_unit_desc": "Calgary Housing",
        "facilityname": "10 & 12 FALMEAD PL NE HOUSING",
        "site_id": "0003691669317",
        "facilityaddress": "12 FALMEAD PL NE",
        "energy_description": "Natural Gas",
        "year": "2021",
        "month": "Oct",
        "total_consumption": "6",
        "unit": "GJ"
    }
]
Request method:	GET
Request URI:	https://data.calgary.ca/resource/crbp-innf.json?site_id=0003691669317&month=Nov&year=2021&total_consumption=7
Proxy:			<none>
Request params:	<none>
Query params:	<none>
Form params:	<none>
Path params:	<none>
Headers:		Accept=*/*
				Content-Type=application/json
Cookies:		<none>
Multiparts:		<none>
Body:			<none>
[
    {
        "business_unit_desc": "Calgary Housing",
        "facilityname": "10 & 12 FALMEAD PL NE HOUSING",
        "site_id": "0003691669317",
        "facilityaddress": "12 FALMEAD PL NE",
        "energy_description": "Natural Gas",
        "year": "2021",
        "month": "Nov",
        "total_consumption": "7",
        "unit": "GJ"
    }
]
Request method:	GET
Request URI:	https://data.calgary.ca/resource/crbp-innf.json?site_id=0003691669317&month=Dec&year=2021&total_consumption=12
Proxy:			<none>
Request params:	<none>
Query params:	<none>
Form params:	<none>
Path params:	<none>
Headers:		Accept=*/*
				Content-Type=application/json
Cookies:		<none>
Multiparts:		<none>
Body:			<none>
[
    {
        "business_unit_desc": "Calgary Housing",
        "facilityname": "10 & 12 FALMEAD PL NE HOUSING",
        "site_id": "0003691669317",
        "facilityaddress": "12 FALMEAD PL NE",
        "energy_description": "Natural Gas",
        "year": "2021",
        "month": "Dec",
        "total_consumption": "12",
        "unit": "GJ"
    }
]
Request method:	GET
Request URI:	https://data.calgary.ca/resource/crbp-innf.json?site_id=0003691669317&month=Jan&year=2022&total_consumption=11
Proxy:			<none>
Request params:	<none>
Query params:	<none>
Form params:	<none>
Path params:	<none>
Headers:		Accept=*/*
				Content-Type=application/json
Cookies:		<none>
Multiparts:		<none>
Body:			<none>
[
    {
        "business_unit_desc": "Calgary Housing",
        "facilityname": "10 & 12 FALMEAD PL NE HOUSING",
        "site_id": "0003691669317",
        "facilityaddress": "12 FALMEAD PL NE",
        "energy_description": "Natural Gas",
        "year": "2022",
        "month": "Jan",
        "total_consumption": "11",
        "unit": "GJ"
    }
]
Request method:	GET
Request URI:	https://data.calgary.ca/resource/crbp-innf.json?site_id=0003691669317&month=Feb&year=2022&total_consumption=8
Proxy:			<none>
Request params:	<none>
Query params:	<none>
Form params:	<none>
Path params:	<none>
Headers:		Accept=*/*
				Content-Type=application/json
Cookies:		<none>
Multiparts:		<none>
Body:			<none>
[
    {
        "business_unit_desc": "Calgary Housing",
        "facilityname": "10 & 12 FALMEAD PL NE HOUSING",
        "site_id": "0003691669317",
        "facilityaddress": "12 FALMEAD PL NE",
        "energy_description": "Natural Gas",
        "year": "2022",
        "month": "Feb",
        "total_consumption": "8",
        "unit": "GJ"
    }
]
Request method:	GET
Request URI:	https://data.calgary.ca/resource/crbp-innf.json?site_id=0003691669317&month=Mar&year=2022&total_consumption=7
Proxy:			<none>
Request params:	<none>
Query params:	<none>
Form params:	<none>
Path params:	<none>
Headers:		Accept=*/*
				Content-Type=application/json
Cookies:		<none>
Multiparts:		<none>
Body:			<none>
[
    {
        "business_unit_desc": "Calgary Housing",
        "facilityname": "10 & 12 FALMEAD PL NE HOUSING",
        "site_id": "0003691669317",
        "facilityaddress": "12 FALMEAD PL NE",
        "energy_description": "Natural Gas",
        "year": "2022",
        "month": "Mar",
        "total_consumption": "7",
        "unit": "GJ"
    }
]
Request method:	GET
Request URI:	https://data.calgary.ca/resource/crbp-innf.json?site_id=0003691669317&month=Apr&year=2022&total_consumption=5
Proxy:			<none>
Request params:	<none>
Query params:	<none>
Form params:	<none>
Path params:	<none>
Headers:		Accept=*/*
				Content-Type=application/json
Cookies:		<none>
Multiparts:		<none>
Body:			<none>
[
    {
        "business_unit_desc": "Calgary Housing",
        "facilityname": "10 & 12 FALMEAD PL NE HOUSING",
        "site_id": "0003691669317",
        "facilityaddress": "12 FALMEAD PL NE",
        "energy_description": "Natural Gas",
        "year": "2022",
        "month": "Apr",
        "total_consumption": "5",
        "unit": "GJ"
    }
]
Request method:	GET
Request URI:	https://data.calgary.ca/resource/crbp-innf.json?site_id=0003691669317&month=May&year=2022&total_consumption=2
Proxy:			<none>
Request params:	<none>
Query params:	<none>
Form params:	<none>
Path params:	<none>
Headers:		Accept=*/*
				Content-Type=application/json
Cookies:		<none>
Multiparts:		<none>
Body:			<none>
[
    {
        "business_unit_desc": "Calgary Housing",
        "facilityname": "10 & 12 FALMEAD PL NE HOUSING",
        "site_id": "0003691669317",
        "facilityaddress": "12 FALMEAD PL NE",
        "energy_description": "Natural Gas",
        "year": "2022",
        "month": "May",
        "total_consumption": "2",
        "unit": "GJ"
    }
]
Request method:	GET
Request URI:	https://data.calgary.ca/resource/crbp-innf.json?site_id=0003691669317&month=Jun&year=2022&total_consumption=2
Proxy:			<none>
Request params:	<none>
Query params:	<none>
Form params:	<none>
Path params:	<none>
Headers:		Accept=*/*
				Content-Type=application/json
Cookies:		<none>
Multiparts:		<none>
Body:			<none>
[
    {
        "business_unit_desc": "Calgary Housing",
        "facilityname": "10 & 12 FALMEAD PL NE HOUSING",
        "site_id": "0003691669317",
        "facilityaddress": "12 FALMEAD PL NE",
        "energy_description": "Natural Gas",
        "year": "2022",
        "month": "Jun",
        "total_consumption": "2",
        "unit": "GJ"
    }
]
Request method:	GET
Request URI:	https://data.calgary.ca/resource/crbp-innf.json?site_id=0003691669317&month=Jul&year=2022&total_consumption=0
Proxy:			<none>
Request params:	<none>
Query params:	<none>
Form params:	<none>
Path params:	<none>
Headers:		Accept=*/*
				Content-Type=application/json
Cookies:		<none>
Multiparts:		<none>
Body:			<none>
[
    {
        "business_unit_desc": "Calgary Housing",
        "facilityname": "10 & 12 FALMEAD PL NE HOUSING",
        "site_id": "0003691669317",
        "facilityaddress": "12 FALMEAD PL NE",
        "energy_description": "Natural Gas",
        "year": "2022",
        "month": "Jul",
        "total_consumption": "0",
        "unit": "GJ"
    }
]
Request method:	GET
Request URI:	https://data.calgary.ca/resource/crbp-innf.json?site_id=0003691669317&month=Aug&year=2022&total_consumption=1
Proxy:			<none>
Request params:	<none>
Query params:	<none>
Form params:	<none>
Path params:	<none>
Headers:		Accept=*/*
				Content-Type=application/json
Cookies:		<none>
Multiparts:		<none>
Body:			<none>
[
    {
        "business_unit_desc": "Calgary Housing",
        "facilityname": "10 & 12 FALMEAD PL NE HOUSING",
        "site_id": "0003691669317",
        "facilityaddress": "12 FALMEAD PL NE",
        "energy_description": "Natural Gas",
        "year": "2022",
        "month": "Aug",
        "total_consumption": "1",
        "unit": "GJ"
    }
]
Request method:	GET
Request URI:	https://data.calgary.ca/resource/crbp-innf.json?site_id=0003691669317&month=Sep&year=2022&total_consumption=1
Proxy:			<none>
Request params:	<none>
Query params:	<none>
Form params:	<none>
Path params:	<none>
Headers:		Accept=*/*
				Content-Type=application/json
Cookies:		<none>
Multiparts:		<none>
Body:			<none>
[
    {
        "business_unit_desc": "Calgary Housing",
        "facilityname": "10 & 12 FALMEAD PL NE HOUSING",
        "site_id": "0003691669317",
        "facilityaddress": "12 FALMEAD PL NE",
        "energy_description": "Natural Gas",
        "year": "2022",
        "month": "Sep",
        "total_consumption": "1",
        "unit": "GJ"
    }
]
Request method:	GET
Request URI:	https://data.calgary.ca/resource/crbp-innf.json?site_id=0003691669317&month=Oct&year=2022&total_consumption=4
Proxy:			<none>
Request params:	<none>
Query params:	<none>
Form params:	<none>
Path params:	<none>
Headers:		Accept=*/*
				Content-Type=application/json
Cookies:		<none>
Multiparts:		<none>
Body:			<none>
[
    {
        "business_unit_desc": "Calgary Housing",
        "facilityname": "10 & 12 FALMEAD PL NE HOUSING",
        "site_id": "0003691669317",
        "facilityaddress": "12 FALMEAD PL NE",
        "energy_description": "Natural Gas",
        "year": "2022",
        "month": "Oct",
        "total_consumption": "4",
        "unit": "GJ"
    }
]
Request method:	GET
Request URI:	https://data.calgary.ca/resource/crbp-innf.json?site_id=0003691669317&month=Nov&year=2022&total_consumption=10
Proxy:			<none>
Request params:	<none>
Query params:	<none>
Form params:	<none>
Path params:	<none>
Headers:		Accept=*/*
				Content-Type=application/json
Cookies:		<none>
Multiparts:		<none>
Body:			<none>
[
    {
        "business_unit_desc": "Calgary Housing",
        "facilityname": "10 & 12 FALMEAD PL NE HOUSING",
        "site_id": "0003691669317",
        "facilityaddress": "12 FALMEAD PL NE",
        "energy_description": "Natural Gas",
        "year": "2022",
        "month": "Nov",
        "total_consumption": "10",
        "unit": "GJ"
    }
]
Request method:	GET
Request URI:	https://data.calgary.ca/resource/crbp-innf.json?site_id=0003806743718&month=Dec&year=2018&total_consumption=24
Proxy:			<none>
Request params:	<none>
Query params:	<none>
Form params:	<none>
Path params:	<none>
Headers:		Accept=*/*
				Content-Type=application/json
Cookies:		<none>
Multiparts:		<none>
Body:			<none>
[
    {
        "business_unit_desc": "Calgary Housing",
        "facilityname": "100 CASTLEDALE WY NE HOUSING",
        "site_id": "0003806743718",
        "facilityaddress": "100 CASTLEDALE WY NE",
        "energy_description": "Natural Gas",
        "year": "2018",
        "month": "Dec",
        "total_consumption": "24",
        "unit": "GJ"
    }
]
Request method:	GET
Request URI:	https://data.calgary.ca/resource/crbp-innf.json?site_id=0003806743718&month=Jan&year=2019&total_consumption=23
Proxy:			<none>
Request params:	<none>
Query params:	<none>
Form params:	<none>
Path params:	<none>
Headers:		Accept=*/*
				Content-Type=application/json
Cookies:		<none>
Multiparts:		<none>
Body:			<none>
[
    {
        "business_unit_desc": "Calgary Housing",
        "facilityname": "100 CASTLEDALE WY NE HOUSING",
        "site_id": "0003806743718",
        "facilityaddress": "100 CASTLEDALE WY NE",
        "energy_description": "Natural Gas",
        "year": "2019",
        "month": "Jan",
        "total_consumption": "23",
        "unit": "GJ"
    }
]
Request method:	GET
Request URI:	https://data.calgary.ca/resource/crbp-innf.json?site_id=0003806743718&month=Feb&year=2019&total_consumption=34
Proxy:			<none>
Request params:	<none>
Query params:	<none>
Form params:	<none>
Path params:	<none>
Headers:		Accept=*/*
				Content-Type=application/json
Cookies:		<none>
Multiparts:		<none>
Body:			<none>
[
    {
        "business_unit_desc": "Calgary Housing",
        "facilityname": "100 CASTLEDALE WY NE HOUSING",
        "site_id": "0003806743718",
        "facilityaddress": "100 CASTLEDALE WY NE",
        "energy_description": "Natural Gas",
        "year": "2019",
        "month": "Feb",
        "total_consumption": "34",
        "unit": "GJ"
    }
]
Request method:	GET
Request URI:	https://data.calgary.ca/resource/crbp-innf.json?site_id=0003806743718&month=Mar&year=2019&total_consumption=24
Proxy:			<none>
Request params:	<none>
Query params:	<none>
Form params:	<none>
Path params:	<none>
Headers:		Accept=*/*
				Content-Type=application/json
Cookies:		<none>
Multiparts:		<none>
Body:			<none>
[
    {
        "business_unit_desc": "Calgary Housing",
        "facilityname": "100 CASTLEDALE WY NE HOUSING",
        "site_id": "0003806743718",
        "facilityaddress": "100 CASTLEDALE WY NE",
        "energy_description": "Natural Gas",
        "year": "2019",
        "month": "Mar",
        "total_consumption": "24",
        "unit": "GJ"
    }
]
Request method:	GET
Request URI:	https://data.calgary.ca/resource/crbp-innf.json?site_id=0003806743718&month=Apr&year=2019&total_consumption=18
Proxy:			<none>
Request params:	<none>
Query params:	<none>
Form params:	<none>
Path params:	<none>
Headers:		Accept=*/*
				Content-Type=application/json
Cookies:		<none>
Multiparts:		<none>
Body:			<none>
[
    {
        "business_unit_desc": "Calgary Housing",
        "facilityname": "100 CASTLEDALE WY NE HOUSING",
        "site_id": "0003806743718",
        "facilityaddress": "100 CASTLEDALE WY NE",
        "energy_description": "Natural Gas",
        "year": "2019",
        "month": "Apr",
        "total_consumption": "18",
        "unit": "GJ"
    }
]
Request method:	GET
Request URI:	https://data.calgary.ca/resource/crbp-innf.json?site_id=0003806743718&month=May&year=2019&total_consumption=11
Proxy:			<none>
Request params:	<none>
Query params:	<none>
Form params:	<none>
Path params:	<none>
Headers:		Accept=*/*
				Content-Type=application/json
Cookies:		<none>
Multiparts:		<none>
Body:			<none>
[
    {
        "business_unit_desc": "Calgary Housing",
        "facilityname": "100 CASTLEDALE WY NE HOUSING",
        "site_id": "0003806743718",
        "facilityaddress": "100 CASTLEDALE WY NE",
        "energy_description": "Natural Gas",
        "year": "2019",
        "month": "May",
        "total_consumption": "11",
        "unit": "GJ"
    }
]
Request method:	GET
Request URI:	https://data.calgary.ca/resource/crbp-innf.json?site_id=0003806743718&month=Jun&year=2019&total_consumption=8
Proxy:			<none>
Request params:	<none>
Query params:	<none>
Form params:	<none>
Path params:	<none>
Headers:		Accept=*/*
				Content-Type=application/json
Cookies:		<none>
Multiparts:		<none>
Body:			<none>
[
    {
        "business_unit_desc": "Calgary Housing",
        "facilityname": "100 CASTLEDALE WY NE HOUSING",
        "site_id": "0003806743718",
        "facilityaddress": "100 CASTLEDALE WY NE",
        "energy_description": "Natural Gas",
        "year": "2019",
        "month": "Jun",
        "total_consumption": "8",
        "unit": "GJ"
    }
]
Request method:	GET
Request URI:	https://data.calgary.ca/resource/crbp-innf.json?site_id=0003806743718&month=Jul&year=2019&total_consumption=7
Proxy:			<none>
Request params:	<none>
Query params:	<none>
Form params:	<none>
Path params:	<none>
Headers:		Accept=*/*
				Content-Type=application/json
Cookies:		<none>
Multiparts:		<none>
Body:			<none>
[
    {
        "business_unit_desc": "Calgary Housing",
        "facilityname": "100 CASTLEDALE WY NE HOUSING",
        "site_id": "0003806743718",
        "facilityaddress": "100 CASTLEDALE WY NE",
        "energy_description": "Natural Gas",
        "year": "2019",
        "month": "Jul",
        "total_consumption": "7",
        "unit": "GJ"
    }
]
Request method:	GET
Request URI:	https://data.calgary.ca/resource/crbp-innf.json?site_id=0003806743718&month=Aug&year=2019&total_consumption=6
Proxy:			<none>
Request params:	<none>
Query params:	<none>
Form params:	<none>
Path params:	<none>
Headers:		Accept=*/*
				Content-Type=application/json
Cookies:		<none>
Multiparts:		<none>
Body:			<none>
[
    {
        "business_unit_desc": "Calgary Housing",
        "facilityname": "100 CASTLEDALE WY NE HOUSING",
        "site_id": "0003806743718",
        "facilityaddress": "100 CASTLEDALE WY NE",
        "energy_description": "Natural Gas",
        "year": "2019",
        "month": "Aug",
        "total_consumption": "6",
        "unit": "GJ"
    }
]
Request method:	GET
Request URI:	https://data.calgary.ca/resource/crbp-innf.json?site_id=0003806743718&month=Sep&year=2019&total_consumption=8
Proxy:			<none>
Request params:	<none>
Query params:	<none>
Form params:	<none>
Path params:	<none>
Headers:		Accept=*/*
				Content-Type=application/json
Cookies:		<none>
Multiparts:		<none>
Body:			<none>
[
    {
        "business_unit_desc": "Calgary Housing",
        "facilityname": "100 CASTLEDALE WY NE HOUSING",
        "site_id": "0003806743718",
        "facilityaddress": "100 CASTLEDALE WY NE",
        "energy_description": "Natural Gas",
        "year": "2019",
        "month": "Sep",
        "total_consumption": "8",
        "unit": "GJ"
    }
]
Request method:	GET
Request URI:	https://data.calgary.ca/resource/crbp-innf.json?site_id=0003806743718&month=Oct&year=2019&total_consumption=14
Proxy:			<none>
Request params:	<none>
Query params:	<none>
Form params:	<none>
Path params:	<none>
Headers:		Accept=*/*
				Content-Type=application/json
Cookies:		<none>
Multiparts:		<none>
Body:			<none>
[
    {
        "business_unit_desc": "Calgary Housing",
        "facilityname": "100 CASTLEDALE WY NE HOUSING",
        "site_id": "0003806743718",
        "facilityaddress": "100 CASTLEDALE WY NE",
        "energy_description": "Natural Gas",
        "year": "2019",
        "month": "Oct",
        "total_consumption": "14",
        "unit": "GJ"
    }
]
Request method:	GET
Request URI:	https://data.calgary.ca/resource/crbp-innf.json?site_id=0003806743718&month=Nov&year=2019&total_consumption=15
Proxy:			<none>
Request params:	<none>
Query params:	<none>
Form params:	<none>
Path params:	<none>
Headers:		Accept=*/*
				Content-Type=application/json
Cookies:		<none>
Multiparts:		<none>
Body:			<none>
[
    {
        "business_unit_desc": "Calgary Housing",
        "facilityname": "100 CASTLEDALE WY NE HOUSING",
        "site_id": "0003806743718",
        "facilityaddress": "100 CASTLEDALE WY NE",
        "energy_description": "Natural Gas",
        "year": "2019",
        "month": "Nov",
        "total_consumption": "15",
        "unit": "GJ"
    }
]
Request method:	GET
Request URI:	https://data.calgary.ca/resource/crbp-innf.json?site_id=0003806743718&month=Dec&year=2019&total_consumption=16
Proxy:			<none>
Request params:	<none>
Query params:	<none>
Form params:	<none>
Path params:	<none>
Headers:		Accept=*/*
				Content-Type=application/json
Cookies:		<none>
Multiparts:		<none>
Body:			<none>
[
    {
        "business_unit_desc": "Calgary Housing",
        "facilityname": "100 CASTLEDALE WY NE HOUSING",
        "site_id": "0003806743718",
        "facilityaddress": "100 CASTLEDALE WY NE",
        "energy_description": "Natural Gas",
        "year": "2019",
        "month": "Dec",
        "total_consumption": "16",
        "unit": "GJ"
    }
]
Request method:	GET
Request URI:	https://data.calgary.ca/resource/crbp-innf.json?site_id=0003806743718&month=Jan&year=2020&total_consumption=21
Proxy:			<none>
Request params:	<none>
Query params:	<none>
Form params:	<none>
Path params:	<none>
Headers:		Accept=*/*
				Content-Type=application/json
Cookies:		<none>
Multiparts:		<none>
Body:			<none>
[
    {
        "business_unit_desc": "Calgary Housing",
        "facilityname": "100 CASTLEDALE WY NE HOUSING",
        "site_id": "0003806743718",
        "facilityaddress": "100 CASTLEDALE WY NE",
        "energy_description": "Natural Gas",
        "year": "2020",
        "month": "Jan",
        "total_consumption": "21",
        "unit": "GJ"
    }
]
Request method:	GET
Request URI:	https://data.calgary.ca/resource/crbp-innf.json?site_id=0003806743718&month=Feb&year=2020&total_consumption=17
Proxy:			<none>
Request params:	<none>
Query params:	<none>
Form params:	<none>
Path params:	<none>
Headers:		Accept=*/*
				Content-Type=application/json
Cookies:		<none>
Multiparts:		<none>
Body:			<none>
[
    {
        "business_unit_desc": "Calgary Housing",
        "facilityname": "100 CASTLEDALE WY NE HOUSING",
        "site_id": "0003806743718",
        "facilityaddress": "100 CASTLEDALE WY NE",
        "energy_description": "Natural Gas",
        "year": "2020",
        "month": "Feb",
        "total_consumption": "17",
        "unit": "GJ"
    }
]
Request method:	GET
Request URI:	https://data.calgary.ca/resource/crbp-innf.json?site_id=0003806743718&month=Mar&year=2020&total_consumption=17
Proxy:			<none>
Request params:	<none>
Query params:	<none>
Form params:	<none>
Path params:	<none>
Headers:		Accept=*/*
				Content-Type=application/json
Cookies:		<none>
Multiparts:		<none>
Body:			<none>
[
    {
        "business_unit_desc": "Calgary Housing",
        "facilityname": "100 CASTLEDALE WY NE HOUSING",
        "site_id": "0003806743718",
        "facilityaddress": "100 CASTLEDALE WY NE",
        "energy_description": "Natural Gas",
        "year": "2020",
        "month": "Mar",
        "total_consumption": "17",
        "unit": "GJ"
    }
]
Request method:	GET
Request URI:	https://data.calgary.ca/resource/crbp-innf.json?site_id=0003806743718&month=Apr&year=2020&total_consumption=14
Proxy:			<none>
Request params:	<none>
Query params:	<none>
Form params:	<none>
Path params:	<none>
Headers:		Accept=*/*
				Content-Type=application/json
Cookies:		<none>
Multiparts:		<none>
Body:			<none>
[
    {
        "business_unit_desc": "Calgary Housing",
        "facilityname": "100 CASTLEDALE WY NE HOUSING",
        "site_id": "0003806743718",
        "facilityaddress": "100 CASTLEDALE WY NE",
        "energy_description": "Natural Gas",
        "year": "2020",
        "month": "Apr",
        "total_consumption": "14",
        "unit": "GJ"
    }
]
Request method:	GET
Request URI:	https://data.calgary.ca/resource/crbp-innf.json?site_id=0003806743718&month=May&year=2020&total_consumption=10
Proxy:			<none>
Request params:	<none>
Query params:	<none>
Form params:	<none>
Path params:	<none>
Headers:		Accept=*/*
				Content-Type=application/json
Cookies:		<none>
Multiparts:		<none>
Body:			<none>
[
    {
        "business_unit_desc": "Calgary Housing",
        "facilityname": "100 CASTLEDALE WY NE HOUSING",
        "site_id": "0003806743718",
        "facilityaddress": "100 CASTLEDALE WY NE",
        "energy_description": "Natural Gas",
        "year": "2020",
        "month": "May",
        "total_consumption": "10",
        "unit": "GJ"
    }
]
Request method:	GET
Request URI:	https://data.calgary.ca/resource/crbp-innf.json?site_id=0003806743718&month=Jun&year=2020&total_consumption=7
Proxy:			<none>
Request params:	<none>
Query params:	<none>
Form params:	<none>
Path params:	<none>
Headers:		Accept=*/*
				Content-Type=application/json
Cookies:		<none>
Multiparts:		<none>
Body:			<none>
[
    {
        "business_unit_desc": "Calgary Housing",
        "facilityname": "100 CASTLEDALE WY NE HOUSING",
        "site_id": "0003806743718",
        "facilityaddress": "100 CASTLEDALE WY NE",
        "energy_description": "Natural Gas",
        "year": "2020",
        "month": "Jun",
        "total_consumption": "7",
        "unit": "GJ"
    }
]
Request method:	GET
Request URI:	https://data.calgary.ca/resource/crbp-innf.json?site_id=0003806743718&month=Jul&year=2020&total_consumption=7
Proxy:			<none>
Request params:	<none>
Query params:	<none>
Form params:	<none>
Path params:	<none>
Headers:		Accept=*/*
				Content-Type=application/json
Cookies:		<none>
Multiparts:		<none>
Body:			<none>
[
    {
        "business_unit_desc": "Calgary Housing",
        "facilityname": "100 CASTLEDALE WY NE HOUSING",
        "site_id": "0003806743718",
        "facilityaddress": "100 CASTLEDALE WY NE",
        "energy_description": "Natural Gas",
        "year": "2020",
        "month": "Jul",
        "total_consumption": "7",
        "unit": "GJ"
    }
]
Request method:	GET
Request URI:	https://data.calgary.ca/resource/crbp-innf.json?site_id=0003806743718&month=Aug&year=2020&total_consumption=6
Proxy:			<none>
Request params:	<none>
Query params:	<none>
Form params:	<none>
Path params:	<none>
Headers:		Accept=*/*
				Content-Type=application/json
Cookies:		<none>
Multiparts:		<none>
Body:			<none>
[
    {
        "business_unit_desc": "Calgary Housing",
        "facilityname": "100 CASTLEDALE WY NE HOUSING",
        "site_id": "0003806743718",
        "facilityaddress": "100 CASTLEDALE WY NE",
        "energy_description": "Natural Gas",
        "year": "2020",
        "month": "Aug",
        "total_consumption": "6",
        "unit": "GJ"
    }
]
Request method:	GET
Request URI:	https://data.calgary.ca/resource/crbp-innf.json?site_id=0003806743718&month=Sep&year=2020&total_consumption=9
Proxy:			<none>
Request params:	<none>
Query params:	<none>
Form params:	<none>
Path params:	<none>
Headers:		Accept=*/*
				Content-Type=application/json
Cookies:		<none>
Multiparts:		<none>
Body:			<none>
[
    {
        "business_unit_desc": "Calgary Housing",
        "facilityname": "100 CASTLEDALE WY NE HOUSING",
        "site_id": "0003806743718",
        "facilityaddress": "100 CASTLEDALE WY NE",
        "energy_description": "Natural Gas",
        "year": "2020",
        "month": "Sep",
        "total_consumption": "9",
        "unit": "GJ"
    }
]
Request method:	GET
Request URI:	https://data.calgary.ca/resource/crbp-innf.json?site_id=0003806743718&month=Oct&year=2020&total_consumption=13
Proxy:			<none>
Request params:	<none>
Query params:	<none>
Form params:	<none>
Path params:	<none>
Headers:		Accept=*/*
				Content-Type=application/json
Cookies:		<none>
Multiparts:		<none>
Body:			<none>
[
    {
        "business_unit_desc": "Calgary Housing",
        "facilityname": "100 CASTLEDALE WY NE HOUSING",
        "site_id": "0003806743718",
        "facilityaddress": "100 CASTLEDALE WY NE",
        "energy_description": "Natural Gas",
        "year": "2020",
        "month": "Oct",
        "total_consumption": "13",
        "unit": "GJ"
    }
]
Request method:	GET
Request URI:	https://data.calgary.ca/resource/crbp-innf.json?site_id=0003806743718&month=Nov&year=2020&total_consumption=17
Proxy:			<none>
Request params:	<none>
Query params:	<none>
Form params:	<none>
Path params:	<none>
Headers:		Accept=*/*
				Content-Type=application/json
Cookies:		<none>
Multiparts:		<none>
Body:			<none>
[
    {
        "business_unit_desc": "Calgary Housing",
        "facilityname": "100 CASTLEDALE WY NE HOUSING",
        "site_id": "0003806743718",
        "facilityaddress": "100 CASTLEDALE WY NE",
        "energy_description": "Natural Gas",
        "year": "2020",
        "month": "Nov",
        "total_consumption": "17",
        "unit": "GJ"
    }
]
Request method:	GET
Request URI:	https://data.calgary.ca/resource/crbp-innf.json?site_id=0003806743718&month=Dec&year=2020&total_consumption=18
Proxy:			<none>
Request params:	<none>
Query params:	<none>
Form params:	<none>
Path params:	<none>
Headers:		Accept=*/*
				Content-Type=application/json
Cookies:		<none>
Multiparts:		<none>
Body:			<none>
[
    {
        "business_unit_desc": "Calgary Housing",
        "facilityname": "100 CASTLEDALE WY NE HOUSING",
        "site_id": "0003806743718",
        "facilityaddress": "100 CASTLEDALE WY NE",
        "energy_description": "Natural Gas",
        "year": "2020",
        "month": "Dec",
        "total_consumption": "18",
        "unit": "GJ"
    }
]
Request method:	GET
Request URI:	https://data.calgary.ca/resource/crbp-innf.json?site_id=0003806743718&month=Jan&year=2021&total_consumption=18
Proxy:			<none>
Request params:	<none>
Query params:	<none>
Form params:	<none>
Path params:	<none>
Headers:		Accept=*/*
				Content-Type=application/json
Cookies:		<none>
Multiparts:		<none>
Body:			<none>
[
    {
        "business_unit_desc": "Calgary Housing",
        "facilityname": "100 CASTLEDALE WY NE HOUSING",
        "site_id": "0003806743718",
        "facilityaddress": "100 CASTLEDALE WY NE",
        "energy_description": "Natural Gas",
        "year": "2021",
        "month": "Jan",
        "total_consumption": "18",
        "unit": "GJ"
    }
]
Request method:	GET
Request URI:	https://data.calgary.ca/resource/crbp-innf.json?site_id=0003806743718&month=Feb&year=2021&total_consumption=21
Proxy:			<none>
Request params:	<none>
Query params:	<none>
Form params:	<none>
Path params:	<none>
Headers:		Accept=*/*
				Content-Type=application/json
Cookies:		<none>
Multiparts:		<none>
Body:			<none>
[
    {
        "business_unit_desc": "Calgary Housing",
        "facilityname": "100 CASTLEDALE WY NE HOUSING",
        "site_id": "0003806743718",
        "facilityaddress": "100 CASTLEDALE WY NE",
        "energy_description": "Natural Gas",
        "year": "2021",
        "month": "Feb",
        "total_consumption": "21",
        "unit": "GJ"
    }
]
Request method:	GET
Request URI:	https://data.calgary.ca/resource/crbp-innf.json?site_id=0003806743718&month=Mar&year=2021&total_consumption=17
Proxy:			<none>
Request params:	<none>
Query params:	<none>
Form params:	<none>
Path params:	<none>
Headers:		Accept=*/*
				Content-Type=application/json
Cookies:		<none>
Multiparts:		<none>
Body:			<none>
[
    {
        "business_unit_desc": "Calgary Housing",
        "facilityname": "100 CASTLEDALE WY NE HOUSING",
        "site_id": "0003806743718",
        "facilityaddress": "100 CASTLEDALE WY NE",
        "energy_description": "Natural Gas",
        "year": "2021",
        "month": "Mar",
        "total_consumption": "17",
        "unit": "GJ"
    }
]
Request method:	GET
Request URI:	https://data.calgary.ca/resource/crbp-innf.json?site_id=0003806743718&month=Apr&year=2021&total_consumption=13
Proxy:			<none>
Request params:	<none>
Query params:	<none>
Form params:	<none>
Path params:	<none>
Headers:		Accept=*/*
				Content-Type=application/json
Cookies:		<none>
Multiparts:		<none>
Body:			<none>
[
    {
        "business_unit_desc": "Calgary Housing",
        "facilityname": "100 CASTLEDALE WY NE HOUSING",
        "site_id": "0003806743718",
        "facilityaddress": "100 CASTLEDALE WY NE",
        "energy_description": "Natural Gas",
        "year": "2021",
        "month": "Apr",
        "total_consumption": "13",
        "unit": "GJ"
    }
]
Request method:	GET
Request URI:	https://data.calgary.ca/resource/crbp-innf.json?site_id=0003806743718&month=May&year=2021&total_consumption=10
Proxy:			<none>
Request params:	<none>
Query params:	<none>
Form params:	<none>
Path params:	<none>
Headers:		Accept=*/*
				Content-Type=application/json
Cookies:		<none>
Multiparts:		<none>
Body:			<none>
[
    {
        "business_unit_desc": "Calgary Housing",
        "facilityname": "100 CASTLEDALE WY NE HOUSING",
        "site_id": "0003806743718",
        "facilityaddress": "100 CASTLEDALE WY NE",
        "energy_description": "Natural Gas",
        "year": "2021",
        "month": "May",
        "total_consumption": "10",
        "unit": "GJ"
    }
]
Request method:	GET
Request URI:	https://data.calgary.ca/resource/crbp-innf.json?site_id=0003806743718&month=Jun&year=2021&total_consumption=8
Proxy:			<none>
Request params:	<none>
Query params:	<none>
Form params:	<none>
Path params:	<none>
Headers:		Accept=*/*
				Content-Type=application/json
Cookies:		<none>
Multiparts:		<none>
Body:			<none>
[
    {
        "business_unit_desc": "Calgary Housing",
        "facilityname": "100 CASTLEDALE WY NE HOUSING",
        "site_id": "0003806743718",
        "facilityaddress": "100 CASTLEDALE WY NE",
        "energy_description": "Natural Gas",
        "year": "2021",
        "month": "Jun",
        "total_consumption": "8",
        "unit": "GJ"
    }
]
Request method:	GET
Request URI:	https://data.calgary.ca/resource/crbp-innf.json?site_id=0003806743718&month=Jul&year=2021&total_consumption=5
Proxy:			<none>
Request params:	<none>
Query params:	<none>
Form params:	<none>
Path params:	<none>
Headers:		Accept=*/*
				Content-Type=application/json
Cookies:		<none>
Multiparts:		<none>
Body:			<none>
[
    {
        "business_unit_desc": "Calgary Housing",
        "facilityname": "100 CASTLEDALE WY NE HOUSING",
        "site_id": "0003806743718",
        "facilityaddress": "100 CASTLEDALE WY NE",
        "energy_description": "Natural Gas",
        "year": "2021",
        "month": "Jul",
        "total_consumption": "5",
        "unit": "GJ"
    }
]
Request method:	GET
Request URI:	https://data.calgary.ca/resource/crbp-innf.json?site_id=0003806743718&month=Aug&year=2021&total_consumption=6
Proxy:			<none>
Request params:	<none>
Query params:	<none>
Form params:	<none>
Path params:	<none>
Headers:		Accept=*/*
				Content-Type=application/json
Cookies:		<none>
Multiparts:		<none>
Body:			<none>
[
    {
        "business_unit_desc": "Calgary Housing",
        "facilityname": "100 CASTLEDALE WY NE HOUSING",
        "site_id": "0003806743718",
        "facilityaddress": "100 CASTLEDALE WY NE",
        "energy_description": "Natural Gas",
        "year": "2021",
        "month": "Aug",
        "total_consumption": "6",
        "unit": "GJ"
    }
]
Request method:	GET
Request URI:	https://data.calgary.ca/resource/crbp-innf.json?site_id=0003806743718&month=Sep&year=2021&total_consumption=8
Proxy:			<none>
Request params:	<none>
Query params:	<none>
Form params:	<none>
Path params:	<none>
Headers:		Accept=*/*
				Content-Type=application/json
Cookies:		<none>
Multiparts:		<none>
Body:			<none>
[
    {
        "business_unit_desc": "Calgary Housing",
        "facilityname": "100 CASTLEDALE WY NE HOUSING",
        "site_id": "0003806743718",
        "facilityaddress": "100 CASTLEDALE WY NE",
        "energy_description": "Natural Gas",
        "year": "2021",
        "month": "Sep",
        "total_consumption": "8",
        "unit": "GJ"
    }
]
Request method:	GET
Request URI:	https://data.calgary.ca/resource/crbp-innf.json?site_id=0003806743718&month=Oct&year=2021&total_consumption=12
Proxy:			<none>
Request params:	<none>
Query params:	<none>
Form params:	<none>
Path params:	<none>
Headers:		Accept=*/*
				Content-Type=application/json
Cookies:		<none>
Multiparts:		<none>
Body:			<none>
[
    {
        "business_unit_desc": "Calgary Housing",
        "facilityname": "100 CASTLEDALE WY NE HOUSING",
        "site_id": "0003806743718",
        "facilityaddress": "100 CASTLEDALE WY NE",
        "energy_description": "Natural Gas",
        "year": "2021",
        "month": "Oct",
        "total_consumption": "12",
        "unit": "GJ"
    }
]
Request method:	GET
Request URI:	https://data.calgary.ca/resource/crbp-innf.json?site_id=0003806743718&month=Nov&year=2021&total_consumption=14
Proxy:			<none>
Request params:	<none>
Query params:	<none>
Form params:	<none>
Path params:	<none>
Headers:		Accept=*/*
				Content-Type=application/json
Cookies:		<none>
Multiparts:		<none>
Body:			<none>
[
    {
        "business_unit_desc": "Calgary Housing",
        "facilityname": "100 CASTLEDALE WY NE HOUSING",
        "site_id": "0003806743718",
        "facilityaddress": "100 CASTLEDALE WY NE",
        "energy_description": "Natural Gas",
        "year": "2021",
        "month": "Nov",
        "total_consumption": "14",
        "unit": "GJ"
    }
]
Request method:	GET
Request URI:	https://data.calgary.ca/resource/crbp-innf.json?site_id=0003806743718&month=Dec&year=2021&total_consumption=21
Proxy:			<none>
Request params:	<none>
Query params:	<none>
Form params:	<none>
Path params:	<none>
Headers:		Accept=*/*
				Content-Type=application/json
Cookies:		<none>
Multiparts:		<none>
Body:			<none>
[
    {
        "business_unit_desc": "Calgary Housing",
        "facilityname": "100 CASTLEDALE WY NE HOUSING",
        "site_id": "0003806743718",
        "facilityaddress": "100 CASTLEDALE WY NE",
        "energy_description": "Natural Gas",
        "year": "2021",
        "month": "Dec",
        "total_consumption": "21",
        "unit": "GJ"
    }
]
Request method:	GET
Request URI:	https://data.calgary.ca/resource/crbp-innf.json?site_id=0003806743718&month=Jan&year=2022&total_consumption=19
Proxy:			<none>
Request params:	<none>
Query params:	<none>
Form params:	<none>
Path params:	<none>
Headers:		Accept=*/*
				Content-Type=application/json
Cookies:		<none>
Multiparts:		<none>
Body:			<none>
[
    {
        "business_unit_desc": "Calgary Housing",
        "facilityname": "100 CASTLEDALE WY NE HOUSING",
        "site_id": "0003806743718",
        "facilityaddress": "100 CASTLEDALE WY NE",
        "energy_description": "Natural Gas",
        "year": "2022",
        "month": "Jan",
        "total_consumption": "19",
        "unit": "GJ"
    }
]
Request method:	GET
Request URI:	https://data.calgary.ca/resource/crbp-innf.json?site_id=0003806743718&month=Feb&year=2022&total_consumption=16
Proxy:			<none>
Request params:	<none>
Query params:	<none>
Form params:	<none>
Path params:	<none>
Headers:		Accept=*/*
				Content-Type=application/json
Cookies:		<none>
Multiparts:		<none>
Body:			<none>
[
    {
        "business_unit_desc": "Calgary Housing",
        "facilityname": "100 CASTLEDALE WY NE HOUSING",
        "site_id": "0003806743718",
        "facilityaddress": "100 CASTLEDALE WY NE",
        "energy_description": "Natural Gas",
        "year": "2022",
        "month": "Feb",
        "total_consumption": "16",
        "unit": "GJ"
    }
]
Request method:	GET
Request URI:	https://data.calgary.ca/resource/crbp-innf.json?site_id=0003806743718&month=Mar&year=2022&total_consumption=17
Proxy:			<none>
Request params:	<none>
Query params:	<none>
Form params:	<none>
Path params:	<none>
Headers:		Accept=*/*
				Content-Type=application/json
Cookies:		<none>
Multiparts:		<none>
Body:			<none>
[
    {
        "business_unit_desc": "Calgary Housing",
        "facilityname": "100 CASTLEDALE WY NE HOUSING",
        "site_id": "0003806743718",
        "facilityaddress": "100 CASTLEDALE WY NE",
        "energy_description": "Natural Gas",
        "year": "2022",
        "month": "Mar",
        "total_consumption": "17",
        "unit": "GJ"
    }
]
Request method:	GET
Request URI:	https://data.calgary.ca/resource/crbp-innf.json?site_id=0003806743718&month=Apr&year=2022&total_consumption=16
Proxy:			<none>
Request params:	<none>
Query params:	<none>
Form params:	<none>
Path params:	<none>
Headers:		Accept=*/*
				Content-Type=application/json
Cookies:		<none>
Multiparts:		<none>
Body:			<none>
[
    {
        "business_unit_desc": "Calgary Housing",
        "facilityname": "100 CASTLEDALE WY NE HOUSING",
        "site_id": "0003806743718",
        "facilityaddress": "100 CASTLEDALE WY NE",
        "energy_description": "Natural Gas",
        "year": "2022",
        "month": "Apr",
        "total_consumption": "16",
        "unit": "GJ"
    }
]
Request method:	GET
Request URI:	https://data.calgary.ca/resource/crbp-innf.json?site_id=0003806743718&month=May&year=2022&total_consumption=11
Proxy:			<none>
Request params:	<none>
Query params:	<none>
Form params:	<none>
Path params:	<none>
Headers:		Accept=*/*
				Content-Type=application/json
Cookies:		<none>
Multiparts:		<none>
Body:			<none>
[
    {
        "business_unit_desc": "Calgary Housing",
        "facilityname": "100 CASTLEDALE WY NE HOUSING",
        "site_id": "0003806743718",
        "facilityaddress": "100 CASTLEDALE WY NE",
        "energy_description": "Natural Gas",
        "year": "2022",
        "month": "May",
        "total_consumption": "11",
        "unit": "GJ"
    }
]
Request method:	GET
Request URI:	https://data.calgary.ca/resource/crbp-innf.json?site_id=0003806743718&month=Jun&year=2022&total_consumption=8
Proxy:			<none>
Request params:	<none>
Query params:	<none>
Form params:	<none>
Path params:	<none>
Headers:		Accept=*/*
				Content-Type=application/json
Cookies:		<none>
Multiparts:		<none>
Body:			<none>
[
    {
        "business_unit_desc": "Calgary Housing",
        "facilityname": "100 CASTLEDALE WY NE HOUSING",
        "site_id": "0003806743718",
        "facilityaddress": "100 CASTLEDALE WY NE",
        "energy_description": "Natural Gas",
        "year": "2022",
        "month": "Jun",
        "total_consumption": "8",
        "unit": "GJ"
    }
]
Request method:	GET
Request URI:	https://data.calgary.ca/resource/crbp-innf.json?site_id=0003806743718&month=Jul&year=2022&total_consumption=0
Proxy:			<none>
Request params:	<none>
Query params:	<none>
Form params:	<none>
Path params:	<none>
Headers:		Accept=*/*
				Content-Type=application/json
Cookies:		<none>
Multiparts:		<none>
Body:			<none>
[
    {
        "business_unit_desc": "Calgary Housing",
        "facilityname": "100 CASTLEDALE WY NE HOUSING",
        "site_id": "0003806743718",
        "facilityaddress": "100 CASTLEDALE WY NE",
        "energy_description": "Natural Gas",
        "year": "2022",
        "month": "Jul",
        "total_consumption": "0",
        "unit": "GJ"
    }
]
Request method:	GET
Request URI:	https://data.calgary.ca/resource/crbp-innf.json?site_id=0003806743718&month=Aug&year=2022&total_consumption=5
Proxy:			<none>
Request params:	<none>
Query params:	<none>
Form params:	<none>
Path params:	<none>
Headers:		Accept=*/*
				Content-Type=application/json
Cookies:		<none>
Multiparts:		<none>
Body:			<none>
[
    {
        "business_unit_desc": "Calgary Housing",
        "facilityname": "100 CASTLEDALE WY NE HOUSING",
        "site_id": "0003806743718",
        "facilityaddress": "100 CASTLEDALE WY NE",
        "energy_description": "Natural Gas",
        "year": "2022",
        "month": "Aug",
        "total_consumption": "5",
        "unit": "GJ"
    }
]
Request method:	GET
Request URI:	https://data.calgary.ca/resource/crbp-innf.json?site_id=0003806743718&month=Sep&year=2022&total_consumption=6
Proxy:			<none>
Request params:	<none>
Query params:	<none>
Form params:	<none>
Path params:	<none>
Headers:		Accept=*/*
				Content-Type=application/json
Cookies:		<none>
Multiparts:		<none>
Body:			<none>
[
    {
        "business_unit_desc": "Calgary Housing",
        "facilityname": "100 CASTLEDALE WY NE HOUSING",
        "site_id": "0003806743718",
        "facilityaddress": "100 CASTLEDALE WY NE",
        "energy_description": "Natural Gas",
        "year": "2022",
        "month": "Sep",
        "total_consumption": "6",
        "unit": "GJ"
    }
]
Request method:	GET
Request URI:	https://data.calgary.ca/resource/crbp-innf.json?site_id=0003806743718&month=Oct&year=2022&total_consumption=10
Proxy:			<none>
Request params:	<none>
Query params:	<none>
Form params:	<none>
Path params:	<none>
Headers:		Accept=*/*
				Content-Type=application/json
Cookies:		<none>
Multiparts:		<none>
Body:			<none>
[
    {
        "business_unit_desc": "Calgary Housing",
        "facilityname": "100 CASTLEDALE WY NE HOUSING",
        "site_id": "0003806743718",
        "facilityaddress": "100 CASTLEDALE WY NE",
        "energy_description": "Natural Gas",
        "year": "2022",
        "month": "Oct",
        "total_consumption": "10",
        "unit": "GJ"
    }
]
Request method:	GET
Request URI:	https://data.calgary.ca/resource/crbp-innf.json?site_id=0003806743718&month=Nov&year=2022&total_consumption=18
Proxy:			<none>
Request params:	<none>
Query params:	<none>
Form params:	<none>
Path params:	<none>
Headers:		Accept=*/*
				Content-Type=application/json
Cookies:		<none>
Multiparts:		<none>
Body:			<none>
[
    {
        "business_unit_desc": "Calgary Housing",
        "facilityname": "100 CASTLEDALE WY NE HOUSING",
        "site_id": "0003806743718",
        "facilityaddress": "100 CASTLEDALE WY NE",
        "energy_description": "Natural Gas",
        "year": "2022",
        "month": "Nov",
        "total_consumption": "18",
        "unit": "GJ"
    }
]
Request method:	GET
Request URI:	https://data.calgary.ca/resource/crbp-innf.json?site_id=0020007253236&month=Mar&year=2016&total_consumption=0
Proxy:			<none>
Request params:	<none>
Query params:	<none>
Form params:	<none>
Path params:	<none>
Headers:		Accept=*/*
				Content-Type=application/json
Cookies:		<none>
Multiparts:		<none>
Body:			<none>
[
    {
        "business_unit_desc": "Calgary Housing",
        "facilityname": "#100 6704 6 ST SW",
        "site_id": "0020007253236",
        "facilityaddress": "#100 6704 6 ST SW",
        "energy_description": "Electricity",
        "year": "2016",
        "month": "Mar",
        "total_consumption": "0",
        "unit": "kWh"
    }
]
Request method:	GET
Request URI:	https://data.calgary.ca/resource/crbp-innf.json?site_id=0020007253236&month=Apr&year=2016&total_consumption=131
Proxy:			<none>
Request params:	<none>
Query params:	<none>
Form params:	<none>
Path params:	<none>
Headers:		Accept=*/*
				Content-Type=application/json
Cookies:		<none>
Multiparts:		<none>
Body:			<none>
[
    {
        "business_unit_desc": "Calgary Housing",
        "facilityname": "#100 6704 6 ST SW",
        "site_id": "0020007253236",
        "facilityaddress": "#100 6704 6 ST SW",
        "energy_description": "Electricity",
        "year": "2016",
        "month": "Apr",
        "total_consumption": "131",
        "unit": "kWh"
    }
]
Request method:	GET
Request URI:	https://data.calgary.ca/resource/crbp-innf.json?site_id=0020007253236&month=May&year=2016&total_consumption=200
Proxy:			<none>
Request params:	<none>
Query params:	<none>
Form params:	<none>
Path params:	<none>
Headers:		Accept=*/*
				Content-Type=application/json
Cookies:		<none>
Multiparts:		<none>
Body:			<none>
[
    {
        "business_unit_desc": "Calgary Housing",
        "facilityname": "#100 6704 6 ST SW",
        "site_id": "0020007253236",
        "facilityaddress": "#100 6704 6 ST SW",
        "energy_description": "Electricity",
        "year": "2016",
        "month": "May",
        "total_consumption": "200",
        "unit": "kWh"
    }
]
Request method:	GET
Request URI:	https://data.calgary.ca/resource/crbp-innf.json?site_id=0020007253236&month=Jun&year=2016&total_consumption=96
Proxy:			<none>
Request params:	<none>
Query params:	<none>
Form params:	<none>
Path params:	<none>
Headers:		Accept=*/*
				Content-Type=application/json
Cookies:		<none>
Multiparts:		<none>
Body:			<none>
[
    {
        "business_unit_desc": "Calgary Housing",
        "facilityname": "#100 6704 6 ST SW",
        "site_id": "0020007253236",
        "facilityaddress": "#100 6704 6 ST SW",
        "energy_description": "Electricity",
        "year": "2016",
        "month": "Jun",
        "total_consumption": "96",
        "unit": "kWh"
    }
]
Request method:	GET
Request URI:	https://data.calgary.ca/resource/crbp-innf.json?site_id=0020007253236&month=Jul&year=2016&total_consumption=59
Proxy:			<none>
Request params:	<none>
Query params:	<none>
Form params:	<none>
Path params:	<none>
Headers:		Accept=*/*
				Content-Type=application/json
Cookies:		<none>
Multiparts:		<none>
Body:			<none>
[
    {
        "business_unit_desc": "Calgary Housing",
        "facilityname": "#100 6704 6 ST SW",
        "site_id": "0020007253236",
        "facilityaddress": "#100 6704 6 ST SW",
        "energy_description": "Electricity",
        "year": "2016",
        "month": "Jul",
        "total_consumption": "59",
        "unit": "kWh"
    }
]
Request method:	GET
Request URI:	https://data.calgary.ca/resource/crbp-innf.json?site_id=0020007253236&month=Aug&year=2016&total_consumption=70
Proxy:			<none>
Request params:	<none>
Query params:	<none>
Form params:	<none>
Path params:	<none>
Headers:		Accept=*/*
				Content-Type=application/json
Cookies:		<none>
Multiparts:		<none>
Body:			<none>
[
    {
        "business_unit_desc": "Calgary Housing",
        "facilityname": "#100 6704 6 ST SW",
        "site_id": "0020007253236",
        "facilityaddress": "#100 6704 6 ST SW",
        "energy_description": "Electricity",
        "year": "2016",
        "month": "Aug",
        "total_consumption": "70",
        "unit": "kWh"
    }
]
Request method:	GET
Request URI:	https://data.calgary.ca/resource/crbp-innf.json?site_id=0020007253236&month=Sep&year=2016&total_consumption=73
Proxy:			<none>
Request params:	<none>
Query params:	<none>
Form params:	<none>
Path params:	<none>
Headers:		Accept=*/*
				Content-Type=application/json
Cookies:		<none>
Multiparts:		<none>
Body:			<none>
[
    {
        "business_unit_desc": "Calgary Housing",
        "facilityname": "#100 6704 6 ST SW",
        "site_id": "0020007253236",
        "facilityaddress": "#100 6704 6 ST SW",
        "energy_description": "Electricity",
        "year": "2016",
        "month": "Sep",
        "total_consumption": "73",
        "unit": "kWh"
    }
]
Request method:	GET
Request URI:	https://data.calgary.ca/resource/crbp-innf.json?site_id=0020007253236&month=Oct&year=2016&total_consumption=107
Proxy:			<none>
Request params:	<none>
Query params:	<none>
Form params:	<none>
Path params:	<none>
Headers:		Accept=*/*
				Content-Type=application/json
Cookies:		<none>
Multiparts:		<none>
Body:			<none>
[
    {
        "business_unit_desc": "Calgary Housing",
        "facilityname": "#100 6704 6 ST SW",
        "site_id": "0020007253236",
        "facilityaddress": "#100 6704 6 ST SW",
        "energy_description": "Electricity",
        "year": "2016",
        "month": "Oct",
        "total_consumption": "107",
        "unit": "kWh"
    }
]
Request method:	GET
Request URI:	https://data.calgary.ca/resource/crbp-innf.json?site_id=0020007253236&month=Nov&year=2016&total_consumption=109
Proxy:			<none>
Request params:	<none>
Query params:	<none>
Form params:	<none>
Path params:	<none>
Headers:		Accept=*/*
				Content-Type=application/json
Cookies:		<none>
Multiparts:		<none>
Body:			<none>
[
    {
        "business_unit_desc": "Calgary Housing",
        "facilityname": "#100 6704 6 ST SW",
        "site_id": "0020007253236",
        "facilityaddress": "#100 6704 6 ST SW",
        "energy_description": "Electricity",
        "year": "2016",
        "month": "Nov",
        "total_consumption": "109",
        "unit": "kWh"
    }
]
Request method:	GET
Request URI:	https://data.calgary.ca/resource/crbp-innf.json?site_id=0020007253236&month=Dec&year=2016&total_consumption=224
Proxy:			<none>
Request params:	<none>
Query params:	<none>
Form params:	<none>
Path params:	<none>
Headers:		Accept=*/*
				Content-Type=application/json
Cookies:		<none>
Multiparts:		<none>
Body:			<none>
[
    {
        "business_unit_desc": "Calgary Housing",
        "facilityname": "#100 6704 6 ST SW",
        "site_id": "0020007253236",
        "facilityaddress": "#100 6704 6 ST SW",
        "energy_description": "Electricity",
        "year": "2016",
        "month": "Dec",
        "total_consumption": "224",
        "unit": "kWh"
    }
]
Request method:	GET
Request URI:	https://data.calgary.ca/resource/crbp-innf.json?site_id=0020007253236&month=Jan&year=2017&total_consumption=270
Proxy:			<none>
Request params:	<none>
Query params:	<none>
Form params:	<none>
Path params:	<none>
Headers:		Accept=*/*
				Content-Type=application/json
Cookies:		<none>
Multiparts:		<none>
Body:			<none>
[
    {
        "business_unit_desc": "Calgary Housing",
        "facilityname": "#100 6704 6 ST SW",
        "site_id": "0020007253236",
        "facilityaddress": "#100 6704 6 ST SW",
        "energy_description": "Electricity",
        "year": "2017",
        "month": "Jan",
        "total_consumption": "270",
        "unit": "kWh"
    }
]
Request method:	GET
Request URI:	https://data.calgary.ca/resource/crbp-innf.json?site_id=0020007253236&month=Feb&year=2017&total_consumption=253
Proxy:			<none>
Request params:	<none>
Query params:	<none>
Form params:	<none>
Path params:	<none>
Headers:		Accept=*/*
				Content-Type=application/json
Cookies:		<none>
Multiparts:		<none>
Body:			<none>
[
    {
        "business_unit_desc": "Calgary Housing",
        "facilityname": "#100 6704 6 ST SW",
        "site_id": "0020007253236",
        "facilityaddress": "#100 6704 6 ST SW",
        "energy_description": "Electricity",
        "year": "2017",
        "month": "Feb",
        "total_consumption": "253",
        "unit": "kWh"
    }
]
Request method:	GET
Request URI:	https://data.calgary.ca/resource/crbp-innf.json?site_id=0020007253236&month=Mar&year=2017&total_consumption=539
Proxy:			<none>
Request params:	<none>
Query params:	<none>
Form params:	<none>
Path params:	<none>
Headers:		Accept=*/*
				Content-Type=application/json
Cookies:		<none>
Multiparts:		<none>
Body:			<none>
[
    {
        "business_unit_desc": "Calgary Housing",
        "facilityname": "#100 6704 6 ST SW",
        "site_id": "0020007253236",
        "facilityaddress": "#100 6704 6 ST SW",
        "energy_description": "Electricity",
        "year": "2017",
        "month": "Mar",
        "total_consumption": "539",
        "unit": "kWh"
    }
]
Request method:	GET
Request URI:	https://data.calgary.ca/resource/crbp-innf.json?site_id=0020007253236&month=Apr&year=2017&total_consumption=503
Proxy:			<none>
Request params:	<none>
Query params:	<none>
Form params:	<none>
Path params:	<none>
Headers:		Accept=*/*
				Content-Type=application/json
Cookies:		<none>
Multiparts:		<none>
Body:			<none>
[
    {
        "business_unit_desc": "Calgary Housing",
        "facilityname": "#100 6704 6 ST SW",
        "site_id": "0020007253236",
        "facilityaddress": "#100 6704 6 ST SW",
        "energy_description": "Electricity",
        "year": "2017",
        "month": "Apr",
        "total_consumption": "503",
        "unit": "kWh"
    }
]
Request method:	GET
Request URI:	https://data.calgary.ca/resource/crbp-innf.json?site_id=0020007253236&month=May&year=2017&total_consumption=165
Proxy:			<none>
Request params:	<none>
Query params:	<none>
Form params:	<none>
Path params:	<none>
Headers:		Accept=*/*
				Content-Type=application/json
Cookies:		<none>
Multiparts:		<none>
Body:			<none>
[
    {
        "business_unit_desc": "Calgary Housing",
        "facilityname": "#100 6704 6 ST SW",
        "site_id": "0020007253236",
        "facilityaddress": "#100 6704 6 ST SW",
        "energy_description": "Electricity",
        "year": "2017",
        "month": "May",
        "total_consumption": "165",
        "unit": "kWh"
    }
]
Request method:	GET
Request URI:	https://data.calgary.ca/resource/crbp-innf.json?site_id=0020007253236&month=Jun&year=2017&total_consumption=76
Proxy:			<none>
Request params:	<none>
Query params:	<none>
Form params:	<none>
Path params:	<none>
Headers:		Accept=*/*
				Content-Type=application/json
Cookies:		<none>
Multiparts:		<none>
Body:			<none>
[
    {
        "business_unit_desc": "Calgary Housing",
        "facilityname": "#100 6704 6 ST SW",
        "site_id": "0020007253236",
        "facilityaddress": "#100 6704 6 ST SW",
        "energy_description": "Electricity",
        "year": "2017",
        "month": "Jun",
        "total_consumption": "76",
        "unit": "kWh"
    }
]
Request method:	GET
Request URI:	https://data.calgary.ca/resource/crbp-innf.json?site_id=0020007253236&month=Jul&year=2017&total_consumption=91
Proxy:			<none>
Request params:	<none>
Query params:	<none>
Form params:	<none>
Path params:	<none>
Headers:		Accept=*/*
				Content-Type=application/json
Cookies:		<none>
Multiparts:		<none>
Body:			<none>
[
    {
        "business_unit_desc": "Calgary Housing",
        "facilityname": "#100 6704 6 ST SW",
        "site_id": "0020007253236",
        "facilityaddress": "#100 6704 6 ST SW",
        "energy_description": "Electricity",
        "year": "2017",
        "month": "Jul",
        "total_consumption": "91",
        "unit": "kWh"
    }
]
Request method:	GET
Request URI:	https://data.calgary.ca/resource/crbp-innf.json?site_id=0020007253236&month=Aug&year=2017&total_consumption=89
Proxy:			<none>
Request params:	<none>
Query params:	<none>
Form params:	<none>
Path params:	<none>
Headers:		Accept=*/*
				Content-Type=application/json
Cookies:		<none>
Multiparts:		<none>
Body:			<none>
[
    {
        "business_unit_desc": "Calgary Housing",
        "facilityname": "#100 6704 6 ST SW",
        "site_id": "0020007253236",
        "facilityaddress": "#100 6704 6 ST SW",
        "energy_description": "Electricity",
        "year": "2017",
        "month": "Aug",
        "total_consumption": "89",
        "unit": "kWh"
    }
]
Request method:	GET
Request URI:	https://data.calgary.ca/resource/crbp-innf.json?site_id=0020007253236&month=Sep&year=2017&total_consumption=103
Proxy:			<none>
Request params:	<none>
Query params:	<none>
Form params:	<none>
Path params:	<none>
Headers:		Accept=*/*
				Content-Type=application/json
Cookies:		<none>
Multiparts:		<none>
Body:			<none>
[
    {
        "business_unit_desc": "Calgary Housing",
        "facilityname": "#100 6704 6 ST SW",
        "site_id": "0020007253236",
        "facilityaddress": "#100 6704 6 ST SW",
        "energy_description": "Electricity",
        "year": "2017",
        "month": "Sep",
        "total_consumption": "103",
        "unit": "kWh"
    }
]
Request method:	GET
Request URI:	https://data.calgary.ca/resource/crbp-innf.json?site_id=0020007253236&month=Oct&year=2017&total_consumption=121
Proxy:			<none>
Request params:	<none>
Query params:	<none>
Form params:	<none>
Path params:	<none>
Headers:		Accept=*/*
				Content-Type=application/json
Cookies:		<none>
Multiparts:		<none>
Body:			<none>
[
    {
        "business_unit_desc": "Calgary Housing",
        "facilityname": "#100 6704 6 ST SW",
        "site_id": "0020007253236",
        "facilityaddress": "#100 6704 6 ST SW",
        "energy_description": "Electricity",
        "year": "2017",
        "month": "Oct",
        "total_consumption": "121",
        "unit": "kWh"
    }
]
Request method:	GET
Request URI:	https://data.calgary.ca/resource/crbp-innf.json?site_id=0020007253236&month=Nov&year=2017&total_consumption=123
Proxy:			<none>
Request params:	<none>
Query params:	<none>
Form params:	<none>
Path params:	<none>
Headers:		Accept=*/*
				Content-Type=application/json
Cookies:		<none>
Multiparts:		<none>
Body:			<none>
[
    {
        "business_unit_desc": "Calgary Housing",
        "facilityname": "#100 6704 6 ST SW",
        "site_id": "0020007253236",
        "facilityaddress": "#100 6704 6 ST SW",
        "energy_description": "Electricity",
        "year": "2017",
        "month": "Nov",
        "total_consumption": "123",
        "unit": "kWh"
    }
]
Request method:	GET
Request URI:	https://data.calgary.ca/resource/crbp-innf.json?site_id=0020007253236&month=Dec&year=2017&total_consumption=312
Proxy:			<none>
Request params:	<none>
Query params:	<none>
Form params:	<none>
Path params:	<none>
Headers:		Accept=*/*
				Content-Type=application/json
Cookies:		<none>
Multiparts:		<none>
Body:			<none>
[
    {
        "business_unit_desc": "Calgary Housing",
        "facilityname": "#100 6704 6 ST SW",
        "site_id": "0020007253236",
        "facilityaddress": "#100 6704 6 ST SW",
        "energy_description": "Electricity",
        "year": "2017",
        "month": "Dec",
        "total_consumption": "312",
        "unit": "kWh"
    }
]
Request method:	GET
Request URI:	https://data.calgary.ca/resource/crbp-innf.json?site_id=0020007253236&month=Jan&year=2018&total_consumption=272
Proxy:			<none>
Request params:	<none>
Query params:	<none>
Form params:	<none>
Path params:	<none>
Headers:		Accept=*/*
				Content-Type=application/json
Cookies:		<none>
Multiparts:		<none>
Body:			<none>
[
    {
        "business_unit_desc": "Calgary Housing",
        "facilityname": "#100 6704 6 ST SW",
        "site_id": "0020007253236",
        "facilityaddress": "#100 6704 6 ST SW",
        "energy_description": "Electricity",
        "year": "2018",
        "month": "Jan",
        "total_consumption": "272",
        "unit": "kWh"
    }
]
Request method:	GET
Request URI:	https://data.calgary.ca/resource/crbp-innf.json?site_id=0020007253236&month=Feb&year=2018&total_consumption=130
Proxy:			<none>
Request params:	<none>
Query params:	<none>
Form params:	<none>
Path params:	<none>
Headers:		Accept=*/*
				Content-Type=application/json
Cookies:		<none>
Multiparts:		<none>
Body:			<none>
[
    {
        "business_unit_desc": "Calgary Housing",
        "facilityname": "#100 6704 6 ST SW",
        "site_id": "0020007253236",
        "facilityaddress": "#100 6704 6 ST SW",
        "energy_description": "Electricity",
        "year": "2018",
        "month": "Feb",
        "total_consumption": "130",
        "unit": "kWh"
    }
]
Request method:	GET
Request URI:	https://data.calgary.ca/resource/crbp-innf.json?site_id=0020007253236&month=Mar&year=2018&total_consumption=117
Proxy:			<none>
Request params:	<none>
Query params:	<none>
Form params:	<none>
Path params:	<none>
Headers:		Accept=*/*
				Content-Type=application/json
Cookies:		<none>
Multiparts:		<none>
Body:			<none>
[
    {
        "business_unit_desc": "Calgary Housing",
        "facilityname": "#100 6704 6 ST SW",
        "site_id": "0020007253236",
        "facilityaddress": "#100 6704 6 ST SW",
        "energy_description": "Electricity",
        "year": "2018",
        "month": "Mar",
        "total_consumption": "117",
        "unit": "kWh"
    }
]
Request method:	GET
Request URI:	https://data.calgary.ca/resource/crbp-innf.json?site_id=0020007253240&month=Mar&year=2016&total_consumption=3
Proxy:			<none>
Request params:	<none>
Query params:	<none>
Form params:	<none>
Path params:	<none>
Headers:		Accept=*/*
				Content-Type=application/json
Cookies:		<none>
Multiparts:		<none>
Body:			<none>
[
    {
        "business_unit_desc": "Calgary Housing",
        "facilityname": "#100 6704 6 ST SW",
        "site_id": "0020007253240",
        "facilityaddress": "#100 6704 6 ST SW",
        "energy_description": "Electricity",
        "year": "2016",
        "month": "Mar",
        "total_consumption": "3",
        "unit": "kWh"
    }
]
Request method:	GET
Request URI:	https://data.calgary.ca/resource/crbp-innf.json?site_id=0020007253240&month=Apr&year=2016&total_consumption=162
Proxy:			<none>
Request params:	<none>
Query params:	<none>
Form params:	<none>
Path params:	<none>
Headers:		Accept=*/*
				Content-Type=application/json
Cookies:		<none>
Multiparts:		<none>
Body:			<none>
[
    {
        "business_unit_desc": "Calgary Housing",
        "facilityname": "#100 6704 6 ST SW",
        "site_id": "0020007253240",
        "facilityaddress": "#100 6704 6 ST SW",
        "energy_description": "Electricity",
        "year": "2016",
        "month": "Apr",
        "total_consumption": "162",
        "unit": "kWh"
    }
]
Request method:	GET
Request URI:	https://data.calgary.ca/resource/crbp-innf.json?site_id=0020007253240&month=May&year=2016&total_consumption=167
Proxy:			<none>
Request params:	<none>
Query params:	<none>
Form params:	<none>
Path params:	<none>
Headers:		Accept=*/*
				Content-Type=application/json
Cookies:		<none>
Multiparts:		<none>
Body:			<none>
[
    {
        "business_unit_desc": "Calgary Housing",
        "facilityname": "#100 6704 6 ST SW",
        "site_id": "0020007253240",
        "facilityaddress": "#100 6704 6 ST SW",
        "energy_description": "Electricity",
        "year": "2016",
        "month": "May",
        "total_consumption": "167",
        "unit": "kWh"
    }
]
Request method:	GET
Request URI:	https://data.calgary.ca/resource/crbp-innf.json?site_id=0020007253240&month=Jun&year=2016&total_consumption=65
Proxy:			<none>
Request params:	<none>
Query params:	<none>
Form params:	<none>
Path params:	<none>
Headers:		Accept=*/*
				Content-Type=application/json
Cookies:		<none>
Multiparts:		<none>
Body:			<none>
[
    {
        "business_unit_desc": "Calgary Housing",
        "facilityname": "#100 6704 6 ST SW",
        "site_id": "0020007253240",
        "facilityaddress": "#100 6704 6 ST SW",
        "energy_description": "Electricity",
        "year": "2016",
        "month": "Jun",
        "total_consumption": "65",
        "unit": "kWh"
    }
]
Request method:	GET
Request URI:	https://data.calgary.ca/resource/crbp-innf.json?site_id=0020007253240&month=Jul&year=2016&total_consumption=80
Proxy:			<none>
Request params:	<none>
Query params:	<none>
Form params:	<none>
Path params:	<none>
Headers:		Accept=*/*
				Content-Type=application/json
Cookies:		<none>
Multiparts:		<none>
Body:			<none>
[
    {
        "business_unit_desc": "Calgary Housing",
        "facilityname": "#100 6704 6 ST SW",
        "site_id": "0020007253240",
        "facilityaddress": "#100 6704 6 ST SW",
        "energy_description": "Electricity",
        "year": "2016",
        "month": "Jul",
        "total_consumption": "80",
        "unit": "kWh"
    }
]
Request method:	GET
Request URI:	https://data.calgary.ca/resource/crbp-innf.json?site_id=0020007253240&month=Aug&year=2016&total_consumption=82
Proxy:			<none>
Request params:	<none>
Query params:	<none>
Form params:	<none>
Path params:	<none>
Headers:		Accept=*/*
				Content-Type=application/json
Cookies:		<none>
Multiparts:		<none>
Body:			<none>
[
    {
        "business_unit_desc": "Calgary Housing",
        "facilityname": "#100 6704 6 ST SW",
        "site_id": "0020007253240",
        "facilityaddress": "#100 6704 6 ST SW",
        "energy_description": "Electricity",
        "year": "2016",
        "month": "Aug",
        "total_consumption": "82",
        "unit": "kWh"
    }
]
Request method:	GET
Request URI:	https://data.calgary.ca/resource/crbp-innf.json?site_id=0020007253240&month=Sep&year=2016&total_consumption=39
Proxy:			<none>
Request params:	<none>
Query params:	<none>
Form params:	<none>
Path params:	<none>
Headers:		Accept=*/*
				Content-Type=application/json
Cookies:		<none>
Multiparts:		<none>
Body:			<none>
[
    {
        "business_unit_desc": "Calgary Housing",
        "facilityname": "#100 6704 6 ST SW",
        "site_id": "0020007253240",
        "facilityaddress": "#100 6704 6 ST SW",
        "energy_description": "Electricity",
        "year": "2016",
        "month": "Sep",
        "total_consumption": "39",
        "unit": "kWh"
    }
]
Request method:	GET
Request URI:	https://data.calgary.ca/resource/crbp-innf.json?site_id=0020007253240&month=Oct&year=2016&total_consumption=92
Proxy:			<none>
Request params:	<none>
Query params:	<none>
Form params:	<none>
Path params:	<none>
Headers:		Accept=*/*
				Content-Type=application/json
Cookies:		<none>
Multiparts:		<none>
Body:			<none>
[
    {
        "business_unit_desc": "Calgary Housing",
        "facilityname": "#100 6704 6 ST SW",
        "site_id": "0020007253240",
        "facilityaddress": "#100 6704 6 ST SW",
        "energy_description": "Electricity",
        "year": "2016",
        "month": "Oct",
        "total_consumption": "92",
        "unit": "kWh"
    }
]
Request method:	GET
Request URI:	https://data.calgary.ca/resource/crbp-innf.json?site_id=0020007253240&month=Nov&year=2016&total_consumption=169
Proxy:			<none>
Request params:	<none>
Query params:	<none>
Form params:	<none>
Path params:	<none>
Headers:		Accept=*/*
				Content-Type=application/json
Cookies:		<none>
Multiparts:		<none>
Body:			<none>
[
    {
        "business_unit_desc": "Calgary Housing",
        "facilityname": "#100 6704 6 ST SW",
        "site_id": "0020007253240",
        "facilityaddress": "#100 6704 6 ST SW",
        "energy_description": "Electricity",
        "year": "2016",
        "month": "Nov",
        "total_consumption": "169",
        "unit": "kWh"
    }
]
Request method:	GET
Request URI:	https://data.calgary.ca/resource/crbp-innf.json?site_id=0020007253240&month=Dec&year=2016&total_consumption=280
Proxy:			<none>
Request params:	<none>
Query params:	<none>
Form params:	<none>
Path params:	<none>
Headers:		Accept=*/*
				Content-Type=application/json
Cookies:		<none>
Multiparts:		<none>
Body:			<none>
[
    {
        "business_unit_desc": "Calgary Housing",
        "facilityname": "#100 6704 6 ST SW",
        "site_id": "0020007253240",
        "facilityaddress": "#100 6704 6 ST SW",
        "energy_description": "Electricity",
        "year": "2016",
        "month": "Dec",
        "total_consumption": "280",
        "unit": "kWh"
    }
]
Request method:	GET
Request URI:	https://data.calgary.ca/resource/crbp-innf.json?site_id=0020007253240&month=Jan&year=2017&total_consumption=477
Proxy:			<none>
Request params:	<none>
Query params:	<none>
Form params:	<none>
Path params:	<none>
Headers:		Accept=*/*
				Content-Type=application/json
Cookies:		<none>
Multiparts:		<none>
Body:			<none>
[
    {
        "business_unit_desc": "Calgary Housing",
        "facilityname": "#100 6704 6 ST SW",
        "site_id": "0020007253240",
        "facilityaddress": "#100 6704 6 ST SW",
        "energy_description": "Electricity",
        "year": "2017",
        "month": "Jan",
        "total_consumption": "477",
        "unit": "kWh"
    }
]
Request method:	GET
Request URI:	https://data.calgary.ca/resource/crbp-innf.json?site_id=0020007253240&month=Feb&year=2017&total_consumption=671
Proxy:			<none>
Request params:	<none>
Query params:	<none>
Form params:	<none>
Path params:	<none>
Headers:		Accept=*/*
				Content-Type=application/json
Cookies:		<none>
Multiparts:		<none>
Body:			<none>
[
    {
        "business_unit_desc": "Calgary Housing",
        "facilityname": "#100 6704 6 ST SW",
        "site_id": "0020007253240",
        "facilityaddress": "#100 6704 6 ST SW",
        "energy_description": "Electricity",
        "year": "2017",
        "month": "Feb",
        "total_consumption": "671",
        "unit": "kWh"
    }
]
Request method:	GET
Request URI:	https://data.calgary.ca/resource/crbp-innf.json?site_id=0020007253240&month=Mar&year=2017&total_consumption=746
Proxy:			<none>
Request params:	<none>
Query params:	<none>
Form params:	<none>
Path params:	<none>
Headers:		Accept=*/*
				Content-Type=application/json
Cookies:		<none>
Multiparts:		<none>
Body:			<none>
[
    {
        "business_unit_desc": "Calgary Housing",
        "facilityname": "#100 6704 6 ST SW",
        "site_id": "0020007253240",
        "facilityaddress": "#100 6704 6 ST SW",
        "energy_description": "Electricity",
        "year": "2017",
        "month": "Mar",
        "total_consumption": "746",
        "unit": "kWh"
    }
]
Request method:	GET
Request URI:	https://data.calgary.ca/resource/crbp-innf.json?site_id=0020007253240&month=Apr&year=2017&total_consumption=493
Proxy:			<none>
Request params:	<none>
Query params:	<none>
Form params:	<none>
Path params:	<none>
Headers:		Accept=*/*
				Content-Type=application/json
Cookies:		<none>
Multiparts:		<none>
Body:			<none>
[
    {
        "business_unit_desc": "Calgary Housing",
        "facilityname": "#100 6704 6 ST SW",
        "site_id": "0020007253240",
        "facilityaddress": "#100 6704 6 ST SW",
        "energy_description": "Electricity",
        "year": "2017",
        "month": "Apr",
        "total_consumption": "493",
        "unit": "kWh"
    }
]
Request method:	GET
Request URI:	https://data.calgary.ca/resource/crbp-innf.json?site_id=0020007253240&month=May&year=2017&total_consumption=221
Proxy:			<none>
Request params:	<none>
Query params:	<none>
Form params:	<none>
Path params:	<none>
Headers:		Accept=*/*
				Content-Type=application/json
Cookies:		<none>
Multiparts:		<none>
Body:			<none>
[
    {
        "business_unit_desc": "Calgary Housing",
        "facilityname": "#100 6704 6 ST SW",
        "site_id": "0020007253240",
        "facilityaddress": "#100 6704 6 ST SW",
        "energy_description": "Electricity",
        "year": "2017",
        "month": "May",
        "total_consumption": "221",
        "unit": "kWh"
    }
]
Request method:	GET
Request URI:	https://data.calgary.ca/resource/crbp-innf.json?site_id=0020007253240&month=Jun&year=2017&total_consumption=123
Proxy:			<none>
Request params:	<none>
Query params:	<none>
Form params:	<none>
Path params:	<none>
Headers:		Accept=*/*
				Content-Type=application/json
Cookies:		<none>
Multiparts:		<none>
Body:			<none>
[
    {
        "business_unit_desc": "Calgary Housing",
        "facilityname": "#100 6704 6 ST SW",
        "site_id": "0020007253240",
        "facilityaddress": "#100 6704 6 ST SW",
        "energy_description": "Electricity",
        "year": "2017",
        "month": "Jun",
        "total_consumption": "123",
        "unit": "kWh"
    }
]
Request method:	GET
Request URI:	https://data.calgary.ca/resource/crbp-innf.json?site_id=0020007253240&month=Jul&year=2017&total_consumption=136
Proxy:			<none>
Request params:	<none>
Query params:	<none>
Form params:	<none>
Path params:	<none>
Headers:		Accept=*/*
				Content-Type=application/json
Cookies:		<none>
Multiparts:		<none>
Body:			<none>
[
    {
        "business_unit_desc": "Calgary Housing",
        "facilityname": "#100 6704 6 ST SW",
        "site_id": "0020007253240",
        "facilityaddress": "#100 6704 6 ST SW",
        "energy_description": "Electricity",
        "year": "2017",
        "month": "Jul",
        "total_consumption": "136",
        "unit": "kWh"
    }
]
Request method:	GET
Request URI:	https://data.calgary.ca/resource/crbp-innf.json?site_id=0020007253240&month=Aug&year=2017&total_consumption=154
Proxy:			<none>
Request params:	<none>
Query params:	<none>
Form params:	<none>
Path params:	<none>
Headers:		Accept=*/*
				Content-Type=application/json
Cookies:		<none>
Multiparts:		<none>
Body:			<none>
[
    {
        "business_unit_desc": "Calgary Housing",
        "facilityname": "#100 6704 6 ST SW",
        "site_id": "0020007253240",
        "facilityaddress": "#100 6704 6 ST SW",
        "energy_description": "Electricity",
        "year": "2017",
        "month": "Aug",
        "total_consumption": "154",
        "unit": "kWh"
    }
]
Request method:	GET
Request URI:	https://data.calgary.ca/resource/crbp-innf.json?site_id=0020007253240&month=Sep&year=2017&total_consumption=189
Proxy:			<none>
Request params:	<none>
Query params:	<none>
Form params:	<none>
Path params:	<none>
Headers:		Accept=*/*
				Content-Type=application/json
Cookies:		<none>
Multiparts:		<none>
Body:			<none>
[
    {
        "business_unit_desc": "Calgary Housing",
        "facilityname": "#100 6704 6 ST SW",
        "site_id": "0020007253240",
        "facilityaddress": "#100 6704 6 ST SW",
        "energy_description": "Electricity",
        "year": "2017",
        "month": "Sep",
        "total_consumption": "189",
        "unit": "kWh"
    }
]
Request method:	GET
Request URI:	https://data.calgary.ca/resource/crbp-innf.json?site_id=0020007253240&month=Oct&year=2017&total_consumption=196
Proxy:			<none>
Request params:	<none>
Query params:	<none>
Form params:	<none>
Path params:	<none>
Headers:		Accept=*/*
				Content-Type=application/json
Cookies:		<none>
Multiparts:		<none>
Body:			<none>
[
    {
        "business_unit_desc": "Calgary Housing",
        "facilityname": "#100 6704 6 ST SW",
        "site_id": "0020007253240",
        "facilityaddress": "#100 6704 6 ST SW",
        "energy_description": "Electricity",
        "year": "2017",
        "month": "Oct",
        "total_consumption": "196",
        "unit": "kWh"
    }
]
Request method:	GET
Request URI:	https://data.calgary.ca/resource/crbp-innf.json?site_id=0020007253240&month=Nov&year=2017&total_consumption=166
Proxy:			<none>
Request params:	<none>
Query params:	<none>
Form params:	<none>
Path params:	<none>
Headers:		Accept=*/*
				Content-Type=application/json
Cookies:		<none>
Multiparts:		<none>
Body:			<none>
[
    {
        "business_unit_desc": "Calgary Housing",
        "facilityname": "#100 6704 6 ST SW",
        "site_id": "0020007253240",
        "facilityaddress": "#100 6704 6 ST SW",
        "energy_description": "Electricity",
        "year": "2017",
        "month": "Nov",
        "total_consumption": "166",
        "unit": "kWh"
    }
]
Request method:	GET
Request URI:	https://data.calgary.ca/resource/crbp-innf.json?site_id=0020007253240&month=Dec&year=2017&total_consumption=197
Proxy:			<none>
Request params:	<none>
Query params:	<none>
Form params:	<none>
Path params:	<none>
Headers:		Accept=*/*
				Content-Type=application/json
Cookies:		<none>
Multiparts:		<none>
Body:			<none>
[
    {
        "business_unit_desc": "Calgary Housing",
        "facilityname": "#100 6704 6 ST SW",
        "site_id": "0020007253240",
        "facilityaddress": "#100 6704 6 ST SW",
        "energy_description": "Electricity",
        "year": "2017",
        "month": "Dec",
        "total_consumption": "197",
        "unit": "kWh"
    }
]
Request method:	GET
Request URI:	https://data.calgary.ca/resource/crbp-innf.json?site_id=0020007253240&month=Jan&year=2018&total_consumption=181
Proxy:			<none>
Request params:	<none>
Query params:	<none>
Form params:	<none>
Path params:	<none>
Headers:		Accept=*/*
				Content-Type=application/json
Cookies:		<none>
Multiparts:		<none>
Body:			<none>
[
    {
        "business_unit_desc": "Calgary Housing",
        "facilityname": "#100 6704 6 ST SW",
        "site_id": "0020007253240",
        "facilityaddress": "#100 6704 6 ST SW",
        "energy_description": "Electricity",
        "year": "2018",
        "month": "Jan",
        "total_consumption": "181",
        "unit": "kWh"
    }
]
Request method:	GET
Request URI:	https://data.calgary.ca/resource/crbp-innf.json?site_id=0020007253240&month=Feb&year=2018&total_consumption=239
Proxy:			<none>
Request params:	<none>
Query params:	<none>
Form params:	<none>
Path params:	<none>
Headers:		Accept=*/*
				Content-Type=application/json
Cookies:		<none>
Multiparts:		<none>
Body:			<none>
[
    {
        "business_unit_desc": "Calgary Housing",
        "facilityname": "#100 6704 6 ST SW",
        "site_id": "0020007253240",
        "facilityaddress": "#100 6704 6 ST SW",
        "energy_description": "Electricity",
        "year": "2018",
        "month": "Feb",
        "total_consumption": "239",
        "unit": "kWh"
    }
]
Request method:	GET
Request URI:	https://data.calgary.ca/resource/crbp-innf.json?site_id=0020007253240&month=Mar&year=2018&total_consumption=283
Proxy:			<none>
Request params:	<none>
Query params:	<none>
Form params:	<none>
Path params:	<none>
Headers:		Accept=*/*
				Content-Type=application/json
Cookies:		<none>
Multiparts:		<none>
Body:			<none>
[
    {
        "business_unit_desc": "Calgary Housing",
        "facilityname": "#100 6704 6 ST SW",
        "site_id": "0020007253240",
        "facilityaddress": "#100 6704 6 ST SW",
        "energy_description": "Electricity",
        "year": "2018",
        "month": "Mar",
        "total_consumption": "283",
        "unit": "kWh"
    }
]
Request method:	GET
Request URI:	https://data.calgary.ca/resource/crbp-innf.json?site_id=0020007253253&month=Mar&year=2016&total_consumption=0
Proxy:			<none>
Request params:	<none>
Query params:	<none>
Form params:	<none>
Path params:	<none>
Headers:		Accept=*/*
				Content-Type=application/json
Cookies:		<none>
Multiparts:		<none>
Body:			<none>
[
    {
        "business_unit_desc": "Calgary Housing",
        "facilityname": "#100 6704 6 ST SW",
        "site_id": "0020007253253",
        "facilityaddress": "#100 6704 6 ST SW",
        "energy_description": "Electricity",
        "year": "2016",
        "month": "Mar",
        "total_consumption": "0",
        "unit": "kWh"
    }
]
Request method:	GET
Request URI:	https://data.calgary.ca/resource/crbp-innf.json?site_id=0020007253253&month=Apr&year=2016&total_consumption=171
Proxy:			<none>
Request params:	<none>
Query params:	<none>
Form params:	<none>
Path params:	<none>
Headers:		Accept=*/*
				Content-Type=application/json
Cookies:		<none>
Multiparts:		<none>
Body:			<none>
[
    {
        "business_unit_desc": "Calgary Housing",
        "facilityname": "#100 6704 6 ST SW",
        "site_id": "0020007253253",
        "facilityaddress": "#100 6704 6 ST SW",
        "energy_description": "Electricity",
        "year": "2016",
        "month": "Apr",
        "total_consumption": "171",
        "unit": "kWh"
    }
]
Request method:	GET
Request URI:	https://data.calgary.ca/resource/crbp-innf.json?site_id=0020007253253&month=May&year=2016&total_consumption=143
Proxy:			<none>
Request params:	<none>
Query params:	<none>
Form params:	<none>
Path params:	<none>
Headers:		Accept=*/*
				Content-Type=application/json
Cookies:		<none>
Multiparts:		<none>
Body:			<none>
[
    {
        "business_unit_desc": "Calgary Housing",
        "facilityname": "#100 6704 6 ST SW",
        "site_id": "0020007253253",
        "facilityaddress": "#100 6704 6 ST SW",
        "energy_description": "Electricity",
        "year": "2016",
        "month": "May",
        "total_consumption": "143",
        "unit": "kWh"
    }
]
Request method:	GET
Request URI:	https://data.calgary.ca/resource/crbp-innf.json?site_id=0020007253253&month=Jun&year=2016&total_consumption=39
Proxy:			<none>
Request params:	<none>
Query params:	<none>
Form params:	<none>
Path params:	<none>
Headers:		Accept=*/*
				Content-Type=application/json
Cookies:		<none>
Multiparts:		<none>
Body:			<none>
[
    {
        "business_unit_desc": "Calgary Housing",
        "facilityname": "#100 6704 6 ST SW",
        "site_id": "0020007253253",
        "facilityaddress": "#100 6704 6 ST SW",
        "energy_description": "Electricity",
        "year": "2016",
        "month": "Jun",
        "total_consumption": "39",
        "unit": "kWh"
    }
]
Request method:	GET
Request URI:	https://data.calgary.ca/resource/crbp-innf.json?site_id=0020007253253&month=Jul&year=2016&total_consumption=68
Proxy:			<none>
Request params:	<none>
Query params:	<none>
Form params:	<none>
Path params:	<none>
Headers:		Accept=*/*
				Content-Type=application/json
Cookies:		<none>
Multiparts:		<none>
Body:			<none>
[
    {
        "business_unit_desc": "Calgary Housing",
        "facilityname": "#100 6704 6 ST SW",
        "site_id": "0020007253253",
        "facilityaddress": "#100 6704 6 ST SW",
        "energy_description": "Electricity",
        "year": "2016",
        "month": "Jul",
        "total_consumption": "68",
        "unit": "kWh"
    }
]
Request method:	GET
Request URI:	https://data.calgary.ca/resource/crbp-innf.json?site_id=0020007253253&month=Aug&year=2016&total_consumption=69
Proxy:			<none>
Request params:	<none>
Query params:	<none>
Form params:	<none>
Path params:	<none>
Headers:		Accept=*/*
				Content-Type=application/json
Cookies:		<none>
Multiparts:		<none>
Body:			<none>
[
    {
        "business_unit_desc": "Calgary Housing",
        "facilityname": "#100 6704 6 ST SW",
        "site_id": "0020007253253",
        "facilityaddress": "#100 6704 6 ST SW",
        "energy_description": "Electricity",
        "year": "2016",
        "month": "Aug",
        "total_consumption": "69",
        "unit": "kWh"
    }
]
Request method:	GET
Request URI:	https://data.calgary.ca/resource/crbp-innf.json?site_id=0020007253253&month=Sep&year=2016&total_consumption=40
Proxy:			<none>
Request params:	<none>
Query params:	<none>
Form params:	<none>
Path params:	<none>
Headers:		Accept=*/*
				Content-Type=application/json
Cookies:		<none>
Multiparts:		<none>
Body:			<none>
[
    {
        "business_unit_desc": "Calgary Housing",
        "facilityname": "#100 6704 6 ST SW",
        "site_id": "0020007253253",
        "facilityaddress": "#100 6704 6 ST SW",
        "energy_description": "Electricity",
        "year": "2016",
        "month": "Sep",
        "total_consumption": "40",
        "unit": "kWh"
    }
]
Request method:	GET
Request URI:	https://data.calgary.ca/resource/crbp-innf.json?site_id=0020007253253&month=Oct&year=2016&total_consumption=73
Proxy:			<none>
Request params:	<none>
Query params:	<none>
Form params:	<none>
Path params:	<none>
Headers:		Accept=*/*
				Content-Type=application/json
Cookies:		<none>
Multiparts:		<none>
Body:			<none>
[
    {
        "business_unit_desc": "Calgary Housing",
        "facilityname": "#100 6704 6 ST SW",
        "site_id": "0020007253253",
        "facilityaddress": "#100 6704 6 ST SW",
        "energy_description": "Electricity",
        "year": "2016",
        "month": "Oct",
        "total_consumption": "73",
        "unit": "kWh"
    }
]
Request method:	GET
Request URI:	https://data.calgary.ca/resource/crbp-innf.json?site_id=0020007253253&month=Nov&year=2016&total_consumption=114
Proxy:			<none>
Request params:	<none>
Query params:	<none>
Form params:	<none>
Path params:	<none>
Headers:		Accept=*/*
				Content-Type=application/json
Cookies:		<none>
Multiparts:		<none>
Body:			<none>
[
    {
        "business_unit_desc": "Calgary Housing",
        "facilityname": "#100 6704 6 ST SW",
        "site_id": "0020007253253",
        "facilityaddress": "#100 6704 6 ST SW",
        "energy_description": "Electricity",
        "year": "2016",
        "month": "Nov",
        "total_consumption": "114",
        "unit": "kWh"
    }
]
Request method:	GET
Request URI:	https://data.calgary.ca/resource/crbp-innf.json?site_id=0020007253253&month=Dec&year=2016&total_consumption=172
Proxy:			<none>
Request params:	<none>
Query params:	<none>
Form params:	<none>
Path params:	<none>
Headers:		Accept=*/*
				Content-Type=application/json
Cookies:		<none>
Multiparts:		<none>
Body:			<none>
[
    {
        "business_unit_desc": "Calgary Housing",
        "facilityname": "#100 6704 6 ST SW",
        "site_id": "0020007253253",
        "facilityaddress": "#100 6704 6 ST SW",
        "energy_description": "Electricity",
        "year": "2016",
        "month": "Dec",
        "total_consumption": "172",
        "unit": "kWh"
    }
]
Request method:	GET
Request URI:	https://data.calgary.ca/resource/crbp-innf.json?site_id=0020007253253&month=Jan&year=2017&total_consumption=228
Proxy:			<none>
Request params:	<none>
Query params:	<none>
Form params:	<none>
Path params:	<none>
Headers:		Accept=*/*
				Content-Type=application/json
Cookies:		<none>
Multiparts:		<none>
Body:			<none>
[
    {
        "business_unit_desc": "Calgary Housing",
        "facilityname": "#100 6704 6 ST SW",
        "site_id": "0020007253253",
        "facilityaddress": "#100 6704 6 ST SW",
        "energy_description": "Electricity",
        "year": "2017",
        "month": "Jan",
        "total_consumption": "228",
        "unit": "kWh"
    }
]
Request method:	GET
Request URI:	https://data.calgary.ca/resource/crbp-innf.json?site_id=0020007253253&month=Feb&year=2017&total_consumption=463
Proxy:			<none>
Request params:	<none>
Query params:	<none>
Form params:	<none>
Path params:	<none>
Headers:		Accept=*/*
				Content-Type=application/json
Cookies:		<none>
Multiparts:		<none>
Body:			<none>
[
    {
        "business_unit_desc": "Calgary Housing",
        "facilityname": "#100 6704 6 ST SW",
        "site_id": "0020007253253",
        "facilityaddress": "#100 6704 6 ST SW",
        "energy_description": "Electricity",
        "year": "2017",
        "month": "Feb",
        "total_consumption": "463",
        "unit": "kWh"
    }
]
Request method:	GET
Request URI:	https://data.calgary.ca/resource/crbp-innf.json?site_id=0020007253253&month=Mar&year=2017&total_consumption=580
Proxy:			<none>
Request params:	<none>
Query params:	<none>
Form params:	<none>
Path params:	<none>
Headers:		Accept=*/*
				Content-Type=application/json
Cookies:		<none>
Multiparts:		<none>
Body:			<none>
[
    {
        "business_unit_desc": "Calgary Housing",
        "facilityname": "#100 6704 6 ST SW",
        "site_id": "0020007253253",
        "facilityaddress": "#100 6704 6 ST SW",
        "energy_description": "Electricity",
        "year": "2017",
        "month": "Mar",
        "total_consumption": "580",
        "unit": "kWh"
    }
]
Request method:	GET
Request URI:	https://data.calgary.ca/resource/crbp-innf.json?site_id=0020007253253&month=Apr&year=2017&total_consumption=298
Proxy:			<none>
Request params:	<none>
Query params:	<none>
Form params:	<none>
Path params:	<none>
Headers:		Accept=*/*
				Content-Type=application/json
Cookies:		<none>
Multiparts:		<none>
Body:			<none>
[
    {
        "business_unit_desc": "Calgary Housing",
        "facilityname": "#100 6704 6 ST SW",
        "site_id": "0020007253253",
        "facilityaddress": "#100 6704 6 ST SW",
        "energy_description": "Electricity",
        "year": "2017",
        "month": "Apr",
        "total_consumption": "298",
        "unit": "kWh"
    }
]
Request method:	GET
Request URI:	https://data.calgary.ca/resource/crbp-innf.json?site_id=0020007253253&month=May&year=2017&total_consumption=104
Proxy:			<none>
Request params:	<none>
Query params:	<none>
Form params:	<none>
Path params:	<none>
Headers:		Accept=*/*
				Content-Type=application/json
Cookies:		<none>
Multiparts:		<none>
Body:			<none>
[
    {
        "business_unit_desc": "Calgary Housing",
        "facilityname": "#100 6704 6 ST SW",
        "site_id": "0020007253253",
        "facilityaddress": "#100 6704 6 ST SW",
        "energy_description": "Electricity",
        "year": "2017",
        "month": "May",
        "total_consumption": "104",
        "unit": "kWh"
    }
]
Request method:	GET
Request URI:	https://data.calgary.ca/resource/crbp-innf.json?site_id=0020007253253&month=Jun&year=2017&total_consumption=39
Proxy:			<none>
Request params:	<none>
Query params:	<none>
Form params:	<none>
Path params:	<none>
Headers:		Accept=*/*
				Content-Type=application/json
Cookies:		<none>
Multiparts:		<none>
Body:			<none>
[
    {
        "business_unit_desc": "Calgary Housing",
        "facilityname": "#100 6704 6 ST SW",
        "site_id": "0020007253253",
        "facilityaddress": "#100 6704 6 ST SW",
        "energy_description": "Electricity",
        "year": "2017",
        "month": "Jun",
        "total_consumption": "39",
        "unit": "kWh"
    }
]
Request method:	GET
Request URI:	https://data.calgary.ca/resource/crbp-innf.json?site_id=0020007253253&month=Jul&year=2017&total_consumption=34
Proxy:			<none>
Request params:	<none>
Query params:	<none>
Form params:	<none>
Path params:	<none>
Headers:		Accept=*/*
				Content-Type=application/json
Cookies:		<none>
Multiparts:		<none>
Body:			<none>
[
    {
        "business_unit_desc": "Calgary Housing",
        "facilityname": "#100 6704 6 ST SW",
        "site_id": "0020007253253",
        "facilityaddress": "#100 6704 6 ST SW",
        "energy_description": "Electricity",
        "year": "2017",
        "month": "Jul",
        "total_consumption": "34",
        "unit": "kWh"
    }
]
Request method:	GET
Request URI:	https://data.calgary.ca/resource/crbp-innf.json?site_id=0020007253253&month=Aug&year=2017&total_consumption=43
Proxy:			<none>
Request params:	<none>
Query params:	<none>
Form params:	<none>
Path params:	<none>
Headers:		Accept=*/*
				Content-Type=application/json
Cookies:		<none>
Multiparts:		<none>
Body:			<none>
[
    {
        "business_unit_desc": "Calgary Housing",
        "facilityname": "#100 6704 6 ST SW",
        "site_id": "0020007253253",
        "facilityaddress": "#100 6704 6 ST SW",
        "energy_description": "Electricity",
        "year": "2017",
        "month": "Aug",
        "total_consumption": "43",
        "unit": "kWh"
    }
]
Request method:	GET
Request URI:	https://data.calgary.ca/resource/crbp-innf.json?site_id=0020007253253&month=Sep&year=2017&total_consumption=72
Proxy:			<none>
Request params:	<none>
Query params:	<none>
Form params:	<none>
Path params:	<none>
Headers:		Accept=*/*
				Content-Type=application/json
Cookies:		<none>
Multiparts:		<none>
Body:			<none>
[
    {
        "business_unit_desc": "Calgary Housing",
        "facilityname": "#100 6704 6 ST SW",
        "site_id": "0020007253253",
        "facilityaddress": "#100 6704 6 ST SW",
        "energy_description": "Electricity",
        "year": "2017",
        "month": "Sep",
        "total_consumption": "72",
        "unit": "kWh"
    }
]
Request method:	GET
Request URI:	https://data.calgary.ca/resource/crbp-innf.json?site_id=0020007253253&month=Oct&year=2017&total_consumption=111
Proxy:			<none>
Request params:	<none>
Query params:	<none>
Form params:	<none>
Path params:	<none>
Headers:		Accept=*/*
				Content-Type=application/json
Cookies:		<none>
Multiparts:		<none>
Body:			<none>
[
    {
        "business_unit_desc": "Calgary Housing",
        "facilityname": "#100 6704 6 ST SW",
        "site_id": "0020007253253",
        "facilityaddress": "#100 6704 6 ST SW",
        "energy_description": "Electricity",
        "year": "2017",
        "month": "Oct",
        "total_consumption": "111",
        "unit": "kWh"
    }
]
Request method:	GET
Request URI:	https://data.calgary.ca/resource/crbp-innf.json?site_id=0020007253253&month=Nov&year=2017&total_consumption=126
Proxy:			<none>
Request params:	<none>
Query params:	<none>
Form params:	<none>
Path params:	<none>
Headers:		Accept=*/*
				Content-Type=application/json
Cookies:		<none>
Multiparts:		<none>
Body:			<none>
[
    {
        "business_unit_desc": "Calgary Housing",
        "facilityname": "#100 6704 6 ST SW",
        "site_id": "0020007253253",
        "facilityaddress": "#100 6704 6 ST SW",
        "energy_description": "Electricity",
        "year": "2017",
        "month": "Nov",
        "total_consumption": "126",
        "unit": "kWh"
    }
]
Request method:	GET
Request URI:	https://data.calgary.ca/resource/crbp-innf.json?site_id=0020007253253&month=Dec&year=2017&total_consumption=155
Proxy:			<none>
Request params:	<none>
Query params:	<none>
Form params:	<none>
Path params:	<none>
Headers:		Accept=*/*
				Content-Type=application/json
Cookies:		<none>
Multiparts:		<none>
Body:			<none>
[
    {
        "business_unit_desc": "Calgary Housing",
        "facilityname": "#100 6704 6 ST SW",
        "site_id": "0020007253253",
        "facilityaddress": "#100 6704 6 ST SW",
        "energy_description": "Electricity",
        "year": "2017",
        "month": "Dec",
        "total_consumption": "155",
        "unit": "kWh"
    }
]
Request method:	GET
Request URI:	https://data.calgary.ca/resource/crbp-innf.json?site_id=0020007253253&month=Jan&year=2018&total_consumption=147
Proxy:			<none>
Request params:	<none>
Query params:	<none>
Form params:	<none>
Path params:	<none>
Headers:		Accept=*/*
				Content-Type=application/json
Cookies:		<none>
Multiparts:		<none>
Body:			<none>
[
    {
        "business_unit_desc": "Calgary Housing",
        "facilityname": "#100 6704 6 ST SW",
        "site_id": "0020007253253",
        "facilityaddress": "#100 6704 6 ST SW",
        "energy_description": "Electricity",
        "year": "2018",
        "month": "Jan",
        "total_consumption": "147",
        "unit": "kWh"
    }
]
Request method:	GET
Request URI:	https://data.calgary.ca/resource/crbp-innf.json?site_id=0020007253253&month=Feb&year=2018&total_consumption=152
Proxy:			<none>
Request params:	<none>
Query params:	<none>
Form params:	<none>
Path params:	<none>
Headers:		Accept=*/*
				Content-Type=application/json
Cookies:		<none>
Multiparts:		<none>
Body:			<none>
[
    {
        "business_unit_desc": "Calgary Housing",
        "facilityname": "#100 6704 6 ST SW",
        "site_id": "0020007253253",
        "facilityaddress": "#100 6704 6 ST SW",
        "energy_description": "Electricity",
        "year": "2018",
        "month": "Feb",
        "total_consumption": "152",
        "unit": "kWh"
    }
]
Request method:	GET
Request URI:	https://data.calgary.ca/resource/crbp-innf.json?site_id=0020007253253&month=Mar&year=2018&total_consumption=171
Proxy:			<none>
Request params:	<none>
Query params:	<none>
Form params:	<none>
Path params:	<none>
Headers:		Accept=*/*
				Content-Type=application/json
Cookies:		<none>
Multiparts:		<none>
Body:			<none>
[
    {
        "business_unit_desc": "Calgary Housing",
        "facilityname": "#100 6704 6 ST SW",
        "site_id": "0020007253253",
        "facilityaddress": "#100 6704 6 ST SW",
        "energy_description": "Electricity",
        "year": "2018",
        "month": "Mar",
        "total_consumption": "171",
        "unit": "kWh"
    }
]
Request method:	GET
Request URI:	https://data.calgary.ca/resource/crbp-innf.json?site_id=0020007253266&month=Mar&year=2016&total_consumption=93
Proxy:			<none>
Request params:	<none>
Query params:	<none>
Form params:	<none>
Path params:	<none>
Headers:		Accept=*/*
				Content-Type=application/json
Cookies:		<none>
Multiparts:		<none>
Body:			<none>
[
    {
        "business_unit_desc": "Calgary Housing",
        "facilityname": "#100 6704 6 ST SW",
        "site_id": "0020007253266",
        "facilityaddress": "#100 6704 6 ST SW",
        "energy_description": "Electricity",
        "year": "2016",
        "month": "Mar",
        "total_consumption": "93",
        "unit": "kWh"
    }
]
Request method:	GET
Request URI:	https://data.calgary.ca/resource/crbp-innf.json?site_id=0020007253266&month=Apr&year=2016&total_consumption=128
Proxy:			<none>
Request params:	<none>
Query params:	<none>
Form params:	<none>
Path params:	<none>
Headers:		Accept=*/*
				Content-Type=application/json
Cookies:		<none>
Multiparts:		<none>
Body:			<none>
[
    {
        "business_unit_desc": "Calgary Housing",
        "facilityname": "#100 6704 6 ST SW",
        "site_id": "0020007253266",
        "facilityaddress": "#100 6704 6 ST SW",
        "energy_description": "Electricity",
        "year": "2016",
        "month": "Apr",
        "total_consumption": "128",
        "unit": "kWh"
    }
]
Request method:	GET
Request URI:	https://data.calgary.ca/resource/crbp-innf.json?site_id=0020007253266&month=May&year=2016&total_consumption=69
Proxy:			<none>
Request params:	<none>
Query params:	<none>
Form params:	<none>
Path params:	<none>
Headers:		Accept=*/*
				Content-Type=application/json
Cookies:		<none>
Multiparts:		<none>
Body:			<none>
[
    {
        "business_unit_desc": "Calgary Housing",
        "facilityname": "#100 6704 6 ST SW",
        "site_id": "0020007253266",
        "facilityaddress": "#100 6704 6 ST SW",
        "energy_description": "Electricity",
        "year": "2016",
        "month": "May",
        "total_consumption": "69",
        "unit": "kWh"
    }
]
Request method:	GET
Request URI:	https://data.calgary.ca/resource/crbp-innf.json?site_id=0020007253266&month=Jun&year=2016&total_consumption=30
Proxy:			<none>
Request params:	<none>
Query params:	<none>
Form params:	<none>
Path params:	<none>
Headers:		Accept=*/*
				Content-Type=application/json
Cookies:		<none>
Multiparts:		<none>
Body:			<none>
[
    {
        "business_unit_desc": "Calgary Housing",
        "facilityname": "#100 6704 6 ST SW",
        "site_id": "0020007253266",
        "facilityaddress": "#100 6704 6 ST SW",
        "energy_description": "Electricity",
        "year": "2016",
        "month": "Jun",
        "total_consumption": "30",
        "unit": "kWh"
    }
]
Request method:	GET
Request URI:	https://data.calgary.ca/resource/crbp-innf.json?site_id=0020007253266&month=Jul&year=2016&total_consumption=98
Proxy:			<none>
Request params:	<none>
Query params:	<none>
Form params:	<none>
Path params:	<none>
Headers:		Accept=*/*
				Content-Type=application/json
Cookies:		<none>
Multiparts:		<none>
Body:			<none>
[
    {
        "business_unit_desc": "Calgary Housing",
        "facilityname": "#100 6704 6 ST SW",
        "site_id": "0020007253266",
        "facilityaddress": "#100 6704 6 ST SW",
        "energy_description": "Electricity",
        "year": "2016",
        "month": "Jul",
        "total_consumption": "98",
        "unit": "kWh"
    }
]
Request method:	GET
Request URI:	https://data.calgary.ca/resource/crbp-innf.json?site_id=0020007253266&month=Aug&year=2016&total_consumption=137
Proxy:			<none>
Request params:	<none>
Query params:	<none>
Form params:	<none>
Path params:	<none>
Headers:		Accept=*/*
				Content-Type=application/json
Cookies:		<none>
Multiparts:		<none>
Body:			<none>
[
    {
        "business_unit_desc": "Calgary Housing",
        "facilityname": "#100 6704 6 ST SW",
        "site_id": "0020007253266",
        "facilityaddress": "#100 6704 6 ST SW",
        "energy_description": "Electricity",
        "year": "2016",
        "month": "Aug",
        "total_consumption": "137",
        "unit": "kWh"
    }
]
Request method:	GET
Request URI:	https://data.calgary.ca/resource/crbp-innf.json?site_id=0020007253266&month=Sep&year=2016&total_consumption=115
Proxy:			<none>
Request params:	<none>
Query params:	<none>
Form params:	<none>
Path params:	<none>
Headers:		Accept=*/*
				Content-Type=application/json
Cookies:		<none>
Multiparts:		<none>
Body:			<none>
[
    {
        "business_unit_desc": "Calgary Housing",
        "facilityname": "#100 6704 6 ST SW",
        "site_id": "0020007253266",
        "facilityaddress": "#100 6704 6 ST SW",
        "energy_description": "Electricity",
        "year": "2016",
        "month": "Sep",
        "total_consumption": "115",
        "unit": "kWh"
    }
]
Request method:	GET
Request URI:	https://data.calgary.ca/resource/crbp-innf.json?site_id=0020007253266&month=Oct&year=2016&total_consumption=109
Proxy:			<none>
Request params:	<none>
Query params:	<none>
Form params:	<none>
Path params:	<none>
Headers:		Accept=*/*
				Content-Type=application/json
Cookies:		<none>
Multiparts:		<none>
Body:			<none>
[
    {
        "business_unit_desc": "Calgary Housing",
        "facilityname": "#100 6704 6 ST SW",
        "site_id": "0020007253266",
        "facilityaddress": "#100 6704 6 ST SW",
        "energy_description": "Electricity",
        "year": "2016",
        "month": "Oct",
        "total_consumption": "109",
        "unit": "kWh"
    }
]
Request method:	GET
Request URI:	https://data.calgary.ca/resource/crbp-innf.json?site_id=0020007253266&month=Nov&year=2016&total_consumption=79
Proxy:			<none>
Request params:	<none>
Query params:	<none>
Form params:	<none>
Path params:	<none>
Headers:		Accept=*/*
				Content-Type=application/json
Cookies:		<none>
Multiparts:		<none>
Body:			<none>
[
    {
        "business_unit_desc": "Calgary Housing",
        "facilityname": "#100 6704 6 ST SW",
        "site_id": "0020007253266",
        "facilityaddress": "#100 6704 6 ST SW",
        "energy_description": "Electricity",
        "year": "2016",
        "month": "Nov",
        "total_consumption": "79",
        "unit": "kWh"
    }
]
Request method:	GET
Request URI:	https://data.calgary.ca/resource/crbp-innf.json?site_id=0020007253266&month=Dec&year=2016&total_consumption=135
Proxy:			<none>
Request params:	<none>
Query params:	<none>
Form params:	<none>
Path params:	<none>
Headers:		Accept=*/*
				Content-Type=application/json
Cookies:		<none>
Multiparts:		<none>
Body:			<none>
[
    {
        "business_unit_desc": "Calgary Housing",
        "facilityname": "#100 6704 6 ST SW",
        "site_id": "0020007253266",
        "facilityaddress": "#100 6704 6 ST SW",
        "energy_description": "Electricity",
        "year": "2016",
        "month": "Dec",
        "total_consumption": "135",
        "unit": "kWh"
    }
]
Request method:	GET
Request URI:	https://data.calgary.ca/resource/crbp-innf.json?site_id=0020007253266&month=Jan&year=2017&total_consumption=269
Proxy:			<none>
Request params:	<none>
Query params:	<none>
Form params:	<none>
Path params:	<none>
Headers:		Accept=*/*
				Content-Type=application/json
Cookies:		<none>
Multiparts:		<none>
Body:			<none>
[
    {
        "business_unit_desc": "Calgary Housing",
        "facilityname": "#100 6704 6 ST SW",
        "site_id": "0020007253266",
        "facilityaddress": "#100 6704 6 ST SW",
        "energy_description": "Electricity",
        "year": "2017",
        "month": "Jan",
        "total_consumption": "269",
        "unit": "kWh"
    }
]
Request method:	GET
Request URI:	https://data.calgary.ca/resource/crbp-innf.json?site_id=0020007253266&month=Feb&year=2017&total_consumption=539
Proxy:			<none>
Request params:	<none>
Query params:	<none>
Form params:	<none>
Path params:	<none>
Headers:		Accept=*/*
				Content-Type=application/json
Cookies:		<none>
Multiparts:		<none>
Body:			<none>
[
    {
        "business_unit_desc": "Calgary Housing",
        "facilityname": "#100 6704 6 ST SW",
        "site_id": "0020007253266",
        "facilityaddress": "#100 6704 6 ST SW",
        "energy_description": "Electricity",
        "year": "2017",
        "month": "Feb",
        "total_consumption": "539",
        "unit": "kWh"
    }
]
Request method:	GET
Request URI:	https://data.calgary.ca/resource/crbp-innf.json?site_id=0020007253266&month=Mar&year=2017&total_consumption=789
Proxy:			<none>
Request params:	<none>
Query params:	<none>
Form params:	<none>
Path params:	<none>
Headers:		Accept=*/*
				Content-Type=application/json
Cookies:		<none>
Multiparts:		<none>
Body:			<none>
[
    {
        "business_unit_desc": "Calgary Housing",
        "facilityname": "#100 6704 6 ST SW",
        "site_id": "0020007253266",
        "facilityaddress": "#100 6704 6 ST SW",
        "energy_description": "Electricity",
        "year": "2017",
        "month": "Mar",
        "total_consumption": "789",
        "unit": "kWh"
    }
]
Request method:	GET
Request URI:	https://data.calgary.ca/resource/crbp-innf.json?site_id=0020007253266&month=Apr&year=2017&total_consumption=522
Proxy:			<none>
Request params:	<none>
Query params:	<none>
Form params:	<none>
Path params:	<none>
Headers:		Accept=*/*
				Content-Type=application/json
Cookies:		<none>
Multiparts:		<none>
Body:			<none>
[
    {
        "business_unit_desc": "Calgary Housing",
        "facilityname": "#100 6704 6 ST SW",
        "site_id": "0020007253266",
        "facilityaddress": "#100 6704 6 ST SW",
        "energy_description": "Electricity",
        "year": "2017",
        "month": "Apr",
        "total_consumption": "522",
        "unit": "kWh"
    }
]
Request method:	GET
Request URI:	https://data.calgary.ca/resource/crbp-innf.json?site_id=0020007253266&month=May&year=2017&total_consumption=189
Proxy:			<none>
Request params:	<none>
Query params:	<none>
Form params:	<none>
Path params:	<none>
Headers:		Accept=*/*
				Content-Type=application/json
Cookies:		<none>
Multiparts:		<none>
Body:			<none>
[
    {
        "business_unit_desc": "Calgary Housing",
        "facilityname": "#100 6704 6 ST SW",
        "site_id": "0020007253266",
        "facilityaddress": "#100 6704 6 ST SW",
        "energy_description": "Electricity",
        "year": "2017",
        "month": "May",
        "total_consumption": "189",
        "unit": "kWh"
    }
]
Request method:	GET
Request URI:	https://data.calgary.ca/resource/crbp-innf.json?site_id=0020007253266&month=Jun&year=2017&total_consumption=75
Proxy:			<none>
Request params:	<none>
Query params:	<none>
Form params:	<none>
Path params:	<none>
Headers:		Accept=*/*
				Content-Type=application/json
Cookies:		<none>
Multiparts:		<none>
Body:			<none>
[
    {
        "business_unit_desc": "Calgary Housing",
        "facilityname": "#100 6704 6 ST SW",
        "site_id": "0020007253266",
        "facilityaddress": "#100 6704 6 ST SW",
        "energy_description": "Electricity",
        "year": "2017",
        "month": "Jun",
        "total_consumption": "75",
        "unit": "kWh"
    }
]
Request method:	GET
Request URI:	https://data.calgary.ca/resource/crbp-innf.json?site_id=0020007253266&month=Jul&year=2017&total_consumption=65
Proxy:			<none>
Request params:	<none>
Query params:	<none>
Form params:	<none>
Path params:	<none>
Headers:		Accept=*/*
				Content-Type=application/json
Cookies:		<none>
Multiparts:		<none>
Body:			<none>
[
    {
        "business_unit_desc": "Calgary Housing",
        "facilityname": "#100 6704 6 ST SW",
        "site_id": "0020007253266",
        "facilityaddress": "#100 6704 6 ST SW",
        "energy_description": "Electricity",
        "year": "2017",
        "month": "Jul",
        "total_consumption": "65",
        "unit": "kWh"
    }
]
Request method:	GET
Request URI:	https://data.calgary.ca/resource/crbp-innf.json?site_id=0020007253266&month=Aug&year=2017&total_consumption=80
Proxy:			<none>
Request params:	<none>
Query params:	<none>
Form params:	<none>
Path params:	<none>
Headers:		Accept=*/*
				Content-Type=application/json
Cookies:		<none>
Multiparts:		<none>
Body:			<none>
[
    {
        "business_unit_desc": "Calgary Housing",
        "facilityname": "#100 6704 6 ST SW",
        "site_id": "0020007253266",
        "facilityaddress": "#100 6704 6 ST SW",
        "energy_description": "Electricity",
        "year": "2017",
        "month": "Aug",
        "total_consumption": "80",
        "unit": "kWh"
    }
]
Request method:	GET
Request URI:	https://data.calgary.ca/resource/crbp-innf.json?site_id=0020007253266&month=Sep&year=2017&total_consumption=102
Proxy:			<none>
Request params:	<none>
Query params:	<none>
Form params:	<none>
Path params:	<none>
Headers:		Accept=*/*
				Content-Type=application/json
Cookies:		<none>
Multiparts:		<none>
Body:			<none>
[
    {
        "business_unit_desc": "Calgary Housing",
        "facilityname": "#100 6704 6 ST SW",
        "site_id": "0020007253266",
        "facilityaddress": "#100 6704 6 ST SW",
        "energy_description": "Electricity",
        "year": "2017",
        "month": "Sep",
        "total_consumption": "102",
        "unit": "kWh"
    }
]
Request method:	GET
Request URI:	https://data.calgary.ca/resource/crbp-innf.json?site_id=0020007253266&month=Oct&year=2017&total_consumption=114
Proxy:			<none>
Request params:	<none>
Query params:	<none>
Form params:	<none>
Path params:	<none>
Headers:		Accept=*/*
				Content-Type=application/json
Cookies:		<none>
Multiparts:		<none>
Body:			<none>
[
    {
        "business_unit_desc": "Calgary Housing",
        "facilityname": "#100 6704 6 ST SW",
        "site_id": "0020007253266",
        "facilityaddress": "#100 6704 6 ST SW",
        "energy_description": "Electricity",
        "year": "2017",
        "month": "Oct",
        "total_consumption": "114",
        "unit": "kWh"
    }
]
Request method:	GET
Request URI:	https://data.calgary.ca/resource/crbp-innf.json?site_id=0020007253266&month=Nov&year=2017&total_consumption=129
Proxy:			<none>
Request params:	<none>
Query params:	<none>
Form params:	<none>
Path params:	<none>
Headers:		Accept=*/*
				Content-Type=application/json
Cookies:		<none>
Multiparts:		<none>
Body:			<none>
[
    {
        "business_unit_desc": "Calgary Housing",
        "facilityname": "#100 6704 6 ST SW",
        "site_id": "0020007253266",
        "facilityaddress": "#100 6704 6 ST SW",
        "energy_description": "Electricity",
        "year": "2017",
        "month": "Nov",
        "total_consumption": "129",
        "unit": "kWh"
    }
]
Request method:	GET
Request URI:	https://data.calgary.ca/resource/crbp-innf.json?site_id=0020007253266&month=Dec&year=2017&total_consumption=434
Proxy:			<none>
Request params:	<none>
Query params:	<none>
Form params:	<none>
Path params:	<none>
Headers:		Accept=*/*
				Content-Type=application/json
Cookies:		<none>
Multiparts:		<none>
Body:			<none>
[
    {
        "business_unit_desc": "Calgary Housing",
        "facilityname": "#100 6704 6 ST SW",
        "site_id": "0020007253266",
        "facilityaddress": "#100 6704 6 ST SW",
        "energy_description": "Electricity",
        "year": "2017",
        "month": "Dec",
        "total_consumption": "434",
        "unit": "kWh"
    }
]
Request method:	GET
Request URI:	https://data.calgary.ca/resource/crbp-innf.json?site_id=0020007253266&month=Jan&year=2018&total_consumption=399
Proxy:			<none>
Request params:	<none>
Query params:	<none>
Form params:	<none>
Path params:	<none>
Headers:		Accept=*/*
				Content-Type=application/json
Cookies:		<none>
Multiparts:		<none>
Body:			<none>
[
    {
        "business_unit_desc": "Calgary Housing",
        "facilityname": "#100 6704 6 ST SW",
        "site_id": "0020007253266",
        "facilityaddress": "#100 6704 6 ST SW",
        "energy_description": "Electricity",
        "year": "2018",
        "month": "Jan",
        "total_consumption": "399",
        "unit": "kWh"
    }
]
Request method:	GET
Request URI:	https://data.calgary.ca/resource/crbp-innf.json?site_id=0020007253266&month=Feb&year=2018&total_consumption=167
Proxy:			<none>
Request params:	<none>
Query params:	<none>
Form params:	<none>
Path params:	<none>
Headers:		Accept=*/*
				Content-Type=application/json
Cookies:		<none>
Multiparts:		<none>
Body:			<none>
[
    {
        "business_unit_desc": "Calgary Housing",
        "facilityname": "#100 6704 6 ST SW",
        "site_id": "0020007253266",
        "facilityaddress": "#100 6704 6 ST SW",
        "energy_description": "Electricity",
        "year": "2018",
        "month": "Feb",
        "total_consumption": "167",
        "unit": "kWh"
    }
]
Request method:	GET
Request URI:	https://data.calgary.ca/resource/crbp-innf.json?site_id=0020007253266&month=Mar&year=2018&total_consumption=161
Proxy:			<none>
Request params:	<none>
Query params:	<none>
Form params:	<none>
Path params:	<none>
Headers:		Accept=*/*
				Content-Type=application/json
Cookies:		<none>
Multiparts:		<none>
Body:			<none>
[
    {
        "business_unit_desc": "Calgary Housing",
        "facilityname": "#100 6704 6 ST SW",
        "site_id": "0020007253266",
        "facilityaddress": "#100 6704 6 ST SW",
        "energy_description": "Electricity",
        "year": "2018",
        "month": "Mar",
        "total_consumption": "161",
        "unit": "kWh"
    }
]
Request method:	GET
Request URI:	https://data.calgary.ca/resource/crbp-innf.json?site_id=0020007253270&month=Mar&year=2016&total_consumption=687
Proxy:			<none>
Request params:	<none>
Query params:	<none>
Form params:	<none>
Path params:	<none>
Headers:		Accept=*/*
				Content-Type=application/json
Cookies:		<none>
Multiparts:		<none>
Body:			<none>
[
    {
        "business_unit_desc": "Calgary Housing",
        "facilityname": "#100 6704 6 ST SW",
        "site_id": "0020007253270",
        "facilityaddress": "#100 6704 6 ST SW",
        "energy_description": "Electricity",
        "year": "2016",
        "month": "Mar",
        "total_consumption": "687",
        "unit": "kWh"
    }
]
Request method:	GET
Request URI:	https://data.calgary.ca/resource/crbp-innf.json?site_id=0020007253270&month=Apr&year=2016&total_consumption=454
Proxy:			<none>
Request params:	<none>
Query params:	<none>
Form params:	<none>
Path params:	<none>
Headers:		Accept=*/*
				Content-Type=application/json
Cookies:		<none>
Multiparts:		<none>
Body:			<none>
[
    {
        "business_unit_desc": "Calgary Housing",
        "facilityname": "#100 6704 6 ST SW",
        "site_id": "0020007253270",
        "facilityaddress": "#100 6704 6 ST SW",
        "energy_description": "Electricity",
        "year": "2016",
        "month": "Apr",
        "total_consumption": "454",
        "unit": "kWh"
    }
]
Request method:	GET
Request URI:	https://data.calgary.ca/resource/crbp-innf.json?site_id=0020007253270&month=May&year=2016&total_consumption=141
Proxy:			<none>
Request params:	<none>
Query params:	<none>
Form params:	<none>
Path params:	<none>
Headers:		Accept=*/*
				Content-Type=application/json
Cookies:		<none>
Multiparts:		<none>
Body:			<none>
[
    {
        "business_unit_desc": "Calgary Housing",
        "facilityname": "#100 6704 6 ST SW",
        "site_id": "0020007253270",
        "facilityaddress": "#100 6704 6 ST SW",
        "energy_description": "Electricity",
        "year": "2016",
        "month": "May",
        "total_consumption": "141",
        "unit": "kWh"
    }
]
Request method:	GET
Request URI:	https://data.calgary.ca/resource/crbp-innf.json?site_id=0020007253270&month=Jun&year=2016&total_consumption=132
Proxy:			<none>
Request params:	<none>
Query params:	<none>
Form params:	<none>
Path params:	<none>
Headers:		Accept=*/*
				Content-Type=application/json
Cookies:		<none>
Multiparts:		<none>
Body:			<none>
[
    {
        "business_unit_desc": "Calgary Housing",
        "facilityname": "#100 6704 6 ST SW",
        "site_id": "0020007253270",
        "facilityaddress": "#100 6704 6 ST SW",
        "energy_description": "Electricity",
        "year": "2016",
        "month": "Jun",
        "total_consumption": "132",
        "unit": "kWh"
    }
]
Request method:	GET
Request URI:	https://data.calgary.ca/resource/crbp-innf.json?site_id=0020007253270&month=Jul&year=2016&total_consumption=77
Proxy:			<none>
Request params:	<none>
Query params:	<none>
Form params:	<none>
Path params:	<none>
Headers:		Accept=*/*
				Content-Type=application/json
Cookies:		<none>
Multiparts:		<none>
Body:			<none>
[
    {
        "business_unit_desc": "Calgary Housing",
        "facilityname": "#100 6704 6 ST SW",
        "site_id": "0020007253270",
        "facilityaddress": "#100 6704 6 ST SW",
        "energy_description": "Electricity",
        "year": "2016",
        "month": "Jul",
        "total_consumption": "77",
        "unit": "kWh"
    }
]
Request method:	GET
Request URI:	https://data.calgary.ca/resource/crbp-innf.json?site_id=0020007253270&month=Aug&year=2016&total_consumption=89
Proxy:			<none>
Request params:	<none>
Query params:	<none>
Form params:	<none>
Path params:	<none>
Headers:		Accept=*/*
				Content-Type=application/json
Cookies:		<none>
Multiparts:		<none>
Body:			<none>
[
    {
        "business_unit_desc": "Calgary Housing",
        "facilityname": "#100 6704 6 ST SW",
        "site_id": "0020007253270",
        "facilityaddress": "#100 6704 6 ST SW",
        "energy_description": "Electricity",
        "year": "2016",
        "month": "Aug",
        "total_consumption": "89",
        "unit": "kWh"
    }
]
Request method:	GET
Request URI:	https://data.calgary.ca/resource/crbp-innf.json?site_id=0020007253270&month=Sep&year=2016&total_consumption=70
Proxy:			<none>
Request params:	<none>
Query params:	<none>
Form params:	<none>
Path params:	<none>
Headers:		Accept=*/*
				Content-Type=application/json
Cookies:		<none>
Multiparts:		<none>
Body:			<none>
[
    {
        "business_unit_desc": "Calgary Housing",
        "facilityname": "#100 6704 6 ST SW",
        "site_id": "0020007253270",
        "facilityaddress": "#100 6704 6 ST SW",
        "energy_description": "Electricity",
        "year": "2016",
        "month": "Sep",
        "total_consumption": "70",
        "unit": "kWh"
    }
]
Request method:	GET
Request URI:	https://data.calgary.ca/resource/crbp-innf.json?site_id=0020007253270&month=Oct&year=2016&total_consumption=107
Proxy:			<none>
Request params:	<none>
Query params:	<none>
Form params:	<none>
Path params:	<none>
Headers:		Accept=*/*
				Content-Type=application/json
Cookies:		<none>
Multiparts:		<none>
Body:			<none>
[
    {
        "business_unit_desc": "Calgary Housing",
        "facilityname": "#100 6704 6 ST SW",
        "site_id": "0020007253270",
        "facilityaddress": "#100 6704 6 ST SW",
        "energy_description": "Electricity",
        "year": "2016",
        "month": "Oct",
        "total_consumption": "107",
        "unit": "kWh"
    }
]
Request method:	GET
Request URI:	https://data.calgary.ca/resource/crbp-innf.json?site_id=0020007253270&month=Nov&year=2016&total_consumption=147
Proxy:			<none>
Request params:	<none>
Query params:	<none>
Form params:	<none>
Path params:	<none>
Headers:		Accept=*/*
				Content-Type=application/json
Cookies:		<none>
Multiparts:		<none>
Body:			<none>
[
    {
        "business_unit_desc": "Calgary Housing",
        "facilityname": "#100 6704 6 ST SW",
        "site_id": "0020007253270",
        "facilityaddress": "#100 6704 6 ST SW",
        "energy_description": "Electricity",
        "year": "2016",
        "month": "Nov",
        "total_consumption": "147",
        "unit": "kWh"
    }
]
Request method:	GET
Request URI:	https://data.calgary.ca/resource/crbp-innf.json?site_id=0020007253270&month=Dec&year=2016&total_consumption=231
Proxy:			<none>
Request params:	<none>
Query params:	<none>
Form params:	<none>
Path params:	<none>
Headers:		Accept=*/*
				Content-Type=application/json
Cookies:		<none>
Multiparts:		<none>
Body:			<none>
[
    {
        "business_unit_desc": "Calgary Housing",
        "facilityname": "#100 6704 6 ST SW",
        "site_id": "0020007253270",
        "facilityaddress": "#100 6704 6 ST SW",
        "energy_description": "Electricity",
        "year": "2016",
        "month": "Dec",
        "total_consumption": "231",
        "unit": "kWh"
    }
]
Request method:	GET
Request URI:	https://data.calgary.ca/resource/crbp-innf.json?site_id=0020007253270&month=Jan&year=2017&total_consumption=424
Proxy:			<none>
Request params:	<none>
Query params:	<none>
Form params:	<none>
Path params:	<none>
Headers:		Accept=*/*
				Content-Type=application/json
Cookies:		<none>
Multiparts:		<none>
Body:			<none>
[
    {
        "business_unit_desc": "Calgary Housing",
        "facilityname": "#100 6704 6 ST SW",
        "site_id": "0020007253270",
        "facilityaddress": "#100 6704 6 ST SW",
        "energy_description": "Electricity",
        "year": "2017",
        "month": "Jan",
        "total_consumption": "424",
        "unit": "kWh"
    }
]
Request method:	GET
Request URI:	https://data.calgary.ca/resource/crbp-innf.json?site_id=0020007253270&month=Feb&year=2017&total_consumption=639
Proxy:			<none>
Request params:	<none>
Query params:	<none>
Form params:	<none>
Path params:	<none>
Headers:		Accept=*/*
				Content-Type=application/json
Cookies:		<none>
Multiparts:		<none>
Body:			<none>
[
    {
        "business_unit_desc": "Calgary Housing",
        "facilityname": "#100 6704 6 ST SW",
        "site_id": "0020007253270",
        "facilityaddress": "#100 6704 6 ST SW",
        "energy_description": "Electricity",
        "year": "2017",
        "month": "Feb",
        "total_consumption": "639",
        "unit": "kWh"
    }
]
Request method:	GET
Request URI:	https://data.calgary.ca/resource/crbp-innf.json?site_id=0020007253270&month=Mar&year=2017&total_consumption=790
Proxy:			<none>
Request params:	<none>
Query params:	<none>
Form params:	<none>
Path params:	<none>
Headers:		Accept=*/*
				Content-Type=application/json
Cookies:		<none>
Multiparts:		<none>
Body:			<none>
[
    {
        "business_unit_desc": "Calgary Housing",
        "facilityname": "#100 6704 6 ST SW",
        "site_id": "0020007253270",
        "facilityaddress": "#100 6704 6 ST SW",
        "energy_description": "Electricity",
        "year": "2017",
        "month": "Mar",
        "total_consumption": "790",
        "unit": "kWh"
    }
]
Request method:	GET
Request URI:	https://data.calgary.ca/resource/crbp-innf.json?site_id=0020007253270&month=Apr&year=2017&total_consumption=526
Proxy:			<none>
Request params:	<none>
Query params:	<none>
Form params:	<none>
Path params:	<none>
Headers:		Accept=*/*
				Content-Type=application/json
Cookies:		<none>
Multiparts:		<none>
Body:			<none>
[
    {
        "business_unit_desc": "Calgary Housing",
        "facilityname": "#100 6704 6 ST SW",
        "site_id": "0020007253270",
        "facilityaddress": "#100 6704 6 ST SW",
        "energy_description": "Electricity",
        "year": "2017",
        "month": "Apr",
        "total_consumption": "526",
        "unit": "kWh"
    }
]
Request method:	GET
Request URI:	https://data.calgary.ca/resource/crbp-innf.json?site_id=0020007253270&month=May&year=2017&total_consumption=194
Proxy:			<none>
Request params:	<none>
Query params:	<none>
Form params:	<none>
Path params:	<none>
Headers:		Accept=*/*
				Content-Type=application/json
Cookies:		<none>
Multiparts:		<none>
Body:			<none>
[
    {
        "business_unit_desc": "Calgary Housing",
        "facilityname": "#100 6704 6 ST SW",
        "site_id": "0020007253270",
        "facilityaddress": "#100 6704 6 ST SW",
        "energy_description": "Electricity",
        "year": "2017",
        "month": "May",
        "total_consumption": "194",
        "unit": "kWh"
    }
]
Request method:	GET
Request URI:	https://data.calgary.ca/resource/crbp-innf.json?site_id=0020007253270&month=Jun&year=2017&total_consumption=81
Proxy:			<none>
Request params:	<none>
Query params:	<none>
Form params:	<none>
Path params:	<none>
Headers:		Accept=*/*
				Content-Type=application/json
Cookies:		<none>
Multiparts:		<none>
Body:			<none>
[
    {
        "business_unit_desc": "Calgary Housing",
        "facilityname": "#100 6704 6 ST SW",
        "site_id": "0020007253270",
        "facilityaddress": "#100 6704 6 ST SW",
        "energy_description": "Electricity",
        "year": "2017",
        "month": "Jun",
        "total_consumption": "81",
        "unit": "kWh"
    }
]
Request method:	GET
Request URI:	https://data.calgary.ca/resource/crbp-innf.json?site_id=0020007253270&month=Jul&year=2017&total_consumption=64
Proxy:			<none>
Request params:	<none>
Query params:	<none>
Form params:	<none>
Path params:	<none>
Headers:		Accept=*/*
				Content-Type=application/json
Cookies:		<none>
Multiparts:		<none>
Body:			<none>
[
    {
        "business_unit_desc": "Calgary Housing",
        "facilityname": "#100 6704 6 ST SW",
        "site_id": "0020007253270",
        "facilityaddress": "#100 6704 6 ST SW",
        "energy_description": "Electricity",
        "year": "2017",
        "month": "Jul",
        "total_consumption": "64",
        "unit": "kWh"
    }
]
Request method:	GET
Request URI:	https://data.calgary.ca/resource/crbp-innf.json?site_id=0020007253270&month=Aug&year=2017&total_consumption=99
Proxy:			<none>
Request params:	<none>
Query params:	<none>
Form params:	<none>
Path params:	<none>
Headers:		Accept=*/*
				Content-Type=application/json
Cookies:		<none>
Multiparts:		<none>
Body:			<none>
[
    {
        "business_unit_desc": "Calgary Housing",
        "facilityname": "#100 6704 6 ST SW",
        "site_id": "0020007253270",
        "facilityaddress": "#100 6704 6 ST SW",
        "energy_description": "Electricity",
        "year": "2017",
        "month": "Aug",
        "total_consumption": "99",
        "unit": "kWh"
    }
]
Request method:	GET
Request URI:	https://data.calgary.ca/resource/crbp-innf.json?site_id=0020007253270&month=Sep&year=2017&total_consumption=191
Proxy:			<none>
Request params:	<none>
Query params:	<none>
Form params:	<none>
Path params:	<none>
Headers:		Accept=*/*
				Content-Type=application/json
Cookies:		<none>
Multiparts:		<none>
Body:			<none>
[
    {
        "business_unit_desc": "Calgary Housing",
        "facilityname": "#100 6704 6 ST SW",
        "site_id": "0020007253270",
        "facilityaddress": "#100 6704 6 ST SW",
        "energy_description": "Electricity",
        "year": "2017",
        "month": "Sep",
        "total_consumption": "191",
        "unit": "kWh"
    }
]
Request method:	GET
Request URI:	https://data.calgary.ca/resource/crbp-innf.json?site_id=0020007253270&month=Oct&year=2017&total_consumption=205
Proxy:			<none>
Request params:	<none>
Query params:	<none>
Form params:	<none>
Path params:	<none>
Headers:		Accept=*/*
				Content-Type=application/json
Cookies:		<none>
Multiparts:		<none>
Body:			<none>
[
    {
        "business_unit_desc": "Calgary Housing",
        "facilityname": "#100 6704 6 ST SW",
        "site_id": "0020007253270",
        "facilityaddress": "#100 6704 6 ST SW",
        "energy_description": "Electricity",
        "year": "2017",
        "month": "Oct",
        "total_consumption": "205",
        "unit": "kWh"
    }
]
Request method:	GET
Request URI:	https://data.calgary.ca/resource/crbp-innf.json?site_id=0020007253270&month=Nov&year=2017&total_consumption=147
Proxy:			<none>
Request params:	<none>
Query params:	<none>
Form params:	<none>
Path params:	<none>
Headers:		Accept=*/*
				Content-Type=application/json
Cookies:		<none>
Multiparts:		<none>
Body:			<none>
[
    {
        "business_unit_desc": "Calgary Housing",
        "facilityname": "#100 6704 6 ST SW",
        "site_id": "0020007253270",
        "facilityaddress": "#100 6704 6 ST SW",
        "energy_description": "Electricity",
        "year": "2017",
        "month": "Nov",
        "total_consumption": "147",
        "unit": "kWh"
    }
]
Request method:	GET
Request URI:	https://data.calgary.ca/resource/crbp-innf.json?site_id=0020007253270&month=Dec&year=2017&total_consumption=472
Proxy:			<none>
Request params:	<none>
Query params:	<none>
Form params:	<none>
Path params:	<none>
Headers:		Accept=*/*
				Content-Type=application/json
Cookies:		<none>
Multiparts:		<none>
Body:			<none>
[
    {
        "business_unit_desc": "Calgary Housing",
        "facilityname": "#100 6704 6 ST SW",
        "site_id": "0020007253270",
        "facilityaddress": "#100 6704 6 ST SW",
        "energy_description": "Electricity",
        "year": "2017",
        "month": "Dec",
        "total_consumption": "472",
        "unit": "kWh"
    }
]
Request method:	GET
Request URI:	https://data.calgary.ca/resource/crbp-innf.json?site_id=0020007253270&month=Jan&year=2018&total_consumption=426
Proxy:			<none>
Request params:	<none>
Query params:	<none>
Form params:	<none>
Path params:	<none>
Headers:		Accept=*/*
				Content-Type=application/json
Cookies:		<none>
Multiparts:		<none>
Body:			<none>
[
    {
        "business_unit_desc": "Calgary Housing",
        "facilityname": "#100 6704 6 ST SW",
        "site_id": "0020007253270",
        "facilityaddress": "#100 6704 6 ST SW",
        "energy_description": "Electricity",
        "year": "2018",
        "month": "Jan",
        "total_consumption": "426",
        "unit": "kWh"
    }
]
Request method:	GET
Request URI:	https://data.calgary.ca/resource/crbp-innf.json?site_id=0020007253270&month=Feb&year=2018&total_consumption=210
Proxy:			<none>
Request params:	<none>
Query params:	<none>
Form params:	<none>
Path params:	<none>
Headers:		Accept=*/*
				Content-Type=application/json
Cookies:		<none>
Multiparts:		<none>
Body:			<none>
[
    {
        "business_unit_desc": "Calgary Housing",
        "facilityname": "#100 6704 6 ST SW",
        "site_id": "0020007253270",
        "facilityaddress": "#100 6704 6 ST SW",
        "energy_description": "Electricity",
        "year": "2018",
        "month": "Feb",
        "total_consumption": "210",
        "unit": "kWh"
    }
]
Request method:	GET
Request URI:	https://data.calgary.ca/resource/crbp-innf.json?site_id=0020007253270&month=Mar&year=2018&total_consumption=183
Proxy:			<none>
Request params:	<none>
Query params:	<none>
Form params:	<none>
Path params:	<none>
Headers:		Accept=*/*
				Content-Type=application/json
Cookies:		<none>
Multiparts:		<none>
Body:			<none>
[
    {
        "business_unit_desc": "Calgary Housing",
        "facilityname": "#100 6704 6 ST SW",
        "site_id": "0020007253270",
        "facilityaddress": "#100 6704 6 ST SW",
        "energy_description": "Electricity",
        "year": "2018",
        "month": "Mar",
        "total_consumption": "183",
        "unit": "kWh"
    }
]
Request method:	GET
Request URI:	https://data.calgary.ca/resource/crbp-innf.json?site_id=0020007253283&month=Mar&year=2016&total_consumption=0
Proxy:			<none>
Request params:	<none>
Query params:	<none>
Form params:	<none>
Path params:	<none>
Headers:		Accept=*/*
				Content-Type=application/json
Cookies:		<none>
Multiparts:		<none>
Body:			<none>
[
    {
        "business_unit_desc": "Calgary Housing",
        "facilityname": "#100 6704 6 ST SW",
        "site_id": "0020007253283",
        "facilityaddress": "#100 6704 6 ST SW",
        "energy_description": "Electricity",
        "year": "2016",
        "month": "Mar",
        "total_consumption": "0",
        "unit": "kWh"
    }
]
Request method:	GET
Request URI:	https://data.calgary.ca/resource/crbp-innf.json?site_id=0020007253283&month=Apr&year=2016&total_consumption=6
Proxy:			<none>
Request params:	<none>
Query params:	<none>
Form params:	<none>
Path params:	<none>
Headers:		Accept=*/*
				Content-Type=application/json
Cookies:		<none>
Multiparts:		<none>
Body:			<none>
[
    {
        "business_unit_desc": "Calgary Housing",
        "facilityname": "#100 6704 6 ST SW",
        "site_id": "0020007253283",
        "facilityaddress": "#100 6704 6 ST SW",
        "energy_description": "Electricity",
        "year": "2016",
        "month": "Apr",
        "total_consumption": "6",
        "unit": "kWh"
    }
]
Request method:	GET
Request URI:	https://data.calgary.ca/resource/crbp-innf.json?site_id=0020007253283&month=May&year=2016&total_consumption=297
Proxy:			<none>
Request params:	<none>
Query params:	<none>
Form params:	<none>
Path params:	<none>
Headers:		Accept=*/*
				Content-Type=application/json
Cookies:		<none>
Multiparts:		<none>
Body:			<none>
[
    {
        "business_unit_desc": "Calgary Housing",
        "facilityname": "#100 6704 6 ST SW",
        "site_id": "0020007253283",
        "facilityaddress": "#100 6704 6 ST SW",
        "energy_description": "Electricity",
        "year": "2016",
        "month": "May",
        "total_consumption": "297",
        "unit": "kWh"
    }
]
Request method:	GET
Request URI:	https://data.calgary.ca/resource/crbp-innf.json?site_id=0020007253283&month=Jun&year=2016&total_consumption=245
Proxy:			<none>
Request params:	<none>
Query params:	<none>
Form params:	<none>
Path params:	<none>
Headers:		Accept=*/*
				Content-Type=application/json
Cookies:		<none>
Multiparts:		<none>
Body:			<none>
[
    {
        "business_unit_desc": "Calgary Housing",
        "facilityname": "#100 6704 6 ST SW",
        "site_id": "0020007253283",
        "facilityaddress": "#100 6704 6 ST SW",
        "energy_description": "Electricity",
        "year": "2016",
        "month": "Jun",
        "total_consumption": "245",
        "unit": "kWh"
    }
]
Request method:	GET
Request URI:	https://data.calgary.ca/resource/crbp-innf.json?site_id=0020007253283&month=Jul&year=2016&total_consumption=68
Proxy:			<none>
Request params:	<none>
Query params:	<none>
Form params:	<none>
Path params:	<none>
Headers:		Accept=*/*
				Content-Type=application/json
Cookies:		<none>
Multiparts:		<none>
Body:			<none>
[
    {
        "business_unit_desc": "Calgary Housing",
        "facilityname": "#100 6704 6 ST SW",
        "site_id": "0020007253283",
        "facilityaddress": "#100 6704 6 ST SW",
        "energy_description": "Electricity",
        "year": "2016",
        "month": "Jul",
        "total_consumption": "68",
        "unit": "kWh"
    }
]
Request method:	GET
Request URI:	https://data.calgary.ca/resource/crbp-innf.json?site_id=0020007253283&month=Aug&year=2016&total_consumption=93
Proxy:			<none>
Request params:	<none>
Query params:	<none>
Form params:	<none>
Path params:	<none>
Headers:		Accept=*/*
				Content-Type=application/json
Cookies:		<none>
Multiparts:		<none>
Body:			<none>
[
    {
        "business_unit_desc": "Calgary Housing",
        "facilityname": "#100 6704 6 ST SW",
        "site_id": "0020007253283",
        "facilityaddress": "#100 6704 6 ST SW",
        "energy_description": "Electricity",
        "year": "2016",
        "month": "Aug",
        "total_consumption": "93",
        "unit": "kWh"
    }
]
Request method:	GET
Request URI:	https://data.calgary.ca/resource/crbp-innf.json?site_id=0020007253283&month=Sep&year=2016&total_consumption=62
Proxy:			<none>
Request params:	<none>
Query params:	<none>
Form params:	<none>
Path params:	<none>
Headers:		Accept=*/*
				Content-Type=application/json
Cookies:		<none>
Multiparts:		<none>
Body:			<none>
[
    {
        "business_unit_desc": "Calgary Housing",
        "facilityname": "#100 6704 6 ST SW",
        "site_id": "0020007253283",
        "facilityaddress": "#100 6704 6 ST SW",
        "energy_description": "Electricity",
        "year": "2016",
        "month": "Sep",
        "total_consumption": "62",
        "unit": "kWh"
    }
]
Request method:	GET
Request URI:	https://data.calgary.ca/resource/crbp-innf.json?site_id=0020007253283&month=Oct&year=2016&total_consumption=118
Proxy:			<none>
Request params:	<none>
Query params:	<none>
Form params:	<none>
Path params:	<none>
Headers:		Accept=*/*
				Content-Type=application/json
Cookies:		<none>
Multiparts:		<none>
Body:			<none>
[
    {
        "business_unit_desc": "Calgary Housing",
        "facilityname": "#100 6704 6 ST SW",
        "site_id": "0020007253283",
        "facilityaddress": "#100 6704 6 ST SW",
        "energy_description": "Electricity",
        "year": "2016",
        "month": "Oct",
        "total_consumption": "118",
        "unit": "kWh"
    }
]
Request method:	GET
Request URI:	https://data.calgary.ca/resource/crbp-innf.json?site_id=0020007253283&month=Nov&year=2016&total_consumption=219
Proxy:			<none>
Request params:	<none>
Query params:	<none>
Form params:	<none>
Path params:	<none>
Headers:		Accept=*/*
				Content-Type=application/json
Cookies:		<none>
Multiparts:		<none>
Body:			<none>
[
    {
        "business_unit_desc": "Calgary Housing",
        "facilityname": "#100 6704 6 ST SW",
        "site_id": "0020007253283",
        "facilityaddress": "#100 6704 6 ST SW",
        "energy_description": "Electricity",
        "year": "2016",
        "month": "Nov",
        "total_consumption": "219",
        "unit": "kWh"
    }
]
Request method:	GET
Request URI:	https://data.calgary.ca/resource/crbp-innf.json?site_id=0020007253283&month=Dec&year=2016&total_consumption=274
Proxy:			<none>
Request params:	<none>
Query params:	<none>
Form params:	<none>
Path params:	<none>
Headers:		Accept=*/*
				Content-Type=application/json
Cookies:		<none>
Multiparts:		<none>
Body:			<none>
[
    {
        "business_unit_desc": "Calgary Housing",
        "facilityname": "#100 6704 6 ST SW",
        "site_id": "0020007253283",
        "facilityaddress": "#100 6704 6 ST SW",
        "energy_description": "Electricity",
        "year": "2016",
        "month": "Dec",
        "total_consumption": "274",
        "unit": "kWh"
    }
]
Request method:	GET
Request URI:	https://data.calgary.ca/resource/crbp-innf.json?site_id=0020007253283&month=Jan&year=2017&total_consumption=248
Proxy:			<none>
Request params:	<none>
Query params:	<none>
Form params:	<none>
Path params:	<none>
Headers:		Accept=*/*
				Content-Type=application/json
Cookies:		<none>
Multiparts:		<none>
Body:			<none>
[
    {
        "business_unit_desc": "Calgary Housing",
        "facilityname": "#100 6704 6 ST SW",
        "site_id": "0020007253283",
        "facilityaddress": "#100 6704 6 ST SW",
        "energy_description": "Electricity",
        "year": "2017",
        "month": "Jan",
        "total_consumption": "248",
        "unit": "kWh"
    }
]
Request method:	GET
Request URI:	https://data.calgary.ca/resource/crbp-innf.json?site_id=0020007253283&month=Feb&year=2017&total_consumption=230
Proxy:			<none>
Request params:	<none>
Query params:	<none>
Form params:	<none>
Path params:	<none>
Headers:		Accept=*/*
				Content-Type=application/json
Cookies:		<none>
Multiparts:		<none>
Body:			<none>
[
    {
        "business_unit_desc": "Calgary Housing",
        "facilityname": "#100 6704 6 ST SW",
        "site_id": "0020007253283",
        "facilityaddress": "#100 6704 6 ST SW",
        "energy_description": "Electricity",
        "year": "2017",
        "month": "Feb",
        "total_consumption": "230",
        "unit": "kWh"
    }
]
Request method:	GET
Request URI:	https://data.calgary.ca/resource/crbp-innf.json?site_id=0020007253283&month=Mar&year=2017&total_consumption=212
Proxy:			<none>
Request params:	<none>
Query params:	<none>
Form params:	<none>
Path params:	<none>
Headers:		Accept=*/*
				Content-Type=application/json
Cookies:		<none>
Multiparts:		<none>
Body:			<none>
[
    {
        "business_unit_desc": "Calgary Housing",
        "facilityname": "#100 6704 6 ST SW",
        "site_id": "0020007253283",
        "facilityaddress": "#100 6704 6 ST SW",
        "energy_description": "Electricity",
        "year": "2017",
        "month": "Mar",
        "total_consumption": "212",
        "unit": "kWh"
    }
]
Request method:	GET
Request URI:	https://data.calgary.ca/resource/crbp-innf.json?site_id=0020007253283&month=Apr&year=2017&total_consumption=154
Proxy:			<none>
Request params:	<none>
Query params:	<none>
Form params:	<none>
Path params:	<none>
Headers:		Accept=*/*
				Content-Type=application/json
Cookies:		<none>
Multiparts:		<none>
Body:			<none>
[
    {
        "business_unit_desc": "Calgary Housing",
        "facilityname": "#100 6704 6 ST SW",
        "site_id": "0020007253283",
        "facilityaddress": "#100 6704 6 ST SW",
        "energy_description": "Electricity",
        "year": "2017",
        "month": "Apr",
        "total_consumption": "154",
        "unit": "kWh"
    }
]
Request method:	GET
Request URI:	https://data.calgary.ca/resource/crbp-innf.json?site_id=0020007253283&month=May&year=2017&total_consumption=150
Proxy:			<none>
Request params:	<none>
Query params:	<none>
Form params:	<none>
Path params:	<none>
Headers:		Accept=*/*
				Content-Type=application/json
Cookies:		<none>
Multiparts:		<none>
Body:			<none>
[
    {
        "business_unit_desc": "Calgary Housing",
        "facilityname": "#100 6704 6 ST SW",
        "site_id": "0020007253283",
        "facilityaddress": "#100 6704 6 ST SW",
        "energy_description": "Electricity",
        "year": "2017",
        "month": "May",
        "total_consumption": "150",
        "unit": "kWh"
    }
]
Request method:	GET
Request URI:	https://data.calgary.ca/resource/crbp-innf.json?site_id=0020007253283&month=Jun&year=2017&total_consumption=124
Proxy:			<none>
Request params:	<none>
Query params:	<none>
Form params:	<none>
Path params:	<none>
Headers:		Accept=*/*
				Content-Type=application/json
Cookies:		<none>
Multiparts:		<none>
Body:			<none>
[
    {
        "business_unit_desc": "Calgary Housing",
        "facilityname": "#100 6704 6 ST SW",
        "site_id": "0020007253283",
        "facilityaddress": "#100 6704 6 ST SW",
        "energy_description": "Electricity",
        "year": "2017",
        "month": "Jun",
        "total_consumption": "124",
        "unit": "kWh"
    }
]
Request method:	GET
Request URI:	https://data.calgary.ca/resource/crbp-innf.json?site_id=0020007253283&month=Jul&year=2017&total_consumption=104
Proxy:			<none>
Request params:	<none>
Query params:	<none>
Form params:	<none>
Path params:	<none>
Headers:		Accept=*/*
				Content-Type=application/json
Cookies:		<none>
Multiparts:		<none>
Body:			<none>
[
    {
        "business_unit_desc": "Calgary Housing",
        "facilityname": "#100 6704 6 ST SW",
        "site_id": "0020007253283",
        "facilityaddress": "#100 6704 6 ST SW",
        "energy_description": "Electricity",
        "year": "2017",
        "month": "Jul",
        "total_consumption": "104",
        "unit": "kWh"
    }
]
Request method:	GET
Request URI:	https://data.calgary.ca/resource/crbp-innf.json?site_id=0020007253283&month=Aug&year=2017&total_consumption=53
Proxy:			<none>
Request params:	<none>
Query params:	<none>
Form params:	<none>
Path params:	<none>
Headers:		Accept=*/*
				Content-Type=application/json
Cookies:		<none>
Multiparts:		<none>
Body:			<none>
[
    {
        "business_unit_desc": "Calgary Housing",
        "facilityname": "#100 6704 6 ST SW",
        "site_id": "0020007253283",
        "facilityaddress": "#100 6704 6 ST SW",
        "energy_description": "Electricity",
        "year": "2017",
        "month": "Aug",
        "total_consumption": "53",
        "unit": "kWh"
    }
]
Request method:	GET
Request URI:	https://data.calgary.ca/resource/crbp-innf.json?site_id=0020007253283&month=Sep&year=2017&total_consumption=58
Proxy:			<none>
Request params:	<none>
Query params:	<none>
Form params:	<none>
Path params:	<none>
Headers:		Accept=*/*
				Content-Type=application/json
Cookies:		<none>
Multiparts:		<none>
Body:			<none>
[
    {
        "business_unit_desc": "Calgary Housing",
        "facilityname": "#100 6704 6 ST SW",
        "site_id": "0020007253283",
        "facilityaddress": "#100 6704 6 ST SW",
        "energy_description": "Electricity",
        "year": "2017",
        "month": "Sep",
        "total_consumption": "58",
        "unit": "kWh"
    }
]
Request method:	GET
Request URI:	https://data.calgary.ca/resource/crbp-innf.json?site_id=0020007253283&month=Oct&year=2017&total_consumption=157
Proxy:			<none>
Request params:	<none>
Query params:	<none>
Form params:	<none>
Path params:	<none>
Headers:		Accept=*/*
				Content-Type=application/json
Cookies:		<none>
Multiparts:		<none>
Body:			<none>
[
    {
        "business_unit_desc": "Calgary Housing",
        "facilityname": "#100 6704 6 ST SW",
        "site_id": "0020007253283",
        "facilityaddress": "#100 6704 6 ST SW",
        "energy_description": "Electricity",
        "year": "2017",
        "month": "Oct",
        "total_consumption": "157",
        "unit": "kWh"
    }
]
Request method:	GET
Request URI:	https://data.calgary.ca/resource/crbp-innf.json?site_id=0020007253283&month=Nov&year=2017&total_consumption=212
Proxy:			<none>
Request params:	<none>
Query params:	<none>
Form params:	<none>
Path params:	<none>
Headers:		Accept=*/*
				Content-Type=application/json
Cookies:		<none>
Multiparts:		<none>
Body:			<none>
[
    {
        "business_unit_desc": "Calgary Housing",
        "facilityname": "#100 6704 6 ST SW",
        "site_id": "0020007253283",
        "facilityaddress": "#100 6704 6 ST SW",
        "energy_description": "Electricity",
        "year": "2017",
        "month": "Nov",
        "total_consumption": "212",
        "unit": "kWh"
    }
]
Request method:	GET
Request URI:	https://data.calgary.ca/resource/crbp-innf.json?site_id=0020007253283&month=Dec&year=2017&total_consumption=241
Proxy:			<none>
Request params:	<none>
Query params:	<none>
Form params:	<none>
Path params:	<none>
Headers:		Accept=*/*
				Content-Type=application/json
Cookies:		<none>
Multiparts:		<none>
Body:			<none>
[
    {
        "business_unit_desc": "Calgary Housing",
        "facilityname": "#100 6704 6 ST SW",
        "site_id": "0020007253283",
        "facilityaddress": "#100 6704 6 ST SW",
        "energy_description": "Electricity",
        "year": "2017",
        "month": "Dec",
        "total_consumption": "241",
        "unit": "kWh"
    }
]
Request method:	GET
Request URI:	https://data.calgary.ca/resource/crbp-innf.json?site_id=0020007253283&month=Jan&year=2018&total_consumption=234
Proxy:			<none>
Request params:	<none>
Query params:	<none>
Form params:	<none>
Path params:	<none>
Headers:		Accept=*/*
				Content-Type=application/json
Cookies:		<none>
Multiparts:		<none>
Body:			<none>
[
    {
        "business_unit_desc": "Calgary Housing",
        "facilityname": "#100 6704 6 ST SW",
        "site_id": "0020007253283",
        "facilityaddress": "#100 6704 6 ST SW",
        "energy_description": "Electricity",
        "year": "2018",
        "month": "Jan",
        "total_consumption": "234",
        "unit": "kWh"
    }
]
Request method:	GET
Request URI:	https://data.calgary.ca/resource/crbp-innf.json?site_id=0020007253283&month=Feb&year=2018&total_consumption=217
Proxy:			<none>
Request params:	<none>
Query params:	<none>
Form params:	<none>
Path params:	<none>
Headers:		Accept=*/*
				Content-Type=application/json
Cookies:		<none>
Multiparts:		<none>
Body:			<none>
[
    {
        "business_unit_desc": "Calgary Housing",
        "facilityname": "#100 6704 6 ST SW",
        "site_id": "0020007253283",
        "facilityaddress": "#100 6704 6 ST SW",
        "energy_description": "Electricity",
        "year": "2018",
        "month": "Feb",
        "total_consumption": "217",
        "unit": "kWh"
    }
]
Request method:	GET
Request URI:	https://data.calgary.ca/resource/crbp-innf.json?site_id=0020007253283&month=Mar&year=2018&total_consumption=186
Proxy:			<none>
Request params:	<none>
Query params:	<none>
Form params:	<none>
Path params:	<none>
Headers:		Accept=*/*
				Content-Type=application/json
Cookies:		<none>
Multiparts:		<none>
Body:			<none>
[
    {
        "business_unit_desc": "Calgary Housing",
        "facilityname": "#100 6704 6 ST SW",
        "site_id": "0020007253283",
        "facilityaddress": "#100 6704 6 ST SW",
        "energy_description": "Electricity",
        "year": "2018",
        "month": "Mar",
        "total_consumption": "186",
        "unit": "kWh"
    }
]
Request method:	GET
Request URI:	https://data.calgary.ca/resource/crbp-innf.json?site_id=0020007253296&month=Mar&year=2016&total_consumption=1
Proxy:			<none>
Request params:	<none>
Query params:	<none>
Form params:	<none>
Path params:	<none>
Headers:		Accept=*/*
				Content-Type=application/json
Cookies:		<none>
Multiparts:		<none>
Body:			<none>
[
    {
        "business_unit_desc": "Calgary Housing",
        "facilityname": "#100 6704 6 ST SW",
        "site_id": "0020007253296",
        "facilityaddress": "#100 6704 6 ST SW",
        "energy_description": "Electricity",
        "year": "2016",
        "month": "Mar",
        "total_consumption": "1",
        "unit": "kWh"
    }
]
Request method:	GET
Request URI:	https://data.calgary.ca/resource/crbp-innf.json?site_id=0020007253296&month=Apr&year=2016&total_consumption=20
Proxy:			<none>
Request params:	<none>
Query params:	<none>
Form params:	<none>
Path params:	<none>
Headers:		Accept=*/*
				Content-Type=application/json
Cookies:		<none>
Multiparts:		<none>
Body:			<none>
[
    {
        "business_unit_desc": "Calgary Housing",
        "facilityname": "#100 6704 6 ST SW",
        "site_id": "0020007253296",
        "facilityaddress": "#100 6704 6 ST SW",
        "energy_description": "Electricity",
        "year": "2016",
        "month": "Apr",
        "total_consumption": "20",
        "unit": "kWh"
    }
]
Request method:	GET
Request URI:	https://data.calgary.ca/resource/crbp-innf.json?site_id=0020007253296&month=May&year=2016&total_consumption=158
Proxy:			<none>
Request params:	<none>
Query params:	<none>
Form params:	<none>
Path params:	<none>
Headers:		Accept=*/*
				Content-Type=application/json
Cookies:		<none>
Multiparts:		<none>
Body:			<none>
[
    {
        "business_unit_desc": "Calgary Housing",
        "facilityname": "#100 6704 6 ST SW",
        "site_id": "0020007253296",
        "facilityaddress": "#100 6704 6 ST SW",
        "energy_description": "Electricity",
        "year": "2016",
        "month": "May",
        "total_consumption": "158",
        "unit": "kWh"
    }
]
Request method:	GET
Request URI:	https://data.calgary.ca/resource/crbp-innf.json?site_id=0020007253296&month=Jun&year=2016&total_consumption=136
Proxy:			<none>
Request params:	<none>
Query params:	<none>
Form params:	<none>
Path params:	<none>
Headers:		Accept=*/*
				Content-Type=application/json
Cookies:		<none>
Multiparts:		<none>
Body:			<none>
[
    {
        "business_unit_desc": "Calgary Housing",
        "facilityname": "#100 6704 6 ST SW",
        "site_id": "0020007253296",
        "facilityaddress": "#100 6704 6 ST SW",
        "energy_description": "Electricity",
        "year": "2016",
        "month": "Jun",
        "total_consumption": "136",
        "unit": "kWh"
    }
]
Request method:	GET
Request URI:	https://data.calgary.ca/resource/crbp-innf.json?site_id=0020007253296&month=Jul&year=2016&total_consumption=67
Proxy:			<none>
Request params:	<none>
Query params:	<none>
Form params:	<none>
Path params:	<none>
Headers:		Accept=*/*
				Content-Type=application/json
Cookies:		<none>
Multiparts:		<none>
Body:			<none>
[
    {
        "business_unit_desc": "Calgary Housing",
        "facilityname": "#100 6704 6 ST SW",
        "site_id": "0020007253296",
        "facilityaddress": "#100 6704 6 ST SW",
        "energy_description": "Electricity",
        "year": "2016",
        "month": "Jul",
        "total_consumption": "67",
        "unit": "kWh"
    }
]
Request method:	GET
Request URI:	https://data.calgary.ca/resource/crbp-innf.json?site_id=0020007253296&month=Aug&year=2016&total_consumption=62
Proxy:			<none>
Request params:	<none>
Query params:	<none>
Form params:	<none>
Path params:	<none>
Headers:		Accept=*/*
				Content-Type=application/json
Cookies:		<none>
Multiparts:		<none>
Body:			<none>
[
    {
        "business_unit_desc": "Calgary Housing",
        "facilityname": "#100 6704 6 ST SW",
        "site_id": "0020007253296",
        "facilityaddress": "#100 6704 6 ST SW",
        "energy_description": "Electricity",
        "year": "2016",
        "month": "Aug",
        "total_consumption": "62",
        "unit": "kWh"
    }
]
Request method:	GET
Request URI:	https://data.calgary.ca/resource/crbp-innf.json?site_id=0020007253296&month=Sep&year=2016&total_consumption=49
Proxy:			<none>
Request params:	<none>
Query params:	<none>
Form params:	<none>
Path params:	<none>
Headers:		Accept=*/*
				Content-Type=application/json
Cookies:		<none>
Multiparts:		<none>
Body:			<none>
[
    {
        "business_unit_desc": "Calgary Housing",
        "facilityname": "#100 6704 6 ST SW",
        "site_id": "0020007253296",
        "facilityaddress": "#100 6704 6 ST SW",
        "energy_description": "Electricity",
        "year": "2016",
        "month": "Sep",
        "total_consumption": "49",
        "unit": "kWh"
    }
]
Request method:	GET
Request URI:	https://data.calgary.ca/resource/crbp-innf.json?site_id=0020007253296&month=Oct&year=2016&total_consumption=121
Proxy:			<none>
Request params:	<none>
Query params:	<none>
Form params:	<none>
Path params:	<none>
Headers:		Accept=*/*
				Content-Type=application/json
Cookies:		<none>
Multiparts:		<none>
Body:			<none>
[
    {
        "business_unit_desc": "Calgary Housing",
        "facilityname": "#100 6704 6 ST SW",
        "site_id": "0020007253296",
        "facilityaddress": "#100 6704 6 ST SW",
        "energy_description": "Electricity",
        "year": "2016",
        "month": "Oct",
        "total_consumption": "121",
        "unit": "kWh"
    }
]
Request method:	GET
Request URI:	https://data.calgary.ca/resource/crbp-innf.json?site_id=0020007253296&month=Nov&year=2016&total_consumption=181
Proxy:			<none>
Request params:	<none>
Query params:	<none>
Form params:	<none>
Path params:	<none>
Headers:		Accept=*/*
				Content-Type=application/json
Cookies:		<none>
Multiparts:		<none>
Body:			<none>
[
    {
        "business_unit_desc": "Calgary Housing",
        "facilityname": "#100 6704 6 ST SW",
        "site_id": "0020007253296",
        "facilityaddress": "#100 6704 6 ST SW",
        "energy_description": "Electricity",
        "year": "2016",
        "month": "Nov",
        "total_consumption": "181",
        "unit": "kWh"
    }
]
Request method:	GET
Request URI:	https://data.calgary.ca/resource/crbp-innf.json?site_id=0020007253296&month=Dec&year=2016&total_consumption=227
Proxy:			<none>
Request params:	<none>
Query params:	<none>
Form params:	<none>
Path params:	<none>
Headers:		Accept=*/*
				Content-Type=application/json
Cookies:		<none>
Multiparts:		<none>
Body:			<none>
[
    {
        "business_unit_desc": "Calgary Housing",
        "facilityname": "#100 6704 6 ST SW",
        "site_id": "0020007253296",
        "facilityaddress": "#100 6704 6 ST SW",
        "energy_description": "Electricity",
        "year": "2016",
        "month": "Dec",
        "total_consumption": "227",
        "unit": "kWh"
    }
]
Request method:	GET
Request URI:	https://data.calgary.ca/resource/crbp-innf.json?site_id=0020007253296&month=Jan&year=2017&total_consumption=213
Proxy:			<none>
Request params:	<none>
Query params:	<none>
Form params:	<none>
Path params:	<none>
Headers:		Accept=*/*
				Content-Type=application/json
Cookies:		<none>
Multiparts:		<none>
Body:			<none>
[
    {
        "business_unit_desc": "Calgary Housing",
        "facilityname": "#100 6704 6 ST SW",
        "site_id": "0020007253296",
        "facilityaddress": "#100 6704 6 ST SW",
        "energy_description": "Electricity",
        "year": "2017",
        "month": "Jan",
        "total_consumption": "213",
        "unit": "kWh"
    }
]
Request method:	GET
Request URI:	https://data.calgary.ca/resource/crbp-innf.json?site_id=0020007253296&month=Feb&year=2017&total_consumption=175
Proxy:			<none>
Request params:	<none>
Query params:	<none>
Form params:	<none>
Path params:	<none>
Headers:		Accept=*/*
				Content-Type=application/json
Cookies:		<none>
Multiparts:		<none>
Body:			<none>
[
    {
        "business_unit_desc": "Calgary Housing",
        "facilityname": "#100 6704 6 ST SW",
        "site_id": "0020007253296",
        "facilityaddress": "#100 6704 6 ST SW",
        "energy_description": "Electricity",
        "year": "2017",
        "month": "Feb",
        "total_consumption": "175",
        "unit": "kWh"
    }
]
Request method:	GET
Request URI:	https://data.calgary.ca/resource/crbp-innf.json?site_id=0020007253296&month=Mar&year=2017&total_consumption=151
Proxy:			<none>
Request params:	<none>
Query params:	<none>
Form params:	<none>
Path params:	<none>
Headers:		Accept=*/*
				Content-Type=application/json
Cookies:		<none>
Multiparts:		<none>
Body:			<none>
[
    {
        "business_unit_desc": "Calgary Housing",
        "facilityname": "#100 6704 6 ST SW",
        "site_id": "0020007253296",
        "facilityaddress": "#100 6704 6 ST SW",
        "energy_description": "Electricity",
        "year": "2017",
        "month": "Mar",
        "total_consumption": "151",
        "unit": "kWh"
    }
]
Request method:	GET
Request URI:	https://data.calgary.ca/resource/crbp-innf.json?site_id=0020007253296&month=Apr&year=2017&total_consumption=126
Proxy:			<none>
Request params:	<none>
Query params:	<none>
Form params:	<none>
Path params:	<none>
Headers:		Accept=*/*
				Content-Type=application/json
Cookies:		<none>
Multiparts:		<none>
Body:			<none>
[
    {
        "business_unit_desc": "Calgary Housing",
        "facilityname": "#100 6704 6 ST SW",
        "site_id": "0020007253296",
        "facilityaddress": "#100 6704 6 ST SW",
        "energy_description": "Electricity",
        "year": "2017",
        "month": "Apr",
        "total_consumption": "126",
        "unit": "kWh"
    }
]
Request method:	GET
Request URI:	https://data.calgary.ca/resource/crbp-innf.json?site_id=0020007253296&month=May&year=2017&total_consumption=115
Proxy:			<none>
Request params:	<none>
Query params:	<none>
Form params:	<none>
Path params:	<none>
Headers:		Accept=*/*
				Content-Type=application/json
Cookies:		<none>
Multiparts:		<none>
Body:			<none>
[
    {
        "business_unit_desc": "Calgary Housing",
        "facilityname": "#100 6704 6 ST SW",
        "site_id": "0020007253296",
        "facilityaddress": "#100 6704 6 ST SW",
        "energy_description": "Electricity",
        "year": "2017",
        "month": "May",
        "total_consumption": "115",
        "unit": "kWh"
    }
]
Request method:	GET
Request URI:	https://data.calgary.ca/resource/crbp-innf.json?site_id=0020007253296&month=Jun&year=2017&total_consumption=86
Proxy:			<none>
Request params:	<none>
Query params:	<none>
Form params:	<none>
Path params:	<none>
Headers:		Accept=*/*
				Content-Type=application/json
Cookies:		<none>
Multiparts:		<none>
Body:			<none>
[
    {
        "business_unit_desc": "Calgary Housing",
        "facilityname": "#100 6704 6 ST SW",
        "site_id": "0020007253296",
        "facilityaddress": "#100 6704 6 ST SW",
        "energy_description": "Electricity",
        "year": "2017",
        "month": "Jun",
        "total_consumption": "86",
        "unit": "kWh"
    }
]
Request method:	GET
Request URI:	https://data.calgary.ca/resource/crbp-innf.json?site_id=0020007253296&month=Jul&year=2017&total_consumption=67
Proxy:			<none>
Request params:	<none>
Query params:	<none>
Form params:	<none>
Path params:	<none>
Headers:		Accept=*/*
				Content-Type=application/json
Cookies:		<none>
Multiparts:		<none>
Body:			<none>
[
    {
        "business_unit_desc": "Calgary Housing",
        "facilityname": "#100 6704 6 ST SW",
        "site_id": "0020007253296",
        "facilityaddress": "#100 6704 6 ST SW",
        "energy_description": "Electricity",
        "year": "2017",
        "month": "Jul",
        "total_consumption": "67",
        "unit": "kWh"
    }
]
Request method:	GET
Request URI:	https://data.calgary.ca/resource/crbp-innf.json?site_id=0020007253296&month=Aug&year=2017&total_consumption=72
Proxy:			<none>
Request params:	<none>
Query params:	<none>
Form params:	<none>
Path params:	<none>
Headers:		Accept=*/*
				Content-Type=application/json
Cookies:		<none>
Multiparts:		<none>
Body:			<none>
[
    {
        "business_unit_desc": "Calgary Housing",
        "facilityname": "#100 6704 6 ST SW",
        "site_id": "0020007253296",
        "facilityaddress": "#100 6704 6 ST SW",
        "energy_description": "Electricity",
        "year": "2017",
        "month": "Aug",
        "total_consumption": "72",
        "unit": "kWh"
    }
]
Request method:	GET
Request URI:	https://data.calgary.ca/resource/crbp-innf.json?site_id=0020007253296&month=Sep&year=2017&total_consumption=110
Proxy:			<none>
Request params:	<none>
Query params:	<none>
Form params:	<none>
Path params:	<none>
Headers:		Accept=*/*
				Content-Type=application/json
Cookies:		<none>
Multiparts:		<none>
Body:			<none>
[
    {
        "business_unit_desc": "Calgary Housing",
        "facilityname": "#100 6704 6 ST SW",
        "site_id": "0020007253296",
        "facilityaddress": "#100 6704 6 ST SW",
        "energy_description": "Electricity",
        "year": "2017",
        "month": "Sep",
        "total_consumption": "110",
        "unit": "kWh"
    }
]
Request method:	GET
Request URI:	https://data.calgary.ca/resource/crbp-innf.json?site_id=0020007253296&month=Oct&year=2017&total_consumption=148
Proxy:			<none>
Request params:	<none>
Query params:	<none>
Form params:	<none>
Path params:	<none>
Headers:		Accept=*/*
				Content-Type=application/json
Cookies:		<none>
Multiparts:		<none>
Body:			<none>
[
    {
        "business_unit_desc": "Calgary Housing",
        "facilityname": "#100 6704 6 ST SW",
        "site_id": "0020007253296",
        "facilityaddress": "#100 6704 6 ST SW",
        "energy_description": "Electricity",
        "year": "2017",
        "month": "Oct",
        "total_consumption": "148",
        "unit": "kWh"
    }
]
Request method:	GET
Request URI:	https://data.calgary.ca/resource/crbp-innf.json?site_id=0020007253296&month=Nov&year=2017&total_consumption=156
Proxy:			<none>
Request params:	<none>
Query params:	<none>
Form params:	<none>
Path params:	<none>
Headers:		Accept=*/*
				Content-Type=application/json
Cookies:		<none>
Multiparts:		<none>
Body:			<none>
[
    {
        "business_unit_desc": "Calgary Housing",
        "facilityname": "#100 6704 6 ST SW",
        "site_id": "0020007253296",
        "facilityaddress": "#100 6704 6 ST SW",
        "energy_description": "Electricity",
        "year": "2017",
        "month": "Nov",
        "total_consumption": "156",
        "unit": "kWh"
    }
]
Request method:	GET
Request URI:	https://data.calgary.ca/resource/crbp-innf.json?site_id=0020007253296&month=Dec&year=2017&total_consumption=183
Proxy:			<none>
Request params:	<none>
Query params:	<none>
Form params:	<none>
Path params:	<none>
Headers:		Accept=*/*
				Content-Type=application/json
Cookies:		<none>
Multiparts:		<none>
Body:			<none>
[
    {
        "business_unit_desc": "Calgary Housing",
        "facilityname": "#100 6704 6 ST SW",
        "site_id": "0020007253296",
        "facilityaddress": "#100 6704 6 ST SW",
        "energy_description": "Electricity",
        "year": "2017",
        "month": "Dec",
        "total_consumption": "183",
        "unit": "kWh"
    }
]
Request method:	GET
Request URI:	https://data.calgary.ca/resource/crbp-innf.json?site_id=0020007253296&month=Jan&year=2018&total_consumption=177
Proxy:			<none>
Request params:	<none>
Query params:	<none>
Form params:	<none>
Path params:	<none>
Headers:		Accept=*/*
				Content-Type=application/json
Cookies:		<none>
Multiparts:		<none>
Body:			<none>
[
    {
        "business_unit_desc": "Calgary Housing",
        "facilityname": "#100 6704 6 ST SW",
        "site_id": "0020007253296",
        "facilityaddress": "#100 6704 6 ST SW",
        "energy_description": "Electricity",
        "year": "2018",
        "month": "Jan",
        "total_consumption": "177",
        "unit": "kWh"
    }
]
Request method:	GET
Request URI:	https://data.calgary.ca/resource/crbp-innf.json?site_id=0020007253296&month=Feb&year=2018&total_consumption=189
Proxy:			<none>
Request params:	<none>
Query params:	<none>
Form params:	<none>
Path params:	<none>
Headers:		Accept=*/*
				Content-Type=application/json
Cookies:		<none>
Multiparts:		<none>
Body:			<none>
[
    {
        "business_unit_desc": "Calgary Housing",
        "facilityname": "#100 6704 6 ST SW",
        "site_id": "0020007253296",
        "facilityaddress": "#100 6704 6 ST SW",
        "energy_description": "Electricity",
        "year": "2018",
        "month": "Feb",
        "total_consumption": "189",
        "unit": "kWh"
    }
]
Request method:	GET
Request URI:	https://data.calgary.ca/resource/crbp-innf.json?site_id=0020007253296&month=Mar&year=2018&total_consumption=172
Proxy:			<none>
Request params:	<none>
Query params:	<none>
Form params:	<none>
Path params:	<none>
Headers:		Accept=*/*
				Content-Type=application/json
Cookies:		<none>
Multiparts:		<none>
Body:			<none>
[
    {
        "business_unit_desc": "Calgary Housing",
        "facilityname": "#100 6704 6 ST SW",
        "site_id": "0020007253296",
        "facilityaddress": "#100 6704 6 ST SW",
        "energy_description": "Electricity",
        "year": "2018",
        "month": "Mar",
        "total_consumption": "172",
        "unit": "kWh"
    }
]
Request method:	GET
Request URI:	https://data.calgary.ca/resource/crbp-innf.json?site_id=0020007253308&month=Mar&year=2016&total_consumption=5
Proxy:			<none>
Request params:	<none>
Query params:	<none>
Form params:	<none>
Path params:	<none>
Headers:		Accept=*/*
				Content-Type=application/json
Cookies:		<none>
Multiparts:		<none>
Body:			<none>
[
    {
        "business_unit_desc": "Calgary Housing",
        "facilityname": "#100 6704 6 ST SW",
        "site_id": "0020007253308",
        "facilityaddress": "#100 6704 6 ST SW",
        "energy_description": "Electricity",
        "year": "2016",
        "month": "Mar",
        "total_consumption": "5",
        "unit": "kWh"
    }
]
Request method:	GET
Request URI:	https://data.calgary.ca/resource/crbp-innf.json?site_id=0020007253308&month=Apr&year=2016&total_consumption=5
Proxy:			<none>
Request params:	<none>
Query params:	<none>
Form params:	<none>
Path params:	<none>
Headers:		Accept=*/*
				Content-Type=application/json
Cookies:		<none>
Multiparts:		<none>
Body:			<none>
[
    {
        "business_unit_desc": "Calgary Housing",
        "facilityname": "#100 6704 6 ST SW",
        "site_id": "0020007253308",
        "facilityaddress": "#100 6704 6 ST SW",
        "energy_description": "Electricity",
        "year": "2016",
        "month": "Apr",
        "total_consumption": "5",
        "unit": "kWh"
    }
]
Request method:	GET
Request URI:	https://data.calgary.ca/resource/crbp-innf.json?site_id=0020007253308&month=May&year=2016&total_consumption=71
Proxy:			<none>
Request params:	<none>
Query params:	<none>
Form params:	<none>
Path params:	<none>
Headers:		Accept=*/*
				Content-Type=application/json
Cookies:		<none>
Multiparts:		<none>
Body:			<none>
[
    {
        "business_unit_desc": "Calgary Housing",
        "facilityname": "#100 6704 6 ST SW",
        "site_id": "0020007253308",
        "facilityaddress": "#100 6704 6 ST SW",
        "energy_description": "Electricity",
        "year": "2016",
        "month": "May",
        "total_consumption": "71",
        "unit": "kWh"
    }
]
Request method:	GET
Request URI:	https://data.calgary.ca/resource/crbp-innf.json?site_id=0020007253308&month=Jun&year=2016&total_consumption=63
Proxy:			<none>
Request params:	<none>
Query params:	<none>
Form params:	<none>
Path params:	<none>
Headers:		Accept=*/*
				Content-Type=application/json
Cookies:		<none>
Multiparts:		<none>
Body:			<none>
[
    {
        "business_unit_desc": "Calgary Housing",
        "facilityname": "#100 6704 6 ST SW",
        "site_id": "0020007253308",
        "facilityaddress": "#100 6704 6 ST SW",
        "energy_description": "Electricity",
        "year": "2016",
        "month": "Jun",
        "total_consumption": "63",
        "unit": "kWh"
    }
]
Request method:	GET
Request URI:	https://data.calgary.ca/resource/crbp-innf.json?site_id=0020007253308&month=Jul&year=2016&total_consumption=48
Proxy:			<none>
Request params:	<none>
Query params:	<none>
Form params:	<none>
Path params:	<none>
Headers:		Accept=*/*
				Content-Type=application/json
Cookies:		<none>
Multiparts:		<none>
Body:			<none>
[
    {
        "business_unit_desc": "Calgary Housing",
        "facilityname": "#100 6704 6 ST SW",
        "site_id": "0020007253308",
        "facilityaddress": "#100 6704 6 ST SW",
        "energy_description": "Electricity",
        "year": "2016",
        "month": "Jul",
        "total_consumption": "48",
        "unit": "kWh"
    }
]
Request method:	GET
Request URI:	https://data.calgary.ca/resource/crbp-innf.json?site_id=0020007253308&month=Aug&year=2016&total_consumption=58
Proxy:			<none>
Request params:	<none>
Query params:	<none>
Form params:	<none>
Path params:	<none>
Headers:		Accept=*/*
				Content-Type=application/json
Cookies:		<none>
Multiparts:		<none>
Body:			<none>
[
    {
        "business_unit_desc": "Calgary Housing",
        "facilityname": "#100 6704 6 ST SW",
        "site_id": "0020007253308",
        "facilityaddress": "#100 6704 6 ST SW",
        "energy_description": "Electricity",
        "year": "2016",
        "month": "Aug",
        "total_consumption": "58",
        "unit": "kWh"
    }
]
Request method:	GET
Request URI:	https://data.calgary.ca/resource/crbp-innf.json?site_id=0020007253308&month=Sep&year=2016&total_consumption=49
Proxy:			<none>
Request params:	<none>
Query params:	<none>
Form params:	<none>
Path params:	<none>
Headers:		Accept=*/*
				Content-Type=application/json
Cookies:		<none>
Multiparts:		<none>
Body:			<none>
[
    {
        "business_unit_desc": "Calgary Housing",
        "facilityname": "#100 6704 6 ST SW",
        "site_id": "0020007253308",
        "facilityaddress": "#100 6704 6 ST SW",
        "energy_description": "Electricity",
        "year": "2016",
        "month": "Sep",
        "total_consumption": "49",
        "unit": "kWh"
    }
]
Request method:	GET
Request URI:	https://data.calgary.ca/resource/crbp-innf.json?site_id=0020007253308&month=Oct&year=2016&total_consumption=96
Proxy:			<none>
Request params:	<none>
Query params:	<none>
Form params:	<none>
Path params:	<none>
Headers:		Accept=*/*
				Content-Type=application/json
Cookies:		<none>
Multiparts:		<none>
Body:			<none>
[
    {
        "business_unit_desc": "Calgary Housing",
        "facilityname": "#100 6704 6 ST SW",
        "site_id": "0020007253308",
        "facilityaddress": "#100 6704 6 ST SW",
        "energy_description": "Electricity",
        "year": "2016",
        "month": "Oct",
        "total_consumption": "96",
        "unit": "kWh"
    }
]
Request method:	GET
Request URI:	https://data.calgary.ca/resource/crbp-innf.json?site_id=0020007253308&month=Nov&year=2016&total_consumption=152
Proxy:			<none>
Request params:	<none>
Query params:	<none>
Form params:	<none>
Path params:	<none>
Headers:		Accept=*/*
				Content-Type=application/json
Cookies:		<none>
Multiparts:		<none>
Body:			<none>
[
    {
        "business_unit_desc": "Calgary Housing",
        "facilityname": "#100 6704 6 ST SW",
        "site_id": "0020007253308",
        "facilityaddress": "#100 6704 6 ST SW",
        "energy_description": "Electricity",
        "year": "2016",
        "month": "Nov",
        "total_consumption": "152",
        "unit": "kWh"
    }
]
Request method:	GET
Request URI:	https://data.calgary.ca/resource/crbp-innf.json?site_id=0020007253308&month=Dec&year=2016&total_consumption=327
Proxy:			<none>
Request params:	<none>
Query params:	<none>
Form params:	<none>
Path params:	<none>
Headers:		Accept=*/*
				Content-Type=application/json
Cookies:		<none>
Multiparts:		<none>
Body:			<none>
[
    {
        "business_unit_desc": "Calgary Housing",
        "facilityname": "#100 6704 6 ST SW",
        "site_id": "0020007253308",
        "facilityaddress": "#100 6704 6 ST SW",
        "energy_description": "Electricity",
        "year": "2016",
        "month": "Dec",
        "total_consumption": "327",
        "unit": "kWh"
    }
]
Request method:	GET
Request URI:	https://data.calgary.ca/resource/crbp-innf.json?site_id=0020007253308&month=Jan&year=2017&total_consumption=337
Proxy:			<none>
Request params:	<none>
Query params:	<none>
Form params:	<none>
Path params:	<none>
Headers:		Accept=*/*
				Content-Type=application/json
Cookies:		<none>
Multiparts:		<none>
Body:			<none>
[
    {
        "business_unit_desc": "Calgary Housing",
        "facilityname": "#100 6704 6 ST SW",
        "site_id": "0020007253308",
        "facilityaddress": "#100 6704 6 ST SW",
        "energy_description": "Electricity",
        "year": "2017",
        "month": "Jan",
        "total_consumption": "337",
        "unit": "kWh"
    }
]
Request method:	GET
Request URI:	https://data.calgary.ca/resource/crbp-innf.json?site_id=0020007253308&month=Feb&year=2017&total_consumption=262
Proxy:			<none>
Request params:	<none>
Query params:	<none>
Form params:	<none>
Path params:	<none>
Headers:		Accept=*/*
				Content-Type=application/json
Cookies:		<none>
Multiparts:		<none>
Body:			<none>
[
    {
        "business_unit_desc": "Calgary Housing",
        "facilityname": "#100 6704 6 ST SW",
        "site_id": "0020007253308",
        "facilityaddress": "#100 6704 6 ST SW",
        "energy_description": "Electricity",
        "year": "2017",
        "month": "Feb",
        "total_consumption": "262",
        "unit": "kWh"
    }
]
Request method:	GET
Request URI:	https://data.calgary.ca/resource/crbp-innf.json?site_id=0020007253308&month=Mar&year=2017&total_consumption=242
Proxy:			<none>
Request params:	<none>
Query params:	<none>
Form params:	<none>
Path params:	<none>
Headers:		Accept=*/*
				Content-Type=application/json
Cookies:		<none>
Multiparts:		<none>
Body:			<none>
[
    {
        "business_unit_desc": "Calgary Housing",
        "facilityname": "#100 6704 6 ST SW",
        "site_id": "0020007253308",
        "facilityaddress": "#100 6704 6 ST SW",
        "energy_description": "Electricity",
        "year": "2017",
        "month": "Mar",
        "total_consumption": "242",
        "unit": "kWh"
    }
]
Request method:	GET
Request URI:	https://data.calgary.ca/resource/crbp-innf.json?site_id=0020007253308&month=Apr&year=2017&total_consumption=184
Proxy:			<none>
Request params:	<none>
Query params:	<none>
Form params:	<none>
Path params:	<none>
Headers:		Accept=*/*
				Content-Type=application/json
Cookies:		<none>
Multiparts:		<none>
Body:			<none>
[
    {
        "business_unit_desc": "Calgary Housing",
        "facilityname": "#100 6704 6 ST SW",
        "site_id": "0020007253308",
        "facilityaddress": "#100 6704 6 ST SW",
        "energy_description": "Electricity",
        "year": "2017",
        "month": "Apr",
        "total_consumption": "184",
        "unit": "kWh"
    }
]
Request method:	GET
Request URI:	https://data.calgary.ca/resource/crbp-innf.json?site_id=0020007253308&month=May&year=2017&total_consumption=170
Proxy:			<none>
Request params:	<none>
Query params:	<none>
Form params:	<none>
Path params:	<none>
Headers:		Accept=*/*
				Content-Type=application/json
Cookies:		<none>
Multiparts:		<none>
Body:			<none>
[
    {
        "business_unit_desc": "Calgary Housing",
        "facilityname": "#100 6704 6 ST SW",
        "site_id": "0020007253308",
        "facilityaddress": "#100 6704 6 ST SW",
        "energy_description": "Electricity",
        "year": "2017",
        "month": "May",
        "total_consumption": "170",
        "unit": "kWh"
    }
]
Request method:	GET
Request URI:	https://data.calgary.ca/resource/crbp-innf.json?site_id=0020007253308&month=Jun&year=2017&total_consumption=138
Proxy:			<none>
Request params:	<none>
Query params:	<none>
Form params:	<none>
Path params:	<none>
Headers:		Accept=*/*
				Content-Type=application/json
Cookies:		<none>
Multiparts:		<none>
Body:			<none>
[
    {
        "business_unit_desc": "Calgary Housing",
        "facilityname": "#100 6704 6 ST SW",
        "site_id": "0020007253308",
        "facilityaddress": "#100 6704 6 ST SW",
        "energy_description": "Electricity",
        "year": "2017",
        "month": "Jun",
        "total_consumption": "138",
        "unit": "kWh"
    }
]
Request method:	GET
Request URI:	https://data.calgary.ca/resource/crbp-innf.json?site_id=0020007253308&month=Jul&year=2017&total_consumption=120
Proxy:			<none>
Request params:	<none>
Query params:	<none>
Form params:	<none>
Path params:	<none>
Headers:		Accept=*/*
				Content-Type=application/json
Cookies:		<none>
Multiparts:		<none>
Body:			<none>
[
    {
        "business_unit_desc": "Calgary Housing",
        "facilityname": "#100 6704 6 ST SW",
        "site_id": "0020007253308",
        "facilityaddress": "#100 6704 6 ST SW",
        "energy_description": "Electricity",
        "year": "2017",
        "month": "Jul",
        "total_consumption": "120",
        "unit": "kWh"
    }
]
Request method:	GET
Request URI:	https://data.calgary.ca/resource/crbp-innf.json?site_id=0020007253308&month=Aug&year=2017&total_consumption=122
Proxy:			<none>
Request params:	<none>
Query params:	<none>
Form params:	<none>
Path params:	<none>
Headers:		Accept=*/*
				Content-Type=application/json
Cookies:		<none>
Multiparts:		<none>
Body:			<none>
[
    {
        "business_unit_desc": "Calgary Housing",
        "facilityname": "#100 6704 6 ST SW",
        "site_id": "0020007253308",
        "facilityaddress": "#100 6704 6 ST SW",
        "energy_description": "Electricity",
        "year": "2017",
        "month": "Aug",
        "total_consumption": "122",
        "unit": "kWh"
    }
]
Request method:	GET
Request URI:	https://data.calgary.ca/resource/crbp-innf.json?site_id=0020007253308&month=Sep&year=2017&total_consumption=158
Proxy:			<none>
Request params:	<none>
Query params:	<none>
Form params:	<none>
Path params:	<none>
Headers:		Accept=*/*
				Content-Type=application/json
Cookies:		<none>
Multiparts:		<none>
Body:			<none>
[
    {
        "business_unit_desc": "Calgary Housing",
        "facilityname": "#100 6704 6 ST SW",
        "site_id": "0020007253308",
        "facilityaddress": "#100 6704 6 ST SW",
        "energy_description": "Electricity",
        "year": "2017",
        "month": "Sep",
        "total_consumption": "158",
        "unit": "kWh"
    }
]
Request method:	GET
Request URI:	https://data.calgary.ca/resource/crbp-innf.json?site_id=0020007253308&month=Oct&year=2017&total_consumption=167
Proxy:			<none>
Request params:	<none>
Query params:	<none>
Form params:	<none>
Path params:	<none>
Headers:		Accept=*/*
				Content-Type=application/json
Cookies:		<none>
Multiparts:		<none>
Body:			<none>
[
    {
        "business_unit_desc": "Calgary Housing",
        "facilityname": "#100 6704 6 ST SW",
        "site_id": "0020007253308",
        "facilityaddress": "#100 6704 6 ST SW",
        "energy_description": "Electricity",
        "year": "2017",
        "month": "Oct",
        "total_consumption": "167",
        "unit": "kWh"
    }
]
Request method:	GET
Request URI:	https://data.calgary.ca/resource/crbp-innf.json?site_id=0020007253308&month=Nov&year=2017&total_consumption=153
Proxy:			<none>
Request params:	<none>
Query params:	<none>
Form params:	<none>
Path params:	<none>
Headers:		Accept=*/*
				Content-Type=application/json
Cookies:		<none>
Multiparts:		<none>
Body:			<none>
[
    {
        "business_unit_desc": "Calgary Housing",
        "facilityname": "#100 6704 6 ST SW",
        "site_id": "0020007253308",
        "facilityaddress": "#100 6704 6 ST SW",
        "energy_description": "Electricity",
        "year": "2017",
        "month": "Nov",
        "total_consumption": "153",
        "unit": "kWh"
    }
]
Request method:	GET
Request URI:	https://data.calgary.ca/resource/crbp-innf.json?site_id=0020007253308&month=Dec&year=2017&total_consumption=173
Proxy:			<none>
Request params:	<none>
Query params:	<none>
Form params:	<none>
Path params:	<none>
Headers:		Accept=*/*
				Content-Type=application/json
Cookies:		<none>
Multiparts:		<none>
Body:			<none>
[
    {
        "business_unit_desc": "Calgary Housing",
        "facilityname": "#100 6704 6 ST SW",
        "site_id": "0020007253308",
        "facilityaddress": "#100 6704 6 ST SW",
        "energy_description": "Electricity",
        "year": "2017",
        "month": "Dec",
        "total_consumption": "173",
        "unit": "kWh"
    }
]
Request method:	GET
Request URI:	https://data.calgary.ca/resource/crbp-innf.json?site_id=0020007253308&month=Jan&year=2018&total_consumption=156
Proxy:			<none>
Request params:	<none>
Query params:	<none>
Form params:	<none>
Path params:	<none>
Headers:		Accept=*/*
				Content-Type=application/json
Cookies:		<none>
Multiparts:		<none>
Body:			<none>
[
    {
        "business_unit_desc": "Calgary Housing",
        "facilityname": "#100 6704 6 ST SW",
        "site_id": "0020007253308",
        "facilityaddress": "#100 6704 6 ST SW",
        "energy_description": "Electricity",
        "year": "2018",
        "month": "Jan",
        "total_consumption": "156",
        "unit": "kWh"
    }
]
Request method:	GET
Request URI:	https://data.calgary.ca/resource/crbp-innf.json?site_id=0020007253308&month=Feb&year=2018&total_consumption=164
Proxy:			<none>
Request params:	<none>
Query params:	<none>
Form params:	<none>
Path params:	<none>
Headers:		Accept=*/*
				Content-Type=application/json
Cookies:		<none>
Multiparts:		<none>
Body:			<none>
[
    {
        "business_unit_desc": "Calgary Housing",
        "facilityname": "#100 6704 6 ST SW",
        "site_id": "0020007253308",
        "facilityaddress": "#100 6704 6 ST SW",
        "energy_description": "Electricity",
        "year": "2018",
        "month": "Feb",
        "total_consumption": "164",
        "unit": "kWh"
    }
]
Request method:	GET
Request URI:	https://data.calgary.ca/resource/crbp-innf.json?site_id=0020007253308&month=Mar&year=2018&total_consumption=150
Proxy:			<none>
Request params:	<none>
Query params:	<none>
Form params:	<none>
Path params:	<none>
Headers:		Accept=*/*
				Content-Type=application/json
Cookies:		<none>
Multiparts:		<none>
Body:			<none>
[
    {
        "business_unit_desc": "Calgary Housing",
        "facilityname": "#100 6704 6 ST SW",
        "site_id": "0020007253308",
        "facilityaddress": "#100 6704 6 ST SW",
        "energy_description": "Electricity",
        "year": "2018",
        "month": "Mar",
        "total_consumption": "150",
        "unit": "kWh"
    }
]
Request method:	GET
Request URI:	https://data.calgary.ca/resource/crbp-innf.json?site_id=0020007253312&month=Mar&year=2016&total_consumption=559
Proxy:			<none>
Request params:	<none>
Query params:	<none>
Form params:	<none>
Path params:	<none>
Headers:		Accept=*/*
				Content-Type=application/json
Cookies:		<none>
Multiparts:		<none>
Body:			<none>
[
    {
        "business_unit_desc": "Calgary Housing",
        "facilityname": "#100 6704 6 ST SW",
        "site_id": "0020007253312",
        "facilityaddress": "#100 6704 6 ST SW",
        "energy_description": "Electricity",
        "year": "2016",
        "month": "Mar",
        "total_consumption": "559",
        "unit": "kWh"
    }
]
Request method:	GET
Request URI:	https://data.calgary.ca/resource/crbp-innf.json?site_id=0020007253312&month=Apr&year=2016&total_consumption=267
Proxy:			<none>
Request params:	<none>
Query params:	<none>
Form params:	<none>
Path params:	<none>
Headers:		Accept=*/*
				Content-Type=application/json
Cookies:		<none>
Multiparts:		<none>
Body:			<none>
[
    {
        "business_unit_desc": "Calgary Housing",
        "facilityname": "#100 6704 6 ST SW",
        "site_id": "0020007253312",
        "facilityaddress": "#100 6704 6 ST SW",
        "energy_description": "Electricity",
        "year": "2016",
        "month": "Apr",
        "total_consumption": "267",
        "unit": "kWh"
    }
]
Request method:	GET
Request URI:	https://data.calgary.ca/resource/crbp-innf.json?site_id=0020007253312&month=May&year=2016&total_consumption=43
Proxy:			<none>
Request params:	<none>
Query params:	<none>
Form params:	<none>
Path params:	<none>
Headers:		Accept=*/*
				Content-Type=application/json
Cookies:		<none>
Multiparts:		<none>
Body:			<none>
[
    {
        "business_unit_desc": "Calgary Housing",
        "facilityname": "#100 6704 6 ST SW",
        "site_id": "0020007253312",
        "facilityaddress": "#100 6704 6 ST SW",
        "energy_description": "Electricity",
        "year": "2016",
        "month": "May",
        "total_consumption": "43",
        "unit": "kWh"
    }
]
Request method:	GET
Request URI:	https://data.calgary.ca/resource/crbp-innf.json?site_id=0020007253312&month=Jun&year=2016&total_consumption=43
Proxy:			<none>
Request params:	<none>
Query params:	<none>
Form params:	<none>
Path params:	<none>
Headers:		Accept=*/*
				Content-Type=application/json
Cookies:		<none>
Multiparts:		<none>
Body:			<none>
[
    {
        "business_unit_desc": "Calgary Housing",
        "facilityname": "#100 6704 6 ST SW",
        "site_id": "0020007253312",
        "facilityaddress": "#100 6704 6 ST SW",
        "energy_description": "Electricity",
        "year": "2016",
        "month": "Jun",
        "total_consumption": "43",
        "unit": "kWh"
    }
]
Request method:	GET
Request URI:	https://data.calgary.ca/resource/crbp-innf.json?site_id=0020007253312&month=Jul&year=2016&total_consumption=79
Proxy:			<none>
Request params:	<none>
Query params:	<none>
Form params:	<none>
Path params:	<none>
Headers:		Accept=*/*
				Content-Type=application/json
Cookies:		<none>
Multiparts:		<none>
Body:			<none>
[
    {
        "business_unit_desc": "Calgary Housing",
        "facilityname": "#100 6704 6 ST SW",
        "site_id": "0020007253312",
        "facilityaddress": "#100 6704 6 ST SW",
        "energy_description": "Electricity",
        "year": "2016",
        "month": "Jul",
        "total_consumption": "79",
        "unit": "kWh"
    }
]
Request method:	GET
Request URI:	https://data.calgary.ca/resource/crbp-innf.json?site_id=0020007253312&month=Aug&year=2016&total_consumption=115
Proxy:			<none>
Request params:	<none>
Query params:	<none>
Form params:	<none>
Path params:	<none>
Headers:		Accept=*/*
				Content-Type=application/json
Cookies:		<none>
Multiparts:		<none>
Body:			<none>
[
    {
        "business_unit_desc": "Calgary Housing",
        "facilityname": "#100 6704 6 ST SW",
        "site_id": "0020007253312",
        "facilityaddress": "#100 6704 6 ST SW",
        "energy_description": "Electricity",
        "year": "2016",
        "month": "Aug",
        "total_consumption": "115",
        "unit": "kWh"
    }
]
Request method:	GET
Request URI:	https://data.calgary.ca/resource/crbp-innf.json?site_id=0020007253312&month=Sep&year=2016&total_consumption=152
Proxy:			<none>
Request params:	<none>
Query params:	<none>
Form params:	<none>
Path params:	<none>
Headers:		Accept=*/*
				Content-Type=application/json
Cookies:		<none>
Multiparts:		<none>
Body:			<none>
[
    {
        "business_unit_desc": "Calgary Housing",
        "facilityname": "#100 6704 6 ST SW",
        "site_id": "0020007253312",
        "facilityaddress": "#100 6704 6 ST SW",
        "energy_description": "Electricity",
        "year": "2016",
        "month": "Sep",
        "total_consumption": "152",
        "unit": "kWh"
    }
]
Request method:	GET
Request URI:	https://data.calgary.ca/resource/crbp-innf.json?site_id=0020007253312&month=Oct&year=2016&total_consumption=315
Proxy:			<none>
Request params:	<none>
Query params:	<none>
Form params:	<none>
Path params:	<none>
Headers:		Accept=*/*
				Content-Type=application/json
Cookies:		<none>
Multiparts:		<none>
Body:			<none>
[
    {
        "business_unit_desc": "Calgary Housing",
        "facilityname": "#100 6704 6 ST SW",
        "site_id": "0020007253312",
        "facilityaddress": "#100 6704 6 ST SW",
        "energy_description": "Electricity",
        "year": "2016",
        "month": "Oct",
        "total_consumption": "315",
        "unit": "kWh"
    }
]
Request method:	GET
Request URI:	https://data.calgary.ca/resource/crbp-innf.json?site_id=0020007253312&month=Nov&year=2016&total_consumption=497
Proxy:			<none>
Request params:	<none>
Query params:	<none>
Form params:	<none>
Path params:	<none>
Headers:		Accept=*/*
				Content-Type=application/json
Cookies:		<none>
Multiparts:		<none>
Body:			<none>
[
    {
        "business_unit_desc": "Calgary Housing",
        "facilityname": "#100 6704 6 ST SW",
        "site_id": "0020007253312",
        "facilityaddress": "#100 6704 6 ST SW",
        "energy_description": "Electricity",
        "year": "2016",
        "month": "Nov",
        "total_consumption": "497",
        "unit": "kWh"
    }
]
Request method:	GET
Request URI:	https://data.calgary.ca/resource/crbp-innf.json?site_id=0020007253312&month=Dec&year=2016&total_consumption=748
Proxy:			<none>
Request params:	<none>
Query params:	<none>
Form params:	<none>
Path params:	<none>
Headers:		Accept=*/*
				Content-Type=application/json
Cookies:		<none>
Multiparts:		<none>
Body:			<none>
[
    {
        "business_unit_desc": "Calgary Housing",
        "facilityname": "#100 6704 6 ST SW",
        "site_id": "0020007253312",
        "facilityaddress": "#100 6704 6 ST SW",
        "energy_description": "Electricity",
        "year": "2016",
        "month": "Dec",
        "total_consumption": "748",
        "unit": "kWh"
    }
]
Request method:	GET
Request URI:	https://data.calgary.ca/resource/crbp-innf.json?site_id=0020007253312&month=Jan&year=2017&total_consumption=791
Proxy:			<none>
Request params:	<none>
Query params:	<none>
Form params:	<none>
Path params:	<none>
Headers:		Accept=*/*
				Content-Type=application/json
Cookies:		<none>
Multiparts:		<none>
Body:			<none>
[
    {
        "business_unit_desc": "Calgary Housing",
        "facilityname": "#100 6704 6 ST SW",
        "site_id": "0020007253312",
        "facilityaddress": "#100 6704 6 ST SW",
        "energy_description": "Electricity",
        "year": "2017",
        "month": "Jan",
        "total_consumption": "791",
        "unit": "kWh"
    }
]
Request method:	GET
Request URI:	https://data.calgary.ca/resource/crbp-innf.json?site_id=0020007253312&month=Feb&year=2017&total_consumption=781
Proxy:			<none>
Request params:	<none>
Query params:	<none>
Form params:	<none>
Path params:	<none>
Headers:		Accept=*/*
				Content-Type=application/json
Cookies:		<none>
Multiparts:		<none>
Body:			<none>
[
    {
        "business_unit_desc": "Calgary Housing",
        "facilityname": "#100 6704 6 ST SW",
        "site_id": "0020007253312",
        "facilityaddress": "#100 6704 6 ST SW",
        "energy_description": "Electricity",
        "year": "2017",
        "month": "Feb",
        "total_consumption": "781",
        "unit": "kWh"
    }
]
Request method:	GET
Request URI:	https://data.calgary.ca/resource/crbp-innf.json?site_id=0020007253312&month=Mar&year=2017&total_consumption=752
Proxy:			<none>
Request params:	<none>
Query params:	<none>
Form params:	<none>
Path params:	<none>
Headers:		Accept=*/*
				Content-Type=application/json
Cookies:		<none>
Multiparts:		<none>
Body:			<none>
[
    {
        "business_unit_desc": "Calgary Housing",
        "facilityname": "#100 6704 6 ST SW",
        "site_id": "0020007253312",
        "facilityaddress": "#100 6704 6 ST SW",
        "energy_description": "Electricity",
        "year": "2017",
        "month": "Mar",
        "total_consumption": "752",
        "unit": "kWh"
    }
]
Request method:	GET
Request URI:	https://data.calgary.ca/resource/crbp-innf.json?site_id=0020007253312&month=Apr&year=2017&total_consumption=590
Proxy:			<none>
Request params:	<none>
Query params:	<none>
Form params:	<none>
Path params:	<none>
Headers:		Accept=*/*
				Content-Type=application/json
Cookies:		<none>
Multiparts:		<none>
Body:			<none>
[
    {
        "business_unit_desc": "Calgary Housing",
        "facilityname": "#100 6704 6 ST SW",
        "site_id": "0020007253312",
        "facilityaddress": "#100 6704 6 ST SW",
        "energy_description": "Electricity",
        "year": "2017",
        "month": "Apr",
        "total_consumption": "590",
        "unit": "kWh"
    }
]
Request method:	GET
Request URI:	https://data.calgary.ca/resource/crbp-innf.json?site_id=0020007253312&month=May&year=2017&total_consumption=487
Proxy:			<none>
Request params:	<none>
Query params:	<none>
Form params:	<none>
Path params:	<none>
Headers:		Accept=*/*
				Content-Type=application/json
Cookies:		<none>
Multiparts:		<none>
Body:			<none>
[
    {
        "business_unit_desc": "Calgary Housing",
        "facilityname": "#100 6704 6 ST SW",
        "site_id": "0020007253312",
        "facilityaddress": "#100 6704 6 ST SW",
        "energy_description": "Electricity",
        "year": "2017",
        "month": "May",
        "total_consumption": "487",
        "unit": "kWh"
    }
]
Request method:	GET
Request URI:	https://data.calgary.ca/resource/crbp-innf.json?site_id=0020007253312&month=Jun&year=2017&total_consumption=356
Proxy:			<none>
Request params:	<none>
Query params:	<none>
Form params:	<none>
Path params:	<none>
Headers:		Accept=*/*
				Content-Type=application/json
Cookies:		<none>
Multiparts:		<none>
Body:			<none>
[
    {
        "business_unit_desc": "Calgary Housing",
        "facilityname": "#100 6704 6 ST SW",
        "site_id": "0020007253312",
        "facilityaddress": "#100 6704 6 ST SW",
        "energy_description": "Electricity",
        "year": "2017",
        "month": "Jun",
        "total_consumption": "356",
        "unit": "kWh"
    }
]
Request method:	GET
Request URI:	https://data.calgary.ca/resource/crbp-innf.json?site_id=0020007253312&month=Jul&year=2017&total_consumption=214
Proxy:			<none>
Request params:	<none>
Query params:	<none>
Form params:	<none>
Path params:	<none>
Headers:		Accept=*/*
				Content-Type=application/json
Cookies:		<none>
Multiparts:		<none>
Body:			<none>
[
    {
        "business_unit_desc": "Calgary Housing",
        "facilityname": "#100 6704 6 ST SW",
        "site_id": "0020007253312",
        "facilityaddress": "#100 6704 6 ST SW",
        "energy_description": "Electricity",
        "year": "2017",
        "month": "Jul",
        "total_consumption": "214",
        "unit": "kWh"
    }
]
Request method:	GET
Request URI:	https://data.calgary.ca/resource/crbp-innf.json?site_id=0020007253312&month=Aug&year=2017&total_consumption=142
Proxy:			<none>
Request params:	<none>
Query params:	<none>
Form params:	<none>
Path params:	<none>
Headers:		Accept=*/*
				Content-Type=application/json
Cookies:		<none>
Multiparts:		<none>
Body:			<none>
[
    {
        "business_unit_desc": "Calgary Housing",
        "facilityname": "#100 6704 6 ST SW",
        "site_id": "0020007253312",
        "facilityaddress": "#100 6704 6 ST SW",
        "energy_description": "Electricity",
        "year": "2017",
        "month": "Aug",
        "total_consumption": "142",
        "unit": "kWh"
    }
]
Request method:	GET
Request URI:	https://data.calgary.ca/resource/crbp-innf.json?site_id=0020007253312&month=Sep&year=2017&total_consumption=229
Proxy:			<none>
Request params:	<none>
Query params:	<none>
Form params:	<none>
Path params:	<none>
Headers:		Accept=*/*
				Content-Type=application/json
Cookies:		<none>
Multiparts:		<none>
Body:			<none>
[
    {
        "business_unit_desc": "Calgary Housing",
        "facilityname": "#100 6704 6 ST SW",
        "site_id": "0020007253312",
        "facilityaddress": "#100 6704 6 ST SW",
        "energy_description": "Electricity",
        "year": "2017",
        "month": "Sep",
        "total_consumption": "229",
        "unit": "kWh"
    }
]
Request method:	GET
Request URI:	https://data.calgary.ca/resource/crbp-innf.json?site_id=0020007253312&month=Oct&year=2017&total_consumption=269
Proxy:			<none>
Request params:	<none>
Query params:	<none>
Form params:	<none>
Path params:	<none>
Headers:		Accept=*/*
				Content-Type=application/json
Cookies:		<none>
Multiparts:		<none>
Body:			<none>
[
    {
        "business_unit_desc": "Calgary Housing",
        "facilityname": "#100 6704 6 ST SW",
        "site_id": "0020007253312",
        "facilityaddress": "#100 6704 6 ST SW",
        "energy_description": "Electricity",
        "year": "2017",
        "month": "Oct",
        "total_consumption": "269",
        "unit": "kWh"
    }
]
Request method:	GET
Request URI:	https://data.calgary.ca/resource/crbp-innf.json?site_id=0020007253312&month=Nov&year=2017&total_consumption=221
Proxy:			<none>
Request params:	<none>
Query params:	<none>
Form params:	<none>
Path params:	<none>
Headers:		Accept=*/*
				Content-Type=application/json
Cookies:		<none>
Multiparts:		<none>
Body:			<none>
[
    {
        "business_unit_desc": "Calgary Housing",
        "facilityname": "#100 6704 6 ST SW",
        "site_id": "0020007253312",
        "facilityaddress": "#100 6704 6 ST SW",
        "energy_description": "Electricity",
        "year": "2017",
        "month": "Nov",
        "total_consumption": "221",
        "unit": "kWh"
    }
]
Request method:	GET
Request URI:	https://data.calgary.ca/resource/crbp-innf.json?site_id=0020007253312&month=Dec&year=2017&total_consumption=292
Proxy:			<none>
Request params:	<none>
Query params:	<none>
Form params:	<none>
Path params:	<none>
Headers:		Accept=*/*
				Content-Type=application/json
Cookies:		<none>
Multiparts:		<none>
Body:			<none>
[
    {
        "business_unit_desc": "Calgary Housing",
        "facilityname": "#100 6704 6 ST SW",
        "site_id": "0020007253312",
        "facilityaddress": "#100 6704 6 ST SW",
        "energy_description": "Electricity",
        "year": "2017",
        "month": "Dec",
        "total_consumption": "292",
        "unit": "kWh"
    }
]
Request method:	GET
Request URI:	https://data.calgary.ca/resource/crbp-innf.json?site_id=0020007253312&month=Jan&year=2018&total_consumption=322
Proxy:			<none>
Request params:	<none>
Query params:	<none>
Form params:	<none>
Path params:	<none>
Headers:		Accept=*/*
				Content-Type=application/json
Cookies:		<none>
Multiparts:		<none>
Body:			<none>
[
    {
        "business_unit_desc": "Calgary Housing",
        "facilityname": "#100 6704 6 ST SW",
        "site_id": "0020007253312",
        "facilityaddress": "#100 6704 6 ST SW",
        "energy_description": "Electricity",
        "year": "2018",
        "month": "Jan",
        "total_consumption": "322",
        "unit": "kWh"
    }
]
Request method:	GET
Request URI:	https://data.calgary.ca/resource/crbp-innf.json?site_id=0020007253312&month=Feb&year=2018&total_consumption=297
Proxy:			<none>
Request params:	<none>
Query params:	<none>
Form params:	<none>
Path params:	<none>
Headers:		Accept=*/*
				Content-Type=application/json
Cookies:		<none>
Multiparts:		<none>
Body:			<none>
[
    {
        "business_unit_desc": "Calgary Housing",
        "facilityname": "#100 6704 6 ST SW",
        "site_id": "0020007253312",
        "facilityaddress": "#100 6704 6 ST SW",
        "energy_description": "Electricity",
        "year": "2018",
        "month": "Feb",
        "total_consumption": "297",
        "unit": "kWh"
    }
]
Request method:	GET
Request URI:	https://data.calgary.ca/resource/crbp-innf.json?site_id=0020007253312&month=Mar&year=2018&total_consumption=222
Proxy:			<none>
Request params:	<none>
Query params:	<none>
Form params:	<none>
Path params:	<none>
Headers:		Accept=*/*
				Content-Type=application/json
Cookies:		<none>
Multiparts:		<none>
Body:			<none>
[
    {
        "business_unit_desc": "Calgary Housing",
        "facilityname": "#100 6704 6 ST SW",
        "site_id": "0020007253312",
        "facilityaddress": "#100 6704 6 ST SW",
        "energy_description": "Electricity",
        "year": "2018",
        "month": "Mar",
        "total_consumption": "222",
        "unit": "kWh"
    }
]
Request method:	GET
Request URI:	https://data.calgary.ca/resource/crbp-innf.json?site_id=0020007253355&month=Mar&year=2016&total_consumption=6
Proxy:			<none>
Request params:	<none>
Query params:	<none>
Form params:	<none>
Path params:	<none>
Headers:		Accept=*/*
				Content-Type=application/json
Cookies:		<none>
Multiparts:		<none>
Body:			<none>
[
    {
        "business_unit_desc": "Calgary Housing",
        "facilityname": "#100 6704 6 ST SW",
        "site_id": "0020007253355",
        "facilityaddress": "#100 6704 6 ST SW",
        "energy_description": "Electricity",
        "year": "2016",
        "month": "Mar",
        "total_consumption": "6",
        "unit": "kWh"
    }
]
Request method:	GET
Request URI:	https://data.calgary.ca/resource/crbp-innf.json?site_id=0020007253355&month=Apr&year=2016&total_consumption=160
Proxy:			<none>
Request params:	<none>
Query params:	<none>
Form params:	<none>
Path params:	<none>
Headers:		Accept=*/*
				Content-Type=application/json
Cookies:		<none>
Multiparts:		<none>
Body:			<none>
[
    {
        "business_unit_desc": "Calgary Housing",
        "facilityname": "#100 6704 6 ST SW",
        "site_id": "0020007253355",
        "facilityaddress": "#100 6704 6 ST SW",
        "energy_description": "Electricity",
        "year": "2016",
        "month": "Apr",
        "total_consumption": "160",
        "unit": "kWh"
    }
]
Request method:	GET
Request URI:	https://data.calgary.ca/resource/crbp-innf.json?site_id=0020007253355&month=May&year=2016&total_consumption=272
Proxy:			<none>
Request params:	<none>
Query params:	<none>
Form params:	<none>
Path params:	<none>
Headers:		Accept=*/*
				Content-Type=application/json
Cookies:		<none>
Multiparts:		<none>
Body:			<none>
[
    {
        "business_unit_desc": "Calgary Housing",
        "facilityname": "#100 6704 6 ST SW",
        "site_id": "0020007253355",
        "facilityaddress": "#100 6704 6 ST SW",
        "energy_description": "Electricity",
        "year": "2016",
        "month": "May",
        "total_consumption": "272",
        "unit": "kWh"
    }
]
Request method:	GET
Request URI:	https://data.calgary.ca/resource/crbp-innf.json?site_id=0020007253355&month=Jun&year=2016&total_consumption=154
Proxy:			<none>
Request params:	<none>
Query params:	<none>
Form params:	<none>
Path params:	<none>
Headers:		Accept=*/*
				Content-Type=application/json
Cookies:		<none>
Multiparts:		<none>
Body:			<none>
[
    {
        "business_unit_desc": "Calgary Housing",
        "facilityname": "#100 6704 6 ST SW",
        "site_id": "0020007253355",
        "facilityaddress": "#100 6704 6 ST SW",
        "energy_description": "Electricity",
        "year": "2016",
        "month": "Jun",
        "total_consumption": "154",
        "unit": "kWh"
    }
]
Request method:	GET
Request URI:	https://data.calgary.ca/resource/crbp-innf.json?site_id=0020007253355&month=Jul&year=2016&total_consumption=88
Proxy:			<none>
Request params:	<none>
Query params:	<none>
Form params:	<none>
Path params:	<none>
Headers:		Accept=*/*
				Content-Type=application/json
Cookies:		<none>
Multiparts:		<none>
Body:			<none>
[
    {
        "business_unit_desc": "Calgary Housing",
        "facilityname": "#100 6704 6 ST SW",
        "site_id": "0020007253355",
        "facilityaddress": "#100 6704 6 ST SW",
        "energy_description": "Electricity",
        "year": "2016",
        "month": "Jul",
        "total_consumption": "88",
        "unit": "kWh"
    }
]
Request method:	GET
Request URI:	https://data.calgary.ca/resource/crbp-innf.json?site_id=0020007253355&month=Aug&year=2016&total_consumption=132
Proxy:			<none>
Request params:	<none>
Query params:	<none>
Form params:	<none>
Path params:	<none>
Headers:		Accept=*/*
				Content-Type=application/json
Cookies:		<none>
Multiparts:		<none>
Body:			<none>
[
    {
        "business_unit_desc": "Calgary Housing",
        "facilityname": "#100 6704 6 ST SW",
        "site_id": "0020007253355",
        "facilityaddress": "#100 6704 6 ST SW",
        "energy_description": "Electricity",
        "year": "2016",
        "month": "Aug",
        "total_consumption": "132",
        "unit": "kWh"
    }
]
Request method:	GET
Request URI:	https://data.calgary.ca/resource/crbp-innf.json?site_id=0020007253355&month=Sep&year=2016&total_consumption=111
Proxy:			<none>
Request params:	<none>
Query params:	<none>
Form params:	<none>
Path params:	<none>
Headers:		Accept=*/*
				Content-Type=application/json
Cookies:		<none>
Multiparts:		<none>
Body:			<none>
[
    {
        "business_unit_desc": "Calgary Housing",
        "facilityname": "#100 6704 6 ST SW",
        "site_id": "0020007253355",
        "facilityaddress": "#100 6704 6 ST SW",
        "energy_description": "Electricity",
        "year": "2016",
        "month": "Sep",
        "total_consumption": "111",
        "unit": "kWh"
    }
]
Request method:	GET
Request URI:	https://data.calgary.ca/resource/crbp-innf.json?site_id=0020007253355&month=Oct&year=2016&total_consumption=107
Proxy:			<none>
Request params:	<none>
Query params:	<none>
Form params:	<none>
Path params:	<none>
Headers:		Accept=*/*
				Content-Type=application/json
Cookies:		<none>
Multiparts:		<none>
Body:			<none>
[
    {
        "business_unit_desc": "Calgary Housing",
        "facilityname": "#100 6704 6 ST SW",
        "site_id": "0020007253355",
        "facilityaddress": "#100 6704 6 ST SW",
        "energy_description": "Electricity",
        "year": "2016",
        "month": "Oct",
        "total_consumption": "107",
        "unit": "kWh"
    }
]
Request method:	GET
Request URI:	https://data.calgary.ca/resource/crbp-innf.json?site_id=0020007253355&month=Nov&year=2016&total_consumption=110
Proxy:			<none>
Request params:	<none>
Query params:	<none>
Form params:	<none>
Path params:	<none>
Headers:		Accept=*/*
				Content-Type=application/json
Cookies:		<none>
Multiparts:		<none>
Body:			<none>
[
    {
        "business_unit_desc": "Calgary Housing",
        "facilityname": "#100 6704 6 ST SW",
        "site_id": "0020007253355",
        "facilityaddress": "#100 6704 6 ST SW",
        "energy_description": "Electricity",
        "year": "2016",
        "month": "Nov",
        "total_consumption": "110",
        "unit": "kWh"
    }
]
Request method:	GET
Request URI:	https://data.calgary.ca/resource/crbp-innf.json?site_id=0020007253355&month=Dec&year=2016&total_consumption=340
Proxy:			<none>
Request params:	<none>
Query params:	<none>
Form params:	<none>
Path params:	<none>
Headers:		Accept=*/*
				Content-Type=application/json
Cookies:		<none>
Multiparts:		<none>
Body:			<none>
[
    {
        "business_unit_desc": "Calgary Housing",
        "facilityname": "#100 6704 6 ST SW",
        "site_id": "0020007253355",
        "facilityaddress": "#100 6704 6 ST SW",
        "energy_description": "Electricity",
        "year": "2016",
        "month": "Dec",
        "total_consumption": "340",
        "unit": "kWh"
    }
]
Request method:	GET
Request URI:	https://data.calgary.ca/resource/crbp-innf.json?site_id=0020007253355&month=Jan&year=2017&total_consumption=375
Proxy:			<none>
Request params:	<none>
Query params:	<none>
Form params:	<none>
Path params:	<none>
Headers:		Accept=*/*
				Content-Type=application/json
Cookies:		<none>
Multiparts:		<none>
Body:			<none>
[
    {
        "business_unit_desc": "Calgary Housing",
        "facilityname": "#100 6704 6 ST SW",
        "site_id": "0020007253355",
        "facilityaddress": "#100 6704 6 ST SW",
        "energy_description": "Electricity",
        "year": "2017",
        "month": "Jan",
        "total_consumption": "375",
        "unit": "kWh"
    }
]
Request method:	GET
Request URI:	https://data.calgary.ca/resource/crbp-innf.json?site_id=0020007253355&month=Feb&year=2017&total_consumption=424
Proxy:			<none>
Request params:	<none>
Query params:	<none>
Form params:	<none>
Path params:	<none>
Headers:		Accept=*/*
				Content-Type=application/json
Cookies:		<none>
Multiparts:		<none>
Body:			<none>
[
    {
        "business_unit_desc": "Calgary Housing",
        "facilityname": "#100 6704 6 ST SW",
        "site_id": "0020007253355",
        "facilityaddress": "#100 6704 6 ST SW",
        "energy_description": "Electricity",
        "year": "2017",
        "month": "Feb",
        "total_consumption": "424",
        "unit": "kWh"
    }
]
Request method:	GET
Request URI:	https://data.calgary.ca/resource/crbp-innf.json?site_id=0020007253355&month=Mar&year=2017&total_consumption=607
Proxy:			<none>
Request params:	<none>
Query params:	<none>
Form params:	<none>
Path params:	<none>
Headers:		Accept=*/*
				Content-Type=application/json
Cookies:		<none>
Multiparts:		<none>
Body:			<none>
[
    {
        "business_unit_desc": "Calgary Housing",
        "facilityname": "#100 6704 6 ST SW",
        "site_id": "0020007253355",
        "facilityaddress": "#100 6704 6 ST SW",
        "energy_description": "Electricity",
        "year": "2017",
        "month": "Mar",
        "total_consumption": "607",
        "unit": "kWh"
    }
]
Request method:	GET
Request URI:	https://data.calgary.ca/resource/crbp-innf.json?site_id=0020007253355&month=Apr&year=2017&total_consumption=308
Proxy:			<none>
Request params:	<none>
Query params:	<none>
Form params:	<none>
Path params:	<none>
Headers:		Accept=*/*
				Content-Type=application/json
Cookies:		<none>
Multiparts:		<none>
Body:			<none>
[
    {
        "business_unit_desc": "Calgary Housing",
        "facilityname": "#100 6704 6 ST SW",
        "site_id": "0020007253355",
        "facilityaddress": "#100 6704 6 ST SW",
        "energy_description": "Electricity",
        "year": "2017",
        "month": "Apr",
        "total_consumption": "308",
        "unit": "kWh"
    }
]
Request method:	GET
Request URI:	https://data.calgary.ca/resource/crbp-innf.json?site_id=0020007253355&month=May&year=2017&total_consumption=154
Proxy:			<none>
Request params:	<none>
Query params:	<none>
Form params:	<none>
Path params:	<none>
Headers:		Accept=*/*
				Content-Type=application/json
Cookies:		<none>
Multiparts:		<none>
Body:			<none>
[
    {
        "business_unit_desc": "Calgary Housing",
        "facilityname": "#100 6704 6 ST SW",
        "site_id": "0020007253355",
        "facilityaddress": "#100 6704 6 ST SW",
        "energy_description": "Electricity",
        "year": "2017",
        "month": "May",
        "total_consumption": "154",
        "unit": "kWh"
    }
]
Request method:	GET
Request URI:	https://data.calgary.ca/resource/crbp-innf.json?site_id=0020007253355&month=Jun&year=2017&total_consumption=140
Proxy:			<none>
Request params:	<none>
Query params:	<none>
Form params:	<none>
Path params:	<none>
Headers:		Accept=*/*
				Content-Type=application/json
Cookies:		<none>
Multiparts:		<none>
Body:			<none>
[
    {
        "business_unit_desc": "Calgary Housing",
        "facilityname": "#100 6704 6 ST SW",
        "site_id": "0020007253355",
        "facilityaddress": "#100 6704 6 ST SW",
        "energy_description": "Electricity",
        "year": "2017",
        "month": "Jun",
        "total_consumption": "140",
        "unit": "kWh"
    }
]
Request method:	GET
Request URI:	https://data.calgary.ca/resource/crbp-innf.json?site_id=0020007253355&month=Jul&year=2017&total_consumption=141
Proxy:			<none>
Request params:	<none>
Query params:	<none>
Form params:	<none>
Path params:	<none>
Headers:		Accept=*/*
				Content-Type=application/json
Cookies:		<none>
Multiparts:		<none>
Body:			<none>
[
    {
        "business_unit_desc": "Calgary Housing",
        "facilityname": "#100 6704 6 ST SW",
        "site_id": "0020007253355",
        "facilityaddress": "#100 6704 6 ST SW",
        "energy_description": "Electricity",
        "year": "2017",
        "month": "Jul",
        "total_consumption": "141",
        "unit": "kWh"
    }
]
Request method:	GET
Request URI:	https://data.calgary.ca/resource/crbp-innf.json?site_id=0020007253355&month=Aug&year=2017&total_consumption=126
Proxy:			<none>
Request params:	<none>
Query params:	<none>
Form params:	<none>
Path params:	<none>
Headers:		Accept=*/*
				Content-Type=application/json
Cookies:		<none>
Multiparts:		<none>
Body:			<none>
[
    {
        "business_unit_desc": "Calgary Housing",
        "facilityname": "#100 6704 6 ST SW",
        "site_id": "0020007253355",
        "facilityaddress": "#100 6704 6 ST SW",
        "energy_description": "Electricity",
        "year": "2017",
        "month": "Aug",
        "total_consumption": "126",
        "unit": "kWh"
    }
]
Request method:	GET
Request URI:	https://data.calgary.ca/resource/crbp-innf.json?site_id=0020007253355&month=Sep&year=2017&total_consumption=127
Proxy:			<none>
Request params:	<none>
Query params:	<none>
Form params:	<none>
Path params:	<none>
Headers:		Accept=*/*
				Content-Type=application/json
Cookies:		<none>
Multiparts:		<none>
Body:			<none>
[
    {
        "business_unit_desc": "Calgary Housing",
        "facilityname": "#100 6704 6 ST SW",
        "site_id": "0020007253355",
        "facilityaddress": "#100 6704 6 ST SW",
        "energy_description": "Electricity",
        "year": "2017",
        "month": "Sep",
        "total_consumption": "127",
        "unit": "kWh"
    }
]
Request method:	GET
Request URI:	https://data.calgary.ca/resource/crbp-innf.json?site_id=0020007253355&month=Oct&year=2017&total_consumption=120
Proxy:			<none>
Request params:	<none>
Query params:	<none>
Form params:	<none>
Path params:	<none>
Headers:		Accept=*/*
				Content-Type=application/json
Cookies:		<none>
Multiparts:		<none>
Body:			<none>
[
    {
        "business_unit_desc": "Calgary Housing",
        "facilityname": "#100 6704 6 ST SW",
        "site_id": "0020007253355",
        "facilityaddress": "#100 6704 6 ST SW",
        "energy_description": "Electricity",
        "year": "2017",
        "month": "Oct",
        "total_consumption": "120",
        "unit": "kWh"
    }
]
Request method:	GET
Request URI:	https://data.calgary.ca/resource/crbp-innf.json?site_id=0020007253355&month=Nov&year=2017&total_consumption=129
Proxy:			<none>
Request params:	<none>
Query params:	<none>
Form params:	<none>
Path params:	<none>
Headers:		Accept=*/*
				Content-Type=application/json
Cookies:		<none>
Multiparts:		<none>
Body:			<none>
[
    {
        "business_unit_desc": "Calgary Housing",
        "facilityname": "#100 6704 6 ST SW",
        "site_id": "0020007253355",
        "facilityaddress": "#100 6704 6 ST SW",
        "energy_description": "Electricity",
        "year": "2017",
        "month": "Nov",
        "total_consumption": "129",
        "unit": "kWh"
    }
]
Request method:	GET
Request URI:	https://data.calgary.ca/resource/crbp-innf.json?site_id=0020007253355&month=Dec&year=2017&total_consumption=498
Proxy:			<none>
Request params:	<none>
Query params:	<none>
Form params:	<none>
Path params:	<none>
Headers:		Accept=*/*
				Content-Type=application/json
Cookies:		<none>
Multiparts:		<none>
Body:			<none>
[
    {
        "business_unit_desc": "Calgary Housing",
        "facilityname": "#100 6704 6 ST SW",
        "site_id": "0020007253355",
        "facilityaddress": "#100 6704 6 ST SW",
        "energy_description": "Electricity",
        "year": "2017",
        "month": "Dec",
        "total_consumption": "498",
        "unit": "kWh"
    }
]
Request method:	GET
Request URI:	https://data.calgary.ca/resource/crbp-innf.json?site_id=0020007253355&month=Jan&year=2018&total_consumption=871
Proxy:			<none>
Request params:	<none>
Query params:	<none>
Form params:	<none>
Path params:	<none>
Headers:		Accept=*/*
				Content-Type=application/json
Cookies:		<none>
Multiparts:		<none>
Body:			<none>
[
    {
        "business_unit_desc": "Calgary Housing",
        "facilityname": "#100 6704 6 ST SW",
        "site_id": "0020007253355",
        "facilityaddress": "#100 6704 6 ST SW",
        "energy_description": "Electricity",
        "year": "2018",
        "month": "Jan",
        "total_consumption": "871",
        "unit": "kWh"
    }
]
Request method:	GET
Request URI:	https://data.calgary.ca/resource/crbp-innf.json?site_id=0020007253355&month=Feb&year=2018&total_consumption=845
Proxy:			<none>
Request params:	<none>
Query params:	<none>
Form params:	<none>
Path params:	<none>
Headers:		Accept=*/*
				Content-Type=application/json
Cookies:		<none>
Multiparts:		<none>
Body:			<none>
[
    {
        "business_unit_desc": "Calgary Housing",
        "facilityname": "#100 6704 6 ST SW",
        "site_id": "0020007253355",
        "facilityaddress": "#100 6704 6 ST SW",
        "energy_description": "Electricity",
        "year": "2018",
        "month": "Feb",
        "total_consumption": "845",
        "unit": "kWh"
    }
]
Request method:	GET
Request URI:	https://data.calgary.ca/resource/crbp-innf.json?site_id=0020007253355&month=Mar&year=2018&total_consumption=374
Proxy:			<none>
Request params:	<none>
Query params:	<none>
Form params:	<none>
Path params:	<none>
Headers:		Accept=*/*
				Content-Type=application/json
Cookies:		<none>
Multiparts:		<none>
Body:			<none>
[
    {
        "business_unit_desc": "Calgary Housing",
        "facilityname": "#100 6704 6 ST SW",
        "site_id": "0020007253355",
        "facilityaddress": "#100 6704 6 ST SW",
        "energy_description": "Electricity",
        "year": "2018",
        "month": "Mar",
        "total_consumption": "374",
        "unit": "kWh"
    }
]
Request method:	GET
Request URI:	https://data.calgary.ca/resource/crbp-innf.json?site_id=0020007253368&month=Mar&year=2016&total_consumption=2
Proxy:			<none>
Request params:	<none>
Query params:	<none>
Form params:	<none>
Path params:	<none>
Headers:		Accept=*/*
				Content-Type=application/json
Cookies:		<none>
Multiparts:		<none>
Body:			<none>
[
    {
        "business_unit_desc": "Calgary Housing",
        "facilityname": "#100 6704 6 ST SW",
        "site_id": "0020007253368",
        "facilityaddress": "#100 6704 6 ST SW",
        "energy_description": "Electricity",
        "year": "2016",
        "month": "Mar",
        "total_consumption": "2",
        "unit": "kWh"
    }
]
Request method:	GET
Request URI:	https://data.calgary.ca/resource/crbp-innf.json?site_id=0020007253368&month=Apr&year=2016&total_consumption=183
Proxy:			<none>
Request params:	<none>
Query params:	<none>
Form params:	<none>
Path params:	<none>
Headers:		Accept=*/*
				Content-Type=application/json
Cookies:		<none>
Multiparts:		<none>
Body:			<none>
[
    {
        "business_unit_desc": "Calgary Housing",
        "facilityname": "#100 6704 6 ST SW",
        "site_id": "0020007253368",
        "facilityaddress": "#100 6704 6 ST SW",
        "energy_description": "Electricity",
        "year": "2016",
        "month": "Apr",
        "total_consumption": "183",
        "unit": "kWh"
    }
]
Request method:	GET
Request URI:	https://data.calgary.ca/resource/crbp-innf.json?site_id=0020007253368&month=May&year=2016&total_consumption=222
Proxy:			<none>
Request params:	<none>
Query params:	<none>
Form params:	<none>
Path params:	<none>
Headers:		Accept=*/*
				Content-Type=application/json
Cookies:		<none>
Multiparts:		<none>
Body:			<none>
[
    {
        "business_unit_desc": "Calgary Housing",
        "facilityname": "#100 6704 6 ST SW",
        "site_id": "0020007253368",
        "facilityaddress": "#100 6704 6 ST SW",
        "energy_description": "Electricity",
        "year": "2016",
        "month": "May",
        "total_consumption": "222",
        "unit": "kWh"
    }
]
Request method:	GET
Request URI:	https://data.calgary.ca/resource/crbp-innf.json?site_id=0020007253368&month=Jun&year=2016&total_consumption=118
Proxy:			<none>
Request params:	<none>
Query params:	<none>
Form params:	<none>
Path params:	<none>
Headers:		Accept=*/*
				Content-Type=application/json
Cookies:		<none>
Multiparts:		<none>
Body:			<none>
[
    {
        "business_unit_desc": "Calgary Housing",
        "facilityname": "#100 6704 6 ST SW",
        "site_id": "0020007253368",
        "facilityaddress": "#100 6704 6 ST SW",
        "energy_description": "Electricity",
        "year": "2016",
        "month": "Jun",
        "total_consumption": "118",
        "unit": "kWh"
    }
]
Request method:	GET
Request URI:	https://data.calgary.ca/resource/crbp-innf.json?site_id=0020007253368&month=Jul&year=2016&total_consumption=101
Proxy:			<none>
Request params:	<none>
Query params:	<none>
Form params:	<none>
Path params:	<none>
Headers:		Accept=*/*
				Content-Type=application/json
Cookies:		<none>
Multiparts:		<none>
Body:			<none>
[
    {
        "business_unit_desc": "Calgary Housing",
        "facilityname": "#100 6704 6 ST SW",
        "site_id": "0020007253368",
        "facilityaddress": "#100 6704 6 ST SW",
        "energy_description": "Electricity",
        "year": "2016",
        "month": "Jul",
        "total_consumption": "101",
        "unit": "kWh"
    }
]
Request method:	GET
Request URI:	https://data.calgary.ca/resource/crbp-innf.json?site_id=0020007253368&month=Aug&year=2016&total_consumption=96
Proxy:			<none>
Request params:	<none>
Query params:	<none>
Form params:	<none>
Path params:	<none>
Headers:		Accept=*/*
				Content-Type=application/json
Cookies:		<none>
Multiparts:		<none>
Body:			<none>
[
    {
        "business_unit_desc": "Calgary Housing",
        "facilityname": "#100 6704 6 ST SW",
        "site_id": "0020007253368",
        "facilityaddress": "#100 6704 6 ST SW",
        "energy_description": "Electricity",
        "year": "2016",
        "month": "Aug",
        "total_consumption": "96",
        "unit": "kWh"
    }
]
Request method:	GET
Request URI:	https://data.calgary.ca/resource/crbp-innf.json?site_id=0020007253368&month=Sep&year=2016&total_consumption=90
Proxy:			<none>
Request params:	<none>
Query params:	<none>
Form params:	<none>
Path params:	<none>
Headers:		Accept=*/*
				Content-Type=application/json
Cookies:		<none>
Multiparts:		<none>
Body:			<none>
[
    {
        "business_unit_desc": "Calgary Housing",
        "facilityname": "#100 6704 6 ST SW",
        "site_id": "0020007253368",
        "facilityaddress": "#100 6704 6 ST SW",
        "energy_description": "Electricity",
        "year": "2016",
        "month": "Sep",
        "total_consumption": "90",
        "unit": "kWh"
    }
]
Request method:	GET
Request URI:	https://data.calgary.ca/resource/crbp-innf.json?site_id=0020007253368&month=Oct&year=2016&total_consumption=109
Proxy:			<none>
Request params:	<none>
Query params:	<none>
Form params:	<none>
Path params:	<none>
Headers:		Accept=*/*
				Content-Type=application/json
Cookies:		<none>
Multiparts:		<none>
Body:			<none>
[
    {
        "business_unit_desc": "Calgary Housing",
        "facilityname": "#100 6704 6 ST SW",
        "site_id": "0020007253368",
        "facilityaddress": "#100 6704 6 ST SW",
        "energy_description": "Electricity",
        "year": "2016",
        "month": "Oct",
        "total_consumption": "109",
        "unit": "kWh"
    }
]
Request method:	GET
Request URI:	https://data.calgary.ca/resource/crbp-innf.json?site_id=0020007253368&month=Nov&year=2016&total_consumption=97
Proxy:			<none>
Request params:	<none>
Query params:	<none>
Form params:	<none>
Path params:	<none>
Headers:		Accept=*/*
				Content-Type=application/json
Cookies:		<none>
Multiparts:		<none>
Body:			<none>
[
    {
        "business_unit_desc": "Calgary Housing",
        "facilityname": "#100 6704 6 ST SW",
        "site_id": "0020007253368",
        "facilityaddress": "#100 6704 6 ST SW",
        "energy_description": "Electricity",
        "year": "2016",
        "month": "Nov",
        "total_consumption": "97",
        "unit": "kWh"
    }
]
Request method:	GET
Request URI:	https://data.calgary.ca/resource/crbp-innf.json?site_id=0020007253368&month=Dec&year=2016&total_consumption=272
Proxy:			<none>
Request params:	<none>
Query params:	<none>
Form params:	<none>
Path params:	<none>
Headers:		Accept=*/*
				Content-Type=application/json
Cookies:		<none>
Multiparts:		<none>
Body:			<none>
[
    {
        "business_unit_desc": "Calgary Housing",
        "facilityname": "#100 6704 6 ST SW",
        "site_id": "0020007253368",
        "facilityaddress": "#100 6704 6 ST SW",
        "energy_description": "Electricity",
        "year": "2016",
        "month": "Dec",
        "total_consumption": "272",
        "unit": "kWh"
    }
]
Request method:	GET
Request URI:	https://data.calgary.ca/resource/crbp-innf.json?site_id=0020007253368&month=Jan&year=2017&total_consumption=344
Proxy:			<none>
Request params:	<none>
Query params:	<none>
Form params:	<none>
Path params:	<none>
Headers:		Accept=*/*
				Content-Type=application/json
Cookies:		<none>
Multiparts:		<none>
Body:			<none>
[
    {
        "business_unit_desc": "Calgary Housing",
        "facilityname": "#100 6704 6 ST SW",
        "site_id": "0020007253368",
        "facilityaddress": "#100 6704 6 ST SW",
        "energy_description": "Electricity",
        "year": "2017",
        "month": "Jan",
        "total_consumption": "344",
        "unit": "kWh"
    }
]
Request method:	GET
Request URI:	https://data.calgary.ca/resource/crbp-innf.json?site_id=0020007253368&month=Feb&year=2017&total_consumption=209
Proxy:			<none>
Request params:	<none>
Query params:	<none>
Form params:	<none>
Path params:	<none>
Headers:		Accept=*/*
				Content-Type=application/json
Cookies:		<none>
Multiparts:		<none>
Body:			<none>
[
    {
        "business_unit_desc": "Calgary Housing",
        "facilityname": "#100 6704 6 ST SW",
        "site_id": "0020007253368",
        "facilityaddress": "#100 6704 6 ST SW",
        "energy_description": "Electricity",
        "year": "2017",
        "month": "Feb",
        "total_consumption": "209",
        "unit": "kWh"
    }
]
Request method:	GET
Request URI:	https://data.calgary.ca/resource/crbp-innf.json?site_id=0020007253368&month=Mar&year=2017&total_consumption=97
Proxy:			<none>
Request params:	<none>
Query params:	<none>
Form params:	<none>
Path params:	<none>
Headers:		Accept=*/*
				Content-Type=application/json
Cookies:		<none>
Multiparts:		<none>
Body:			<none>
[
    {
        "business_unit_desc": "Calgary Housing",
        "facilityname": "#100 6704 6 ST SW",
        "site_id": "0020007253368",
        "facilityaddress": "#100 6704 6 ST SW",
        "energy_description": "Electricity",
        "year": "2017",
        "month": "Mar",
        "total_consumption": "97",
        "unit": "kWh"
    }
]
Request method:	GET
Request URI:	https://data.calgary.ca/resource/crbp-innf.json?site_id=0020007253368&month=Apr&year=2017&total_consumption=68
Proxy:			<none>
Request params:	<none>
Query params:	<none>
Form params:	<none>
Path params:	<none>
Headers:		Accept=*/*
				Content-Type=application/json
Cookies:		<none>
Multiparts:		<none>
Body:			<none>
[
    {
        "business_unit_desc": "Calgary Housing",
        "facilityname": "#100 6704 6 ST SW",
        "site_id": "0020007253368",
        "facilityaddress": "#100 6704 6 ST SW",
        "energy_description": "Electricity",
        "year": "2017",
        "month": "Apr",
        "total_consumption": "68",
        "unit": "kWh"
    }
]
Request method:	GET
Request URI:	https://data.calgary.ca/resource/crbp-innf.json?site_id=0020007253368&month=May&year=2017&total_consumption=66
Proxy:			<none>
Request params:	<none>
Query params:	<none>
Form params:	<none>
Path params:	<none>
Headers:		Accept=*/*
				Content-Type=application/json
Cookies:		<none>
Multiparts:		<none>
Body:			<none>
[
    {
        "business_unit_desc": "Calgary Housing",
        "facilityname": "#100 6704 6 ST SW",
        "site_id": "0020007253368",
        "facilityaddress": "#100 6704 6 ST SW",
        "energy_description": "Electricity",
        "year": "2017",
        "month": "May",
        "total_consumption": "66",
        "unit": "kWh"
    }
]
Request method:	GET
Request URI:	https://data.calgary.ca/resource/crbp-innf.json?site_id=0020007253368&month=Jun&year=2017&total_consumption=65
Proxy:			<none>
Request params:	<none>
Query params:	<none>
Form params:	<none>
Path params:	<none>
Headers:		Accept=*/*
				Content-Type=application/json
Cookies:		<none>
Multiparts:		<none>
Body:			<none>
[
    {
        "business_unit_desc": "Calgary Housing",
        "facilityname": "#100 6704 6 ST SW",
        "site_id": "0020007253368",
        "facilityaddress": "#100 6704 6 ST SW",
        "energy_description": "Electricity",
        "year": "2017",
        "month": "Jun",
        "total_consumption": "65",
        "unit": "kWh"
    }
]
Request method:	GET
Request URI:	https://data.calgary.ca/resource/crbp-innf.json?site_id=0020007253368&month=Jul&year=2017&total_consumption=73
Proxy:			<none>
Request params:	<none>
Query params:	<none>
Form params:	<none>
Path params:	<none>
Headers:		Accept=*/*
				Content-Type=application/json
Cookies:		<none>
Multiparts:		<none>
Body:			<none>
[
    {
        "business_unit_desc": "Calgary Housing",
        "facilityname": "#100 6704 6 ST SW",
        "site_id": "0020007253368",
        "facilityaddress": "#100 6704 6 ST SW",
        "energy_description": "Electricity",
        "year": "2017",
        "month": "Jul",
        "total_consumption": "73",
        "unit": "kWh"
    }
]
Request method:	GET
Request URI:	https://data.calgary.ca/resource/crbp-innf.json?site_id=0020007253368&month=Aug&year=2017&total_consumption=63
Proxy:			<none>
Request params:	<none>
Query params:	<none>
Form params:	<none>
Path params:	<none>
Headers:		Accept=*/*
				Content-Type=application/json
Cookies:		<none>
Multiparts:		<none>
Body:			<none>
[
    {
        "business_unit_desc": "Calgary Housing",
        "facilityname": "#100 6704 6 ST SW",
        "site_id": "0020007253368",
        "facilityaddress": "#100 6704 6 ST SW",
        "energy_description": "Electricity",
        "year": "2017",
        "month": "Aug",
        "total_consumption": "63",
        "unit": "kWh"
    }
]
Request method:	GET
Request URI:	https://data.calgary.ca/resource/crbp-innf.json?site_id=0020007253368&month=Sep&year=2017&total_consumption=82
Proxy:			<none>
Request params:	<none>
Query params:	<none>
Form params:	<none>
Path params:	<none>
Headers:		Accept=*/*
				Content-Type=application/json
Cookies:		<none>
Multiparts:		<none>
Body:			<none>
[
    {
        "business_unit_desc": "Calgary Housing",
        "facilityname": "#100 6704 6 ST SW",
        "site_id": "0020007253368",
        "facilityaddress": "#100 6704 6 ST SW",
        "energy_description": "Electricity",
        "year": "2017",
        "month": "Sep",
        "total_consumption": "82",
        "unit": "kWh"
    }
]
Request method:	GET
Request URI:	https://data.calgary.ca/resource/crbp-innf.json?site_id=0020007253368&month=Oct&year=2017&total_consumption=109
Proxy:			<none>
Request params:	<none>
Query params:	<none>
Form params:	<none>
Path params:	<none>
Headers:		Accept=*/*
				Content-Type=application/json
Cookies:		<none>
Multiparts:		<none>
Body:			<none>
[
    {
        "business_unit_desc": "Calgary Housing",
        "facilityname": "#100 6704 6 ST SW",
        "site_id": "0020007253368",
        "facilityaddress": "#100 6704 6 ST SW",
        "energy_description": "Electricity",
        "year": "2017",
        "month": "Oct",
        "total_consumption": "109",
        "unit": "kWh"
    }
]
Request method:	GET
Request URI:	https://data.calgary.ca/resource/crbp-innf.json?site_id=0020007253368&month=Nov&year=2017&total_consumption=87
Proxy:			<none>
Request params:	<none>
Query params:	<none>
Form params:	<none>
Path params:	<none>
Headers:		Accept=*/*
				Content-Type=application/json
Cookies:		<none>
Multiparts:		<none>
Body:			<none>
[
    {
        "business_unit_desc": "Calgary Housing",
        "facilityname": "#100 6704 6 ST SW",
        "site_id": "0020007253368",
        "facilityaddress": "#100 6704 6 ST SW",
        "energy_description": "Electricity",
        "year": "2017",
        "month": "Nov",
        "total_consumption": "87",
        "unit": "kWh"
    }
]
Request method:	GET
Request URI:	https://data.calgary.ca/resource/crbp-innf.json?site_id=0020007253368&month=Dec&year=2017&total_consumption=300
Proxy:			<none>
Request params:	<none>
Query params:	<none>
Form params:	<none>
Path params:	<none>
Headers:		Accept=*/*
				Content-Type=application/json
Cookies:		<none>
Multiparts:		<none>
Body:			<none>
[
    {
        "business_unit_desc": "Calgary Housing",
        "facilityname": "#100 6704 6 ST SW",
        "site_id": "0020007253368",
        "facilityaddress": "#100 6704 6 ST SW",
        "energy_description": "Electricity",
        "year": "2017",
        "month": "Dec",
        "total_consumption": "300",
        "unit": "kWh"
    }
]
Request method:	GET
Request URI:	https://data.calgary.ca/resource/crbp-innf.json?site_id=0020007253368&month=Jan&year=2018&total_consumption=576
Proxy:			<none>
Request params:	<none>
Query params:	<none>
Form params:	<none>
Path params:	<none>
Headers:		Accept=*/*
				Content-Type=application/json
Cookies:		<none>
Multiparts:		<none>
Body:			<none>
[
    {
        "business_unit_desc": "Calgary Housing",
        "facilityname": "#100 6704 6 ST SW",
        "site_id": "0020007253368",
        "facilityaddress": "#100 6704 6 ST SW",
        "energy_description": "Electricity",
        "year": "2018",
        "month": "Jan",
        "total_consumption": "576",
        "unit": "kWh"
    }
]
Request method:	GET
Request URI:	https://data.calgary.ca/resource/crbp-innf.json?site_id=0020007253368&month=Feb&year=2018&total_consumption=538
Proxy:			<none>
Request params:	<none>
Query params:	<none>
Form params:	<none>
Path params:	<none>
Headers:		Accept=*/*
				Content-Type=application/json
Cookies:		<none>
Multiparts:		<none>
Body:			<none>
[
    {
        "business_unit_desc": "Calgary Housing",
        "facilityname": "#100 6704 6 ST SW",
        "site_id": "0020007253368",
        "facilityaddress": "#100 6704 6 ST SW",
        "energy_description": "Electricity",
        "year": "2018",
        "month": "Feb",
        "total_consumption": "538",
        "unit": "kWh"
    }
]
Request method:	GET
Request URI:	https://data.calgary.ca/resource/crbp-innf.json?site_id=0020007253368&month=Mar&year=2018&total_consumption=288
Proxy:			<none>
Request params:	<none>
Query params:	<none>
Form params:	<none>
Path params:	<none>
Headers:		Accept=*/*
				Content-Type=application/json
Cookies:		<none>
Multiparts:		<none>
Body:			<none>
[
    {
        "business_unit_desc": "Calgary Housing",
        "facilityname": "#100 6704 6 ST SW",
        "site_id": "0020007253368",
        "facilityaddress": "#100 6704 6 ST SW",
        "energy_description": "Electricity",
        "year": "2018",
        "month": "Mar",
        "total_consumption": "288",
        "unit": "kWh"
    }
]
Request method:	GET
Request URI:	https://data.calgary.ca/resource/crbp-innf.json?site_id=0020007253385&month=Mar&year=2016&total_consumption=3
Proxy:			<none>
Request params:	<none>
Query params:	<none>
Form params:	<none>
Path params:	<none>
Headers:		Accept=*/*
				Content-Type=application/json
Cookies:		<none>
Multiparts:		<none>
Body:			<none>
[
    {
        "business_unit_desc": "Calgary Housing",
        "facilityname": "#100 6704 6 ST SW",
        "site_id": "0020007253385",
        "facilityaddress": "#100 6704 6 ST SW",
        "energy_description": "Electricity",
        "year": "2016",
        "month": "Mar",
        "total_consumption": "3",
        "unit": "kWh"
    }
]
Request method:	GET
Request URI:	https://data.calgary.ca/resource/crbp-innf.json?site_id=0020007253385&month=Apr&year=2016&total_consumption=87
Proxy:			<none>
Request params:	<none>
Query params:	<none>
Form params:	<none>
Path params:	<none>
Headers:		Accept=*/*
				Content-Type=application/json
Cookies:		<none>
Multiparts:		<none>
Body:			<none>
[
    {
        "business_unit_desc": "Calgary Housing",
        "facilityname": "#100 6704 6 ST SW",
        "site_id": "0020007253385",
        "facilityaddress": "#100 6704 6 ST SW",
        "energy_description": "Electricity",
        "year": "2016",
        "month": "Apr",
        "total_consumption": "87",
        "unit": "kWh"
    }
]
Request method:	GET
Request URI:	https://data.calgary.ca/resource/crbp-innf.json?site_id=0020007253385&month=May&year=2016&total_consumption=141
Proxy:			<none>
Request params:	<none>
Query params:	<none>
Form params:	<none>
Path params:	<none>
Headers:		Accept=*/*
				Content-Type=application/json
Cookies:		<none>
Multiparts:		<none>
Body:			<none>
[
    {
        "business_unit_desc": "Calgary Housing",
        "facilityname": "#100 6704 6 ST SW",
        "site_id": "0020007253385",
        "facilityaddress": "#100 6704 6 ST SW",
        "energy_description": "Electricity",
        "year": "2016",
        "month": "May",
        "total_consumption": "141",
        "unit": "kWh"
    }
]
Request method:	GET
Request URI:	https://data.calgary.ca/resource/crbp-innf.json?site_id=0020007253385&month=Jun&year=2016&total_consumption=102
Proxy:			<none>
Request params:	<none>
Query params:	<none>
Form params:	<none>
Path params:	<none>
Headers:		Accept=*/*
				Content-Type=application/json
Cookies:		<none>
Multiparts:		<none>
Body:			<none>
[
    {
        "business_unit_desc": "Calgary Housing",
        "facilityname": "#100 6704 6 ST SW",
        "site_id": "0020007253385",
        "facilityaddress": "#100 6704 6 ST SW",
        "energy_description": "Electricity",
        "year": "2016",
        "month": "Jun",
        "total_consumption": "102",
        "unit": "kWh"
    }
]
Request method:	GET
Request URI:	https://data.calgary.ca/resource/crbp-innf.json?site_id=0020007253385&month=Jul&year=2016&total_consumption=65
Proxy:			<none>
Request params:	<none>
Query params:	<none>
Form params:	<none>
Path params:	<none>
Headers:		Accept=*/*
				Content-Type=application/json
Cookies:		<none>
Multiparts:		<none>
Body:			<none>
[
    {
        "business_unit_desc": "Calgary Housing",
        "facilityname": "#100 6704 6 ST SW",
        "site_id": "0020007253385",
        "facilityaddress": "#100 6704 6 ST SW",
        "energy_description": "Electricity",
        "year": "2016",
        "month": "Jul",
        "total_consumption": "65",
        "unit": "kWh"
    }
]
Request method:	GET
Request URI:	https://data.calgary.ca/resource/crbp-innf.json?site_id=0020007253385&month=Aug&year=2016&total_consumption=55
Proxy:			<none>
Request params:	<none>
Query params:	<none>
Form params:	<none>
Path params:	<none>
Headers:		Accept=*/*
				Content-Type=application/json
Cookies:		<none>
Multiparts:		<none>
Body:			<none>
[
    {
        "business_unit_desc": "Calgary Housing",
        "facilityname": "#100 6704 6 ST SW",
        "site_id": "0020007253385",
        "facilityaddress": "#100 6704 6 ST SW",
        "energy_description": "Electricity",
        "year": "2016",
        "month": "Aug",
        "total_consumption": "55",
        "unit": "kWh"
    }
]
Request method:	GET
Request URI:	https://data.calgary.ca/resource/crbp-innf.json?site_id=0020007253385&month=Sep&year=2016&total_consumption=44
Proxy:			<none>
Request params:	<none>
Query params:	<none>
Form params:	<none>
Path params:	<none>
Headers:		Accept=*/*
				Content-Type=application/json
Cookies:		<none>
Multiparts:		<none>
Body:			<none>
[
    {
        "business_unit_desc": "Calgary Housing",
        "facilityname": "#100 6704 6 ST SW",
        "site_id": "0020007253385",
        "facilityaddress": "#100 6704 6 ST SW",
        "energy_description": "Electricity",
        "year": "2016",
        "month": "Sep",
        "total_consumption": "44",
        "unit": "kWh"
    }
]
Request method:	GET
Request URI:	https://data.calgary.ca/resource/crbp-innf.json?site_id=0020007253385&month=Oct&year=2016&total_consumption=83
Proxy:			<none>
Request params:	<none>
Query params:	<none>
Form params:	<none>
Path params:	<none>
Headers:		Accept=*/*
				Content-Type=application/json
Cookies:		<none>
Multiparts:		<none>
Body:			<none>
[
    {
        "business_unit_desc": "Calgary Housing",
        "facilityname": "#100 6704 6 ST SW",
        "site_id": "0020007253385",
        "facilityaddress": "#100 6704 6 ST SW",
        "energy_description": "Electricity",
        "year": "2016",
        "month": "Oct",
        "total_consumption": "83",
        "unit": "kWh"
    }
]
Request method:	GET
Request URI:	https://data.calgary.ca/resource/crbp-innf.json?site_id=0020007253385&month=Nov&year=2016&total_consumption=142
Proxy:			<none>
Request params:	<none>
Query params:	<none>
Form params:	<none>
Path params:	<none>
Headers:		Accept=*/*
				Content-Type=application/json
Cookies:		<none>
Multiparts:		<none>
Body:			<none>
[
    {
        "business_unit_desc": "Calgary Housing",
        "facilityname": "#100 6704 6 ST SW",
        "site_id": "0020007253385",
        "facilityaddress": "#100 6704 6 ST SW",
        "energy_description": "Electricity",
        "year": "2016",
        "month": "Nov",
        "total_consumption": "142",
        "unit": "kWh"
    }
]
Request method:	GET
Request URI:	https://data.calgary.ca/resource/crbp-innf.json?site_id=0020007253385&month=Dec&year=2016&total_consumption=335
Proxy:			<none>
Request params:	<none>
Query params:	<none>
Form params:	<none>
Path params:	<none>
Headers:		Accept=*/*
				Content-Type=application/json
Cookies:		<none>
Multiparts:		<none>
Body:			<none>
[
    {
        "business_unit_desc": "Calgary Housing",
        "facilityname": "#100 6704 6 ST SW",
        "site_id": "0020007253385",
        "facilityaddress": "#100 6704 6 ST SW",
        "energy_description": "Electricity",
        "year": "2016",
        "month": "Dec",
        "total_consumption": "335",
        "unit": "kWh"
    }
]
Request method:	GET
Request URI:	https://data.calgary.ca/resource/crbp-innf.json?site_id=0020007253385&month=Jan&year=2017&total_consumption=340
Proxy:			<none>
Request params:	<none>
Query params:	<none>
Form params:	<none>
Path params:	<none>
Headers:		Accept=*/*
				Content-Type=application/json
Cookies:		<none>
Multiparts:		<none>
Body:			<none>
[
    {
        "business_unit_desc": "Calgary Housing",
        "facilityname": "#100 6704 6 ST SW",
        "site_id": "0020007253385",
        "facilityaddress": "#100 6704 6 ST SW",
        "energy_description": "Electricity",
        "year": "2017",
        "month": "Jan",
        "total_consumption": "340",
        "unit": "kWh"
    }
]
Request method:	GET
Request URI:	https://data.calgary.ca/resource/crbp-innf.json?site_id=0020007253385&month=Feb&year=2017&total_consumption=217
Proxy:			<none>
Request params:	<none>
Query params:	<none>
Form params:	<none>
Path params:	<none>
Headers:		Accept=*/*
				Content-Type=application/json
Cookies:		<none>
Multiparts:		<none>
Body:			<none>
[
    {
        "business_unit_desc": "Calgary Housing",
        "facilityname": "#100 6704 6 ST SW",
        "site_id": "0020007253385",
        "facilityaddress": "#100 6704 6 ST SW",
        "energy_description": "Electricity",
        "year": "2017",
        "month": "Feb",
        "total_consumption": "217",
        "unit": "kWh"
    }
]
Request method:	GET
Request URI:	https://data.calgary.ca/resource/crbp-innf.json?site_id=0020007253385&month=Mar&year=2017&total_consumption=189
Proxy:			<none>
Request params:	<none>
Query params:	<none>
Form params:	<none>
Path params:	<none>
Headers:		Accept=*/*
				Content-Type=application/json
Cookies:		<none>
Multiparts:		<none>
Body:			<none>
[
    {
        "business_unit_desc": "Calgary Housing",
        "facilityname": "#100 6704 6 ST SW",
        "site_id": "0020007253385",
        "facilityaddress": "#100 6704 6 ST SW",
        "energy_description": "Electricity",
        "year": "2017",
        "month": "Mar",
        "total_consumption": "189",
        "unit": "kWh"
    }
]
Request method:	GET
Request URI:	https://data.calgary.ca/resource/crbp-innf.json?site_id=0020007253385&month=Apr&year=2017&total_consumption=146
Proxy:			<none>
Request params:	<none>
Query params:	<none>
Form params:	<none>
Path params:	<none>
Headers:		Accept=*/*
				Content-Type=application/json
Cookies:		<none>
Multiparts:		<none>
Body:			<none>
[
    {
        "business_unit_desc": "Calgary Housing",
        "facilityname": "#100 6704 6 ST SW",
        "site_id": "0020007253385",
        "facilityaddress": "#100 6704 6 ST SW",
        "energy_description": "Electricity",
        "year": "2017",
        "month": "Apr",
        "total_consumption": "146",
        "unit": "kWh"
    }
]
Request method:	GET
Request URI:	https://data.calgary.ca/resource/crbp-innf.json?site_id=0020007253385&month=May&year=2017&total_consumption=115
Proxy:			<none>
Request params:	<none>
Query params:	<none>
Form params:	<none>
Path params:	<none>
Headers:		Accept=*/*
				Content-Type=application/json
Cookies:		<none>
Multiparts:		<none>
Body:			<none>
[
    {
        "business_unit_desc": "Calgary Housing",
        "facilityname": "#100 6704 6 ST SW",
        "site_id": "0020007253385",
        "facilityaddress": "#100 6704 6 ST SW",
        "energy_description": "Electricity",
        "year": "2017",
        "month": "May",
        "total_consumption": "115",
        "unit": "kWh"
    }
]
Request method:	GET
Request URI:	https://data.calgary.ca/resource/crbp-innf.json?site_id=0020007253385&month=Jun&year=2017&total_consumption=87
Proxy:			<none>
Request params:	<none>
Query params:	<none>
Form params:	<none>
Path params:	<none>
Headers:		Accept=*/*
				Content-Type=application/json
Cookies:		<none>
Multiparts:		<none>
Body:			<none>
[
    {
        "business_unit_desc": "Calgary Housing",
        "facilityname": "#100 6704 6 ST SW",
        "site_id": "0020007253385",
        "facilityaddress": "#100 6704 6 ST SW",
        "energy_description": "Electricity",
        "year": "2017",
        "month": "Jun",
        "total_consumption": "87",
        "unit": "kWh"
    }
]
Request method:	GET
Request URI:	https://data.calgary.ca/resource/crbp-innf.json?site_id=0020007253385&month=Jul&year=2017&total_consumption=88
Proxy:			<none>
Request params:	<none>
Query params:	<none>
Form params:	<none>
Path params:	<none>
Headers:		Accept=*/*
				Content-Type=application/json
Cookies:		<none>
Multiparts:		<none>
Body:			<none>
[
    {
        "business_unit_desc": "Calgary Housing",
        "facilityname": "#100 6704 6 ST SW",
        "site_id": "0020007253385",
        "facilityaddress": "#100 6704 6 ST SW",
        "energy_description": "Electricity",
        "year": "2017",
        "month": "Jul",
        "total_consumption": "88",
        "unit": "kWh"
    }
]
Request method:	GET
Request URI:	https://data.calgary.ca/resource/crbp-innf.json?site_id=0020007253385&month=Aug&year=2017&total_consumption=86
Proxy:			<none>
Request params:	<none>
Query params:	<none>
Form params:	<none>
Path params:	<none>
Headers:		Accept=*/*
				Content-Type=application/json
Cookies:		<none>
Multiparts:		<none>
Body:			<none>
[
    {
        "business_unit_desc": "Calgary Housing",
        "facilityname": "#100 6704 6 ST SW",
        "site_id": "0020007253385",
        "facilityaddress": "#100 6704 6 ST SW",
        "energy_description": "Electricity",
        "year": "2017",
        "month": "Aug",
        "total_consumption": "86",
        "unit": "kWh"
    }
]
Request method:	GET
Request URI:	https://data.calgary.ca/resource/crbp-innf.json?site_id=0020007253385&month=Sep&year=2017&total_consumption=121
Proxy:			<none>
Request params:	<none>
Query params:	<none>
Form params:	<none>
Path params:	<none>
Headers:		Accept=*/*
				Content-Type=application/json
Cookies:		<none>
Multiparts:		<none>
Body:			<none>
[
    {
        "business_unit_desc": "Calgary Housing",
        "facilityname": "#100 6704 6 ST SW",
        "site_id": "0020007253385",
        "facilityaddress": "#100 6704 6 ST SW",
        "energy_description": "Electricity",
        "year": "2017",
        "month": "Sep",
        "total_consumption": "121",
        "unit": "kWh"
    }
]
Request method:	GET
Request URI:	https://data.calgary.ca/resource/crbp-innf.json?site_id=0020007253385&month=Oct&year=2017&total_consumption=162
Proxy:			<none>
Request params:	<none>
Query params:	<none>
Form params:	<none>
Path params:	<none>
Headers:		Accept=*/*
				Content-Type=application/json
Cookies:		<none>
Multiparts:		<none>
Body:			<none>
[
    {
        "business_unit_desc": "Calgary Housing",
        "facilityname": "#100 6704 6 ST SW",
        "site_id": "0020007253385",
        "facilityaddress": "#100 6704 6 ST SW",
        "energy_description": "Electricity",
        "year": "2017",
        "month": "Oct",
        "total_consumption": "162",
        "unit": "kWh"
    }
]
Request method:	GET
Request URI:	https://data.calgary.ca/resource/crbp-innf.json?site_id=0020007253385&month=Nov&year=2017&total_consumption=144
Proxy:			<none>
Request params:	<none>
Query params:	<none>
Form params:	<none>
Path params:	<none>
Headers:		Accept=*/*
				Content-Type=application/json
Cookies:		<none>
Multiparts:		<none>
Body:			<none>
[
    {
        "business_unit_desc": "Calgary Housing",
        "facilityname": "#100 6704 6 ST SW",
        "site_id": "0020007253385",
        "facilityaddress": "#100 6704 6 ST SW",
        "energy_description": "Electricity",
        "year": "2017",
        "month": "Nov",
        "total_consumption": "144",
        "unit": "kWh"
    }
]
Request method:	GET
Request URI:	https://data.calgary.ca/resource/crbp-innf.json?site_id=0020007253385&month=Dec&year=2017&total_consumption=460
Proxy:			<none>
Request params:	<none>
Query params:	<none>
Form params:	<none>
Path params:	<none>
Headers:		Accept=*/*
				Content-Type=application/json
Cookies:		<none>
Multiparts:		<none>
Body:			<none>
[
    {
        "business_unit_desc": "Calgary Housing",
        "facilityname": "#100 6704 6 ST SW",
        "site_id": "0020007253385",
        "facilityaddress": "#100 6704 6 ST SW",
        "energy_description": "Electricity",
        "year": "2017",
        "month": "Dec",
        "total_consumption": "460",
        "unit": "kWh"
    }
]
Request method:	GET
Request URI:	https://data.calgary.ca/resource/crbp-innf.json?site_id=0020007253385&month=Jan&year=2018&total_consumption=665
Proxy:			<none>
Request params:	<none>
Query params:	<none>
Form params:	<none>
Path params:	<none>
Headers:		Accept=*/*
				Content-Type=application/json
Cookies:		<none>
Multiparts:		<none>
Body:			<none>
[
    {
        "business_unit_desc": "Calgary Housing",
        "facilityname": "#100 6704 6 ST SW",
        "site_id": "0020007253385",
        "facilityaddress": "#100 6704 6 ST SW",
        "energy_description": "Electricity",
        "year": "2018",
        "month": "Jan",
        "total_consumption": "665",
        "unit": "kWh"
    }
]
Request method:	GET
Request URI:	https://data.calgary.ca/resource/crbp-innf.json?site_id=0020007253385&month=Feb&year=2018&total_consumption=519
Proxy:			<none>
Request params:	<none>
Query params:	<none>
Form params:	<none>
Path params:	<none>
Headers:		Accept=*/*
				Content-Type=application/json
Cookies:		<none>
Multiparts:		<none>
Body:			<none>
[
    {
        "business_unit_desc": "Calgary Housing",
        "facilityname": "#100 6704 6 ST SW",
        "site_id": "0020007253385",
        "facilityaddress": "#100 6704 6 ST SW",
        "energy_description": "Electricity",
        "year": "2018",
        "month": "Feb",
        "total_consumption": "519",
        "unit": "kWh"
    }
]
Request method:	GET
Request URI:	https://data.calgary.ca/resource/crbp-innf.json?site_id=0020007253385&month=Mar&year=2018&total_consumption=271
Proxy:			<none>
Request params:	<none>
Query params:	<none>
Form params:	<none>
Path params:	<none>
Headers:		Accept=*/*
				Content-Type=application/json
Cookies:		<none>
Multiparts:		<none>
Body:			<none>
[
    {
        "business_unit_desc": "Calgary Housing",
        "facilityname": "#100 6704 6 ST SW",
        "site_id": "0020007253385",
        "facilityaddress": "#100 6704 6 ST SW",
        "energy_description": "Electricity",
        "year": "2018",
        "month": "Mar",
        "total_consumption": "271",
        "unit": "kWh"
    }
]
Request method:	GET
Request URI:	https://data.calgary.ca/resource/crbp-innf.json?site_id=0020007253401&month=Mar&year=2016&total_consumption=0
Proxy:			<none>
Request params:	<none>
Query params:	<none>
Form params:	<none>
Path params:	<none>
Headers:		Accept=*/*
				Content-Type=application/json
Cookies:		<none>
Multiparts:		<none>
Body:			<none>
[
    {
        "business_unit_desc": "Calgary Housing",
        "facilityname": "#100 6704 6 ST SW",
        "site_id": "0020007253401",
        "facilityaddress": "#100 6704 6 ST SW",
        "energy_description": "Electricity",
        "year": "2016",
        "month": "Mar",
        "total_consumption": "0",
        "unit": "kWh"
    }
]
Request method:	GET
Request URI:	https://data.calgary.ca/resource/crbp-innf.json?site_id=0020007253401&month=Apr&year=2016&total_consumption=125
Proxy:			<none>
Request params:	<none>
Query params:	<none>
Form params:	<none>
Path params:	<none>
Headers:		Accept=*/*
				Content-Type=application/json
Cookies:		<none>
Multiparts:		<none>
Body:			<none>
[
    {
        "business_unit_desc": "Calgary Housing",
        "facilityname": "#100 6704 6 ST SW",
        "site_id": "0020007253401",
        "facilityaddress": "#100 6704 6 ST SW",
        "energy_description": "Electricity",
        "year": "2016",
        "month": "Apr",
        "total_consumption": "125",
        "unit": "kWh"
    }
]
Request method:	GET
Request URI:	https://data.calgary.ca/resource/crbp-innf.json?site_id=0020007253401&month=May&year=2016&total_consumption=91
Proxy:			<none>
Request params:	<none>
Query params:	<none>
Form params:	<none>
Path params:	<none>
Headers:		Accept=*/*
				Content-Type=application/json
Cookies:		<none>
Multiparts:		<none>
Body:			<none>
[
    {
        "business_unit_desc": "Calgary Housing",
        "facilityname": "#100 6704 6 ST SW",
        "site_id": "0020007253401",
        "facilityaddress": "#100 6704 6 ST SW",
        "energy_description": "Electricity",
        "year": "2016",
        "month": "May",
        "total_consumption": "91",
        "unit": "kWh"
    }
]
Request method:	GET
Request URI:	https://data.calgary.ca/resource/crbp-innf.json?site_id=0020007253401&month=Jun&year=2016&total_consumption=27
Proxy:			<none>
Request params:	<none>
Query params:	<none>
Form params:	<none>
Path params:	<none>
Headers:		Accept=*/*
				Content-Type=application/json
Cookies:		<none>
Multiparts:		<none>
Body:			<none>
[
    {
        "business_unit_desc": "Calgary Housing",
        "facilityname": "#100 6704 6 ST SW",
        "site_id": "0020007253401",
        "facilityaddress": "#100 6704 6 ST SW",
        "energy_description": "Electricity",
        "year": "2016",
        "month": "Jun",
        "total_consumption": "27",
        "unit": "kWh"
    }
]
Request method:	GET
Request URI:	https://data.calgary.ca/resource/crbp-innf.json?site_id=0020007253401&month=Jul&year=2016&total_consumption=65
Proxy:			<none>
Request params:	<none>
Query params:	<none>
Form params:	<none>
Path params:	<none>
Headers:		Accept=*/*
				Content-Type=application/json
Cookies:		<none>
Multiparts:		<none>
Body:			<none>
[
    {
        "business_unit_desc": "Calgary Housing",
        "facilityname": "#100 6704 6 ST SW",
        "site_id": "0020007253401",
        "facilityaddress": "#100 6704 6 ST SW",
        "energy_description": "Electricity",
        "year": "2016",
        "month": "Jul",
        "total_consumption": "65",
        "unit": "kWh"
    }
]
Request method:	GET
Request URI:	https://data.calgary.ca/resource/crbp-innf.json?site_id=0020007253401&month=Aug&year=2016&total_consumption=70
Proxy:			<none>
Request params:	<none>
Query params:	<none>
Form params:	<none>
Path params:	<none>
Headers:		Accept=*/*
				Content-Type=application/json
Cookies:		<none>
Multiparts:		<none>
Body:			<none>
[
    {
        "business_unit_desc": "Calgary Housing",
        "facilityname": "#100 6704 6 ST SW",
        "site_id": "0020007253401",
        "facilityaddress": "#100 6704 6 ST SW",
        "energy_description": "Electricity",
        "year": "2016",
        "month": "Aug",
        "total_consumption": "70",
        "unit": "kWh"
    }
]
Request method:	GET
Request URI:	https://data.calgary.ca/resource/crbp-innf.json?site_id=0020007253401&month=Sep&year=2016&total_consumption=41
Proxy:			<none>
Request params:	<none>
Query params:	<none>
Form params:	<none>
Path params:	<none>
Headers:		Accept=*/*
				Content-Type=application/json
Cookies:		<none>
Multiparts:		<none>
Body:			<none>
[
    {
        "business_unit_desc": "Calgary Housing",
        "facilityname": "#100 6704 6 ST SW",
        "site_id": "0020007253401",
        "facilityaddress": "#100 6704 6 ST SW",
        "energy_description": "Electricity",
        "year": "2016",
        "month": "Sep",
        "total_consumption": "41",
        "unit": "kWh"
    }
]
Request method:	GET
Request URI:	https://data.calgary.ca/resource/crbp-innf.json?site_id=0020007253401&month=Oct&year=2016&total_consumption=60
Proxy:			<none>
Request params:	<none>
Query params:	<none>
Form params:	<none>
Path params:	<none>
Headers:		Accept=*/*
				Content-Type=application/json
Cookies:		<none>
Multiparts:		<none>
Body:			<none>
[
    {
        "business_unit_desc": "Calgary Housing",
        "facilityname": "#100 6704 6 ST SW",
        "site_id": "0020007253401",
        "facilityaddress": "#100 6704 6 ST SW",
        "energy_description": "Electricity",
        "year": "2016",
        "month": "Oct",
        "total_consumption": "60",
        "unit": "kWh"
    }
]
Request method:	GET
Request URI:	https://data.calgary.ca/resource/crbp-innf.json?site_id=0020007253401&month=Nov&year=2016&total_consumption=100
Proxy:			<none>
Request params:	<none>
Query params:	<none>
Form params:	<none>
Path params:	<none>
Headers:		Accept=*/*
				Content-Type=application/json
Cookies:		<none>
Multiparts:		<none>
Body:			<none>
[
    {
        "business_unit_desc": "Calgary Housing",
        "facilityname": "#100 6704 6 ST SW",
        "site_id": "0020007253401",
        "facilityaddress": "#100 6704 6 ST SW",
        "energy_description": "Electricity",
        "year": "2016",
        "month": "Nov",
        "total_consumption": "100",
        "unit": "kWh"
    }
]
Request method:	GET
Request URI:	https://data.calgary.ca/resource/crbp-innf.json?site_id=0020007253401&month=Dec&year=2016&total_consumption=231
Proxy:			<none>
Request params:	<none>
Query params:	<none>
Form params:	<none>
Path params:	<none>
Headers:		Accept=*/*
				Content-Type=application/json
Cookies:		<none>
Multiparts:		<none>
Body:			<none>
[
    {
        "business_unit_desc": "Calgary Housing",
        "facilityname": "#100 6704 6 ST SW",
        "site_id": "0020007253401",
        "facilityaddress": "#100 6704 6 ST SW",
        "energy_description": "Electricity",
        "year": "2016",
        "month": "Dec",
        "total_consumption": "231",
        "unit": "kWh"
    }
]
Request method:	GET
Request URI:	https://data.calgary.ca/resource/crbp-innf.json?site_id=0020007253401&month=Jan&year=2017&total_consumption=222
Proxy:			<none>
Request params:	<none>
Query params:	<none>
Form params:	<none>
Path params:	<none>
Headers:		Accept=*/*
				Content-Type=application/json
Cookies:		<none>
Multiparts:		<none>
Body:			<none>
[
    {
        "business_unit_desc": "Calgary Housing",
        "facilityname": "#100 6704 6 ST SW",
        "site_id": "0020007253401",
        "facilityaddress": "#100 6704 6 ST SW",
        "energy_description": "Electricity",
        "year": "2017",
        "month": "Jan",
        "total_consumption": "222",
        "unit": "kWh"
    }
]
Request method:	GET
Request URI:	https://data.calgary.ca/resource/crbp-innf.json?site_id=0020007253401&month=Feb&year=2017&total_consumption=222
Proxy:			<none>
Request params:	<none>
Query params:	<none>
Form params:	<none>
Path params:	<none>
Headers:		Accept=*/*
				Content-Type=application/json
Cookies:		<none>
Multiparts:		<none>
Body:			<none>
[
    {
        "business_unit_desc": "Calgary Housing",
        "facilityname": "#100 6704 6 ST SW",
        "site_id": "0020007253401",
        "facilityaddress": "#100 6704 6 ST SW",
        "energy_description": "Electricity",
        "year": "2017",
        "month": "Feb",
        "total_consumption": "222",
        "unit": "kWh"
    }
]
Request method:	GET
Request URI:	https://data.calgary.ca/resource/crbp-innf.json?site_id=0020007253401&month=Mar&year=2017&total_consumption=216
Proxy:			<none>
Request params:	<none>
Query params:	<none>
Form params:	<none>
Path params:	<none>
Headers:		Accept=*/*
				Content-Type=application/json
Cookies:		<none>
Multiparts:		<none>
Body:			<none>
[
    {
        "business_unit_desc": "Calgary Housing",
        "facilityname": "#100 6704 6 ST SW",
        "site_id": "0020007253401",
        "facilityaddress": "#100 6704 6 ST SW",
        "energy_description": "Electricity",
        "year": "2017",
        "month": "Mar",
        "total_consumption": "216",
        "unit": "kWh"
    }
]
Request method:	GET
Request URI:	https://data.calgary.ca/resource/crbp-innf.json?site_id=0020007253401&month=Apr&year=2017&total_consumption=103
Proxy:			<none>
Request params:	<none>
Query params:	<none>
Form params:	<none>
Path params:	<none>
Headers:		Accept=*/*
				Content-Type=application/json
Cookies:		<none>
Multiparts:		<none>
Body:			<none>
[
    {
        "business_unit_desc": "Calgary Housing",
        "facilityname": "#100 6704 6 ST SW",
        "site_id": "0020007253401",
        "facilityaddress": "#100 6704 6 ST SW",
        "energy_description": "Electricity",
        "year": "2017",
        "month": "Apr",
        "total_consumption": "103",
        "unit": "kWh"
    }
]
Request method:	GET
Request URI:	https://data.calgary.ca/resource/crbp-innf.json?site_id=0020007253401&month=May&year=2017&total_consumption=96
Proxy:			<none>
Request params:	<none>
Query params:	<none>
Form params:	<none>
Path params:	<none>
Headers:		Accept=*/*
				Content-Type=application/json
Cookies:		<none>
Multiparts:		<none>
Body:			<none>
[
    {
        "business_unit_desc": "Calgary Housing",
        "facilityname": "#100 6704 6 ST SW",
        "site_id": "0020007253401",
        "facilityaddress": "#100 6704 6 ST SW",
        "energy_description": "Electricity",
        "year": "2017",
        "month": "May",
        "total_consumption": "96",
        "unit": "kWh"
    }
]
Request method:	GET
Request URI:	https://data.calgary.ca/resource/crbp-innf.json?site_id=0020007253401&month=Jun&year=2017&total_consumption=83
Proxy:			<none>
Request params:	<none>
Query params:	<none>
Form params:	<none>
Path params:	<none>
Headers:		Accept=*/*
				Content-Type=application/json
Cookies:		<none>
Multiparts:		<none>
Body:			<none>
[
    {
        "business_unit_desc": "Calgary Housing",
        "facilityname": "#100 6704 6 ST SW",
        "site_id": "0020007253401",
        "facilityaddress": "#100 6704 6 ST SW",
        "energy_description": "Electricity",
        "year": "2017",
        "month": "Jun",
        "total_consumption": "83",
        "unit": "kWh"
    }
]
Request method:	GET
Request URI:	https://data.calgary.ca/resource/crbp-innf.json?site_id=0020007253401&month=Jul&year=2017&total_consumption=69
Proxy:			<none>
Request params:	<none>
Query params:	<none>
Form params:	<none>
Path params:	<none>
Headers:		Accept=*/*
				Content-Type=application/json
Cookies:		<none>
Multiparts:		<none>
Body:			<none>
[
    {
        "business_unit_desc": "Calgary Housing",
        "facilityname": "#100 6704 6 ST SW",
        "site_id": "0020007253401",
        "facilityaddress": "#100 6704 6 ST SW",
        "energy_description": "Electricity",
        "year": "2017",
        "month": "Jul",
        "total_consumption": "69",
        "unit": "kWh"
    }
]
Request method:	GET
Request URI:	https://data.calgary.ca/resource/crbp-innf.json?site_id=0020007253401&month=Aug&year=2017&total_consumption=55
Proxy:			<none>
Request params:	<none>
Query params:	<none>
Form params:	<none>
Path params:	<none>
Headers:		Accept=*/*
				Content-Type=application/json
Cookies:		<none>
Multiparts:		<none>
Body:			<none>
[
    {
        "business_unit_desc": "Calgary Housing",
        "facilityname": "#100 6704 6 ST SW",
        "site_id": "0020007253401",
        "facilityaddress": "#100 6704 6 ST SW",
        "energy_description": "Electricity",
        "year": "2017",
        "month": "Aug",
        "total_consumption": "55",
        "unit": "kWh"
    }
]
Request method:	GET
Request URI:	https://data.calgary.ca/resource/crbp-innf.json?site_id=0020007253401&month=Sep&year=2017&total_consumption=89
Proxy:			<none>
Request params:	<none>
Query params:	<none>
Form params:	<none>
Path params:	<none>
Headers:		Accept=*/*
				Content-Type=application/json
Cookies:		<none>
Multiparts:		<none>
Body:			<none>
[
    {
        "business_unit_desc": "Calgary Housing",
        "facilityname": "#100 6704 6 ST SW",
        "site_id": "0020007253401",
        "facilityaddress": "#100 6704 6 ST SW",
        "energy_description": "Electricity",
        "year": "2017",
        "month": "Sep",
        "total_consumption": "89",
        "unit": "kWh"
    }
]
Request method:	GET
Request URI:	https://data.calgary.ca/resource/crbp-innf.json?site_id=0020007253401&month=Oct&year=2017&total_consumption=122
Proxy:			<none>
Request params:	<none>
Query params:	<none>
Form params:	<none>
Path params:	<none>
Headers:		Accept=*/*
				Content-Type=application/json
Cookies:		<none>
Multiparts:		<none>
Body:			<none>
[
    {
        "business_unit_desc": "Calgary Housing",
        "facilityname": "#100 6704 6 ST SW",
        "site_id": "0020007253401",
        "facilityaddress": "#100 6704 6 ST SW",
        "energy_description": "Electricity",
        "year": "2017",
        "month": "Oct",
        "total_consumption": "122",
        "unit": "kWh"
    }
]
Request method:	GET
Request URI:	https://data.calgary.ca/resource/crbp-innf.json?site_id=0020007253401&month=Nov&year=2017&total_consumption=119
Proxy:			<none>
Request params:	<none>
Query params:	<none>
Form params:	<none>
Path params:	<none>
Headers:		Accept=*/*
				Content-Type=application/json
Cookies:		<none>
Multiparts:		<none>
Body:			<none>
[
    {
        "business_unit_desc": "Calgary Housing",
        "facilityname": "#100 6704 6 ST SW",
        "site_id": "0020007253401",
        "facilityaddress": "#100 6704 6 ST SW",
        "energy_description": "Electricity",
        "year": "2017",
        "month": "Nov",
        "total_consumption": "119",
        "unit": "kWh"
    }
]
Request method:	GET
Request URI:	https://data.calgary.ca/resource/crbp-innf.json?site_id=0020007253401&month=Dec&year=2017&total_consumption=441
Proxy:			<none>
Request params:	<none>
Query params:	<none>
Form params:	<none>
Path params:	<none>
Headers:		Accept=*/*
				Content-Type=application/json
Cookies:		<none>
Multiparts:		<none>
Body:			<none>
[
    {
        "business_unit_desc": "Calgary Housing",
        "facilityname": "#100 6704 6 ST SW",
        "site_id": "0020007253401",
        "facilityaddress": "#100 6704 6 ST SW",
        "energy_description": "Electricity",
        "year": "2017",
        "month": "Dec",
        "total_consumption": "441",
        "unit": "kWh"
    }
]
Request method:	GET
Request URI:	https://data.calgary.ca/resource/crbp-innf.json?site_id=0020007253401&month=Jan&year=2018&total_consumption=702
Proxy:			<none>
Request params:	<none>
Query params:	<none>
Form params:	<none>
Path params:	<none>
Headers:		Accept=*/*
				Content-Type=application/json
Cookies:		<none>
Multiparts:		<none>
Body:			<none>
[
    {
        "business_unit_desc": "Calgary Housing",
        "facilityname": "#100 6704 6 ST SW",
        "site_id": "0020007253401",
        "facilityaddress": "#100 6704 6 ST SW",
        "energy_description": "Electricity",
        "year": "2018",
        "month": "Jan",
        "total_consumption": "702",
        "unit": "kWh"
    }
]
Request method:	GET
Request URI:	https://data.calgary.ca/resource/crbp-innf.json?site_id=0020007253401&month=Feb&year=2018&total_consumption=564
Proxy:			<none>
Request params:	<none>
Query params:	<none>
Form params:	<none>
Path params:	<none>
Headers:		Accept=*/*
				Content-Type=application/json
Cookies:		<none>
Multiparts:		<none>
Body:			<none>
[
    {
        "business_unit_desc": "Calgary Housing",
        "facilityname": "#100 6704 6 ST SW",
        "site_id": "0020007253401",
        "facilityaddress": "#100 6704 6 ST SW",
        "energy_description": "Electricity",
        "year": "2018",
        "month": "Feb",
        "total_consumption": "564",
        "unit": "kWh"
    }
]
Request method:	GET
Request URI:	https://data.calgary.ca/resource/crbp-innf.json?site_id=0020007253401&month=Mar&year=2018&total_consumption=279
Proxy:			<none>
Request params:	<none>
Query params:	<none>
Form params:	<none>
Path params:	<none>
Headers:		Accept=*/*
				Content-Type=application/json
Cookies:		<none>
Multiparts:		<none>
Body:			<none>
[
    {
        "business_unit_desc": "Calgary Housing",
        "facilityname": "#100 6704 6 ST SW",
        "site_id": "0020007253401",
        "facilityaddress": "#100 6704 6 ST SW",
        "energy_description": "Electricity",
        "year": "2018",
        "month": "Mar",
        "total_consumption": "279",
        "unit": "kWh"
    }
]
Request method:	GET
Request URI:	https://data.calgary.ca/resource/crbp-innf.json?site_id=0020007253427&month=Mar&year=2016&total_consumption=0
Proxy:			<none>
Request params:	<none>
Query params:	<none>
Form params:	<none>
Path params:	<none>
Headers:		Accept=*/*
				Content-Type=application/json
Cookies:		<none>
Multiparts:		<none>
Body:			<none>
[
    {
        "business_unit_desc": "Calgary Housing",
        "facilityname": "#100 6704 6 ST SW",
        "site_id": "0020007253427",
        "facilityaddress": "#100 6704 6 ST SW",
        "energy_description": "Electricity",
        "year": "2016",
        "month": "Mar",
        "total_consumption": "0",
        "unit": "kWh"
    }
]
Request method:	GET
Request URI:	https://data.calgary.ca/resource/crbp-innf.json?site_id=0020007253427&month=Apr&year=2016&total_consumption=133
Proxy:			<none>
Request params:	<none>
Query params:	<none>
Form params:	<none>
Path params:	<none>
Headers:		Accept=*/*
				Content-Type=application/json
Cookies:		<none>
Multiparts:		<none>
Body:			<none>
[
    {
        "business_unit_desc": "Calgary Housing",
        "facilityname": "#100 6704 6 ST SW",
        "site_id": "0020007253427",
        "facilityaddress": "#100 6704 6 ST SW",
        "energy_description": "Electricity",
        "year": "2016",
        "month": "Apr",
        "total_consumption": "133",
        "unit": "kWh"
    }
]
Request method:	GET
Request URI:	https://data.calgary.ca/resource/crbp-innf.json?site_id=0020007253427&month=May&year=2016&total_consumption=327
Proxy:			<none>
Request params:	<none>
Query params:	<none>
Form params:	<none>
Path params:	<none>
Headers:		Accept=*/*
				Content-Type=application/json
Cookies:		<none>
Multiparts:		<none>
Body:			<none>
[
    {
        "business_unit_desc": "Calgary Housing",
        "facilityname": "#100 6704 6 ST SW",
        "site_id": "0020007253427",
        "facilityaddress": "#100 6704 6 ST SW",
        "energy_description": "Electricity",
        "year": "2016",
        "month": "May",
        "total_consumption": "327",
        "unit": "kWh"
    }
]
Request method:	GET
Request URI:	https://data.calgary.ca/resource/crbp-innf.json?site_id=0020007253427&month=Jun&year=2016&total_consumption=191
Proxy:			<none>
Request params:	<none>
Query params:	<none>
Form params:	<none>
Path params:	<none>
Headers:		Accept=*/*
				Content-Type=application/json
Cookies:		<none>
Multiparts:		<none>
Body:			<none>
[
    {
        "business_unit_desc": "Calgary Housing",
        "facilityname": "#100 6704 6 ST SW",
        "site_id": "0020007253427",
        "facilityaddress": "#100 6704 6 ST SW",
        "energy_description": "Electricity",
        "year": "2016",
        "month": "Jun",
        "total_consumption": "191",
        "unit": "kWh"
    }
]
Request method:	GET
Request URI:	https://data.calgary.ca/resource/crbp-innf.json?site_id=0020007253427&month=Jul&year=2016&total_consumption=62
Proxy:			<none>
Request params:	<none>
Query params:	<none>
Form params:	<none>
Path params:	<none>
Headers:		Accept=*/*
				Content-Type=application/json
Cookies:		<none>
Multiparts:		<none>
Body:			<none>
[
    {
        "business_unit_desc": "Calgary Housing",
        "facilityname": "#100 6704 6 ST SW",
        "site_id": "0020007253427",
        "facilityaddress": "#100 6704 6 ST SW",
        "energy_description": "Electricity",
        "year": "2016",
        "month": "Jul",
        "total_consumption": "62",
        "unit": "kWh"
    }
]
Request method:	GET
Request URI:	https://data.calgary.ca/resource/crbp-innf.json?site_id=0020007253427&month=Aug&year=2016&total_consumption=99
Proxy:			<none>
Request params:	<none>
Query params:	<none>
Form params:	<none>
Path params:	<none>
Headers:		Accept=*/*
				Content-Type=application/json
Cookies:		<none>
Multiparts:		<none>
Body:			<none>
[
    {
        "business_unit_desc": "Calgary Housing",
        "facilityname": "#100 6704 6 ST SW",
        "site_id": "0020007253427",
        "facilityaddress": "#100 6704 6 ST SW",
        "energy_description": "Electricity",
        "year": "2016",
        "month": "Aug",
        "total_consumption": "99",
        "unit": "kWh"
    }
]
Request method:	GET
Request URI:	https://data.calgary.ca/resource/crbp-innf.json?site_id=0020007253427&month=Sep&year=2016&total_consumption=60
Proxy:			<none>
Request params:	<none>
Query params:	<none>
Form params:	<none>
Path params:	<none>
Headers:		Accept=*/*
				Content-Type=application/json
Cookies:		<none>
Multiparts:		<none>
Body:			<none>
[
    {
        "business_unit_desc": "Calgary Housing",
        "facilityname": "#100 6704 6 ST SW",
        "site_id": "0020007253427",
        "facilityaddress": "#100 6704 6 ST SW",
        "energy_description": "Electricity",
        "year": "2016",
        "month": "Sep",
        "total_consumption": "60",
        "unit": "kWh"
    }
]
Request method:	GET
Request URI:	https://data.calgary.ca/resource/crbp-innf.json?site_id=0020007253427&month=Oct&year=2016&total_consumption=66
Proxy:			<none>
Request params:	<none>
Query params:	<none>
Form params:	<none>
Path params:	<none>
Headers:		Accept=*/*
				Content-Type=application/json
Cookies:		<none>
Multiparts:		<none>
Body:			<none>
[
    {
        "business_unit_desc": "Calgary Housing",
        "facilityname": "#100 6704 6 ST SW",
        "site_id": "0020007253427",
        "facilityaddress": "#100 6704 6 ST SW",
        "energy_description": "Electricity",
        "year": "2016",
        "month": "Oct",
        "total_consumption": "66",
        "unit": "kWh"
    }
]
Request method:	GET
Request URI:	https://data.calgary.ca/resource/crbp-innf.json?site_id=0020007253427&month=Nov&year=2016&total_consumption=115
Proxy:			<none>
Request params:	<none>
Query params:	<none>
Form params:	<none>
Path params:	<none>
Headers:		Accept=*/*
				Content-Type=application/json
Cookies:		<none>
Multiparts:		<none>
Body:			<none>
[
    {
        "business_unit_desc": "Calgary Housing",
        "facilityname": "#100 6704 6 ST SW",
        "site_id": "0020007253427",
        "facilityaddress": "#100 6704 6 ST SW",
        "energy_description": "Electricity",
        "year": "2016",
        "month": "Nov",
        "total_consumption": "115",
        "unit": "kWh"
    }
]
Request method:	GET
Request URI:	https://data.calgary.ca/resource/crbp-innf.json?site_id=0020007253427&month=Dec&year=2016&total_consumption=271
Proxy:			<none>
Request params:	<none>
Query params:	<none>
Form params:	<none>
Path params:	<none>
Headers:		Accept=*/*
				Content-Type=application/json
Cookies:		<none>
Multiparts:		<none>
Body:			<none>
[
    {
        "business_unit_desc": "Calgary Housing",
        "facilityname": "#100 6704 6 ST SW",
        "site_id": "0020007253427",
        "facilityaddress": "#100 6704 6 ST SW",
        "energy_description": "Electricity",
        "year": "2016",
        "month": "Dec",
        "total_consumption": "271",
        "unit": "kWh"
    }
]
Request method:	GET
Request URI:	https://data.calgary.ca/resource/crbp-innf.json?site_id=0020007253427&month=Jan&year=2017&total_consumption=258
Proxy:			<none>
Request params:	<none>
Query params:	<none>
Form params:	<none>
Path params:	<none>
Headers:		Accept=*/*
				Content-Type=application/json
Cookies:		<none>
Multiparts:		<none>
Body:			<none>
[
    {
        "business_unit_desc": "Calgary Housing",
        "facilityname": "#100 6704 6 ST SW",
        "site_id": "0020007253427",
        "facilityaddress": "#100 6704 6 ST SW",
        "energy_description": "Electricity",
        "year": "2017",
        "month": "Jan",
        "total_consumption": "258",
        "unit": "kWh"
    }
]
Request method:	GET
Request URI:	https://data.calgary.ca/resource/crbp-innf.json?site_id=0020007253427&month=Feb&year=2017&total_consumption=162
Proxy:			<none>
Request params:	<none>
Query params:	<none>
Form params:	<none>
Path params:	<none>
Headers:		Accept=*/*
				Content-Type=application/json
Cookies:		<none>
Multiparts:		<none>
Body:			<none>
[
    {
        "business_unit_desc": "Calgary Housing",
        "facilityname": "#100 6704 6 ST SW",
        "site_id": "0020007253427",
        "facilityaddress": "#100 6704 6 ST SW",
        "energy_description": "Electricity",
        "year": "2017",
        "month": "Feb",
        "total_consumption": "162",
        "unit": "kWh"
    }
]
Request method:	GET
Request URI:	https://data.calgary.ca/resource/crbp-innf.json?site_id=0020007253427&month=Mar&year=2017&total_consumption=175
Proxy:			<none>
Request params:	<none>
Query params:	<none>
Form params:	<none>
Path params:	<none>
Headers:		Accept=*/*
				Content-Type=application/json
Cookies:		<none>
Multiparts:		<none>
Body:			<none>
[
    {
        "business_unit_desc": "Calgary Housing",
        "facilityname": "#100 6704 6 ST SW",
        "site_id": "0020007253427",
        "facilityaddress": "#100 6704 6 ST SW",
        "energy_description": "Electricity",
        "year": "2017",
        "month": "Mar",
        "total_consumption": "175",
        "unit": "kWh"
    }
]
Request method:	GET
Request URI:	https://data.calgary.ca/resource/crbp-innf.json?site_id=0020007253427&month=Apr&year=2017&total_consumption=141
Proxy:			<none>
Request params:	<none>
Query params:	<none>
Form params:	<none>
Path params:	<none>
Headers:		Accept=*/*
				Content-Type=application/json
Cookies:		<none>
Multiparts:		<none>
Body:			<none>
[
    {
        "business_unit_desc": "Calgary Housing",
        "facilityname": "#100 6704 6 ST SW",
        "site_id": "0020007253427",
        "facilityaddress": "#100 6704 6 ST SW",
        "energy_description": "Electricity",
        "year": "2017",
        "month": "Apr",
        "total_consumption": "141",
        "unit": "kWh"
    }
]
Request method:	GET
Request URI:	https://data.calgary.ca/resource/crbp-innf.json?site_id=0020007253427&month=May&year=2017&total_consumption=114
Proxy:			<none>
Request params:	<none>
Query params:	<none>
Form params:	<none>
Path params:	<none>
Headers:		Accept=*/*
				Content-Type=application/json
Cookies:		<none>
Multiparts:		<none>
Body:			<none>
[
    {
        "business_unit_desc": "Calgary Housing",
        "facilityname": "#100 6704 6 ST SW",
        "site_id": "0020007253427",
        "facilityaddress": "#100 6704 6 ST SW",
        "energy_description": "Electricity",
        "year": "2017",
        "month": "May",
        "total_consumption": "114",
        "unit": "kWh"
    }
]
Request method:	GET
Request URI:	https://data.calgary.ca/resource/crbp-innf.json?site_id=0020007253427&month=Jun&year=2017&total_consumption=90
Proxy:			<none>
Request params:	<none>
Query params:	<none>
Form params:	<none>
Path params:	<none>
Headers:		Accept=*/*
				Content-Type=application/json
Cookies:		<none>
Multiparts:		<none>
Body:			<none>
[
    {
        "business_unit_desc": "Calgary Housing",
        "facilityname": "#100 6704 6 ST SW",
        "site_id": "0020007253427",
        "facilityaddress": "#100 6704 6 ST SW",
        "energy_description": "Electricity",
        "year": "2017",
        "month": "Jun",
        "total_consumption": "90",
        "unit": "kWh"
    }
]
Request method:	GET
Request URI:	https://data.calgary.ca/resource/crbp-innf.json?site_id=0020007253427&month=Jul&year=2017&total_consumption=79
Proxy:			<none>
Request params:	<none>
Query params:	<none>
Form params:	<none>
Path params:	<none>
Headers:		Accept=*/*
				Content-Type=application/json
Cookies:		<none>
Multiparts:		<none>
Body:			<none>
[
    {
        "business_unit_desc": "Calgary Housing",
        "facilityname": "#100 6704 6 ST SW",
        "site_id": "0020007253427",
        "facilityaddress": "#100 6704 6 ST SW",
        "energy_description": "Electricity",
        "year": "2017",
        "month": "Jul",
        "total_consumption": "79",
        "unit": "kWh"
    }
]
Request method:	GET
Request URI:	https://data.calgary.ca/resource/crbp-innf.json?site_id=0020007253427&month=Aug&year=2017&total_consumption=88
Proxy:			<none>
Request params:	<none>
Query params:	<none>
Form params:	<none>
Path params:	<none>
Headers:		Accept=*/*
				Content-Type=application/json
Cookies:		<none>
Multiparts:		<none>
Body:			<none>
[
    {
        "business_unit_desc": "Calgary Housing",
        "facilityname": "#100 6704 6 ST SW",
        "site_id": "0020007253427",
        "facilityaddress": "#100 6704 6 ST SW",
        "energy_description": "Electricity",
        "year": "2017",
        "month": "Aug",
        "total_consumption": "88",
        "unit": "kWh"
    }
]
Request method:	GET
Request URI:	https://data.calgary.ca/resource/crbp-innf.json?site_id=0020007253427&month=Sep&year=2017&total_consumption=129
Proxy:			<none>
Request params:	<none>
Query params:	<none>
Form params:	<none>
Path params:	<none>
Headers:		Accept=*/*
				Content-Type=application/json
Cookies:		<none>
Multiparts:		<none>
Body:			<none>
[
    {
        "business_unit_desc": "Calgary Housing",
        "facilityname": "#100 6704 6 ST SW",
        "site_id": "0020007253427",
        "facilityaddress": "#100 6704 6 ST SW",
        "energy_description": "Electricity",
        "year": "2017",
        "month": "Sep",
        "total_consumption": "129",
        "unit": "kWh"
    }
]
Request method:	GET
Request URI:	https://data.calgary.ca/resource/crbp-innf.json?site_id=0020007253427&month=Oct&year=2017&total_consumption=147
Proxy:			<none>
Request params:	<none>
Query params:	<none>
Form params:	<none>
Path params:	<none>
Headers:		Accept=*/*
				Content-Type=application/json
Cookies:		<none>
Multiparts:		<none>
Body:			<none>
[
    {
        "business_unit_desc": "Calgary Housing",
        "facilityname": "#100 6704 6 ST SW",
        "site_id": "0020007253427",
        "facilityaddress": "#100 6704 6 ST SW",
        "energy_description": "Electricity",
        "year": "2017",
        "month": "Oct",
        "total_consumption": "147",
        "unit": "kWh"
    }
]
Request method:	GET
Request URI:	https://data.calgary.ca/resource/crbp-innf.json?site_id=0020007253427&month=Nov&year=2017&total_consumption=137
Proxy:			<none>
Request params:	<none>
Query params:	<none>
Form params:	<none>
Path params:	<none>
Headers:		Accept=*/*
				Content-Type=application/json
Cookies:		<none>
Multiparts:		<none>
Body:			<none>
[
    {
        "business_unit_desc": "Calgary Housing",
        "facilityname": "#100 6704 6 ST SW",
        "site_id": "0020007253427",
        "facilityaddress": "#100 6704 6 ST SW",
        "energy_description": "Electricity",
        "year": "2017",
        "month": "Nov",
        "total_consumption": "137",
        "unit": "kWh"
    }
]
Request method:	GET
Request URI:	https://data.calgary.ca/resource/crbp-innf.json?site_id=0020007253427&month=Dec&year=2017&total_consumption=362
Proxy:			<none>
Request params:	<none>
Query params:	<none>
Form params:	<none>
Path params:	<none>
Headers:		Accept=*/*
				Content-Type=application/json
Cookies:		<none>
Multiparts:		<none>
Body:			<none>
[
    {
        "business_unit_desc": "Calgary Housing",
        "facilityname": "#100 6704 6 ST SW",
        "site_id": "0020007253427",
        "facilityaddress": "#100 6704 6 ST SW",
        "energy_description": "Electricity",
        "year": "2017",
        "month": "Dec",
        "total_consumption": "362",
        "unit": "kWh"
    }
]
Request method:	GET
Request URI:	https://data.calgary.ca/resource/crbp-innf.json?site_id=0020007253427&month=Jan&year=2018&total_consumption=532
Proxy:			<none>
Request params:	<none>
Query params:	<none>
Form params:	<none>
Path params:	<none>
Headers:		Accept=*/*
				Content-Type=application/json
Cookies:		<none>
Multiparts:		<none>
Body:			<none>
[
    {
        "business_unit_desc": "Calgary Housing",
        "facilityname": "#100 6704 6 ST SW",
        "site_id": "0020007253427",
        "facilityaddress": "#100 6704 6 ST SW",
        "energy_description": "Electricity",
        "year": "2018",
        "month": "Jan",
        "total_consumption": "532",
        "unit": "kWh"
    }
]
Request method:	GET
Request URI:	https://data.calgary.ca/resource/crbp-innf.json?site_id=0020007253427&month=Feb&year=2018&total_consumption=413
Proxy:			<none>
Request params:	<none>
Query params:	<none>
Form params:	<none>
Path params:	<none>
Headers:		Accept=*/*
				Content-Type=application/json
Cookies:		<none>
Multiparts:		<none>
Body:			<none>
[
    {
        "business_unit_desc": "Calgary Housing",
        "facilityname": "#100 6704 6 ST SW",
        "site_id": "0020007253427",
        "facilityaddress": "#100 6704 6 ST SW",
        "energy_description": "Electricity",
        "year": "2018",
        "month": "Feb",
        "total_consumption": "413",
        "unit": "kWh"
    }
]
Request method:	GET
Request URI:	https://data.calgary.ca/resource/crbp-innf.json?site_id=0020007253427&month=Mar&year=2018&total_consumption=201
Proxy:			<none>
Request params:	<none>
Query params:	<none>
Form params:	<none>
Path params:	<none>
Headers:		Accept=*/*
				Content-Type=application/json
Cookies:		<none>
Multiparts:		<none>
Body:			<none>
[
    {
        "business_unit_desc": "Calgary Housing",
        "facilityname": "#100 6704 6 ST SW",
        "site_id": "0020007253427",
        "facilityaddress": "#100 6704 6 ST SW",
        "energy_description": "Electricity",
        "year": "2018",
        "month": "Mar",
        "total_consumption": "201",
        "unit": "kWh"
    }
]
Request method:	GET
Request URI:	https://data.calgary.ca/resource/crbp-innf.json?site_id=0020007253444&month=Mar&year=2016&total_consumption=1
Proxy:			<none>
Request params:	<none>
Query params:	<none>
Form params:	<none>
Path params:	<none>
Headers:		Accept=*/*
				Content-Type=application/json
Cookies:		<none>
Multiparts:		<none>
Body:			<none>
[
    {
        "business_unit_desc": "Calgary Housing",
        "facilityname": "#100 6704 6 ST SW",
        "site_id": "0020007253444",
        "facilityaddress": "#100 6704 6 ST SW",
        "energy_description": "Electricity",
        "year": "2016",
        "month": "Mar",
        "total_consumption": "1",
        "unit": "kWh"
    }
]
Request method:	GET
Request URI:	https://data.calgary.ca/resource/crbp-innf.json?site_id=0020007253444&month=Apr&year=2016&total_consumption=2
Proxy:			<none>
Request params:	<none>
Query params:	<none>
Form params:	<none>
Path params:	<none>
Headers:		Accept=*/*
				Content-Type=application/json
Cookies:		<none>
Multiparts:		<none>
Body:			<none>
[
    {
        "business_unit_desc": "Calgary Housing",
        "facilityname": "#100 6704 6 ST SW",
        "site_id": "0020007253444",
        "facilityaddress": "#100 6704 6 ST SW",
        "energy_description": "Electricity",
        "year": "2016",
        "month": "Apr",
        "total_consumption": "2",
        "unit": "kWh"
    }
]
Request method:	GET
Request URI:	https://data.calgary.ca/resource/crbp-innf.json?site_id=0020007253444&month=May&year=2016&total_consumption=175
Proxy:			<none>
Request params:	<none>
Query params:	<none>
Form params:	<none>
Path params:	<none>
Headers:		Accept=*/*
				Content-Type=application/json
Cookies:		<none>
Multiparts:		<none>
Body:			<none>
[
    {
        "business_unit_desc": "Calgary Housing",
        "facilityname": "#100 6704 6 ST SW",
        "site_id": "0020007253444",
        "facilityaddress": "#100 6704 6 ST SW",
        "energy_description": "Electricity",
        "year": "2016",
        "month": "May",
        "total_consumption": "175",
        "unit": "kWh"
    }
]
Request method:	GET
Request URI:	https://data.calgary.ca/resource/crbp-innf.json?site_id=0020007253444&month=Jun&year=2016&total_consumption=161
Proxy:			<none>
Request params:	<none>
Query params:	<none>
Form params:	<none>
Path params:	<none>
Headers:		Accept=*/*
				Content-Type=application/json
Cookies:		<none>
Multiparts:		<none>
Body:			<none>
[
    {
        "business_unit_desc": "Calgary Housing",
        "facilityname": "#100 6704 6 ST SW",
        "site_id": "0020007253444",
        "facilityaddress": "#100 6704 6 ST SW",
        "energy_description": "Electricity",
        "year": "2016",
        "month": "Jun",
        "total_consumption": "161",
        "unit": "kWh"
    }
]
Request method:	GET
Request URI:	https://data.calgary.ca/resource/crbp-innf.json?site_id=0020007253444&month=Jul&year=2016&total_consumption=102
Proxy:			<none>
Request params:	<none>
Query params:	<none>
Form params:	<none>
Path params:	<none>
Headers:		Accept=*/*
				Content-Type=application/json
Cookies:		<none>
Multiparts:		<none>
Body:			<none>
[
    {
        "business_unit_desc": "Calgary Housing",
        "facilityname": "#100 6704 6 ST SW",
        "site_id": "0020007253444",
        "facilityaddress": "#100 6704 6 ST SW",
        "energy_description": "Electricity",
        "year": "2016",
        "month": "Jul",
        "total_consumption": "102",
        "unit": "kWh"
    }
]
Request method:	GET
Request URI:	https://data.calgary.ca/resource/crbp-innf.json?site_id=0020007253444&month=Aug&year=2016&total_consumption=124
Proxy:			<none>
Request params:	<none>
Query params:	<none>
Form params:	<none>
Path params:	<none>
Headers:		Accept=*/*
				Content-Type=application/json
Cookies:		<none>
Multiparts:		<none>
Body:			<none>
[
    {
        "business_unit_desc": "Calgary Housing",
        "facilityname": "#100 6704 6 ST SW",
        "site_id": "0020007253444",
        "facilityaddress": "#100 6704 6 ST SW",
        "energy_description": "Electricity",
        "year": "2016",
        "month": "Aug",
        "total_consumption": "124",
        "unit": "kWh"
    }
]
Request method:	GET
Request URI:	https://data.calgary.ca/resource/crbp-innf.json?site_id=0020007253444&month=Sep&year=2016&total_consumption=72
Proxy:			<none>
Request params:	<none>
Query params:	<none>
Form params:	<none>
Path params:	<none>
Headers:		Accept=*/*
				Content-Type=application/json
Cookies:		<none>
Multiparts:		<none>
Body:			<none>
[
    {
        "business_unit_desc": "Calgary Housing",
        "facilityname": "#100 6704 6 ST SW",
        "site_id": "0020007253444",
        "facilityaddress": "#100 6704 6 ST SW",
        "energy_description": "Electricity",
        "year": "2016",
        "month": "Sep",
        "total_consumption": "72",
        "unit": "kWh"
    }
]
Request method:	GET
Request URI:	https://data.calgary.ca/resource/crbp-innf.json?site_id=0020007253444&month=Oct&year=2016&total_consumption=92
Proxy:			<none>
Request params:	<none>
Query params:	<none>
Form params:	<none>
Path params:	<none>
Headers:		Accept=*/*
				Content-Type=application/json
Cookies:		<none>
Multiparts:		<none>
Body:			<none>
[
    {
        "business_unit_desc": "Calgary Housing",
        "facilityname": "#100 6704 6 ST SW",
        "site_id": "0020007253444",
        "facilityaddress": "#100 6704 6 ST SW",
        "energy_description": "Electricity",
        "year": "2016",
        "month": "Oct",
        "total_consumption": "92",
        "unit": "kWh"
    }
]
Request method:	GET
Request URI:	https://data.calgary.ca/resource/crbp-innf.json?site_id=0020007253444&month=Nov&year=2016&total_consumption=153
Proxy:			<none>
Request params:	<none>
Query params:	<none>
Form params:	<none>
Path params:	<none>
Headers:		Accept=*/*
				Content-Type=application/json
Cookies:		<none>
Multiparts:		<none>
Body:			<none>
[
    {
        "business_unit_desc": "Calgary Housing",
        "facilityname": "#100 6704 6 ST SW",
        "site_id": "0020007253444",
        "facilityaddress": "#100 6704 6 ST SW",
        "energy_description": "Electricity",
        "year": "2016",
        "month": "Nov",
        "total_consumption": "153",
        "unit": "kWh"
    }
]
Request method:	GET
Request URI:	https://data.calgary.ca/resource/crbp-innf.json?site_id=0020007253444&month=Dec&year=2016&total_consumption=236
Proxy:			<none>
Request params:	<none>
Query params:	<none>
Form params:	<none>
Path params:	<none>
Headers:		Accept=*/*
				Content-Type=application/json
Cookies:		<none>
Multiparts:		<none>
Body:			<none>
[
    {
        "business_unit_desc": "Calgary Housing",
        "facilityname": "#100 6704 6 ST SW",
        "site_id": "0020007253444",
        "facilityaddress": "#100 6704 6 ST SW",
        "energy_description": "Electricity",
        "year": "2016",
        "month": "Dec",
        "total_consumption": "236",
        "unit": "kWh"
    }
]
Request method:	GET
Request URI:	https://data.calgary.ca/resource/crbp-innf.json?site_id=0020007253444&month=Jan&year=2017&total_consumption=233
Proxy:			<none>
Request params:	<none>
Query params:	<none>
Form params:	<none>
Path params:	<none>
Headers:		Accept=*/*
				Content-Type=application/json
Cookies:		<none>
Multiparts:		<none>
Body:			<none>
[
    {
        "business_unit_desc": "Calgary Housing",
        "facilityname": "#100 6704 6 ST SW",
        "site_id": "0020007253444",
        "facilityaddress": "#100 6704 6 ST SW",
        "energy_description": "Electricity",
        "year": "2017",
        "month": "Jan",
        "total_consumption": "233",
        "unit": "kWh"
    }
]
Request method:	GET
Request URI:	https://data.calgary.ca/resource/crbp-innf.json?site_id=0020007253444&month=Feb&year=2017&total_consumption=287
Proxy:			<none>
Request params:	<none>
Query params:	<none>
Form params:	<none>
Path params:	<none>
Headers:		Accept=*/*
				Content-Type=application/json
Cookies:		<none>
Multiparts:		<none>
Body:			<none>
[
    {
        "business_unit_desc": "Calgary Housing",
        "facilityname": "#100 6704 6 ST SW",
        "site_id": "0020007253444",
        "facilityaddress": "#100 6704 6 ST SW",
        "energy_description": "Electricity",
        "year": "2017",
        "month": "Feb",
        "total_consumption": "287",
        "unit": "kWh"
    }
]
Request method:	GET
Request URI:	https://data.calgary.ca/resource/crbp-innf.json?site_id=0020007253444&month=Mar&year=2017&total_consumption=389
Proxy:			<none>
Request params:	<none>
Query params:	<none>
Form params:	<none>
Path params:	<none>
Headers:		Accept=*/*
				Content-Type=application/json
Cookies:		<none>
Multiparts:		<none>
Body:			<none>
[
    {
        "business_unit_desc": "Calgary Housing",
        "facilityname": "#100 6704 6 ST SW",
        "site_id": "0020007253444",
        "facilityaddress": "#100 6704 6 ST SW",
        "energy_description": "Electricity",
        "year": "2017",
        "month": "Mar",
        "total_consumption": "389",
        "unit": "kWh"
    }
]
Request method:	GET
Request URI:	https://data.calgary.ca/resource/crbp-innf.json?site_id=0020007253444&month=Apr&year=2017&total_consumption=440
Proxy:			<none>
Request params:	<none>
Query params:	<none>
Form params:	<none>
Path params:	<none>
Headers:		Accept=*/*
				Content-Type=application/json
Cookies:		<none>
Multiparts:		<none>
Body:			<none>
[
    {
        "business_unit_desc": "Calgary Housing",
        "facilityname": "#100 6704 6 ST SW",
        "site_id": "0020007253444",
        "facilityaddress": "#100 6704 6 ST SW",
        "energy_description": "Electricity",
        "year": "2017",
        "month": "Apr",
        "total_consumption": "440",
        "unit": "kWh"
    }
]
Request method:	GET
Request URI:	https://data.calgary.ca/resource/crbp-innf.json?site_id=0020007253444&month=May&year=2017&total_consumption=210
Proxy:			<none>
Request params:	<none>
Query params:	<none>
Form params:	<none>
Path params:	<none>
Headers:		Accept=*/*
				Content-Type=application/json
Cookies:		<none>
Multiparts:		<none>
Body:			<none>
[
    {
        "business_unit_desc": "Calgary Housing",
        "facilityname": "#100 6704 6 ST SW",
        "site_id": "0020007253444",
        "facilityaddress": "#100 6704 6 ST SW",
        "energy_description": "Electricity",
        "year": "2017",
        "month": "May",
        "total_consumption": "210",
        "unit": "kWh"
    }
]
Request method:	GET
Request URI:	https://data.calgary.ca/resource/crbp-innf.json?site_id=0020007253444&month=Jun&year=2017&total_consumption=64
Proxy:			<none>
Request params:	<none>
Query params:	<none>
Form params:	<none>
Path params:	<none>
Headers:		Accept=*/*
				Content-Type=application/json
Cookies:		<none>
Multiparts:		<none>
Body:			<none>
[
    {
        "business_unit_desc": "Calgary Housing",
        "facilityname": "#100 6704 6 ST SW",
        "site_id": "0020007253444",
        "facilityaddress": "#100 6704 6 ST SW",
        "energy_description": "Electricity",
        "year": "2017",
        "month": "Jun",
        "total_consumption": "64",
        "unit": "kWh"
    }
]
Request method:	GET
Request URI:	https://data.calgary.ca/resource/crbp-innf.json?site_id=0020007253444&month=Jul&year=2017&total_consumption=65
Proxy:			<none>
Request params:	<none>
Query params:	<none>
Form params:	<none>
Path params:	<none>
Headers:		Accept=*/*
				Content-Type=application/json
Cookies:		<none>
Multiparts:		<none>
Body:			<none>
[
    {
        "business_unit_desc": "Calgary Housing",
        "facilityname": "#100 6704 6 ST SW",
        "site_id": "0020007253444",
        "facilityaddress": "#100 6704 6 ST SW",
        "energy_description": "Electricity",
        "year": "2017",
        "month": "Jul",
        "total_consumption": "65",
        "unit": "kWh"
    }
]
Request method:	GET
Request URI:	https://data.calgary.ca/resource/crbp-innf.json?site_id=0020007253444&month=Aug&year=2017&total_consumption=91
Proxy:			<none>
Request params:	<none>
Query params:	<none>
Form params:	<none>
Path params:	<none>
Headers:		Accept=*/*
				Content-Type=application/json
Cookies:		<none>
Multiparts:		<none>
Body:			<none>
[
    {
        "business_unit_desc": "Calgary Housing",
        "facilityname": "#100 6704 6 ST SW",
        "site_id": "0020007253444",
        "facilityaddress": "#100 6704 6 ST SW",
        "energy_description": "Electricity",
        "year": "2017",
        "month": "Aug",
        "total_consumption": "91",
        "unit": "kWh"
    }
]
Request method:	GET
Request URI:	https://data.calgary.ca/resource/crbp-innf.json?site_id=0020007253444&month=Sep&year=2017&total_consumption=139
Proxy:			<none>
Request params:	<none>
Query params:	<none>
Form params:	<none>
Path params:	<none>
Headers:		Accept=*/*
				Content-Type=application/json
Cookies:		<none>
Multiparts:		<none>
Body:			<none>
[
    {
        "business_unit_desc": "Calgary Housing",
        "facilityname": "#100 6704 6 ST SW",
        "site_id": "0020007253444",
        "facilityaddress": "#100 6704 6 ST SW",
        "energy_description": "Electricity",
        "year": "2017",
        "month": "Sep",
        "total_consumption": "139",
        "unit": "kWh"
    }
]
Request method:	GET
Request URI:	https://data.calgary.ca/resource/crbp-innf.json?site_id=0020007253444&month=Oct&year=2017&total_consumption=136
Proxy:			<none>
Request params:	<none>
Query params:	<none>
Form params:	<none>
Path params:	<none>
Headers:		Accept=*/*
				Content-Type=application/json
Cookies:		<none>
Multiparts:		<none>
Body:			<none>
[
    {
        "business_unit_desc": "Calgary Housing",
        "facilityname": "#100 6704 6 ST SW",
        "site_id": "0020007253444",
        "facilityaddress": "#100 6704 6 ST SW",
        "energy_description": "Electricity",
        "year": "2017",
        "month": "Oct",
        "total_consumption": "136",
        "unit": "kWh"
    }
]
Request method:	GET
Request URI:	https://data.calgary.ca/resource/crbp-innf.json?site_id=0020007253444&month=Nov&year=2017&total_consumption=95
Proxy:			<none>
Request params:	<none>
Query params:	<none>
Form params:	<none>
Path params:	<none>
Headers:		Accept=*/*
				Content-Type=application/json
Cookies:		<none>
Multiparts:		<none>
Body:			<none>
[
    {
        "business_unit_desc": "Calgary Housing",
        "facilityname": "#100 6704 6 ST SW",
        "site_id": "0020007253444",
        "facilityaddress": "#100 6704 6 ST SW",
        "energy_description": "Electricity",
        "year": "2017",
        "month": "Nov",
        "total_consumption": "95",
        "unit": "kWh"
    }
]
Request method:	GET
Request URI:	https://data.calgary.ca/resource/crbp-innf.json?site_id=0020007253444&month=Dec&year=2017&total_consumption=433
Proxy:			<none>
Request params:	<none>
Query params:	<none>
Form params:	<none>
Path params:	<none>
Headers:		Accept=*/*
				Content-Type=application/json
Cookies:		<none>
Multiparts:		<none>
Body:			<none>
[
    {
        "business_unit_desc": "Calgary Housing",
        "facilityname": "#100 6704 6 ST SW",
        "site_id": "0020007253444",
        "facilityaddress": "#100 6704 6 ST SW",
        "energy_description": "Electricity",
        "year": "2017",
        "month": "Dec",
        "total_consumption": "433",
        "unit": "kWh"
    }
]
Request method:	GET
Request URI:	https://data.calgary.ca/resource/crbp-innf.json?site_id=0020007253444&month=Jan&year=2018&total_consumption=844
Proxy:			<none>
Request params:	<none>
Query params:	<none>
Form params:	<none>
Path params:	<none>
Headers:		Accept=*/*
				Content-Type=application/json
Cookies:		<none>
Multiparts:		<none>
Body:			<none>
[
    {
        "business_unit_desc": "Calgary Housing",
        "facilityname": "#100 6704 6 ST SW",
        "site_id": "0020007253444",
        "facilityaddress": "#100 6704 6 ST SW",
        "energy_description": "Electricity",
        "year": "2018",
        "month": "Jan",
        "total_consumption": "844",
        "unit": "kWh"
    }
]
Request method:	GET
Request URI:	https://data.calgary.ca/resource/crbp-innf.json?site_id=0020007253444&month=Feb&year=2018&total_consumption=727
Proxy:			<none>
Request params:	<none>
Query params:	<none>
Form params:	<none>
Path params:	<none>
Headers:		Accept=*/*
				Content-Type=application/json
Cookies:		<none>
Multiparts:		<none>
Body:			<none>
[
    {
        "business_unit_desc": "Calgary Housing",
        "facilityname": "#100 6704 6 ST SW",
        "site_id": "0020007253444",
        "facilityaddress": "#100 6704 6 ST SW",
        "energy_description": "Electricity",
        "year": "2018",
        "month": "Feb",
        "total_consumption": "727",
        "unit": "kWh"
    }
]
Request method:	GET
Request URI:	https://data.calgary.ca/resource/crbp-innf.json?site_id=0020007253444&month=Mar&year=2018&total_consumption=291
Proxy:			<none>
Request params:	<none>
Query params:	<none>
Form params:	<none>
Path params:	<none>
Headers:		Accept=*/*
				Content-Type=application/json
Cookies:		<none>
Multiparts:		<none>
Body:			<none>
[
    {
        "business_unit_desc": "Calgary Housing",
        "facilityname": "#100 6704 6 ST SW",
        "site_id": "0020007253444",
        "facilityaddress": "#100 6704 6 ST SW",
        "energy_description": "Electricity",
        "year": "2018",
        "month": "Mar",
        "total_consumption": "291",
        "unit": "kWh"
    }
]
Request method:	GET
Request URI:	https://data.calgary.ca/resource/crbp-innf.json?site_id=0020007253457&month=Mar&year=2016&total_consumption=1
Proxy:			<none>
Request params:	<none>
Query params:	<none>
Form params:	<none>
Path params:	<none>
Headers:		Accept=*/*
				Content-Type=application/json
Cookies:		<none>
Multiparts:		<none>
Body:			<none>
[
    {
        "business_unit_desc": "Calgary Housing",
        "facilityname": "#100 6704 6 ST SW",
        "site_id": "0020007253457",
        "facilityaddress": "#100 6704 6 ST SW",
        "energy_description": "Electricity",
        "year": "2016",
        "month": "Mar",
        "total_consumption": "1",
        "unit": "kWh"
    }
]
Request method:	GET
Request URI:	https://data.calgary.ca/resource/crbp-innf.json?site_id=0020007253457&month=Apr&year=2016&total_consumption=2
Proxy:			<none>
Request params:	<none>
Query params:	<none>
Form params:	<none>
Path params:	<none>
Headers:		Accept=*/*
				Content-Type=application/json
Cookies:		<none>
Multiparts:		<none>
Body:			<none>
[
    {
        "business_unit_desc": "Calgary Housing",
        "facilityname": "#100 6704 6 ST SW",
        "site_id": "0020007253457",
        "facilityaddress": "#100 6704 6 ST SW",
        "energy_description": "Electricity",
        "year": "2016",
        "month": "Apr",
        "total_consumption": "2",
        "unit": "kWh"
    }
]
Request method:	GET
Request URI:	https://data.calgary.ca/resource/crbp-innf.json?site_id=0020007253457&month=May&year=2016&total_consumption=233
Proxy:			<none>
Request params:	<none>
Query params:	<none>
Form params:	<none>
Path params:	<none>
Headers:		Accept=*/*
				Content-Type=application/json
Cookies:		<none>
Multiparts:		<none>
Body:			<none>
[
    {
        "business_unit_desc": "Calgary Housing",
        "facilityname": "#100 6704 6 ST SW",
        "site_id": "0020007253457",
        "facilityaddress": "#100 6704 6 ST SW",
        "energy_description": "Electricity",
        "year": "2016",
        "month": "May",
        "total_consumption": "233",
        "unit": "kWh"
    }
]
Request method:	GET
Request URI:	https://data.calgary.ca/resource/crbp-innf.json?site_id=0020007253457&month=Jun&year=2016&total_consumption=209
Proxy:			<none>
Request params:	<none>
Query params:	<none>
Form params:	<none>
Path params:	<none>
Headers:		Accept=*/*
				Content-Type=application/json
Cookies:		<none>
Multiparts:		<none>
Body:			<none>
[
    {
        "business_unit_desc": "Calgary Housing",
        "facilityname": "#100 6704 6 ST SW",
        "site_id": "0020007253457",
        "facilityaddress": "#100 6704 6 ST SW",
        "energy_description": "Electricity",
        "year": "2016",
        "month": "Jun",
        "total_consumption": "209",
        "unit": "kWh"
    }
]
Request method:	GET
Request URI:	https://data.calgary.ca/resource/crbp-innf.json?site_id=0020007253457&month=Jul&year=2016&total_consumption=101
Proxy:			<none>
Request params:	<none>
Query params:	<none>
Form params:	<none>
Path params:	<none>
Headers:		Accept=*/*
				Content-Type=application/json
Cookies:		<none>
Multiparts:		<none>
Body:			<none>
[
    {
        "business_unit_desc": "Calgary Housing",
        "facilityname": "#100 6704 6 ST SW",
        "site_id": "0020007253457",
        "facilityaddress": "#100 6704 6 ST SW",
        "energy_description": "Electricity",
        "year": "2016",
        "month": "Jul",
        "total_consumption": "101",
        "unit": "kWh"
    }
]
Request method:	GET
Request URI:	https://data.calgary.ca/resource/crbp-innf.json?site_id=0020007253457&month=Aug&year=2016&total_consumption=131
Proxy:			<none>
Request params:	<none>
Query params:	<none>
Form params:	<none>
Path params:	<none>
Headers:		Accept=*/*
				Content-Type=application/json
Cookies:		<none>
Multiparts:		<none>
Body:			<none>
[
    {
        "business_unit_desc": "Calgary Housing",
        "facilityname": "#100 6704 6 ST SW",
        "site_id": "0020007253457",
        "facilityaddress": "#100 6704 6 ST SW",
        "energy_description": "Electricity",
        "year": "2016",
        "month": "Aug",
        "total_consumption": "131",
        "unit": "kWh"
    }
]
Request method:	GET
Request URI:	https://data.calgary.ca/resource/crbp-innf.json?site_id=0020007253457&month=Sep&year=2016&total_consumption=97
Proxy:			<none>
Request params:	<none>
Query params:	<none>
Form params:	<none>
Path params:	<none>
Headers:		Accept=*/*
				Content-Type=application/json
Cookies:		<none>
Multiparts:		<none>
Body:			<none>
[
    {
        "business_unit_desc": "Calgary Housing",
        "facilityname": "#100 6704 6 ST SW",
        "site_id": "0020007253457",
        "facilityaddress": "#100 6704 6 ST SW",
        "energy_description": "Electricity",
        "year": "2016",
        "month": "Sep",
        "total_consumption": "97",
        "unit": "kWh"
    }
]
Request method:	GET
Request URI:	https://data.calgary.ca/resource/crbp-innf.json?site_id=0020007253457&month=Oct&year=2016&total_consumption=82
Proxy:			<none>
Request params:	<none>
Query params:	<none>
Form params:	<none>
Path params:	<none>
Headers:		Accept=*/*
				Content-Type=application/json
Cookies:		<none>
Multiparts:		<none>
Body:			<none>
[
    {
        "business_unit_desc": "Calgary Housing",
        "facilityname": "#100 6704 6 ST SW",
        "site_id": "0020007253457",
        "facilityaddress": "#100 6704 6 ST SW",
        "energy_description": "Electricity",
        "year": "2016",
        "month": "Oct",
        "total_consumption": "82",
        "unit": "kWh"
    }
]
Request method:	GET
Request URI:	https://data.calgary.ca/resource/crbp-innf.json?site_id=0020007253457&month=Nov&year=2016&total_consumption=88
Proxy:			<none>
Request params:	<none>
Query params:	<none>
Form params:	<none>
Path params:	<none>
Headers:		Accept=*/*
				Content-Type=application/json
Cookies:		<none>
Multiparts:		<none>
Body:			<none>
[
    {
        "business_unit_desc": "Calgary Housing",
        "facilityname": "#100 6704 6 ST SW",
        "site_id": "0020007253457",
        "facilityaddress": "#100 6704 6 ST SW",
        "energy_description": "Electricity",
        "year": "2016",
        "month": "Nov",
        "total_consumption": "88",
        "unit": "kWh"
    }
]
Request method:	GET
Request URI:	https://data.calgary.ca/resource/crbp-innf.json?site_id=0020007253457&month=Dec&year=2016&total_consumption=275
Proxy:			<none>
Request params:	<none>
Query params:	<none>
Form params:	<none>
Path params:	<none>
Headers:		Accept=*/*
				Content-Type=application/json
Cookies:		<none>
Multiparts:		<none>
Body:			<none>
[
    {
        "business_unit_desc": "Calgary Housing",
        "facilityname": "#100 6704 6 ST SW",
        "site_id": "0020007253457",
        "facilityaddress": "#100 6704 6 ST SW",
        "energy_description": "Electricity",
        "year": "2016",
        "month": "Dec",
        "total_consumption": "275",
        "unit": "kWh"
    }
]
Request method:	GET
Request URI:	https://data.calgary.ca/resource/crbp-innf.json?site_id=0020007253457&month=Jan&year=2017&total_consumption=457
Proxy:			<none>
Request params:	<none>
Query params:	<none>
Form params:	<none>
Path params:	<none>
Headers:		Accept=*/*
				Content-Type=application/json
Cookies:		<none>
Multiparts:		<none>
Body:			<none>
[
    {
        "business_unit_desc": "Calgary Housing",
        "facilityname": "#100 6704 6 ST SW",
        "site_id": "0020007253457",
        "facilityaddress": "#100 6704 6 ST SW",
        "energy_description": "Electricity",
        "year": "2017",
        "month": "Jan",
        "total_consumption": "457",
        "unit": "kWh"
    }
]
Request method:	GET
Request URI:	https://data.calgary.ca/resource/crbp-innf.json?site_id=0020007253457&month=Feb&year=2017&total_consumption=744
Proxy:			<none>
Request params:	<none>
Query params:	<none>
Form params:	<none>
Path params:	<none>
Headers:		Accept=*/*
				Content-Type=application/json
Cookies:		<none>
Multiparts:		<none>
Body:			<none>
[
    {
        "business_unit_desc": "Calgary Housing",
        "facilityname": "#100 6704 6 ST SW",
        "site_id": "0020007253457",
        "facilityaddress": "#100 6704 6 ST SW",
        "energy_description": "Electricity",
        "year": "2017",
        "month": "Feb",
        "total_consumption": "744",
        "unit": "kWh"
    }
]
Request method:	GET
Request URI:	https://data.calgary.ca/resource/crbp-innf.json?site_id=0020007253457&month=Mar&year=2017&total_consumption=564
Proxy:			<none>
Request params:	<none>
Query params:	<none>
Form params:	<none>
Path params:	<none>
Headers:		Accept=*/*
				Content-Type=application/json
Cookies:		<none>
Multiparts:		<none>
Body:			<none>
[
    {
        "business_unit_desc": "Calgary Housing",
        "facilityname": "#100 6704 6 ST SW",
        "site_id": "0020007253457",
        "facilityaddress": "#100 6704 6 ST SW",
        "energy_description": "Electricity",
        "year": "2017",
        "month": "Mar",
        "total_consumption": "564",
        "unit": "kWh"
    }
]
Request method:	GET
Request URI:	https://data.calgary.ca/resource/crbp-innf.json?site_id=0020007253457&month=Apr&year=2017&total_consumption=77
Proxy:			<none>
Request params:	<none>
Query params:	<none>
Form params:	<none>
Path params:	<none>
Headers:		Accept=*/*
				Content-Type=application/json
Cookies:		<none>
Multiparts:		<none>
Body:			<none>
[
    {
        "business_unit_desc": "Calgary Housing",
        "facilityname": "#100 6704 6 ST SW",
        "site_id": "0020007253457",
        "facilityaddress": "#100 6704 6 ST SW",
        "energy_description": "Electricity",
        "year": "2017",
        "month": "Apr",
        "total_consumption": "77",
        "unit": "kWh"
    }
]
Request method:	GET
Request URI:	https://data.calgary.ca/resource/crbp-innf.json?site_id=0020007253457&month=May&year=2017&total_consumption=75
Proxy:			<none>
Request params:	<none>
Query params:	<none>
Form params:	<none>
Path params:	<none>
Headers:		Accept=*/*
				Content-Type=application/json
Cookies:		<none>
Multiparts:		<none>
Body:			<none>
[
    {
        "business_unit_desc": "Calgary Housing",
        "facilityname": "#100 6704 6 ST SW",
        "site_id": "0020007253457",
        "facilityaddress": "#100 6704 6 ST SW",
        "energy_description": "Electricity",
        "year": "2017",
        "month": "May",
        "total_consumption": "75",
        "unit": "kWh"
    }
]
Request method:	GET
Request URI:	https://data.calgary.ca/resource/crbp-innf.json?site_id=0020007253457&month=Jun&year=2017&total_consumption=68
Proxy:			<none>
Request params:	<none>
Query params:	<none>
Form params:	<none>
Path params:	<none>
Headers:		Accept=*/*
				Content-Type=application/json
Cookies:		<none>
Multiparts:		<none>
Body:			<none>
[
    {
        "business_unit_desc": "Calgary Housing",
        "facilityname": "#100 6704 6 ST SW",
        "site_id": "0020007253457",
        "facilityaddress": "#100 6704 6 ST SW",
        "energy_description": "Electricity",
        "year": "2017",
        "month": "Jun",
        "total_consumption": "68",
        "unit": "kWh"
    }
]
Request method:	GET
Request URI:	https://data.calgary.ca/resource/crbp-innf.json?site_id=0020007253457&month=Jul&year=2017&total_consumption=57
Proxy:			<none>
Request params:	<none>
Query params:	<none>
Form params:	<none>
Path params:	<none>
Headers:		Accept=*/*
				Content-Type=application/json
Cookies:		<none>
Multiparts:		<none>
Body:			<none>
[
    {
        "business_unit_desc": "Calgary Housing",
        "facilityname": "#100 6704 6 ST SW",
        "site_id": "0020007253457",
        "facilityaddress": "#100 6704 6 ST SW",
        "energy_description": "Electricity",
        "year": "2017",
        "month": "Jul",
        "total_consumption": "57",
        "unit": "kWh"
    }
]
Request method:	GET
Request URI:	https://data.calgary.ca/resource/crbp-innf.json?site_id=0020007253457&month=Aug&year=2017&total_consumption=40
Proxy:			<none>
Request params:	<none>
Query params:	<none>
Form params:	<none>
Path params:	<none>
Headers:		Accept=*/*
				Content-Type=application/json
Cookies:		<none>
Multiparts:		<none>
Body:			<none>
[
    {
        "business_unit_desc": "Calgary Housing",
        "facilityname": "#100 6704 6 ST SW",
        "site_id": "0020007253457",
        "facilityaddress": "#100 6704 6 ST SW",
        "energy_description": "Electricity",
        "year": "2017",
        "month": "Aug",
        "total_consumption": "40",
        "unit": "kWh"
    }
]
Request method:	GET
Request URI:	https://data.calgary.ca/resource/crbp-innf.json?site_id=0020007253457&month=Sep&year=2017&total_consumption=56
Proxy:			<none>
Request params:	<none>
Query params:	<none>
Form params:	<none>
Path params:	<none>
Headers:		Accept=*/*
				Content-Type=application/json
Cookies:		<none>
Multiparts:		<none>
Body:			<none>
[
    {
        "business_unit_desc": "Calgary Housing",
        "facilityname": "#100 6704 6 ST SW",
        "site_id": "0020007253457",
        "facilityaddress": "#100 6704 6 ST SW",
        "energy_description": "Electricity",
        "year": "2017",
        "month": "Sep",
        "total_consumption": "56",
        "unit": "kWh"
    }
]
Request method:	GET
Request URI:	https://data.calgary.ca/resource/crbp-innf.json?site_id=0020007253457&month=Oct&year=2017&total_consumption=89
Proxy:			<none>
Request params:	<none>
Query params:	<none>
Form params:	<none>
Path params:	<none>
Headers:		Accept=*/*
				Content-Type=application/json
Cookies:		<none>
Multiparts:		<none>
Body:			<none>
[
    {
        "business_unit_desc": "Calgary Housing",
        "facilityname": "#100 6704 6 ST SW",
        "site_id": "0020007253457",
        "facilityaddress": "#100 6704 6 ST SW",
        "energy_description": "Electricity",
        "year": "2017",
        "month": "Oct",
        "total_consumption": "89",
        "unit": "kWh"
    }
]
Request method:	GET
Request URI:	https://data.calgary.ca/resource/crbp-innf.json?site_id=0020007253457&month=Nov&year=2017&total_consumption=109
Proxy:			<none>
Request params:	<none>
Query params:	<none>
Form params:	<none>
Path params:	<none>
Headers:		Accept=*/*
				Content-Type=application/json
Cookies:		<none>
Multiparts:		<none>
Body:			<none>
[
    {
        "business_unit_desc": "Calgary Housing",
        "facilityname": "#100 6704 6 ST SW",
        "site_id": "0020007253457",
        "facilityaddress": "#100 6704 6 ST SW",
        "energy_description": "Electricity",
        "year": "2017",
        "month": "Nov",
        "total_consumption": "109",
        "unit": "kWh"
    }
]
Request method:	GET
Request URI:	https://data.calgary.ca/resource/crbp-innf.json?site_id=0020007253457&month=Dec&year=2017&total_consumption=360
Proxy:			<none>
Request params:	<none>
Query params:	<none>
Form params:	<none>
Path params:	<none>
Headers:		Accept=*/*
				Content-Type=application/json
Cookies:		<none>
Multiparts:		<none>
Body:			<none>
[
    {
        "business_unit_desc": "Calgary Housing",
        "facilityname": "#100 6704 6 ST SW",
        "site_id": "0020007253457",
        "facilityaddress": "#100 6704 6 ST SW",
        "energy_description": "Electricity",
        "year": "2017",
        "month": "Dec",
        "total_consumption": "360",
        "unit": "kWh"
    }
]
Request method:	GET
Request URI:	https://data.calgary.ca/resource/crbp-innf.json?site_id=0020007253457&month=Jan&year=2018&total_consumption=738
Proxy:			<none>
Request params:	<none>
Query params:	<none>
Form params:	<none>
Path params:	<none>
Headers:		Accept=*/*
				Content-Type=application/json
Cookies:		<none>
Multiparts:		<none>
Body:			<none>
[
    {
        "business_unit_desc": "Calgary Housing",
        "facilityname": "#100 6704 6 ST SW",
        "site_id": "0020007253457",
        "facilityaddress": "#100 6704 6 ST SW",
        "energy_description": "Electricity",
        "year": "2018",
        "month": "Jan",
        "total_consumption": "738",
        "unit": "kWh"
    }
]
Request method:	GET
Request URI:	https://data.calgary.ca/resource/crbp-innf.json?site_id=0020007253457&month=Feb&year=2018&total_consumption=720
Proxy:			<none>
Request params:	<none>
Query params:	<none>
Form params:	<none>
Path params:	<none>
Headers:		Accept=*/*
				Content-Type=application/json
Cookies:		<none>
Multiparts:		<none>
Body:			<none>
[
    {
        "business_unit_desc": "Calgary Housing",
        "facilityname": "#100 6704 6 ST SW",
        "site_id": "0020007253457",
        "facilityaddress": "#100 6704 6 ST SW",
        "energy_description": "Electricity",
        "year": "2018",
        "month": "Feb",
        "total_consumption": "720",
        "unit": "kWh"
    }
]
Request method:	GET
Request URI:	https://data.calgary.ca/resource/crbp-innf.json?site_id=0020007253457&month=Mar&year=2018&total_consumption=356
Proxy:			<none>
Request params:	<none>
Query params:	<none>
Form params:	<none>
Path params:	<none>
Headers:		Accept=*/*
				Content-Type=application/json
Cookies:		<none>
Multiparts:		<none>
Body:			<none>
[
    {
        "business_unit_desc": "Calgary Housing",
        "facilityname": "#100 6704 6 ST SW",
        "site_id": "0020007253457",
        "facilityaddress": "#100 6704 6 ST SW",
        "energy_description": "Electricity",
        "year": "2018",
        "month": "Mar",
        "total_consumption": "356",
        "unit": "kWh"
    }
]
Request method:	GET
Request URI:	https://data.calgary.ca/resource/crbp-innf.json?site_id=0020007253474&month=Mar&year=2016&total_consumption=1
Proxy:			<none>
Request params:	<none>
Query params:	<none>
Form params:	<none>
Path params:	<none>
Headers:		Accept=*/*
				Content-Type=application/json
Cookies:		<none>
Multiparts:		<none>
Body:			<none>
[
    {
        "business_unit_desc": "Calgary Housing",
        "facilityname": "#100 6704 6 ST SW",
        "site_id": "0020007253474",
        "facilityaddress": "#100 6704 6 ST SW",
        "energy_description": "Electricity",
        "year": "2016",
        "month": "Mar",
        "total_consumption": "1",
        "unit": "kWh"
    }
]
Request method:	GET
Request URI:	https://data.calgary.ca/resource/crbp-innf.json?site_id=0020007253474&month=Apr&year=2016&total_consumption=2
Proxy:			<none>
Request params:	<none>
Query params:	<none>
Form params:	<none>
Path params:	<none>
Headers:		Accept=*/*
				Content-Type=application/json
Cookies:		<none>
Multiparts:		<none>
Body:			<none>
[
    {
        "business_unit_desc": "Calgary Housing",
        "facilityname": "#100 6704 6 ST SW",
        "site_id": "0020007253474",
        "facilityaddress": "#100 6704 6 ST SW",
        "energy_description": "Electricity",
        "year": "2016",
        "month": "Apr",
        "total_consumption": "2",
        "unit": "kWh"
    }
]
Request method:	GET
Request URI:	https://data.calgary.ca/resource/crbp-innf.json?site_id=0020007253474&month=May&year=2016&total_consumption=385
Proxy:			<none>
Request params:	<none>
Query params:	<none>
Form params:	<none>
Path params:	<none>
Headers:		Accept=*/*
				Content-Type=application/json
Cookies:		<none>
Multiparts:		<none>
Body:			<none>
[
    {
        "business_unit_desc": "Calgary Housing",
        "facilityname": "#100 6704 6 ST SW",
        "site_id": "0020007253474",
        "facilityaddress": "#100 6704 6 ST SW",
        "energy_description": "Electricity",
        "year": "2016",
        "month": "May",
        "total_consumption": "385",
        "unit": "kWh"
    }
]
Request method:	GET
Request URI:	https://data.calgary.ca/resource/crbp-innf.json?site_id=0020007253474&month=Jun&year=2016&total_consumption=317
Proxy:			<none>
Request params:	<none>
Query params:	<none>
Form params:	<none>
Path params:	<none>
Headers:		Accept=*/*
				Content-Type=application/json
Cookies:		<none>
Multiparts:		<none>
Body:			<none>
[
    {
        "business_unit_desc": "Calgary Housing",
        "facilityname": "#100 6704 6 ST SW",
        "site_id": "0020007253474",
        "facilityaddress": "#100 6704 6 ST SW",
        "energy_description": "Electricity",
        "year": "2016",
        "month": "Jun",
        "total_consumption": "317",
        "unit": "kWh"
    }
]
Request method:	GET
Request URI:	https://data.calgary.ca/resource/crbp-innf.json?site_id=0020007253474&month=Jul&year=2016&total_consumption=68
Proxy:			<none>
Request params:	<none>
Query params:	<none>
Form params:	<none>
Path params:	<none>
Headers:		Accept=*/*
				Content-Type=application/json
Cookies:		<none>
Multiparts:		<none>
Body:			<none>
[
    {
        "business_unit_desc": "Calgary Housing",
        "facilityname": "#100 6704 6 ST SW",
        "site_id": "0020007253474",
        "facilityaddress": "#100 6704 6 ST SW",
        "energy_description": "Electricity",
        "year": "2016",
        "month": "Jul",
        "total_consumption": "68",
        "unit": "kWh"
    }
]
Request method:	GET
Request URI:	https://data.calgary.ca/resource/crbp-innf.json?site_id=0020007253474&month=Aug&year=2016&total_consumption=88
Proxy:			<none>
Request params:	<none>
Query params:	<none>
Form params:	<none>
Path params:	<none>
Headers:		Accept=*/*
				Content-Type=application/json
Cookies:		<none>
Multiparts:		<none>
Body:			<none>
[
    {
        "business_unit_desc": "Calgary Housing",
        "facilityname": "#100 6704 6 ST SW",
        "site_id": "0020007253474",
        "facilityaddress": "#100 6704 6 ST SW",
        "energy_description": "Electricity",
        "year": "2016",
        "month": "Aug",
        "total_consumption": "88",
        "unit": "kWh"
    }
]
Request method:	GET
Request URI:	https://data.calgary.ca/resource/crbp-innf.json?site_id=0020007253474&month=Sep&year=2016&total_consumption=96
Proxy:			<none>
Request params:	<none>
Query params:	<none>
Form params:	<none>
Path params:	<none>
Headers:		Accept=*/*
				Content-Type=application/json
Cookies:		<none>
Multiparts:		<none>
Body:			<none>
[
    {
        "business_unit_desc": "Calgary Housing",
        "facilityname": "#100 6704 6 ST SW",
        "site_id": "0020007253474",
        "facilityaddress": "#100 6704 6 ST SW",
        "energy_description": "Electricity",
        "year": "2016",
        "month": "Sep",
        "total_consumption": "96",
        "unit": "kWh"
    }
]
Request method:	GET
Request URI:	https://data.calgary.ca/resource/crbp-innf.json?site_id=0020007253474&month=Oct&year=2016&total_consumption=113
Proxy:			<none>
Request params:	<none>
Query params:	<none>
Form params:	<none>
Path params:	<none>
Headers:		Accept=*/*
				Content-Type=application/json
Cookies:		<none>
Multiparts:		<none>
Body:			<none>
[
    {
        "business_unit_desc": "Calgary Housing",
        "facilityname": "#100 6704 6 ST SW",
        "site_id": "0020007253474",
        "facilityaddress": "#100 6704 6 ST SW",
        "energy_description": "Electricity",
        "year": "2016",
        "month": "Oct",
        "total_consumption": "113",
        "unit": "kWh"
    }
]
Request method:	GET
Request URI:	https://data.calgary.ca/resource/crbp-innf.json?site_id=0020007253474&month=Nov&year=2016&total_consumption=112
Proxy:			<none>
Request params:	<none>
Query params:	<none>
Form params:	<none>
Path params:	<none>
Headers:		Accept=*/*
				Content-Type=application/json
Cookies:		<none>
Multiparts:		<none>
Body:			<none>
[
    {
        "business_unit_desc": "Calgary Housing",
        "facilityname": "#100 6704 6 ST SW",
        "site_id": "0020007253474",
        "facilityaddress": "#100 6704 6 ST SW",
        "energy_description": "Electricity",
        "year": "2016",
        "month": "Nov",
        "total_consumption": "112",
        "unit": "kWh"
    }
]
Request method:	GET
Request URI:	https://data.calgary.ca/resource/crbp-innf.json?site_id=0020007253474&month=Dec&year=2016&total_consumption=226
Proxy:			<none>
Request params:	<none>
Query params:	<none>
Form params:	<none>
Path params:	<none>
Headers:		Accept=*/*
				Content-Type=application/json
Cookies:		<none>
Multiparts:		<none>
Body:			<none>
[
    {
        "business_unit_desc": "Calgary Housing",
        "facilityname": "#100 6704 6 ST SW",
        "site_id": "0020007253474",
        "facilityaddress": "#100 6704 6 ST SW",
        "energy_description": "Electricity",
        "year": "2016",
        "month": "Dec",
        "total_consumption": "226",
        "unit": "kWh"
    }
]
Request method:	GET
Request URI:	https://data.calgary.ca/resource/crbp-innf.json?site_id=0020007253474&month=Jan&year=2017&total_consumption=232
Proxy:			<none>
Request params:	<none>
Query params:	<none>
Form params:	<none>
Path params:	<none>
Headers:		Accept=*/*
				Content-Type=application/json
Cookies:		<none>
Multiparts:		<none>
Body:			<none>
[
    {
        "business_unit_desc": "Calgary Housing",
        "facilityname": "#100 6704 6 ST SW",
        "site_id": "0020007253474",
        "facilityaddress": "#100 6704 6 ST SW",
        "energy_description": "Electricity",
        "year": "2017",
        "month": "Jan",
        "total_consumption": "232",
        "unit": "kWh"
    }
]
Request method:	GET
Request URI:	https://data.calgary.ca/resource/crbp-innf.json?site_id=0020007253474&month=Feb&year=2017&total_consumption=171
Proxy:			<none>
Request params:	<none>
Query params:	<none>
Form params:	<none>
Path params:	<none>
Headers:		Accept=*/*
				Content-Type=application/json
Cookies:		<none>
Multiparts:		<none>
Body:			<none>
[
    {
        "business_unit_desc": "Calgary Housing",
        "facilityname": "#100 6704 6 ST SW",
        "site_id": "0020007253474",
        "facilityaddress": "#100 6704 6 ST SW",
        "energy_description": "Electricity",
        "year": "2017",
        "month": "Feb",
        "total_consumption": "171",
        "unit": "kWh"
    }
]
Request method:	GET
Request URI:	https://data.calgary.ca/resource/crbp-innf.json?site_id=0020007253474&month=Mar&year=2017&total_consumption=147
Proxy:			<none>
Request params:	<none>
Query params:	<none>
Form params:	<none>
Path params:	<none>
Headers:		Accept=*/*
				Content-Type=application/json
Cookies:		<none>
Multiparts:		<none>
Body:			<none>
[
    {
        "business_unit_desc": "Calgary Housing",
        "facilityname": "#100 6704 6 ST SW",
        "site_id": "0020007253474",
        "facilityaddress": "#100 6704 6 ST SW",
        "energy_description": "Electricity",
        "year": "2017",
        "month": "Mar",
        "total_consumption": "147",
        "unit": "kWh"
    }
]
Request method:	GET
Request URI:	https://data.calgary.ca/resource/crbp-innf.json?site_id=0020007253474&month=Apr&year=2017&total_consumption=106
Proxy:			<none>
Request params:	<none>
Query params:	<none>
Form params:	<none>
Path params:	<none>
Headers:		Accept=*/*
				Content-Type=application/json
Cookies:		<none>
Multiparts:		<none>
Body:			<none>
[
    {
        "business_unit_desc": "Calgary Housing",
        "facilityname": "#100 6704 6 ST SW",
        "site_id": "0020007253474",
        "facilityaddress": "#100 6704 6 ST SW",
        "energy_description": "Electricity",
        "year": "2017",
        "month": "Apr",
        "total_consumption": "106",
        "unit": "kWh"
    }
]
Request method:	GET
Request URI:	https://data.calgary.ca/resource/crbp-innf.json?site_id=0020007253474&month=May&year=2017&total_consumption=100
Proxy:			<none>
Request params:	<none>
Query params:	<none>
Form params:	<none>
Path params:	<none>
Headers:		Accept=*/*
				Content-Type=application/json
Cookies:		<none>
Multiparts:		<none>
Body:			<none>
[
    {
        "business_unit_desc": "Calgary Housing",
        "facilityname": "#100 6704 6 ST SW",
        "site_id": "0020007253474",
        "facilityaddress": "#100 6704 6 ST SW",
        "energy_description": "Electricity",
        "year": "2017",
        "month": "May",
        "total_consumption": "100",
        "unit": "kWh"
    }
]
Request method:	GET
Request URI:	https://data.calgary.ca/resource/crbp-innf.json?site_id=0020007253474&month=Jun&year=2017&total_consumption=88
Proxy:			<none>
Request params:	<none>
Query params:	<none>
Form params:	<none>
Path params:	<none>
Headers:		Accept=*/*
				Content-Type=application/json
Cookies:		<none>
Multiparts:		<none>
Body:			<none>
[
    {
        "business_unit_desc": "Calgary Housing",
        "facilityname": "#100 6704 6 ST SW",
        "site_id": "0020007253474",
        "facilityaddress": "#100 6704 6 ST SW",
        "energy_description": "Electricity",
        "year": "2017",
        "month": "Jun",
        "total_consumption": "88",
        "unit": "kWh"
    }
]
Request method:	GET
Request URI:	https://data.calgary.ca/resource/crbp-innf.json?site_id=0020007253474&month=Jul&year=2017&total_consumption=104
Proxy:			<none>
Request params:	<none>
Query params:	<none>
Form params:	<none>
Path params:	<none>
Headers:		Accept=*/*
				Content-Type=application/json
Cookies:		<none>
Multiparts:		<none>
Body:			<none>
[
    {
        "business_unit_desc": "Calgary Housing",
        "facilityname": "#100 6704 6 ST SW",
        "site_id": "0020007253474",
        "facilityaddress": "#100 6704 6 ST SW",
        "energy_description": "Electricity",
        "year": "2017",
        "month": "Jul",
        "total_consumption": "104",
        "unit": "kWh"
    }
]
Request method:	GET
Request URI:	https://data.calgary.ca/resource/crbp-innf.json?site_id=0020007253474&month=Aug&year=2017&total_consumption=110
Proxy:			<none>
Request params:	<none>
Query params:	<none>
Form params:	<none>
Path params:	<none>
Headers:		Accept=*/*
				Content-Type=application/json
Cookies:		<none>
Multiparts:		<none>
Body:			<none>
[
    {
        "business_unit_desc": "Calgary Housing",
        "facilityname": "#100 6704 6 ST SW",
        "site_id": "0020007253474",
        "facilityaddress": "#100 6704 6 ST SW",
        "energy_description": "Electricity",
        "year": "2017",
        "month": "Aug",
        "total_consumption": "110",
        "unit": "kWh"
    }
]
Request method:	GET
Request URI:	https://data.calgary.ca/resource/crbp-innf.json?site_id=0020007253474&month=Sep&year=2017&total_consumption=115
Proxy:			<none>
Request params:	<none>
Query params:	<none>
Form params:	<none>
Path params:	<none>
Headers:		Accept=*/*
				Content-Type=application/json
Cookies:		<none>
Multiparts:		<none>
Body:			<none>
[
    {
        "business_unit_desc": "Calgary Housing",
        "facilityname": "#100 6704 6 ST SW",
        "site_id": "0020007253474",
        "facilityaddress": "#100 6704 6 ST SW",
        "energy_description": "Electricity",
        "year": "2017",
        "month": "Sep",
        "total_consumption": "115",
        "unit": "kWh"
    }
]
Request method:	GET
Request URI:	https://data.calgary.ca/resource/crbp-innf.json?site_id=0020007253474&month=Oct&year=2017&total_consumption=134
Proxy:			<none>
Request params:	<none>
Query params:	<none>
Form params:	<none>
Path params:	<none>
Headers:		Accept=*/*
				Content-Type=application/json
Cookies:		<none>
Multiparts:		<none>
Body:			<none>
[
    {
        "business_unit_desc": "Calgary Housing",
        "facilityname": "#100 6704 6 ST SW",
        "site_id": "0020007253474",
        "facilityaddress": "#100 6704 6 ST SW",
        "energy_description": "Electricity",
        "year": "2017",
        "month": "Oct",
        "total_consumption": "134",
        "unit": "kWh"
    }
]
Request method:	GET
Request URI:	https://data.calgary.ca/resource/crbp-innf.json?site_id=0020007253474&month=Nov&year=2017&total_consumption=136
Proxy:			<none>
Request params:	<none>
Query params:	<none>
Form params:	<none>
Path params:	<none>
Headers:		Accept=*/*
				Content-Type=application/json
Cookies:		<none>
Multiparts:		<none>
Body:			<none>
[
    {
        "business_unit_desc": "Calgary Housing",
        "facilityname": "#100 6704 6 ST SW",
        "site_id": "0020007253474",
        "facilityaddress": "#100 6704 6 ST SW",
        "energy_description": "Electricity",
        "year": "2017",
        "month": "Nov",
        "total_consumption": "136",
        "unit": "kWh"
    }
]
Request method:	GET
Request URI:	https://data.calgary.ca/resource/crbp-innf.json?site_id=0020007253474&month=Dec&year=2017&total_consumption=332
Proxy:			<none>
Request params:	<none>
Query params:	<none>
Form params:	<none>
Path params:	<none>
Headers:		Accept=*/*
				Content-Type=application/json
Cookies:		<none>
Multiparts:		<none>
Body:			<none>
[
    {
        "business_unit_desc": "Calgary Housing",
        "facilityname": "#100 6704 6 ST SW",
        "site_id": "0020007253474",
        "facilityaddress": "#100 6704 6 ST SW",
        "energy_description": "Electricity",
        "year": "2017",
        "month": "Dec",
        "total_consumption": "332",
        "unit": "kWh"
    }
]
Request method:	GET
Request URI:	https://data.calgary.ca/resource/crbp-innf.json?site_id=0020007253474&month=Jan&year=2018&total_consumption=560
Proxy:			<none>
Request params:	<none>
Query params:	<none>
Form params:	<none>
Path params:	<none>
Headers:		Accept=*/*
				Content-Type=application/json
Cookies:		<none>
Multiparts:		<none>
Body:			<none>
[
    {
        "business_unit_desc": "Calgary Housing",
        "facilityname": "#100 6704 6 ST SW",
        "site_id": "0020007253474",
        "facilityaddress": "#100 6704 6 ST SW",
        "energy_description": "Electricity",
        "year": "2018",
        "month": "Jan",
        "total_consumption": "560",
        "unit": "kWh"
    }
]
Request method:	GET
Request URI:	https://data.calgary.ca/resource/crbp-innf.json?site_id=0020007253474&month=Feb&year=2018&total_consumption=499
Proxy:			<none>
Request params:	<none>
Query params:	<none>
Form params:	<none>
Path params:	<none>
Headers:		Accept=*/*
				Content-Type=application/json
Cookies:		<none>
Multiparts:		<none>
Body:			<none>
[
    {
        "business_unit_desc": "Calgary Housing",
        "facilityname": "#100 6704 6 ST SW",
        "site_id": "0020007253474",
        "facilityaddress": "#100 6704 6 ST SW",
        "energy_description": "Electricity",
        "year": "2018",
        "month": "Feb",
        "total_consumption": "499",
        "unit": "kWh"
    }
]
Request method:	GET
Request URI:	https://data.calgary.ca/resource/crbp-innf.json?site_id=0020007253474&month=Mar&year=2018&total_consumption=251
Proxy:			<none>
Request params:	<none>
Query params:	<none>
Form params:	<none>
Path params:	<none>
Headers:		Accept=*/*
				Content-Type=application/json
Cookies:		<none>
Multiparts:		<none>
Body:			<none>
[
    {
        "business_unit_desc": "Calgary Housing",
        "facilityname": "#100 6704 6 ST SW",
        "site_id": "0020007253474",
        "facilityaddress": "#100 6704 6 ST SW",
        "energy_description": "Electricity",
        "year": "2018",
        "month": "Mar",
        "total_consumption": "251",
        "unit": "kWh"
    }
]
]]></system-out>
  </testcase>
</testsuite>