<?xml version="1.0" encoding="UTF-8"?>
<!-- Generated by org.testng.reporters.JUnitReportReporter -->
<testsuite hostname="Sivaramakrishnans-Laptop.local" failures="0" tests="1" name="APIAutoMation.RecordCount" time="1.683" errors="0" timestamp="2023-02-04T17:51:33 MST" skipped="0">
  <testcase classname="APIAutoMation.RecordCount" name="totalrecords" time="1.683"/>
  <system-out/>
</testsuite> <!-- APIAutoMation.RecordCount -->
