<?xml version="1.0" encoding="UTF-8"?>
<!-- Generated by org.testng.reporters.JUnitReportReporter -->
<testsuite hostname="Sivaramakrishnans-Laptop.local" failures="0" tests="2" name="APIAutoMation.GetAllDataTest" time="0.858" errors="0" timestamp="2023-02-08T21:53:00 MST" skipped="0">
  <testcase classname="APIAutoMation.GetAllDataTest" name="headerstest" time="0.449"/>
  <system-out/>
  <testcase classname="APIAutoMation.GetAllDataTest" name="getalldata" time="0.409"/>
  <system-out/>
</testsuite> <!-- APIAutoMation.GetAllDataTest -->
