<?xml version="1.0" encoding="UTF-8"?>
<!-- Generated by org.testng.reporters.JUnitReportReporter -->
<testsuite hostname="Sivaramakrishnans-Laptop.local" failures="0" tests="1" name="APIAutoMation.GetAllDataTest" time="0.445" errors="0" timestamp="2023-02-06T14:46:28 MST" skipped="0">
  <testcase classname="APIAutoMation.GetAllDataTest" name="getalldata" time="0.445"/>
  <system-out/>
</testsuite> <!-- APIAutoMation.GetAllDataTest -->
