<?xml version="1.0" encoding="UTF-8"?>
<!-- Generated by org.testng.reporters.JUnitReportReporter -->
<testsuite hostname="Sivaramakrishnans-Laptop.local" failures="0" tests="1" name="APIAutoMation.GetConditionaldata" time="1.389" errors="0" timestamp="2023-02-03T13:27:08 MST" skipped="0">
  <testcase classname="APIAutoMation.GetConditionaldata" name="getconditionaldata" time="1.389"/>
  <system-out/>
</testsuite> <!-- APIAutoMation.GetConditionaldata -->
