<?xml version="1.0" encoding="UTF-8"?>
<!-- Generated by org.testng.reporters.JUnitReportReporter -->
<testsuite hostname="Sivaramakrishnans-Laptop.local" failures="0" tests="1" name="APIAutoMation.GetConditionaldataTest2" time="1.562" errors="0" timestamp="2023-02-06T14:04:30 MST" skipped="0">
  <testcase classname="APIAutoMation.GetConditionaldataTest2" name="getconditionaldata" time="1.562"/>
  <system-out/>
</testsuite> <!-- APIAutoMation.GetConditionaldataTest2 -->
