<?xml version="1.0" encoding="UTF-8"?>
<!-- Generated by org.testng.reporters.JUnitReportReporter -->
<testsuite hostname="Sivaramakrishnans-Laptop.local" failures="0" tests="2" name="APIAutoMation.FailingTests" time="1.886" errors="0" timestamp="2023-02-07T18:18:41 MST" skipped="0">
  <testcase classname="APIAutoMation.FailingTests" name="getconditionaldata" time="0.716"/>
  <system-out/>
  <testcase classname="APIAutoMation.FailingTests" name="getalldata" time="1.170"/>
  <system-out/>
</testsuite> <!-- APIAutoMation.FailingTests -->
