<?xml version="1.0" encoding="UTF-8"?>
<!-- Generated by org.testng.reporters.JUnitReportReporter -->
<testsuite hostname="Sivaramakrishnans-Laptop.local" failures="0" tests="1" name="APIAutoMation.GetAllData" time="1.420" errors="0" timestamp="2023-02-04T17:19:24 MST" skipped="0">
  <testcase classname="APIAutoMation.GetAllData" name="getalldata" time="1.420"/>
  <system-out/>
</testsuite> <!-- APIAutoMation.GetAllData -->
