<?xml version="1.0" encoding="UTF-8"?>
<!-- Generated by org.testng.reporters.JUnitReportReporter -->
<testsuite hostname="Sivaramakrishnans-Laptop.local" failures="0" tests="1" name="APIAutoMation.GetAllData" time="0.595" errors="0" timestamp="2023-02-03T13:27:08 MST" skipped="0">
  <testcase classname="APIAutoMation.GetAllData" name="getalldata" time="0.595"/>
  <system-out/>
</testsuite> <!-- APIAutoMation.GetAllData -->
