<?xml version="1.0" encoding="UTF-8"?>
<!-- Generated by org.testng.reporters.JUnitReportReporter -->
<testsuite hostname="Sivaramakrishnans-Laptop.local" failures="0" tests="1" name="APIAutoMation.GetConditionaldataTest" time="1.493" errors="0" timestamp="2023-02-06T12:32:23 MST" skipped="0">
  <testcase classname="APIAutoMation.GetConditionaldataTest" name="getconditionaldata" time="1.493"/>
  <system-out/>
</testsuite> <!-- APIAutoMation.GetConditionaldataTest -->
