<?xml version="1.0" encoding="UTF-8"?>
<!-- Generated by org.testng.reporters.JUnitReportReporter -->
<testsuite hostname="Sivaramakrishnans-Laptop.local" failures="0" tests="1" name="APIAutoMation.RecordCountTest" time="0.659" errors="0" timestamp="2023-02-07T16:29:18 MST" skipped="0">
  <testcase classname="APIAutoMation.RecordCountTest" name="totalrecords" time="0.659"/>
  <system-out/>
</testsuite> <!-- APIAutoMation.RecordCountTest -->
