<?xml version="1.0" encoding="UTF-8"?>
<!-- Generated by org.testng.reporters.JUnitReportReporter -->
<testsuite hostname="Sivaramakrishnans-Laptop.local" failures="0" tests="2" name="APIAutoMation.GetAllDataTest" time="0.977" errors="0" timestamp="2023-02-07T16:29:18 MST" skipped="0">
  <testcase classname="APIAutoMation.GetAllDataTest" name="headerstest" time="0.497"/>
  <system-out/>
  <testcase classname="APIAutoMation.GetAllDataTest" name="getalldata" time="0.480"/>
  <system-out/>
</testsuite> <!-- APIAutoMation.GetAllDataTest -->
