<?xml version="1.0" encoding="UTF-8"?>
<!-- Generated by org.testng.reporters.JUnitReportReporter -->
<testsuite hostname="Sivaramakrishnans-Laptop.local" failures="0" tests="2" name="APIAutoMation.FailingTests" time="2.019" errors="0" timestamp="2023-02-08T18:33:16 MST" skipped="0">
  <testcase classname="APIAutoMation.FailingTests" name="getconditionaldata" time="0.770"/>
  <system-out/>
  <testcase classname="APIAutoMation.FailingTests" name="getalldata" time="1.249"/>
  <system-out/>
</testsuite> <!-- APIAutoMation.FailingTests -->
