<?xml version="1.0" encoding="UTF-8"?>
<!-- Generated by org.testng.reporters.JUnitReportReporter -->
<testsuite hostname="Sivaramakrishnans-Laptop.local" failures="0" tests="2" name="APIAutoMation.GetAllDataTest" time="0.935" errors="0" timestamp="2023-02-08T19:01:07 MST" skipped="0">
  <testcase classname="APIAutoMation.GetAllDataTest" name="getalldata" time="0.417"/>
  <system-out/>
  <testcase classname="APIAutoMation.GetAllDataTest" name="headerstest" time="0.518"/>
  <system-out/>
</testsuite> <!-- APIAutoMation.GetAllDataTest -->
