<?xml version="1.0" encoding="UTF-8"?>
<!-- Generated by org.testng.reporters.JUnitReportReporter -->
<testsuite hostname="Sivaramakrishnans-Laptop.local" failures="0" tests="1" name="APIAutoMation.GetConditionaldataTest" time="0.482" errors="0" timestamp="2023-02-07T18:44:27 MST" skipped="0">
  <testcase classname="APIAutoMation.GetConditionaldataTest" name="getconditionaldata" time="0.482"/>
  <system-out/>
</testsuite> <!-- APIAutoMation.GetConditionaldataTest -->
