<?xml version="1.0" encoding="UTF-8"?>
<!-- Generated by org.testng.reporters.JUnitReportReporter -->
<testsuite hostname="Sivaramakrishnans-Laptop.local" failures="0" tests="1" name="APIAutoMation.GetConditionaldataTest" time="0.754" errors="0" timestamp="2023-02-06T14:47:06 MST" skipped="0">
  <testcase classname="APIAutoMation.GetConditionaldataTest" name="getconditionaldata" time="0.754"/>
  <system-out/>
</testsuite> <!-- APIAutoMation.GetConditionaldataTest -->
