<?xml version="1.0" encoding="UTF-8"?>
<!-- Generated by org.testng.reporters.JUnitReportReporter -->
<testsuite hostname="Sivaramakrishnans-Laptop.local" failures="0" tests="1" name="APIAutoMation.GetAllDataTest" time="1.238" errors="0" timestamp="2023-02-04T21:44:48 MST" skipped="0">
  <testcase classname="APIAutoMation.GetAllDataTest" name="getalldata" time="1.238"/>
  <system-out/>
</testsuite> <!-- APIAutoMation.GetAllDataTest -->
