<?xml version="1.0" encoding="UTF-8"?>
<!-- Generated by org.testng.reporters.JUnitReportReporter -->
<testsuite hostname="Sivaramakrishnans-Laptop.local" failures="0" tests="1" name="APIAutoMation.DatadrivenTest" time="489.997" errors="0" timestamp="2023-02-08T18:33:16 MST" skipped="0">
  <testcase classname="APIAutoMation.DatadrivenTest" name="DatadrivenExcelTest" time="489.997"/>
  <system-out/>
</testsuite> <!-- APIAutoMation.DatadrivenTest -->
