<?xml version="1.0" encoding="UTF-8"?>
<!-- Generated by org.testng.reporters.JUnitReportReporter -->
<testsuite hostname="Sivaramakrishnans-Laptop.local" failures="0" tests="1" name="APIAutoMation.DatadrivenTest" time="484.987" errors="0" timestamp="2023-02-08T19:01:07 MST" skipped="0">
  <testcase classname="APIAutoMation.DatadrivenTest" name="DatadrivenExcelTest" time="484.987"/>
  <system-out/>
</testsuite> <!-- APIAutoMation.DatadrivenTest -->
