<?xml version="1.0" encoding="UTF-8"?>
<!-- Generated by org.testng.reporters.JUnitReportReporter -->
<testsuite hostname="Sivaramakrishnans-Laptop.local" failures="0" tests="2" name="APIAutoMation.GetAllDataTest" time="1.015" errors="0" timestamp="2023-02-07T18:44:27 MST" skipped="0">
  <testcase classname="APIAutoMation.GetAllDataTest" name="headerstest" time="0.515"/>
  <system-out/>
  <testcase classname="APIAutoMation.GetAllDataTest" name="getalldata" time="0.500"/>
  <system-out/>
</testsuite> <!-- APIAutoMation.GetAllDataTest -->
