<?xml version="1.0" encoding="UTF-8"?>
<!-- Generated by org.testng.reporters.JUnitReportReporter -->
<testsuite hostname="Sivaramakrishnans-Laptop.local" failures="0" tests="2" name="APIAutoMation.FailingTests" time="1.911" errors="0" timestamp="2023-02-08T19:01:07 MST" skipped="0">
  <testcase classname="APIAutoMation.FailingTests" name="getconditionaldata" time="0.750"/>
  <system-out/>
  <testcase classname="APIAutoMation.FailingTests" name="getalldata" time="1.161"/>
  <system-out/>
</testsuite> <!-- APIAutoMation.FailingTests -->
